Building DAG of jobs...
File path /home/PERSONALE/eugenio.fonzi2/WESPipeline/wes_analyses//01_fastq/03_fastqc/242_R1_fastqc.html contains double '/'. This is likely unintended. It can also lead to inconsistent results of the file-matching approach used by Snakemake.
File path /home/PERSONALE/eugenio.fonzi2/WESPipeline/wes_analyses//01_fastq/03_fastqc/3062_R1_fastqc.html contains double '/'. This is likely unintended. It can also lead to inconsistent results of the file-matching approach used by Snakemake.
File path /home/PERSONALE/eugenio.fonzi2/WESPipeline/wes_analyses//01_fastq/03_fastqc/242_R2_fastqc.html contains double '/'. This is likely unintended. It can also lead to inconsistent results of the file-matching approach used by Snakemake.
File path /home/PERSONALE/eugenio.fonzi2/WESPipeline/wes_analyses//01_fastq/03_fastqc/3062_R2_fastqc.html contains double '/'. This is likely unintended. It can also lead to inconsistent results of the file-matching approach used by Snakemake.
File path /home/PERSONALE/eugenio.fonzi2/WESPipeline/wes_analyses//02_fastq_trimmed/01_fastqc/242_R1_fastqc.html contains double '/'. This is likely unintended. It can also lead to inconsistent results of the file-matching approach used by Snakemake.
File path /home/PERSONALE/eugenio.fonzi2/WESPipeline/wes_analyses//02_fastq_trimmed/01_fastqc/3062_R1_fastqc.html contains double '/'. This is likely unintended. It can also lead to inconsistent results of the file-matching approach used by Snakemake.
File path /home/PERSONALE/eugenio.fonzi2/WESPipeline/wes_analyses//02_fastq_trimmed/01_fastqc/242_R2_fastqc.html contains double '/'. This is likely unintended. It can also lead to inconsistent results of the file-matching approach used by Snakemake.
File path /home/PERSONALE/eugenio.fonzi2/WESPipeline/wes_analyses//02_fastq_trimmed/01_fastqc/3062_R2_fastqc.html contains double '/'. This is likely unintended. It can also lead to inconsistent results of the file-matching approach used by Snakemake.
File path /home/PERSONALE/eugenio.fonzi2/WESPipeline/wes_analyses//01_fastq/03_fastqc/242_R1_fastqc.zip contains double '/'. This is likely unintended. It can also lead to inconsistent results of the file-matching approach used by Snakemake.
File path /home/PERSONALE/eugenio.fonzi2/WESPipeline/wes_analyses//01_fastq/03_fastqc/3062_R1_fastqc.zip contains double '/'. This is likely unintended. It can also lead to inconsistent results of the file-matching approach used by Snakemake.
File path /home/PERSONALE/eugenio.fonzi2/WESPipeline/wes_analyses//01_fastq/03_fastqc/242_R2_fastqc.zip contains double '/'. This is likely unintended. It can also lead to inconsistent results of the file-matching approach used by Snakemake.
File path /home/PERSONALE/eugenio.fonzi2/WESPipeline/wes_analyses//01_fastq/03_fastqc/3062_R2_fastqc.zip contains double '/'. This is likely unintended. It can also lead to inconsistent results of the file-matching approach used by Snakemake.
File path /home/PERSONALE/eugenio.fonzi2/WESPipeline/wes_analyses//02_fastq_trimmed/01_fastqc/242_R1_fastqc.zip contains double '/'. This is likely unintended. It can also lead to inconsistent results of the file-matching approach used by Snakemake.
File path /home/PERSONALE/eugenio.fonzi2/WESPipeline/wes_analyses//02_fastq_trimmed/01_fastqc/3062_R1_fastqc.zip contains double '/'. This is likely unintended. It can also lead to inconsistent results of the file-matching approach used by Snakemake.
File path /home/PERSONALE/eugenio.fonzi2/WESPipeline/wes_analyses//02_fastq_trimmed/01_fastqc/242_R2_fastqc.zip contains double '/'. This is likely unintended. It can also lead to inconsistent results of the file-matching approach used by Snakemake.
File path /home/PERSONALE/eugenio.fonzi2/WESPipeline/wes_analyses//02_fastq_trimmed/01_fastqc/3062_R2_fastqc.zip contains double '/'. This is likely unintended. It can also lead to inconsistent results of the file-matching approach used by Snakemake.
File path /home/PERSONALE/eugenio.fonzi2/WESPipeline/wes_analyses//03_alignment_genome/logs/242_recalibrationPlots.pdf contains double '/'. This is likely unintended. It can also lead to inconsistent results of the file-matching approach used by Snakemake.
File path /home/PERSONALE/eugenio.fonzi2/WESPipeline/wes_analyses//03_alignment_genome/logs/3062_recalibrationPlots.pdf contains double '/'. This is likely unintended. It can also lead to inconsistent results of the file-matching approach used by Snakemake.
File path /home/PERSONALE/eugenio.fonzi2/WESPipeline/wes_analyses//05_alignment_MT/logs/242_recalibrationPlots.pdf contains double '/'. This is likely unintended. It can also lead to inconsistent results of the file-matching approach used by Snakemake.
File path /home/PERSONALE/eugenio.fonzi2/WESPipeline/wes_analyses//05_alignment_MT/logs/3062_recalibrationPlots.pdf contains double '/'. This is likely unintended. It can also lead to inconsistent results of the file-matching approach used by Snakemake.
File path /home/PERSONALE/eugenio.fonzi2/WESPipeline/wes_analyses//10_variants_filter/51_all_somatic_annotated_filtered_final.tsv contains double '/'. This is likely unintended. It can also lead to inconsistent results of the file-matching approach used by Snakemake.
File path /home/PERSONALE/eugenio.fonzi2/WESPipeline/wes_analyses//05_alignment_MT/logs/242_recal_data.table contains double '/'. This is likely unintended. It can also lead to inconsistent results of the file-matching approach used by Snakemake.
File path /home/PERSONALE/eugenio.fonzi2/WESPipeline/wes_analyses//05_alignment_MT/logs/242_post_recal_data.table contains double '/'. This is likely unintended. It can also lead to inconsistent results of the file-matching approach used by Snakemake.
File path /home/PERSONALE/eugenio.fonzi2/WESPipeline/wes_analyses//05_alignment_MT/logs/242_recalibrationPlots.pdf contains double '/'. This is likely unintended. It can also lead to inconsistent results of the file-matching approach used by Snakemake.
File path /home/PERSONALE/eugenio.fonzi2/WESPipeline/wes_analyses//02_fastq_trimmed/242_R2.fastq contains double '/'. This is likely unintended. It can also lead to inconsistent results of the file-matching approach used by Snakemake.
File path /home/PERSONALE/eugenio.fonzi2/WESPipeline/wes_analyses//02_fastq_trimmed/01_fastqc/242_R2_fastqc.zip contains double '/'. This is likely unintended. It can also lead to inconsistent results of the file-matching approach used by Snakemake.
File path /home/PERSONALE/eugenio.fonzi2/WESPipeline/wes_analyses//02_fastq_trimmed/01_fastqc/242_R2_fastqc.html contains double '/'. This is likely unintended. It can also lead to inconsistent results of the file-matching approach used by Snakemake.
File path /home/PERSONALE/eugenio.fonzi2/WESPipeline/wes_analyses//03_alignment_genome/logs/242_recal_data.table contains double '/'. This is likely unintended. It can also lead to inconsistent results of the file-matching approach used by Snakemake.
File path /home/PERSONALE/eugenio.fonzi2/WESPipeline/wes_analyses//03_alignment_genome/logs/242_post_recal_data.table contains double '/'. This is likely unintended. It can also lead to inconsistent results of the file-matching approach used by Snakemake.
File path /home/PERSONALE/eugenio.fonzi2/WESPipeline/wes_analyses//03_alignment_genome/logs/242_recalibrationPlots.pdf contains double '/'. This is likely unintended. It can also lead to inconsistent results of the file-matching approach used by Snakemake.
File path /home/PERSONALE/eugenio.fonzi2/WESPipeline/wes_analyses//10_variants_filter/51_all_somatic_annotated_filtered.tsv contains double '/'. This is likely unintended. It can also lead to inconsistent results of the file-matching approach used by Snakemake.
File path /home/PERSONALE/eugenio.fonzi2/WESPipeline/wes_analyses//10_variants_filter/51_all_somatic_annotated_filtered_final.tsv contains double '/'. This is likely unintended. It can also lead to inconsistent results of the file-matching approach used by Snakemake.
File path /home/PERSONALE/eugenio.fonzi2/WESPipeline/wes_analyses//01_fastq/02_postprocess/3062_R1.fastq contains double '/'. This is likely unintended. It can also lead to inconsistent results of the file-matching approach used by Snakemake.
File path /home/PERSONALE/eugenio.fonzi2/WESPipeline/wes_analyses//01_fastq/03_fastqc/3062_R1_fastqc.zip contains double '/'. This is likely unintended. It can also lead to inconsistent results of the file-matching approach used by Snakemake.
File path /home/PERSONALE/eugenio.fonzi2/WESPipeline/wes_analyses//01_fastq/03_fastqc/3062_R1_fastqc.html contains double '/'. This is likely unintended. It can also lead to inconsistent results of the file-matching approach used by Snakemake.
File path /home/PERSONALE/eugenio.fonzi2/WESPipeline/wes_analyses//02_fastq_trimmed/3062_R2.fastq contains double '/'. This is likely unintended. It can also lead to inconsistent results of the file-matching approach used by Snakemake.
File path /home/PERSONALE/eugenio.fonzi2/WESPipeline/wes_analyses//02_fastq_trimmed/01_fastqc/3062_R2_fastqc.zip contains double '/'. This is likely unintended. It can also lead to inconsistent results of the file-matching approach used by Snakemake.
File path /home/PERSONALE/eugenio.fonzi2/WESPipeline/wes_analyses//02_fastq_trimmed/01_fastqc/3062_R2_fastqc.html contains double '/'. This is likely unintended. It can also lead to inconsistent results of the file-matching approach used by Snakemake.
File path /home/PERSONALE/eugenio.fonzi2/WESPipeline/wes_analyses//02_fastq_trimmed/242_R1.fastq contains double '/'. This is likely unintended. It can also lead to inconsistent results of the file-matching approach used by Snakemake.
File path /home/PERSONALE/eugenio.fonzi2/WESPipeline/wes_analyses//02_fastq_trimmed/01_fastqc/242_R1_fastqc.zip contains double '/'. This is likely unintended. It can also lead to inconsistent results of the file-matching approach used by Snakemake.
File path /home/PERSONALE/eugenio.fonzi2/WESPipeline/wes_analyses//02_fastq_trimmed/01_fastqc/242_R1_fastqc.html contains double '/'. This is likely unintended. It can also lead to inconsistent results of the file-matching approach used by Snakemake.
File path /home/PERSONALE/eugenio.fonzi2/WESPipeline/wes_analyses//05_alignment_MT/logs/3062_recal_data.table contains double '/'. This is likely unintended. It can also lead to inconsistent results of the file-matching approach used by Snakemake.
File path /home/PERSONALE/eugenio.fonzi2/WESPipeline/wes_analyses//05_alignment_MT/logs/3062_post_recal_data.table contains double '/'. This is likely unintended. It can also lead to inconsistent results of the file-matching approach used by Snakemake.
File path /home/PERSONALE/eugenio.fonzi2/WESPipeline/wes_analyses//05_alignment_MT/logs/3062_recalibrationPlots.pdf contains double '/'. This is likely unintended. It can also lead to inconsistent results of the file-matching approach used by Snakemake.
File path /home/PERSONALE/eugenio.fonzi2/WESPipeline/wes_analyses//02_fastq_trimmed/3062_R1.fastq contains double '/'. This is likely unintended. It can also lead to inconsistent results of the file-matching approach used by Snakemake.
File path /home/PERSONALE/eugenio.fonzi2/WESPipeline/wes_analyses//02_fastq_trimmed/01_fastqc/3062_R1_fastqc.zip contains double '/'. This is likely unintended. It can also lead to inconsistent results of the file-matching approach used by Snakemake.
File path /home/PERSONALE/eugenio.fonzi2/WESPipeline/wes_analyses//02_fastq_trimmed/01_fastqc/3062_R1_fastqc.html contains double '/'. This is likely unintended. It can also lead to inconsistent results of the file-matching approach used by Snakemake.
File path /home/PERSONALE/eugenio.fonzi2/WESPipeline/wes_analyses//01_fastq/02_postprocess/242_R2.fastq contains double '/'. This is likely unintended. It can also lead to inconsistent results of the file-matching approach used by Snakemake.
File path /home/PERSONALE/eugenio.fonzi2/WESPipeline/wes_analyses//01_fastq/03_fastqc/242_R2_fastqc.zip contains double '/'. This is likely unintended. It can also lead to inconsistent results of the file-matching approach used by Snakemake.
File path /home/PERSONALE/eugenio.fonzi2/WESPipeline/wes_analyses//01_fastq/03_fastqc/242_R2_fastqc.html contains double '/'. This is likely unintended. It can also lead to inconsistent results of the file-matching approach used by Snakemake.
File path /home/PERSONALE/eugenio.fonzi2/WESPipeline/wes_analyses//01_fastq/02_postprocess/3062_R2.fastq contains double '/'. This is likely unintended. It can also lead to inconsistent results of the file-matching approach used by Snakemake.
File path /home/PERSONALE/eugenio.fonzi2/WESPipeline/wes_analyses//01_fastq/03_fastqc/3062_R2_fastqc.zip contains double '/'. This is likely unintended. It can also lead to inconsistent results of the file-matching approach used by Snakemake.
File path /home/PERSONALE/eugenio.fonzi2/WESPipeline/wes_analyses//01_fastq/03_fastqc/3062_R2_fastqc.html contains double '/'. This is likely unintended. It can also lead to inconsistent results of the file-matching approach used by Snakemake.
File path /home/PERSONALE/eugenio.fonzi2/WESPipeline/wes_analyses//01_fastq/02_postprocess/242_R1.fastq contains double '/'. This is likely unintended. It can also lead to inconsistent results of the file-matching approach used by Snakemake.
File path /home/PERSONALE/eugenio.fonzi2/WESPipeline/wes_analyses//01_fastq/03_fastqc/242_R1_fastqc.zip contains double '/'. This is likely unintended. It can also lead to inconsistent results of the file-matching approach used by Snakemake.
File path /home/PERSONALE/eugenio.fonzi2/WESPipeline/wes_analyses//01_fastq/03_fastqc/242_R1_fastqc.html contains double '/'. This is likely unintended. It can also lead to inconsistent results of the file-matching approach used by Snakemake.
File path /home/PERSONALE/eugenio.fonzi2/WESPipeline/wes_analyses//03_alignment_genome/logs/3062_recal_data.table contains double '/'. This is likely unintended. It can also lead to inconsistent results of the file-matching approach used by Snakemake.
File path /home/PERSONALE/eugenio.fonzi2/WESPipeline/wes_analyses//03_alignment_genome/logs/3062_post_recal_data.table contains double '/'. This is likely unintended. It can also lead to inconsistent results of the file-matching approach used by Snakemake.
File path /home/PERSONALE/eugenio.fonzi2/WESPipeline/wes_analyses//03_alignment_genome/logs/3062_recalibrationPlots.pdf contains double '/'. This is likely unintended. It can also lead to inconsistent results of the file-matching approach used by Snakemake.
File path /home/PERSONALE/eugenio.fonzi2/WESPipeline/wes_analyses//05_alignment_MT/01_intermediate/242_realigned.bam contains double '/'. This is likely unintended. It can also lead to inconsistent results of the file-matching approach used by Snakemake.
File path /home/PERSONALE/eugenio.fonzi2/WESPipeline/wes_analyses//05_alignment_MT/01_intermediate/242_realigned.bai contains double '/'. This is likely unintended. It can also lead to inconsistent results of the file-matching approach used by Snakemake.
File path /home/PERSONALE/eugenio.fonzi2/WESPipeline/wes_analyses//05_alignment_MT/logs/242_recal_data.table contains double '/'. This is likely unintended. It can also lead to inconsistent results of the file-matching approach used by Snakemake.
File path /home/PERSONALE/eugenio.fonzi2/WESPipeline/wes_analyses//05_alignment_MT/logs/242_post_recal_data.table contains double '/'. This is likely unintended. It can also lead to inconsistent results of the file-matching approach used by Snakemake.
File path /home/PERSONALE/eugenio.fonzi2/WESPipeline/wes_analyses//05_alignment_MT/01_intermediate/242_realigned.bam contains double '/'. This is likely unintended. It can also lead to inconsistent results of the file-matching approach used by Snakemake.
File path /home/PERSONALE/eugenio.fonzi2/WESPipeline/wes_analyses//05_alignment_MT/01_intermediate/242_realigned.bai contains double '/'. This is likely unintended. It can also lead to inconsistent results of the file-matching approach used by Snakemake.
File path /home/PERSONALE/eugenio.fonzi2/WESPipeline/wes_analyses//05_alignment_MT/logs/242_recal_data.table contains double '/'. This is likely unintended. It can also lead to inconsistent results of the file-matching approach used by Snakemake.
File path /home/PERSONALE/eugenio.fonzi2/WESPipeline/wes_analyses//05_alignment_MT/logs/242.intervals contains double '/'. This is likely unintended. It can also lead to inconsistent results of the file-matching approach used by Snakemake.
File path /home/PERSONALE/eugenio.fonzi2/WESPipeline/wes_analyses//05_alignment_MT/01_intermediate/242_marked.bam contains double '/'. This is likely unintended. It can also lead to inconsistent results of the file-matching approach used by Snakemake.
File path /home/PERSONALE/eugenio.fonzi2/WESPipeline/wes_analyses//05_alignment_MT/01_intermediate/242_marked.bai contains double '/'. This is likely unintended. It can also lead to inconsistent results of the file-matching approach used by Snakemake.
File path /home/PERSONALE/eugenio.fonzi2/WESPipeline/wes_analyses//05_alignment_MT/01_intermediate/242_realigned.bam contains double '/'. This is likely unintended. It can also lead to inconsistent results of the file-matching approach used by Snakemake.
File path /home/PERSONALE/eugenio.fonzi2/WESPipeline/wes_analyses//05_alignment_MT/01_intermediate/242_realigned.bai contains double '/'. This is likely unintended. It can also lead to inconsistent results of the file-matching approach used by Snakemake.
File path /home/PERSONALE/eugenio.fonzi2/WESPipeline/wes_analyses//05_alignment_MT/01_intermediate/242_marked.bai contains double '/'. This is likely unintended. It can also lead to inconsistent results of the file-matching approach used by Snakemake.
File path /home/PERSONALE/eugenio.fonzi2/WESPipeline/wes_analyses//05_alignment_MT/01_intermediate/242_marked.bam contains double '/'. This is likely unintended. It can also lead to inconsistent results of the file-matching approach used by Snakemake.
File path /home/PERSONALE/eugenio.fonzi2/WESPipeline/wes_analyses//05_alignment_MT/logs/242.intervals contains double '/'. This is likely unintended. It can also lead to inconsistent results of the file-matching approach used by Snakemake.
File path /home/PERSONALE/eugenio.fonzi2/WESPipeline/wes_analyses//05_alignment_MT/01_intermediate/242_sorted.bam contains double '/'. This is likely unintended. It can also lead to inconsistent results of the file-matching approach used by Snakemake.
File path /home/PERSONALE/eugenio.fonzi2/WESPipeline/wes_analyses//05_alignment_MT/01_intermediate/242_marked.bam contains double '/'. This is likely unintended. It can also lead to inconsistent results of the file-matching approach used by Snakemake.
File path /home/PERSONALE/eugenio.fonzi2/WESPipeline/wes_analyses//05_alignment_MT/01_intermediate/242_marked.bam contains double '/'. This is likely unintended. It can also lead to inconsistent results of the file-matching approach used by Snakemake.
File path /home/PERSONALE/eugenio.fonzi2/WESPipeline/wes_analyses//05_alignment_MT/01_intermediate/242_marked.bai contains double '/'. This is likely unintended. It can also lead to inconsistent results of the file-matching approach used by Snakemake.
File path /home/PERSONALE/eugenio.fonzi2/WESPipeline/wes_analyses//05_alignment_MT/01_intermediate/242.sam contains double '/'. This is likely unintended. It can also lead to inconsistent results of the file-matching approach used by Snakemake.
File path /home/PERSONALE/eugenio.fonzi2/WESPipeline/wes_analyses//05_alignment_MT/01_intermediate/242_sorted.bam contains double '/'. This is likely unintended. It can also lead to inconsistent results of the file-matching approach used by Snakemake.
File path /home/PERSONALE/eugenio.fonzi2/WESPipeline/wes_analyses//04_alignment_exome/02_unmapped_fastq/242_R1.unmapped.fastq contains double '/'. This is likely unintended. It can also lead to inconsistent results of the file-matching approach used by Snakemake.
File path /home/PERSONALE/eugenio.fonzi2/WESPipeline/wes_analyses//04_alignment_exome/02_unmapped_fastq/242_R2.unmapped.fastq contains double '/'. This is likely unintended. It can also lead to inconsistent results of the file-matching approach used by Snakemake.
File path /home/PERSONALE/eugenio.fonzi2/WESPipeline/wes_analyses//04_alignment_exome/02_unmapped_fastq/242_unpaired.unmapped.fastq contains double '/'. This is likely unintended. It can also lead to inconsistent results of the file-matching approach used by Snakemake.
File path /home/PERSONALE/eugenio.fonzi2/WESPipeline/wes_analyses//05_alignment_MT/01_intermediate/242.sam contains double '/'. This is likely unintended. It can also lead to inconsistent results of the file-matching approach used by Snakemake.
File path /home/PERSONALE/eugenio.fonzi2/WESPipeline/wes_analyses//04_alignment_exome/01_intermediate/242_unmapped.bam contains double '/'. This is likely unintended. It can also lead to inconsistent results of the file-matching approach used by Snakemake.
File path /home/PERSONALE/eugenio.fonzi2/WESPipeline/wes_analyses//04_alignment_exome/02_unmapped_fastq/242_R1.unmapped.fastq contains double '/'. This is likely unintended. It can also lead to inconsistent results of the file-matching approach used by Snakemake.
File path /home/PERSONALE/eugenio.fonzi2/WESPipeline/wes_analyses//04_alignment_exome/02_unmapped_fastq/242_R2.unmapped.fastq contains double '/'. This is likely unintended. It can also lead to inconsistent results of the file-matching approach used by Snakemake.
File path /home/PERSONALE/eugenio.fonzi2/WESPipeline/wes_analyses//04_alignment_exome/02_unmapped_fastq/242_unpaired.unmapped.fastq contains double '/'. This is likely unintended. It can also lead to inconsistent results of the file-matching approach used by Snakemake.
File path /home/PERSONALE/eugenio.fonzi2/WESPipeline/wes_analyses//04_alignment_exome/01_intermediate/242_sorted.bam contains double '/'. This is likely unintended. It can also lead to inconsistent results of the file-matching approach used by Snakemake.
File path /home/PERSONALE/eugenio.fonzi2/WESPipeline/wes_analyses//04_alignment_exome/01_intermediate/242_unmapped.bam contains double '/'. This is likely unintended. It can also lead to inconsistent results of the file-matching approach used by Snakemake.
File path /home/PERSONALE/eugenio.fonzi2/WESPipeline/wes_analyses//04_alignment_exome/01_intermediate/242.sam contains double '/'. This is likely unintended. It can also lead to inconsistent results of the file-matching approach used by Snakemake.
File path /home/PERSONALE/eugenio.fonzi2/WESPipeline/wes_analyses//04_alignment_exome/01_intermediate/242_sorted.bam contains double '/'. This is likely unintended. It can also lead to inconsistent results of the file-matching approach used by Snakemake.
File path /home/PERSONALE/eugenio.fonzi2/WESPipeline/wes_analyses//02_fastq_trimmed/242_R1.fastq contains double '/'. This is likely unintended. It can also lead to inconsistent results of the file-matching approach used by Snakemake.
File path /home/PERSONALE/eugenio.fonzi2/WESPipeline/wes_analyses//02_fastq_trimmed/242_R2.fastq contains double '/'. This is likely unintended. It can also lead to inconsistent results of the file-matching approach used by Snakemake.
File path /home/PERSONALE/eugenio.fonzi2/WESPipeline/wes_analyses//04_alignment_exome/01_intermediate/242.sam contains double '/'. This is likely unintended. It can also lead to inconsistent results of the file-matching approach used by Snakemake.
File path /home/PERSONALE/eugenio.fonzi2/WESPipeline/wes_analyses//01_fastq/02_postprocess/242_R1.fastq contains double '/'. This is likely unintended. It can also lead to inconsistent results of the file-matching approach used by Snakemake.
File path /home/PERSONALE/eugenio.fonzi2/WESPipeline/wes_analyses//01_fastq/02_postprocess/242_R2.fastq contains double '/'. This is likely unintended. It can also lead to inconsistent results of the file-matching approach used by Snakemake.
File path /home/PERSONALE/eugenio.fonzi2/WESPipeline/wes_analyses//02_fastq_trimmed/242_R1.fastq contains double '/'. This is likely unintended. It can also lead to inconsistent results of the file-matching approach used by Snakemake.
File path /home/PERSONALE/eugenio.fonzi2/WESPipeline/wes_analyses//02_fastq_trimmed/242_R2.fastq contains double '/'. This is likely unintended. It can also lead to inconsistent results of the file-matching approach used by Snakemake.
File path /home/PERSONALE/eugenio.fonzi2/WESPipeline/wes_analyses//01_fastq/02_postprocess/242_R1_unchecked.fastq contains double '/'. This is likely unintended. It can also lead to inconsistent results of the file-matching approach used by Snakemake.
File path /home/PERSONALE/eugenio.fonzi2/WESPipeline/wes_analyses//01_fastq/02_postprocess/242_R2_unchecked.fastq contains double '/'. This is likely unintended. It can also lead to inconsistent results of the file-matching approach used by Snakemake.
File path /home/PERSONALE/eugenio.fonzi2/WESPipeline/wes_analyses//01_fastq/02_postprocess/242_R1.fastq contains double '/'. This is likely unintended. It can also lead to inconsistent results of the file-matching approach used by Snakemake.
File path /home/PERSONALE/eugenio.fonzi2/WESPipeline/wes_analyses//01_fastq/02_postprocess/242_R2.fastq contains double '/'. This is likely unintended. It can also lead to inconsistent results of the file-matching approach used by Snakemake.
File path /home/PERSONALE/eugenio.fonzi2/WESPipeline/wes_analyses//01_fastq/02_postprocess/242_R1_unchecked.fastq contains double '/'. This is likely unintended. It can also lead to inconsistent results of the file-matching approach used by Snakemake.
File path /home/PERSONALE/eugenio.fonzi2/WESPipeline/wes_analyses//01_fastq/02_postprocess/242_R2_unchecked.fastq contains double '/'. This is likely unintended. It can also lead to inconsistent results of the file-matching approach used by Snakemake.
File path /home/PERSONALE/eugenio.fonzi2/WESPipeline/wes_analyses//03_alignment_genome/01_intermediate/242_realigned.bam contains double '/'. This is likely unintended. It can also lead to inconsistent results of the file-matching approach used by Snakemake.
File path /home/PERSONALE/eugenio.fonzi2/WESPipeline/wes_analyses//03_alignment_genome/01_intermediate/242_realigned.bai contains double '/'. This is likely unintended. It can also lead to inconsistent results of the file-matching approach used by Snakemake.
File path /home/PERSONALE/eugenio.fonzi2/WESPipeline/wes_analyses//03_alignment_genome/logs/242_recal_data.table contains double '/'. This is likely unintended. It can also lead to inconsistent results of the file-matching approach used by Snakemake.
File path /home/PERSONALE/eugenio.fonzi2/WESPipeline/wes_analyses//03_alignment_genome/logs/242_post_recal_data.table contains double '/'. This is likely unintended. It can also lead to inconsistent results of the file-matching approach used by Snakemake.
File path /home/PERSONALE/eugenio.fonzi2/WESPipeline/wes_analyses//03_alignment_genome/01_intermediate/242_realigned.bam contains double '/'. This is likely unintended. It can also lead to inconsistent results of the file-matching approach used by Snakemake.
File path /home/PERSONALE/eugenio.fonzi2/WESPipeline/wes_analyses//03_alignment_genome/01_intermediate/242_realigned.bai contains double '/'. This is likely unintended. It can also lead to inconsistent results of the file-matching approach used by Snakemake.
File path /home/PERSONALE/eugenio.fonzi2/WESPipeline/wes_analyses//03_alignment_genome/logs/242_recal_data.table contains double '/'. This is likely unintended. It can also lead to inconsistent results of the file-matching approach used by Snakemake.
File path /home/PERSONALE/eugenio.fonzi2/WESPipeline/wes_analyses//03_alignment_genome/logs/242.intervals contains double '/'. This is likely unintended. It can also lead to inconsistent results of the file-matching approach used by Snakemake.
File path /home/PERSONALE/eugenio.fonzi2/WESPipeline/wes_analyses//03_alignment_genome/01_intermediate/242_marked.bam contains double '/'. This is likely unintended. It can also lead to inconsistent results of the file-matching approach used by Snakemake.
File path /home/PERSONALE/eugenio.fonzi2/WESPipeline/wes_analyses//03_alignment_genome/01_intermediate/242_marked.bai contains double '/'. This is likely unintended. It can also lead to inconsistent results of the file-matching approach used by Snakemake.
File path /home/PERSONALE/eugenio.fonzi2/WESPipeline/wes_analyses//03_alignment_genome/01_intermediate/242_realigned.bam contains double '/'. This is likely unintended. It can also lead to inconsistent results of the file-matching approach used by Snakemake.
File path /home/PERSONALE/eugenio.fonzi2/WESPipeline/wes_analyses//03_alignment_genome/01_intermediate/242_realigned.bai contains double '/'. This is likely unintended. It can also lead to inconsistent results of the file-matching approach used by Snakemake.
File path /home/PERSONALE/eugenio.fonzi2/WESPipeline/wes_analyses//03_alignment_genome/01_intermediate/242_marked.bam contains double '/'. This is likely unintended. It can also lead to inconsistent results of the file-matching approach used by Snakemake.
File path /home/PERSONALE/eugenio.fonzi2/WESPipeline/wes_analyses//03_alignment_genome/01_intermediate/242_marked.bai contains double '/'. This is likely unintended. It can also lead to inconsistent results of the file-matching approach used by Snakemake.
File path /home/PERSONALE/eugenio.fonzi2/WESPipeline/wes_analyses//03_alignment_genome/01_intermediate/242_sorted.bam contains double '/'. This is likely unintended. It can also lead to inconsistent results of the file-matching approach used by Snakemake.
File path /home/PERSONALE/eugenio.fonzi2/WESPipeline/wes_analyses//03_alignment_genome/01_intermediate/242_marked.bam contains double '/'. This is likely unintended. It can also lead to inconsistent results of the file-matching approach used by Snakemake.
File path /home/PERSONALE/eugenio.fonzi2/WESPipeline/wes_analyses//03_alignment_genome/01_intermediate/242_marked.bai contains double '/'. This is likely unintended. It can also lead to inconsistent results of the file-matching approach used by Snakemake.
File path /home/PERSONALE/eugenio.fonzi2/WESPipeline/wes_analyses//03_alignment_genome/01_intermediate/242_marked.bam contains double '/'. This is likely unintended. It can also lead to inconsistent results of the file-matching approach used by Snakemake.
File path /home/PERSONALE/eugenio.fonzi2/WESPipeline/wes_analyses//03_alignment_genome/logs/242.intervals contains double '/'. This is likely unintended. It can also lead to inconsistent results of the file-matching approach used by Snakemake.
File path /home/PERSONALE/eugenio.fonzi2/WESPipeline/wes_analyses//03_alignment_genome/01_intermediate/242.sam contains double '/'. This is likely unintended. It can also lead to inconsistent results of the file-matching approach used by Snakemake.
File path /home/PERSONALE/eugenio.fonzi2/WESPipeline/wes_analyses//03_alignment_genome/01_intermediate/242_sorted.bam contains double '/'. This is likely unintended. It can also lead to inconsistent results of the file-matching approach used by Snakemake.
File path /home/PERSONALE/eugenio.fonzi2/WESPipeline/wes_analyses//02_fastq_trimmed/242_R1.fastq contains double '/'. This is likely unintended. It can also lead to inconsistent results of the file-matching approach used by Snakemake.
File path /home/PERSONALE/eugenio.fonzi2/WESPipeline/wes_analyses//02_fastq_trimmed/242_R2.fastq contains double '/'. This is likely unintended. It can also lead to inconsistent results of the file-matching approach used by Snakemake.
File path /home/PERSONALE/eugenio.fonzi2/WESPipeline/wes_analyses//03_alignment_genome/01_intermediate/242.sam contains double '/'. This is likely unintended. It can also lead to inconsistent results of the file-matching approach used by Snakemake.
File path /home/PERSONALE/eugenio.fonzi2/WESPipeline/wes_analyses//10_variants_filter/51_all_somatic_annotated.tsv contains double '/'. This is likely unintended. It can also lead to inconsistent results of the file-matching approach used by Snakemake.
File path /home/PERSONALE/eugenio.fonzi2/WESPipeline/wes_analyses//10_variants_filter/51_all_somatic_annotated_filtered.tsv contains double '/'. This is likely unintended. It can also lead to inconsistent results of the file-matching approach used by Snakemake.
File path /home/PERSONALE/eugenio.fonzi2/WESPipeline/wes_analyses//10_variants_filter/51_rsID.tsv contains double '/'. This is likely unintended. It can also lead to inconsistent results of the file-matching approach used by Snakemake.
File path /home/PERSONALE/eugenio.fonzi2/WESPipeline/wes_analyses//10_variants_filter/logs/51_mutect_genome.hg19_multianno.txt contains double '/'. This is likely unintended. It can also lead to inconsistent results of the file-matching approach used by Snakemake.
File path /home/PERSONALE/eugenio.fonzi2/WESPipeline/wes_analyses//10_variants_filter/logs/51_mutect_mt_g.GRCh37_MT_multianno.txt contains double '/'. This is likely unintended. It can also lead to inconsistent results of the file-matching approach used by Snakemake.
File path /home/PERSONALE/eugenio.fonzi2/WESPipeline/wes_analyses//10_variants_filter/logs/51_varscan_genome.hg19_multianno.txt contains double '/'. This is likely unintended. It can also lead to inconsistent results of the file-matching approach used by Snakemake.
File path /home/PERSONALE/eugenio.fonzi2/WESPipeline/wes_analyses//10_variants_filter/logs/51_varscan_mt_g.GRCh37_MT_multianno.txt contains double '/'. This is likely unintended. It can also lead to inconsistent results of the file-matching approach used by Snakemake.
File path /home/PERSONALE/eugenio.fonzi2/WESPipeline/wes_analyses//10_variants_filter/51_mutect_somatic.tsv contains double '/'. This is likely unintended. It can also lead to inconsistent results of the file-matching approach used by Snakemake.
File path /home/PERSONALE/eugenio.fonzi2/WESPipeline/wes_analyses//10_variants_filter/51_varscan_somatic.tsv contains double '/'. This is likely unintended. It can also lead to inconsistent results of the file-matching approach used by Snakemake.
File path /home/PERSONALE/eugenio.fonzi2/WESPipeline/wes_analyses//10_variants_filter/51_all_somatic_annotated.tsv contains double '/'. This is likely unintended. It can also lead to inconsistent results of the file-matching approach used by Snakemake.
File path /home/PERSONALE/eugenio.fonzi2/WESPipeline/wes_analyses//10_variants_filter/51_all_somatic_annotated.tsv contains double '/'. This is likely unintended. It can also lead to inconsistent results of the file-matching approach used by Snakemake.
File path /home/PERSONALE/eugenio.fonzi2/WESPipeline/wes_analyses//10_variants_filter/51_rsID.tsv contains double '/'. This is likely unintended. It can also lead to inconsistent results of the file-matching approach used by Snakemake.
File path /home/PERSONALE/eugenio.fonzi2/WESPipeline/wes_analyses//10_variants_filter/51_varscan_annovar_genome.tsv contains double '/'. This is likely unintended. It can also lead to inconsistent results of the file-matching approach used by Snakemake.
File path /home/PERSONALE/eugenio.fonzi2/WESPipeline/wes_analyses//10_variants_filter/logs/51_varscan_genome.hg19_multianno.txt contains double '/'. This is likely unintended. It can also lead to inconsistent results of the file-matching approach used by Snakemake.
File path /home/PERSONALE/eugenio.fonzi2/WESPipeline/wes_analyses//10_variants_filter/51_varscan_annovar_mt.tsv contains double '/'. This is likely unintended. It can also lead to inconsistent results of the file-matching approach used by Snakemake.
File path /home/PERSONALE/eugenio.fonzi2/WESPipeline/wes_analyses//10_variants_filter/logs/51_varscan_mt_g.GRCh37_MT_multianno.txt contains double '/'. This is likely unintended. It can also lead to inconsistent results of the file-matching approach used by Snakemake.
File path /home/PERSONALE/eugenio.fonzi2/WESPipeline/wes_analyses//10_variants_filter/51_mutect_annovar_mt.tsv contains double '/'. This is likely unintended. It can also lead to inconsistent results of the file-matching approach used by Snakemake.
File path /home/PERSONALE/eugenio.fonzi2/WESPipeline/wes_analyses//10_variants_filter/logs/51_mutect_mt_g.GRCh37_MT_multianno.txt contains double '/'. This is likely unintended. It can also lead to inconsistent results of the file-matching approach used by Snakemake.
File path /home/PERSONALE/eugenio.fonzi2/WESPipeline/wes_analyses//10_variants_filter/51_mutect_annovar_genome.tsv contains double '/'. This is likely unintended. It can also lead to inconsistent results of the file-matching approach used by Snakemake.
File path /home/PERSONALE/eugenio.fonzi2/WESPipeline/wes_analyses//10_variants_filter/logs/51_mutect_genome.hg19_multianno.txt contains double '/'. This is likely unintended. It can also lead to inconsistent results of the file-matching approach used by Snakemake.
File path /home/PERSONALE/eugenio.fonzi2/WESPipeline/wes_analyses//10_variants_filter/51_mutect.tsv contains double '/'. This is likely unintended. It can also lead to inconsistent results of the file-matching approach used by Snakemake.
File path /home/PERSONALE/eugenio.fonzi2/WESPipeline/wes_analyses//10_variants_filter/51_varscan_snv_temp2.tsv contains double '/'. This is likely unintended. It can also lead to inconsistent results of the file-matching approach used by Snakemake.
File path /home/PERSONALE/eugenio.fonzi2/WESPipeline/wes_analyses//10_variants_filter/51_varscan_indel_temp2.tsv contains double '/'. This is likely unintended. It can also lead to inconsistent results of the file-matching approach used by Snakemake.
File path /home/PERSONALE/eugenio.fonzi2/WESPipeline/wes_analyses//10_variants_filter/51_mutect_somatic.tsv contains double '/'. This is likely unintended. It can also lead to inconsistent results of the file-matching approach used by Snakemake.
File path /home/PERSONALE/eugenio.fonzi2/WESPipeline/wes_analyses//10_variants_filter/51_varscan_somatic.tsv contains double '/'. This is likely unintended. It can also lead to inconsistent results of the file-matching approach used by Snakemake.
File path /home/PERSONALE/eugenio.fonzi2/WESPipeline/wes_analyses//10_variants_filter/51_varscan_somatic.tsv contains double '/'. This is likely unintended. It can also lead to inconsistent results of the file-matching approach used by Snakemake.
File path /home/PERSONALE/eugenio.fonzi2/WESPipeline/wes_analyses//10_variants_filter/51_varscan_annovar_genome.tsv contains double '/'. This is likely unintended. It can also lead to inconsistent results of the file-matching approach used by Snakemake.
File path /home/PERSONALE/eugenio.fonzi2/WESPipeline/wes_analyses//10_variants_filter/51_varscan_annovar_mt.tsv contains double '/'. This is likely unintended. It can also lead to inconsistent results of the file-matching approach used by Snakemake.
File path /home/PERSONALE/eugenio.fonzi2/WESPipeline/wes_analyses//06_mutect_genome/51.tsv contains double '/'. This is likely unintended. It can also lead to inconsistent results of the file-matching approach used by Snakemake.
File path /home/PERSONALE/eugenio.fonzi2/WESPipeline/wes_analyses//07_mutect_MT/51.tsv contains double '/'. This is likely unintended. It can also lead to inconsistent results of the file-matching approach used by Snakemake.
File path /home/PERSONALE/eugenio.fonzi2/WESPipeline/wes_analyses//08_varscan_genome/51_snv.tsv contains double '/'. This is likely unintended. It can also lead to inconsistent results of the file-matching approach used by Snakemake.
File path /home/PERSONALE/eugenio.fonzi2/WESPipeline/wes_analyses//08_varscan_genome/51_indel.tsv contains double '/'. This is likely unintended. It can also lead to inconsistent results of the file-matching approach used by Snakemake.
File path /home/PERSONALE/eugenio.fonzi2/WESPipeline/wes_analyses//09_varscan_MT/51_snv.tsv contains double '/'. This is likely unintended. It can also lead to inconsistent results of the file-matching approach used by Snakemake.
File path /home/PERSONALE/eugenio.fonzi2/WESPipeline/wes_analyses//09_varscan_MT/51_indel.tsv contains double '/'. This is likely unintended. It can also lead to inconsistent results of the file-matching approach used by Snakemake.
File path /home/PERSONALE/eugenio.fonzi2/WESPipeline/wes_analyses//10_variants_filter/51_mutect.tsv contains double '/'. This is likely unintended. It can also lead to inconsistent results of the file-matching approach used by Snakemake.
File path /home/PERSONALE/eugenio.fonzi2/WESPipeline/wes_analyses//10_variants_filter/51_varscan_snv_temp1.tsv contains double '/'. This is likely unintended. It can also lead to inconsistent results of the file-matching approach used by Snakemake.
File path /home/PERSONALE/eugenio.fonzi2/WESPipeline/wes_analyses//10_variants_filter/51_varscan_indel_temp1.tsv contains double '/'. This is likely unintended. It can also lead to inconsistent results of the file-matching approach used by Snakemake.
File path /home/PERSONALE/eugenio.fonzi2/WESPipeline/wes_analyses//10_variants_filter/51_varscan.tsv contains double '/'. This is likely unintended. It can also lead to inconsistent results of the file-matching approach used by Snakemake.
File path /home/PERSONALE/eugenio.fonzi2/WESPipeline/wes_analyses//10_variants_filter/51_varscan_snv_temp1.tsv contains double '/'. This is likely unintended. It can also lead to inconsistent results of the file-matching approach used by Snakemake.
File path /home/PERSONALE/eugenio.fonzi2/WESPipeline/wes_analyses//10_variants_filter/51_varscan_indel_temp1.tsv contains double '/'. This is likely unintended. It can also lead to inconsistent results of the file-matching approach used by Snakemake.
File path /home/PERSONALE/eugenio.fonzi2/WESPipeline/wes_analyses//10_variants_filter/51_varscan_snv_temp2.tsv contains double '/'. This is likely unintended. It can also lead to inconsistent results of the file-matching approach used by Snakemake.
File path /home/PERSONALE/eugenio.fonzi2/WESPipeline/wes_analyses//10_variants_filter/51_varscan_indel_temp1.tsv contains double '/'. This is likely unintended. It can also lead to inconsistent results of the file-matching approach used by Snakemake.
File path /home/PERSONALE/eugenio.fonzi2/WESPipeline/wes_analyses//10_variants_filter/51_varscan_indel_temp2.tsv contains double '/'. This is likely unintended. It can also lead to inconsistent results of the file-matching approach used by Snakemake.
File path /home/PERSONALE/eugenio.fonzi2/WESPipeline/wes_analyses//08_varscan_genome/01_mpileup/242.mpileup contains double '/'. This is likely unintended. It can also lead to inconsistent results of the file-matching approach used by Snakemake.
File path /home/PERSONALE/eugenio.fonzi2/WESPipeline/wes_analyses//08_varscan_genome/01_mpileup/3062.mpileup contains double '/'. This is likely unintended. It can also lead to inconsistent results of the file-matching approach used by Snakemake.
File path /home/PERSONALE/eugenio.fonzi2/WESPipeline/wes_analyses//08_varscan_genome/51_snv.tsv contains double '/'. This is likely unintended. It can also lead to inconsistent results of the file-matching approach used by Snakemake.
File path /home/PERSONALE/eugenio.fonzi2/WESPipeline/wes_analyses//08_varscan_genome/51_indel.tsv contains double '/'. This is likely unintended. It can also lead to inconsistent results of the file-matching approach used by Snakemake.
File path /home/PERSONALE/eugenio.fonzi2/WESPipeline/wes_analyses//09_varscan_MT/01_mpileup/242.mpileup contains double '/'. This is likely unintended. It can also lead to inconsistent results of the file-matching approach used by Snakemake.
File path /home/PERSONALE/eugenio.fonzi2/WESPipeline/wes_analyses//09_varscan_MT/01_mpileup/3062.mpileup contains double '/'. This is likely unintended. It can also lead to inconsistent results of the file-matching approach used by Snakemake.
File path /home/PERSONALE/eugenio.fonzi2/WESPipeline/wes_analyses//09_varscan_MT/51_snv.tsv contains double '/'. This is likely unintended. It can also lead to inconsistent results of the file-matching approach used by Snakemake.
File path /home/PERSONALE/eugenio.fonzi2/WESPipeline/wes_analyses//09_varscan_MT/51_indel.tsv contains double '/'. This is likely unintended. It can also lead to inconsistent results of the file-matching approach used by Snakemake.
File path /home/PERSONALE/eugenio.fonzi2/WESPipeline/wes_analyses//03_alignment_genome/02_bqsr/242_recal.bam contains double '/'. This is likely unintended. It can also lead to inconsistent results of the file-matching approach used by Snakemake.
File path /home/PERSONALE/eugenio.fonzi2/WESPipeline/wes_analyses//03_alignment_genome/02_bqsr/3062_recal.bam contains double '/'. This is likely unintended. It can also lead to inconsistent results of the file-matching approach used by Snakemake.
File path /home/PERSONALE/eugenio.fonzi2/WESPipeline/wes_analyses//03_alignment_genome/02_bqsr/242_recal.bai contains double '/'. This is likely unintended. It can also lead to inconsistent results of the file-matching approach used by Snakemake.
File path /home/PERSONALE/eugenio.fonzi2/WESPipeline/wes_analyses//03_alignment_genome/02_bqsr/3062_recal.bai contains double '/'. This is likely unintended. It can also lead to inconsistent results of the file-matching approach used by Snakemake.
File path /home/PERSONALE/eugenio.fonzi2/WESPipeline/wes_analyses//06_mutect_genome/51.tsv contains double '/'. This is likely unintended. It can also lead to inconsistent results of the file-matching approach used by Snakemake.
File path /home/PERSONALE/eugenio.fonzi2/WESPipeline/wes_analyses//06_mutect_genome/51_cov_wig.log contains double '/'. This is likely unintended. It can also lead to inconsistent results of the file-matching approach used by Snakemake.
File path /home/PERSONALE/eugenio.fonzi2/WESPipeline/wes_analyses//05_alignment_MT/02_bqsr/242_recal.bam contains double '/'. This is likely unintended. It can also lead to inconsistent results of the file-matching approach used by Snakemake.
File path /home/PERSONALE/eugenio.fonzi2/WESPipeline/wes_analyses//05_alignment_MT/02_bqsr/3062_recal.bam contains double '/'. This is likely unintended. It can also lead to inconsistent results of the file-matching approach used by Snakemake.
File path /home/PERSONALE/eugenio.fonzi2/WESPipeline/wes_analyses//05_alignment_MT/02_bqsr/242_recal.bai contains double '/'. This is likely unintended. It can also lead to inconsistent results of the file-matching approach used by Snakemake.
File path /home/PERSONALE/eugenio.fonzi2/WESPipeline/wes_analyses//05_alignment_MT/02_bqsr/3062_recal.bai contains double '/'. This is likely unintended. It can also lead to inconsistent results of the file-matching approach used by Snakemake.
File path /home/PERSONALE/eugenio.fonzi2/WESPipeline/wes_analyses//07_mutect_MT/51.tsv contains double '/'. This is likely unintended. It can also lead to inconsistent results of the file-matching approach used by Snakemake.
File path /home/PERSONALE/eugenio.fonzi2/WESPipeline/wes_analyses//07_mutect_MT/51_cov_wig.log contains double '/'. This is likely unintended. It can also lead to inconsistent results of the file-matching approach used by Snakemake.
File path /home/PERSONALE/eugenio.fonzi2/WESPipeline/wes_analyses//03_alignment_genome/02_bqsr/3062_recal.bam contains double '/'. This is likely unintended. It can also lead to inconsistent results of the file-matching approach used by Snakemake.
File path /home/PERSONALE/eugenio.fonzi2/WESPipeline/wes_analyses//03_alignment_genome/02_bqsr/3062_recal.bai contains double '/'. This is likely unintended. It can also lead to inconsistent results of the file-matching approach used by Snakemake.
File path /home/PERSONALE/eugenio.fonzi2/WESPipeline/wes_analyses//08_varscan_genome/01_mpileup/3062.mpileup contains double '/'. This is likely unintended. It can also lead to inconsistent results of the file-matching approach used by Snakemake.
File path /home/PERSONALE/eugenio.fonzi2/WESPipeline/wes_analyses//03_alignment_genome/02_bqsr/242_recal.bam contains double '/'. This is likely unintended. It can also lead to inconsistent results of the file-matching approach used by Snakemake.
File path /home/PERSONALE/eugenio.fonzi2/WESPipeline/wes_analyses//03_alignment_genome/02_bqsr/242_recal.bai contains double '/'. This is likely unintended. It can also lead to inconsistent results of the file-matching approach used by Snakemake.
File path /home/PERSONALE/eugenio.fonzi2/WESPipeline/wes_analyses//08_varscan_genome/01_mpileup/242.mpileup contains double '/'. This is likely unintended. It can also lead to inconsistent results of the file-matching approach used by Snakemake.
File path /home/PERSONALE/eugenio.fonzi2/WESPipeline/wes_analyses//03_alignment_genome/01_intermediate/3062_realigned.bam contains double '/'. This is likely unintended. It can also lead to inconsistent results of the file-matching approach used by Snakemake.
File path /home/PERSONALE/eugenio.fonzi2/WESPipeline/wes_analyses//03_alignment_genome/01_intermediate/3062_realigned.bai contains double '/'. This is likely unintended. It can also lead to inconsistent results of the file-matching approach used by Snakemake.
File path /home/PERSONALE/eugenio.fonzi2/WESPipeline/wes_analyses//03_alignment_genome/logs/3062_recal_data.table contains double '/'. This is likely unintended. It can also lead to inconsistent results of the file-matching approach used by Snakemake.
File path /home/PERSONALE/eugenio.fonzi2/WESPipeline/wes_analyses//03_alignment_genome/02_bqsr/3062_recal.bam contains double '/'. This is likely unintended. It can also lead to inconsistent results of the file-matching approach used by Snakemake.
File path /home/PERSONALE/eugenio.fonzi2/WESPipeline/wes_analyses//03_alignment_genome/02_bqsr/3062_recal.bai contains double '/'. This is likely unintended. It can also lead to inconsistent results of the file-matching approach used by Snakemake.
File path /home/PERSONALE/eugenio.fonzi2/WESPipeline/wes_analyses//03_alignment_genome/01_intermediate/3062_realigned.bam contains double '/'. This is likely unintended. It can also lead to inconsistent results of the file-matching approach used by Snakemake.
File path /home/PERSONALE/eugenio.fonzi2/WESPipeline/wes_analyses//03_alignment_genome/01_intermediate/3062_realigned.bai contains double '/'. This is likely unintended. It can also lead to inconsistent results of the file-matching approach used by Snakemake.
File path /home/PERSONALE/eugenio.fonzi2/WESPipeline/wes_analyses//03_alignment_genome/logs/3062_recal_data.table contains double '/'. This is likely unintended. It can also lead to inconsistent results of the file-matching approach used by Snakemake.
File path /home/PERSONALE/eugenio.fonzi2/WESPipeline/wes_analyses//03_alignment_genome/logs/3062.intervals contains double '/'. This is likely unintended. It can also lead to inconsistent results of the file-matching approach used by Snakemake.
File path /home/PERSONALE/eugenio.fonzi2/WESPipeline/wes_analyses//03_alignment_genome/01_intermediate/3062_marked.bam contains double '/'. This is likely unintended. It can also lead to inconsistent results of the file-matching approach used by Snakemake.
File path /home/PERSONALE/eugenio.fonzi2/WESPipeline/wes_analyses//03_alignment_genome/01_intermediate/3062_marked.bai contains double '/'. This is likely unintended. It can also lead to inconsistent results of the file-matching approach used by Snakemake.
File path /home/PERSONALE/eugenio.fonzi2/WESPipeline/wes_analyses//03_alignment_genome/01_intermediate/3062_realigned.bam contains double '/'. This is likely unintended. It can also lead to inconsistent results of the file-matching approach used by Snakemake.
File path /home/PERSONALE/eugenio.fonzi2/WESPipeline/wes_analyses//03_alignment_genome/01_intermediate/3062_realigned.bai contains double '/'. This is likely unintended. It can also lead to inconsistent results of the file-matching approach used by Snakemake.
File path /home/PERSONALE/eugenio.fonzi2/WESPipeline/wes_analyses//03_alignment_genome/01_intermediate/3062_sorted.bam contains double '/'. This is likely unintended. It can also lead to inconsistent results of the file-matching approach used by Snakemake.
File path /home/PERSONALE/eugenio.fonzi2/WESPipeline/wes_analyses//03_alignment_genome/01_intermediate/3062_marked.bam contains double '/'. This is likely unintended. It can also lead to inconsistent results of the file-matching approach used by Snakemake.
File path /home/PERSONALE/eugenio.fonzi2/WESPipeline/wes_analyses//03_alignment_genome/01_intermediate/3062_marked.bam contains double '/'. This is likely unintended. It can also lead to inconsistent results of the file-matching approach used by Snakemake.
File path /home/PERSONALE/eugenio.fonzi2/WESPipeline/wes_analyses//03_alignment_genome/01_intermediate/3062_marked.bai contains double '/'. This is likely unintended. It can also lead to inconsistent results of the file-matching approach used by Snakemake.
File path /home/PERSONALE/eugenio.fonzi2/WESPipeline/wes_analyses//03_alignment_genome/01_intermediate/3062_marked.bai contains double '/'. This is likely unintended. It can also lead to inconsistent results of the file-matching approach used by Snakemake.
File path /home/PERSONALE/eugenio.fonzi2/WESPipeline/wes_analyses//03_alignment_genome/01_intermediate/3062_marked.bam contains double '/'. This is likely unintended. It can also lead to inconsistent results of the file-matching approach used by Snakemake.
File path /home/PERSONALE/eugenio.fonzi2/WESPipeline/wes_analyses//03_alignment_genome/logs/3062.intervals contains double '/'. This is likely unintended. It can also lead to inconsistent results of the file-matching approach used by Snakemake.
File path /home/PERSONALE/eugenio.fonzi2/WESPipeline/wes_analyses//03_alignment_genome/01_intermediate/3062.sam contains double '/'. This is likely unintended. It can also lead to inconsistent results of the file-matching approach used by Snakemake.
File path /home/PERSONALE/eugenio.fonzi2/WESPipeline/wes_analyses//03_alignment_genome/01_intermediate/3062_sorted.bam contains double '/'. This is likely unintended. It can also lead to inconsistent results of the file-matching approach used by Snakemake.
File path /home/PERSONALE/eugenio.fonzi2/WESPipeline/wes_analyses//02_fastq_trimmed/3062_R1.fastq contains double '/'. This is likely unintended. It can also lead to inconsistent results of the file-matching approach used by Snakemake.
File path /home/PERSONALE/eugenio.fonzi2/WESPipeline/wes_analyses//02_fastq_trimmed/3062_R2.fastq contains double '/'. This is likely unintended. It can also lead to inconsistent results of the file-matching approach used by Snakemake.
File path /home/PERSONALE/eugenio.fonzi2/WESPipeline/wes_analyses//03_alignment_genome/01_intermediate/3062.sam contains double '/'. This is likely unintended. It can also lead to inconsistent results of the file-matching approach used by Snakemake.
File path /home/PERSONALE/eugenio.fonzi2/WESPipeline/wes_analyses//01_fastq/02_postprocess/3062_R1.fastq contains double '/'. This is likely unintended. It can also lead to inconsistent results of the file-matching approach used by Snakemake.
File path /home/PERSONALE/eugenio.fonzi2/WESPipeline/wes_analyses//01_fastq/02_postprocess/3062_R2.fastq contains double '/'. This is likely unintended. It can also lead to inconsistent results of the file-matching approach used by Snakemake.
File path /home/PERSONALE/eugenio.fonzi2/WESPipeline/wes_analyses//02_fastq_trimmed/3062_R1.fastq contains double '/'. This is likely unintended. It can also lead to inconsistent results of the file-matching approach used by Snakemake.
File path /home/PERSONALE/eugenio.fonzi2/WESPipeline/wes_analyses//02_fastq_trimmed/3062_R2.fastq contains double '/'. This is likely unintended. It can also lead to inconsistent results of the file-matching approach used by Snakemake.
File path /home/PERSONALE/eugenio.fonzi2/WESPipeline/wes_analyses//01_fastq/02_postprocess/3062_R1_unchecked.fastq contains double '/'. This is likely unintended. It can also lead to inconsistent results of the file-matching approach used by Snakemake.
File path /home/PERSONALE/eugenio.fonzi2/WESPipeline/wes_analyses//01_fastq/02_postprocess/3062_R2_unchecked.fastq contains double '/'. This is likely unintended. It can also lead to inconsistent results of the file-matching approach used by Snakemake.
File path /home/PERSONALE/eugenio.fonzi2/WESPipeline/wes_analyses//01_fastq/02_postprocess/3062_R1.fastq contains double '/'. This is likely unintended. It can also lead to inconsistent results of the file-matching approach used by Snakemake.
File path /home/PERSONALE/eugenio.fonzi2/WESPipeline/wes_analyses//01_fastq/02_postprocess/3062_R2.fastq contains double '/'. This is likely unintended. It can also lead to inconsistent results of the file-matching approach used by Snakemake.
File path /home/PERSONALE/eugenio.fonzi2/WESPipeline/wes_analyses//01_fastq/02_postprocess/3062_R1_unchecked.fastq contains double '/'. This is likely unintended. It can also lead to inconsistent results of the file-matching approach used by Snakemake.
File path /home/PERSONALE/eugenio.fonzi2/WESPipeline/wes_analyses//01_fastq/02_postprocess/3062_R2_unchecked.fastq contains double '/'. This is likely unintended. It can also lead to inconsistent results of the file-matching approach used by Snakemake.
File path /home/PERSONALE/eugenio.fonzi2/WESPipeline/wes_analyses//03_alignment_genome/01_intermediate/242_realigned.bam contains double '/'. This is likely unintended. It can also lead to inconsistent results of the file-matching approach used by Snakemake.
File path /home/PERSONALE/eugenio.fonzi2/WESPipeline/wes_analyses//03_alignment_genome/01_intermediate/242_realigned.bai contains double '/'. This is likely unintended. It can also lead to inconsistent results of the file-matching approach used by Snakemake.
File path /home/PERSONALE/eugenio.fonzi2/WESPipeline/wes_analyses//03_alignment_genome/logs/242_recal_data.table contains double '/'. This is likely unintended. It can also lead to inconsistent results of the file-matching approach used by Snakemake.
File path /home/PERSONALE/eugenio.fonzi2/WESPipeline/wes_analyses//03_alignment_genome/02_bqsr/242_recal.bam contains double '/'. This is likely unintended. It can also lead to inconsistent results of the file-matching approach used by Snakemake.
File path /home/PERSONALE/eugenio.fonzi2/WESPipeline/wes_analyses//03_alignment_genome/02_bqsr/242_recal.bai contains double '/'. This is likely unintended. It can also lead to inconsistent results of the file-matching approach used by Snakemake.
File path /home/PERSONALE/eugenio.fonzi2/WESPipeline/wes_analyses//05_alignment_MT/02_bqsr/3062_recal.bam contains double '/'. This is likely unintended. It can also lead to inconsistent results of the file-matching approach used by Snakemake.
File path /home/PERSONALE/eugenio.fonzi2/WESPipeline/wes_analyses//05_alignment_MT/02_bqsr/3062_recal.bai contains double '/'. This is likely unintended. It can also lead to inconsistent results of the file-matching approach used by Snakemake.
File path /home/PERSONALE/eugenio.fonzi2/WESPipeline/wes_analyses//09_varscan_MT/01_mpileup/3062.mpileup contains double '/'. This is likely unintended. It can also lead to inconsistent results of the file-matching approach used by Snakemake.
File path /home/PERSONALE/eugenio.fonzi2/WESPipeline/wes_analyses//05_alignment_MT/02_bqsr/242_recal.bam contains double '/'. This is likely unintended. It can also lead to inconsistent results of the file-matching approach used by Snakemake.
File path /home/PERSONALE/eugenio.fonzi2/WESPipeline/wes_analyses//05_alignment_MT/02_bqsr/242_recal.bai contains double '/'. This is likely unintended. It can also lead to inconsistent results of the file-matching approach used by Snakemake.
File path /home/PERSONALE/eugenio.fonzi2/WESPipeline/wes_analyses//09_varscan_MT/01_mpileup/242.mpileup contains double '/'. This is likely unintended. It can also lead to inconsistent results of the file-matching approach used by Snakemake.
File path /home/PERSONALE/eugenio.fonzi2/WESPipeline/wes_analyses//05_alignment_MT/01_intermediate/3062_realigned.bam contains double '/'. This is likely unintended. It can also lead to inconsistent results of the file-matching approach used by Snakemake.
File path /home/PERSONALE/eugenio.fonzi2/WESPipeline/wes_analyses//05_alignment_MT/01_intermediate/3062_realigned.bai contains double '/'. This is likely unintended. It can also lead to inconsistent results of the file-matching approach used by Snakemake.
File path /home/PERSONALE/eugenio.fonzi2/WESPipeline/wes_analyses//05_alignment_MT/logs/3062_recal_data.table contains double '/'. This is likely unintended. It can also lead to inconsistent results of the file-matching approach used by Snakemake.
File path /home/PERSONALE/eugenio.fonzi2/WESPipeline/wes_analyses//05_alignment_MT/02_bqsr/3062_recal.bam contains double '/'. This is likely unintended. It can also lead to inconsistent results of the file-matching approach used by Snakemake.
File path /home/PERSONALE/eugenio.fonzi2/WESPipeline/wes_analyses//05_alignment_MT/02_bqsr/3062_recal.bai contains double '/'. This is likely unintended. It can also lead to inconsistent results of the file-matching approach used by Snakemake.
File path /home/PERSONALE/eugenio.fonzi2/WESPipeline/wes_analyses//05_alignment_MT/logs/3062.intervals contains double '/'. This is likely unintended. It can also lead to inconsistent results of the file-matching approach used by Snakemake.
File path /home/PERSONALE/eugenio.fonzi2/WESPipeline/wes_analyses//05_alignment_MT/01_intermediate/3062_marked.bam contains double '/'. This is likely unintended. It can also lead to inconsistent results of the file-matching approach used by Snakemake.
File path /home/PERSONALE/eugenio.fonzi2/WESPipeline/wes_analyses//05_alignment_MT/01_intermediate/3062_marked.bai contains double '/'. This is likely unintended. It can also lead to inconsistent results of the file-matching approach used by Snakemake.
File path /home/PERSONALE/eugenio.fonzi2/WESPipeline/wes_analyses//05_alignment_MT/01_intermediate/3062_realigned.bam contains double '/'. This is likely unintended. It can also lead to inconsistent results of the file-matching approach used by Snakemake.
File path /home/PERSONALE/eugenio.fonzi2/WESPipeline/wes_analyses//05_alignment_MT/01_intermediate/3062_realigned.bai contains double '/'. This is likely unintended. It can also lead to inconsistent results of the file-matching approach used by Snakemake.
File path /home/PERSONALE/eugenio.fonzi2/WESPipeline/wes_analyses//05_alignment_MT/01_intermediate/3062_realigned.bam contains double '/'. This is likely unintended. It can also lead to inconsistent results of the file-matching approach used by Snakemake.
File path /home/PERSONALE/eugenio.fonzi2/WESPipeline/wes_analyses//05_alignment_MT/01_intermediate/3062_realigned.bai contains double '/'. This is likely unintended. It can also lead to inconsistent results of the file-matching approach used by Snakemake.
File path /home/PERSONALE/eugenio.fonzi2/WESPipeline/wes_analyses//05_alignment_MT/logs/3062_recal_data.table contains double '/'. This is likely unintended. It can also lead to inconsistent results of the file-matching approach used by Snakemake.
File path /home/PERSONALE/eugenio.fonzi2/WESPipeline/wes_analyses//05_alignment_MT/01_intermediate/3062_marked.bam contains double '/'. This is likely unintended. It can also lead to inconsistent results of the file-matching approach used by Snakemake.
File path /home/PERSONALE/eugenio.fonzi2/WESPipeline/wes_analyses//05_alignment_MT/01_intermediate/3062_marked.bai contains double '/'. This is likely unintended. It can also lead to inconsistent results of the file-matching approach used by Snakemake.
File path /home/PERSONALE/eugenio.fonzi2/WESPipeline/wes_analyses//05_alignment_MT/01_intermediate/3062_sorted.bam contains double '/'. This is likely unintended. It can also lead to inconsistent results of the file-matching approach used by Snakemake.
File path /home/PERSONALE/eugenio.fonzi2/WESPipeline/wes_analyses//05_alignment_MT/01_intermediate/3062_marked.bam contains double '/'. This is likely unintended. It can also lead to inconsistent results of the file-matching approach used by Snakemake.
File path /home/PERSONALE/eugenio.fonzi2/WESPipeline/wes_analyses//05_alignment_MT/01_intermediate/3062_marked.bai contains double '/'. This is likely unintended. It can also lead to inconsistent results of the file-matching approach used by Snakemake.
File path /home/PERSONALE/eugenio.fonzi2/WESPipeline/wes_analyses//05_alignment_MT/01_intermediate/3062_marked.bam contains double '/'. This is likely unintended. It can also lead to inconsistent results of the file-matching approach used by Snakemake.
File path /home/PERSONALE/eugenio.fonzi2/WESPipeline/wes_analyses//05_alignment_MT/logs/3062.intervals contains double '/'. This is likely unintended. It can also lead to inconsistent results of the file-matching approach used by Snakemake.
File path /home/PERSONALE/eugenio.fonzi2/WESPipeline/wes_analyses//05_alignment_MT/01_intermediate/3062.sam contains double '/'. This is likely unintended. It can also lead to inconsistent results of the file-matching approach used by Snakemake.
File path /home/PERSONALE/eugenio.fonzi2/WESPipeline/wes_analyses//05_alignment_MT/01_intermediate/3062_sorted.bam contains double '/'. This is likely unintended. It can also lead to inconsistent results of the file-matching approach used by Snakemake.
File path /home/PERSONALE/eugenio.fonzi2/WESPipeline/wes_analyses//04_alignment_exome/02_unmapped_fastq/3062_R1.unmapped.fastq contains double '/'. This is likely unintended. It can also lead to inconsistent results of the file-matching approach used by Snakemake.
File path /home/PERSONALE/eugenio.fonzi2/WESPipeline/wes_analyses//04_alignment_exome/02_unmapped_fastq/3062_R2.unmapped.fastq contains double '/'. This is likely unintended. It can also lead to inconsistent results of the file-matching approach used by Snakemake.
File path /home/PERSONALE/eugenio.fonzi2/WESPipeline/wes_analyses//04_alignment_exome/02_unmapped_fastq/3062_unpaired.unmapped.fastq contains double '/'. This is likely unintended. It can also lead to inconsistent results of the file-matching approach used by Snakemake.
File path /home/PERSONALE/eugenio.fonzi2/WESPipeline/wes_analyses//05_alignment_MT/01_intermediate/3062.sam contains double '/'. This is likely unintended. It can also lead to inconsistent results of the file-matching approach used by Snakemake.
File path /home/PERSONALE/eugenio.fonzi2/WESPipeline/wes_analyses//04_alignment_exome/01_intermediate/3062_unmapped.bam contains double '/'. This is likely unintended. It can also lead to inconsistent results of the file-matching approach used by Snakemake.
File path /home/PERSONALE/eugenio.fonzi2/WESPipeline/wes_analyses//04_alignment_exome/02_unmapped_fastq/3062_R1.unmapped.fastq contains double '/'. This is likely unintended. It can also lead to inconsistent results of the file-matching approach used by Snakemake.
File path /home/PERSONALE/eugenio.fonzi2/WESPipeline/wes_analyses//04_alignment_exome/02_unmapped_fastq/3062_R2.unmapped.fastq contains double '/'. This is likely unintended. It can also lead to inconsistent results of the file-matching approach used by Snakemake.
File path /home/PERSONALE/eugenio.fonzi2/WESPipeline/wes_analyses//04_alignment_exome/02_unmapped_fastq/3062_unpaired.unmapped.fastq contains double '/'. This is likely unintended. It can also lead to inconsistent results of the file-matching approach used by Snakemake.
File path /home/PERSONALE/eugenio.fonzi2/WESPipeline/wes_analyses//04_alignment_exome/01_intermediate/3062_sorted.bam contains double '/'. This is likely unintended. It can also lead to inconsistent results of the file-matching approach used by Snakemake.
File path /home/PERSONALE/eugenio.fonzi2/WESPipeline/wes_analyses//04_alignment_exome/01_intermediate/3062_unmapped.bam contains double '/'. This is likely unintended. It can also lead to inconsistent results of the file-matching approach used by Snakemake.
File path /home/PERSONALE/eugenio.fonzi2/WESPipeline/wes_analyses//04_alignment_exome/01_intermediate/3062.sam contains double '/'. This is likely unintended. It can also lead to inconsistent results of the file-matching approach used by Snakemake.
File path /home/PERSONALE/eugenio.fonzi2/WESPipeline/wes_analyses//04_alignment_exome/01_intermediate/3062_sorted.bam contains double '/'. This is likely unintended. It can also lead to inconsistent results of the file-matching approach used by Snakemake.
File path /home/PERSONALE/eugenio.fonzi2/WESPipeline/wes_analyses//02_fastq_trimmed/3062_R1.fastq contains double '/'. This is likely unintended. It can also lead to inconsistent results of the file-matching approach used by Snakemake.
File path /home/PERSONALE/eugenio.fonzi2/WESPipeline/wes_analyses//02_fastq_trimmed/3062_R2.fastq contains double '/'. This is likely unintended. It can also lead to inconsistent results of the file-matching approach used by Snakemake.
File path /home/PERSONALE/eugenio.fonzi2/WESPipeline/wes_analyses//04_alignment_exome/01_intermediate/3062.sam contains double '/'. This is likely unintended. It can also lead to inconsistent results of the file-matching approach used by Snakemake.
File path /home/PERSONALE/eugenio.fonzi2/WESPipeline/wes_analyses//05_alignment_MT/01_intermediate/242_realigned.bam contains double '/'. This is likely unintended. It can also lead to inconsistent results of the file-matching approach used by Snakemake.
File path /home/PERSONALE/eugenio.fonzi2/WESPipeline/wes_analyses//05_alignment_MT/01_intermediate/242_realigned.bai contains double '/'. This is likely unintended. It can also lead to inconsistent results of the file-matching approach used by Snakemake.
File path /home/PERSONALE/eugenio.fonzi2/WESPipeline/wes_analyses//05_alignment_MT/logs/242_recal_data.table contains double '/'. This is likely unintended. It can also lead to inconsistent results of the file-matching approach used by Snakemake.
File path /home/PERSONALE/eugenio.fonzi2/WESPipeline/wes_analyses//05_alignment_MT/02_bqsr/242_recal.bam contains double '/'. This is likely unintended. It can also lead to inconsistent results of the file-matching approach used by Snakemake.
File path /home/PERSONALE/eugenio.fonzi2/WESPipeline/wes_analyses//05_alignment_MT/02_bqsr/242_recal.bai contains double '/'. This is likely unintended. It can also lead to inconsistent results of the file-matching approach used by Snakemake.
File path /home/PERSONALE/eugenio.fonzi2/WESPipeline/wes_analyses//10_variants_filter/51_mutect_somatic.tsv contains double '/'. This is likely unintended. It can also lead to inconsistent results of the file-matching approach used by Snakemake.
File path /home/PERSONALE/eugenio.fonzi2/WESPipeline/wes_analyses//10_variants_filter/51_mutect_annovar_genome.tsv contains double '/'. This is likely unintended. It can also lead to inconsistent results of the file-matching approach used by Snakemake.
File path /home/PERSONALE/eugenio.fonzi2/WESPipeline/wes_analyses//10_variants_filter/51_mutect_annovar_mt.tsv contains double '/'. This is likely unintended. It can also lead to inconsistent results of the file-matching approach used by Snakemake.
File path /home/PERSONALE/eugenio.fonzi2/WESPipeline/wes_analyses//05_alignment_MT/01_intermediate/3062_realigned.bam contains double '/'. This is likely unintended. It can also lead to inconsistent results of the file-matching approach used by Snakemake.
File path /home/PERSONALE/eugenio.fonzi2/WESPipeline/wes_analyses//05_alignment_MT/01_intermediate/3062_realigned.bai contains double '/'. This is likely unintended. It can also lead to inconsistent results of the file-matching approach used by Snakemake.
File path /home/PERSONALE/eugenio.fonzi2/WESPipeline/wes_analyses//05_alignment_MT/logs/3062_recal_data.table contains double '/'. This is likely unintended. It can also lead to inconsistent results of the file-matching approach used by Snakemake.
File path /home/PERSONALE/eugenio.fonzi2/WESPipeline/wes_analyses//05_alignment_MT/logs/3062_post_recal_data.table contains double '/'. This is likely unintended. It can also lead to inconsistent results of the file-matching approach used by Snakemake.
File path /home/PERSONALE/eugenio.fonzi2/WESPipeline/wes_analyses//03_alignment_genome/01_intermediate/3062_realigned.bam contains double '/'. This is likely unintended. It can also lead to inconsistent results of the file-matching approach used by Snakemake.
File path /home/PERSONALE/eugenio.fonzi2/WESPipeline/wes_analyses//03_alignment_genome/01_intermediate/3062_realigned.bai contains double '/'. This is likely unintended. It can also lead to inconsistent results of the file-matching approach used by Snakemake.
File path /home/PERSONALE/eugenio.fonzi2/WESPipeline/wes_analyses//03_alignment_genome/logs/3062_recal_data.table contains double '/'. This is likely unintended. It can also lead to inconsistent results of the file-matching approach used by Snakemake.
File path /home/PERSONALE/eugenio.fonzi2/WESPipeline/wes_analyses//03_alignment_genome/logs/3062_post_recal_data.table contains double '/'. This is likely unintended. It can also lead to inconsistent results of the file-matching approach used by Snakemake.
File path /home/PERSONALE/eugenio.fonzi2/WESPipeline/wes_analyses//05_alignment_MT/logs/242_recalibrating_02.log contains double '/'. This is likely unintended. It can also lead to inconsistent results of the file-matching approach used by Snakemake.
File path /home/PERSONALE/eugenio.fonzi2/WESPipeline/wes_analyses//02_fastq_trimmed/logs/242_R2_fastqc.log contains double '/'. This is likely unintended. It can also lead to inconsistent results of the file-matching approach used by Snakemake.
File path /home/PERSONALE/eugenio.fonzi2/WESPipeline/wes_analyses//03_alignment_genome/logs/242_analyzecovariates.log contains double '/'. This is likely unintended. It can also lead to inconsistent results of the file-matching approach used by Snakemake.
File path /home/PERSONALE/eugenio.fonzi2/WESPipeline/wes_analyses//01_fastq/logs/3062_R1_fastqc.log contains double '/'. This is likely unintended. It can also lead to inconsistent results of the file-matching approach used by Snakemake.
File path /home/PERSONALE/eugenio.fonzi2/WESPipeline/wes_analyses//02_fastq_trimmed/logs/3062_R2_fastqc.log contains double '/'. This is likely unintended. It can also lead to inconsistent results of the file-matching approach used by Snakemake.
File path /home/PERSONALE/eugenio.fonzi2/WESPipeline/wes_analyses//02_fastq_trimmed/logs/242_R1_fastqc.log contains double '/'. This is likely unintended. It can also lead to inconsistent results of the file-matching approach used by Snakemake.
File path /home/PERSONALE/eugenio.fonzi2/WESPipeline/wes_analyses//05_alignment_MT/logs/3062_recalibrating_02.log contains double '/'. This is likely unintended. It can also lead to inconsistent results of the file-matching approach used by Snakemake.
File path /home/PERSONALE/eugenio.fonzi2/WESPipeline/wes_analyses//02_fastq_trimmed/logs/3062_R1_fastqc.log contains double '/'. This is likely unintended. It can also lead to inconsistent results of the file-matching approach used by Snakemake.
File path /home/PERSONALE/eugenio.fonzi2/WESPipeline/wes_analyses//01_fastq/logs/242_R2_fastqc.log contains double '/'. This is likely unintended. It can also lead to inconsistent results of the file-matching approach used by Snakemake.
File path /home/PERSONALE/eugenio.fonzi2/WESPipeline/wes_analyses//01_fastq/logs/3062_R2_fastqc.log contains double '/'. This is likely unintended. It can also lead to inconsistent results of the file-matching approach used by Snakemake.
File path /home/PERSONALE/eugenio.fonzi2/WESPipeline/wes_analyses//01_fastq/logs/242_R1_fastqc.log contains double '/'. This is likely unintended. It can also lead to inconsistent results of the file-matching approach used by Snakemake.
File path /home/PERSONALE/eugenio.fonzi2/WESPipeline/wes_analyses//03_alignment_genome/logs/3062_analyzecovariates.log contains double '/'. This is likely unintended. It can also lead to inconsistent results of the file-matching approach used by Snakemake.
File path /home/PERSONALE/eugenio.fonzi2/WESPipeline/wes_analyses//05_alignment_MT/logs/242_postrecalibrating.log contains double '/'. This is likely unintended. It can also lead to inconsistent results of the file-matching approach used by Snakemake.
File path /home/PERSONALE/eugenio.fonzi2/WESPipeline/wes_analyses//05_alignment_MT/logs/242_recalibrating_01.log contains double '/'. This is likely unintended. It can also lead to inconsistent results of the file-matching approach used by Snakemake.
File path /home/PERSONALE/eugenio.fonzi2/WESPipeline/wes_analyses//02_fastq_trimmed/logs/242_discarded.log contains double '/'. This is likely unintended. It can also lead to inconsistent results of the file-matching approach used by Snakemake.
File path /home/PERSONALE/eugenio.fonzi2/WESPipeline/wes_analyses//02_fastq_trimmed/logs/242_stats.log contains double '/'. This is likely unintended. It can also lead to inconsistent results of the file-matching approach used by Snakemake.
File path /home/PERSONALE/eugenio.fonzi2/WESPipeline/wes_analyses//02_fastq_trimmed/logs/242_singleton.log contains double '/'. This is likely unintended. It can also lead to inconsistent results of the file-matching approach used by Snakemake.
File path /home/PERSONALE/eugenio.fonzi2/WESPipeline/wes_analyses//03_alignment_genome/logs/242_postrecalibrating.log contains double '/'. This is likely unintended. It can also lead to inconsistent results of the file-matching approach used by Snakemake.
File path /home/PERSONALE/eugenio.fonzi2/WESPipeline/wes_analyses//03_alignment_genome/logs/242_recalibrating_01.log contains double '/'. This is likely unintended. It can also lead to inconsistent results of the file-matching approach used by Snakemake.
File path /home/PERSONALE/eugenio.fonzi2/WESPipeline/wes_analyses//02_fastq_trimmed/logs/3062_discarded.log contains double '/'. This is likely unintended. It can also lead to inconsistent results of the file-matching approach used by Snakemake.
File path /home/PERSONALE/eugenio.fonzi2/WESPipeline/wes_analyses//02_fastq_trimmed/logs/3062_stats.log contains double '/'. This is likely unintended. It can also lead to inconsistent results of the file-matching approach used by Snakemake.
File path /home/PERSONALE/eugenio.fonzi2/WESPipeline/wes_analyses//02_fastq_trimmed/logs/3062_singleton.log contains double '/'. This is likely unintended. It can also lead to inconsistent results of the file-matching approach used by Snakemake.
File path /home/PERSONALE/eugenio.fonzi2/WESPipeline/wes_analyses//05_alignment_MT/logs/3062_recalibrating_01.log contains double '/'. This is likely unintended. It can also lead to inconsistent results of the file-matching approach used by Snakemake.
File path /home/PERSONALE/eugenio.fonzi2/WESPipeline/wes_analyses//05_alignment_MT/logs/3062_postrecalibrating.log contains double '/'. This is likely unintended. It can also lead to inconsistent results of the file-matching approach used by Snakemake.
File path /home/PERSONALE/eugenio.fonzi2/WESPipeline/wes_analyses//03_alignment_genome/logs/3062_recalibrating_01.log contains double '/'. This is likely unintended. It can also lead to inconsistent results of the file-matching approach used by Snakemake.
File path /home/PERSONALE/eugenio.fonzi2/WESPipeline/wes_analyses//03_alignment_genome/logs/3062_postrecalibrating.log contains double '/'. This is likely unintended. It can also lead to inconsistent results of the file-matching approach used by Snakemake.
File path /home/PERSONALE/eugenio.fonzi2/WESPipeline/wes_analyses//05_alignment_MT/logs/242_IndelRealigner.log contains double '/'. This is likely unintended. It can also lead to inconsistent results of the file-matching approach used by Snakemake.
File path /home/PERSONALE/eugenio.fonzi2/WESPipeline/wes_analyses//03_alignment_genome/logs/242_IndelRealigner.log contains double '/'. This is likely unintended. It can also lead to inconsistent results of the file-matching approach used by Snakemake.
File path /home/PERSONALE/eugenio.fonzi2/WESPipeline/wes_analyses//10_variants_filter/logs/51_rsID_session_info.log contains double '/'. This is likely unintended. It can also lead to inconsistent results of the file-matching approach used by Snakemake.
File path /home/PERSONALE/eugenio.fonzi2/WESPipeline/wes_analyses//10_variants_filter/logs/51_rsID_err_script.log contains double '/'. This is likely unintended. It can also lead to inconsistent results of the file-matching approach used by Snakemake.
File path /home/PERSONALE/eugenio.fonzi2/WESPipeline/wes_analyses//10_variants_filter/logs/51_rsID_err.log contains double '/'. This is likely unintended. It can also lead to inconsistent results of the file-matching approach used by Snakemake.
File path /home/PERSONALE/eugenio.fonzi2/WESPipeline/wes_analyses//01_fastq/logs/3062_cadaver.log contains double '/'. This is likely unintended. It can also lead to inconsistent results of the file-matching approach used by Snakemake.
File path /home/PERSONALE/eugenio.fonzi2/WESPipeline/wes_analyses//05_alignment_MT/logs/3062_IndelRealigner.log contains double '/'. This is likely unintended. It can also lead to inconsistent results of the file-matching approach used by Snakemake.
File path /home/PERSONALE/eugenio.fonzi2/WESPipeline/wes_analyses//01_fastq/logs/242_cadaver.log contains double '/'. This is likely unintended. It can also lead to inconsistent results of the file-matching approach used by Snakemake.
File path /home/PERSONALE/eugenio.fonzi2/WESPipeline/wes_analyses//03_alignment_genome/logs/3062_IndelRealigner.log contains double '/'. This is likely unintended. It can also lead to inconsistent results of the file-matching approach used by Snakemake.
File path /home/PERSONALE/eugenio.fonzi2/WESPipeline/wes_analyses//05_alignment_MT/logs/242_RTC.log contains double '/'. This is likely unintended. It can also lead to inconsistent results of the file-matching approach used by Snakemake.
File path /home/PERSONALE/eugenio.fonzi2/WESPipeline/wes_analyses//05_alignment_MT/242_metrix.log contains double '/'. This is likely unintended. It can also lead to inconsistent results of the file-matching approach used by Snakemake.
File path /home/PERSONALE/eugenio.fonzi2/WESPipeline/wes_analyses//05_alignment_MT/242_marking.log contains double '/'. This is likely unintended. It can also lead to inconsistent results of the file-matching approach used by Snakemake.
File path /home/PERSONALE/eugenio.fonzi2/WESPipeline/wes_analyses//05_alignment_MT/242_indexing.log contains double '/'. This is likely unintended. It can also lead to inconsistent results of the file-matching approach used by Snakemake.
File path /home/PERSONALE/eugenio.fonzi2/WESPipeline/wes_analyses//03_alignment_genome/242_indexing.log contains double '/'. This is likely unintended. It can also lead to inconsistent results of the file-matching approach used by Snakemake.
File path /home/PERSONALE/eugenio.fonzi2/WESPipeline/wes_analyses//03_alignment_genome/242_metrix.log contains double '/'. This is likely unintended. It can also lead to inconsistent results of the file-matching approach used by Snakemake.
File path /home/PERSONALE/eugenio.fonzi2/WESPipeline/wes_analyses//03_alignment_genome/242_marking.log contains double '/'. This is likely unintended. It can also lead to inconsistent results of the file-matching approach used by Snakemake.
File path /home/PERSONALE/eugenio.fonzi2/WESPipeline/wes_analyses//03_alignment_genome/logs/242_RTC.log contains double '/'. This is likely unintended. It can also lead to inconsistent results of the file-matching approach used by Snakemake.
File path /home/PERSONALE/eugenio.fonzi2/WESPipeline/wes_analyses//10_variants_filter/logs/51_varscan_genome_annovar_err.log contains double '/'. This is likely unintended. It can also lead to inconsistent results of the file-matching approach used by Snakemake.
File path /home/PERSONALE/eugenio.fonzi2/WESPipeline/wes_analyses//10_variants_filter/logs/51_varscan_mt_g_annovar_err.log contains double '/'. This is likely unintended. It can also lead to inconsistent results of the file-matching approach used by Snakemake.
File path /home/PERSONALE/eugenio.fonzi2/WESPipeline/wes_analyses//10_variants_filter/logs/51_mutect_mt_g_annovar_err.log contains double '/'. This is likely unintended. It can also lead to inconsistent results of the file-matching approach used by Snakemake.
File path /home/PERSONALE/eugenio.fonzi2/WESPipeline/wes_analyses//10_variants_filter/logs/51_mutect_genome_annovar_err.log contains double '/'. This is likely unintended. It can also lead to inconsistent results of the file-matching approach used by Snakemake.
File path /home/PERSONALE/eugenio.fonzi2/WESPipeline/wes_analyses//05_alignment_MT/3062_indexing.log contains double '/'. This is likely unintended. It can also lead to inconsistent results of the file-matching approach used by Snakemake.
File path /home/PERSONALE/eugenio.fonzi2/WESPipeline/wes_analyses//05_alignment_MT/3062_metrix.log contains double '/'. This is likely unintended. It can also lead to inconsistent results of the file-matching approach used by Snakemake.
File path /home/PERSONALE/eugenio.fonzi2/WESPipeline/wes_analyses//05_alignment_MT/3062_marking.log contains double '/'. This is likely unintended. It can also lead to inconsistent results of the file-matching approach used by Snakemake.
File path /home/PERSONALE/eugenio.fonzi2/WESPipeline/wes_analyses//05_alignment_MT/logs/3062_RTC.log contains double '/'. This is likely unintended. It can also lead to inconsistent results of the file-matching approach used by Snakemake.
File path /home/PERSONALE/eugenio.fonzi2/WESPipeline/wes_analyses//03_alignment_genome/3062_metrix.log contains double '/'. This is likely unintended. It can also lead to inconsistent results of the file-matching approach used by Snakemake.
File path /home/PERSONALE/eugenio.fonzi2/WESPipeline/wes_analyses//03_alignment_genome/3062_marking.log contains double '/'. This is likely unintended. It can also lead to inconsistent results of the file-matching approach used by Snakemake.
File path /home/PERSONALE/eugenio.fonzi2/WESPipeline/wes_analyses//03_alignment_genome/3062_indexing.log contains double '/'. This is likely unintended. It can also lead to inconsistent results of the file-matching approach used by Snakemake.
File path /home/PERSONALE/eugenio.fonzi2/WESPipeline/wes_analyses//03_alignment_genome/logs/3062_RTC.log contains double '/'. This is likely unintended. It can also lead to inconsistent results of the file-matching approach used by Snakemake.
File path /home/PERSONALE/eugenio.fonzi2/WESPipeline/wes_analyses//05_alignment_MT/242_sorting.log contains double '/'. This is likely unintended. It can also lead to inconsistent results of the file-matching approach used by Snakemake.
File path /home/PERSONALE/eugenio.fonzi2/WESPipeline/wes_analyses//03_alignment_genome/242_sorting.log contains double '/'. This is likely unintended. It can also lead to inconsistent results of the file-matching approach used by Snakemake.
File path /home/PERSONALE/eugenio.fonzi2/WESPipeline/wes_analyses//10_variants_filter/logs/51_somaticFilter_snv_err.log contains double '/'. This is likely unintended. It can also lead to inconsistent results of the file-matching approach used by Snakemake.
File path /home/PERSONALE/eugenio.fonzi2/WESPipeline/wes_analyses//10_variants_filter/logs/51_somaticFilter_indel_err.log contains double '/'. This is likely unintended. It can also lead to inconsistent results of the file-matching approach used by Snakemake.
File path /home/PERSONALE/eugenio.fonzi2/WESPipeline/wes_analyses//05_alignment_MT/3062_sorting.log contains double '/'. This is likely unintended. It can also lead to inconsistent results of the file-matching approach used by Snakemake.
File path /home/PERSONALE/eugenio.fonzi2/WESPipeline/wes_analyses//03_alignment_genome/3062_sorting.log contains double '/'. This is likely unintended. It can also lead to inconsistent results of the file-matching approach used by Snakemake.
File path /home/PERSONALE/eugenio.fonzi2/WESPipeline/wes_analyses//05_alignment_MT/logs/242_alignment.log contains double '/'. This is likely unintended. It can also lead to inconsistent results of the file-matching approach used by Snakemake.
File path /home/PERSONALE/eugenio.fonzi2/WESPipeline/wes_analyses//03_alignment_genome/logs/242_alignment.log contains double '/'. This is likely unintended. It can also lead to inconsistent results of the file-matching approach used by Snakemake.
File path /home/PERSONALE/eugenio.fonzi2/WESPipeline/wes_analyses//08_varscan_genome/logs/51_varscan.log contains double '/'. This is likely unintended. It can also lead to inconsistent results of the file-matching approach used by Snakemake.
File path /home/PERSONALE/eugenio.fonzi2/WESPipeline/wes_analyses//09_varscan_MT/logs/51_varscan.log contains double '/'. This is likely unintended. It can also lead to inconsistent results of the file-matching approach used by Snakemake.
File path /home/PERSONALE/eugenio.fonzi2/WESPipeline/wes_analyses//06_mutect_genome/logs/51_mutect.log contains double '/'. This is likely unintended. It can also lead to inconsistent results of the file-matching approach used by Snakemake.
File path /home/PERSONALE/eugenio.fonzi2/WESPipeline/wes_analyses//06_mutect_genome/logs/51_mutect_err.log contains double '/'. This is likely unintended. It can also lead to inconsistent results of the file-matching approach used by Snakemake.
File path /home/PERSONALE/eugenio.fonzi2/WESPipeline/wes_analyses//07_mutect_MT/logs/51_mutect.log contains double '/'. This is likely unintended. It can also lead to inconsistent results of the file-matching approach used by Snakemake.
File path /home/PERSONALE/eugenio.fonzi2/WESPipeline/wes_analyses//07_mutect_MT/logs/51_mutect_err.log contains double '/'. This is likely unintended. It can also lead to inconsistent results of the file-matching approach used by Snakemake.
File path /home/PERSONALE/eugenio.fonzi2/WESPipeline/wes_analyses//05_alignment_MT/logs/3062_alignment.log contains double '/'. This is likely unintended. It can also lead to inconsistent results of the file-matching approach used by Snakemake.
File path /home/PERSONALE/eugenio.fonzi2/WESPipeline/wes_analyses//03_alignment_genome/logs/3062_alignment.log contains double '/'. This is likely unintended. It can also lead to inconsistent results of the file-matching approach used by Snakemake.
File path /home/PERSONALE/eugenio.fonzi2/WESPipeline/wes_analyses//04_alignment_exome/logs/242_unmapped_fastq.log contains double '/'. This is likely unintended. It can also lead to inconsistent results of the file-matching approach used by Snakemake.
File path /home/PERSONALE/eugenio.fonzi2/WESPipeline/wes_analyses//08_varscan_genome/logs/3062_mpileup.log contains double '/'. This is likely unintended. It can also lead to inconsistent results of the file-matching approach used by Snakemake.
File path /home/PERSONALE/eugenio.fonzi2/WESPipeline/wes_analyses//08_varscan_genome/logs/242_mpileup.log contains double '/'. This is likely unintended. It can also lead to inconsistent results of the file-matching approach used by Snakemake.
File path /home/PERSONALE/eugenio.fonzi2/WESPipeline/wes_analyses//09_varscan_MT/logs/3062_mpileup.log contains double '/'. This is likely unintended. It can also lead to inconsistent results of the file-matching approach used by Snakemake.
File path /home/PERSONALE/eugenio.fonzi2/WESPipeline/wes_analyses//09_varscan_MT/logs/242_mpileup.log contains double '/'. This is likely unintended. It can also lead to inconsistent results of the file-matching approach used by Snakemake.
File path /home/PERSONALE/eugenio.fonzi2/WESPipeline/wes_analyses//03_alignment_genome/logs/3062_recalibrating_02.log contains double '/'. This is likely unintended. It can also lead to inconsistent results of the file-matching approach used by Snakemake.
File path /home/PERSONALE/eugenio.fonzi2/WESPipeline/wes_analyses//03_alignment_genome/logs/242_recalibrating_02.log contains double '/'. This is likely unintended. It can also lead to inconsistent results of the file-matching approach used by Snakemake.
File path /home/PERSONALE/eugenio.fonzi2/WESPipeline/wes_analyses//05_alignment_MT/logs/242_recalibrating_02.log contains double '/'. This is likely unintended. It can also lead to inconsistent results of the file-matching approach used by Snakemake.
File path /home/PERSONALE/eugenio.fonzi2/WESPipeline/wes_analyses//05_alignment_MT/logs/3062_recalibrating_02.log contains double '/'. This is likely unintended. It can also lead to inconsistent results of the file-matching approach used by Snakemake.
File path /home/PERSONALE/eugenio.fonzi2/WESPipeline/wes_analyses//04_alignment_exome/logs/3062_unmapped_fastq.log contains double '/'. This is likely unintended. It can also lead to inconsistent results of the file-matching approach used by Snakemake.
File path /home/PERSONALE/eugenio.fonzi2/WESPipeline/wes_analyses//04_alignment_exome/logs/242_unmapped.log contains double '/'. This is likely unintended. It can also lead to inconsistent results of the file-matching approach used by Snakemake.
File path /home/PERSONALE/eugenio.fonzi2/WESPipeline/wes_analyses//04_alignment_exome/logs/3062_unmapped.log contains double '/'. This is likely unintended. It can also lead to inconsistent results of the file-matching approach used by Snakemake.
File path /home/PERSONALE/eugenio.fonzi2/WESPipeline/wes_analyses//04_alignment_exome/logs/242_sorting.log contains double '/'. This is likely unintended. It can also lead to inconsistent results of the file-matching approach used by Snakemake.
File path /home/PERSONALE/eugenio.fonzi2/WESPipeline/wes_analyses//04_alignment_exome/logs/3062_sorting.log contains double '/'. This is likely unintended. It can also lead to inconsistent results of the file-matching approach used by Snakemake.
File path /home/PERSONALE/eugenio.fonzi2/WESPipeline/wes_analyses//04_alignment_exome/logs/242_alignment.log contains double '/'. This is likely unintended. It can also lead to inconsistent results of the file-matching approach used by Snakemake.
File path /home/PERSONALE/eugenio.fonzi2/WESPipeline/wes_analyses//04_alignment_exome/logs/3062_alignment.log contains double '/'. This is likely unintended. It can also lead to inconsistent results of the file-matching approach used by Snakemake.
Provided cores: 32
Rules claiming more threads will be scaled down.
Job counts:
	count	jobs
	2	AnalyzeCovariates_MT
	2	AnalyzeCovariates_genome
	2	BaseRecal_MT
	2	BaseRecal_genome
	2	IndelRealigner_MT
	2	IndelRealigner_genome
	1	KeepOnlyVariants
	1	MergeMutectVarscan
	1	MergeWriteVariants
	1	MutectSplitVariants
	2	PostRecalTable_MT
	2	PostRecalTable_genome
	2	PrintReads_MT
	2	PrintReads_genome
	2	RTC_MT
	2	RTC_genome
	1	Remove_segdups
	1	VarscanSplitVariants
	1	all
	1	annovar_MT_mutect
	1	annovar_MT_varscan
	1	annovar_genome_mutect
	1	annovar_genome_varscan
	1	checkMAFs
	1	create_rsID_table
	2	downloadDecompressMergeFastq
	2	extractUnmapped_convert
	2	extractUnmapped_extract
	2	fastq_checkpoint
	2	fastqc_R1
	2	fastqc_R2
	2	fastqc_trimmed_R1
	2	fastqc_trimmed_R2
	1	filterExonicPolymorphic
	1	filterSomatic_Indel
	1	filterSomatic_SNV
	2	indexing_MT
	2	indexing_genome
	2	map_to_MT
	2	map_to_exome
	2	map_to_genome
	2	marking_MT
	2	marking_genome
	1	muTect_MT
	1	muTect_genome
	2	sorting_MT
	2	sorting_exome
	2	sorting_genome
	2	trim_02
	1	varscan_MT_patient
	2	varscan_MT_sample
	1	varscan_genome_patient
	2	varscan_genome_sample
	86
File path /home/PERSONALE/eugenio.fonzi2/WESPipeline/wes_analyses//01_fastq/logs/3062_cadaver.log contains double '/'. This is likely unintended. It can also lead to inconsistent results of the file-matching approach used by Snakemake.

Job 34: >> 3062 : downloading, decompressing and merging fastq 

File path /home/PERSONALE/eugenio.fonzi2/WESPipeline/wes_analyses//01_fastq/logs/242_cadaver.log contains double '/'. This is likely unintended. It can also lead to inconsistent results of the file-matching approach used by Snakemake.

Job 36: >> 242 : downloading, decompressing and merging fastq 

