Building DAG of jobs...
Provided cores: 32
Rules claiming more threads will be scaled down.
Job counts:
	count	jobs
	1	MergeMutectVarscan
	1	Remove_segdups
	1	all
	1	annovar_MT_mutect
	1	annovar_MT_varscan
	1	checkMAFs
	1	create_rsID_table
	1	filterExonicPolymorphic
	8

Job 53: >> 51 : annotating with ANNOVAR varscan MT variants

Job 50: >> 51 : annotating with ANNOVAR muTect MT variants

Finished job 50.
1 of 8 steps (12%) done
Finished job 53.
2 of 8 steps (25%) done

Job 35: >> 51 : merging muTect and Varscan Variants

Finished job 35.
3 of 8 steps (38%) done

Job 55: >> 51 : create rsID table

Finished job 55.
4 of 8 steps (50%) done

Job 36: >> 51 : filtering exonic/non-synonymous/non-polymorphic

Activating conda environment /home/PERSONALE/eugenio.fonzi2/WESPipeline/.snakemake/conda/28d822a6.
Removing temporary output file /home/PERSONALE/eugenio.fonzi2/ANALYSES_WES/prova/10_variants_filter/51_rsID.tsv.
Finished job 36.
5 of 8 steps (62%) done

Job 24: >> 51 : checking MAFs

Removing temporary output file 51_rsID_maf.tsv.
Finished job 24.
6 of 8 steps (75%) done

Job 12: >> 51 : Removing segdups variants

Finished job 12.
7 of 8 steps (88%) done

Job 0:  THE END 

Finished job 0.
8 of 8 steps (100%) done
