Building DAG of jobs...
Provided cores: 32
Rules claiming more threads will be scaled down.
Job counts:
	count	jobs
	4	AnalyzeCovariates_MT
	4	AnalyzeCovariates_genome
	4	BaseRecal_MT
	4	BaseRecal_genome
	4	IndelRealigner_MT
	4	IndelRealigner_genome
	2	KeepOnlyVariants
	2	MergeMutectVarscan
	2	MergeWriteVariants
	2	MutectSplitVariants
	4	PostRecalTable_MT
	4	PostRecalTable_genome
	4	PrintReads_MT
	4	PrintReads_genome
	4	RTC_MT
	4	RTC_genome
	2	Remove_segdups
	2	VarscanSplitVariants
	1	all
	2	annovar_MT_mutect
	2	annovar_MT_varscan
	2	annovar_genome_mutect
	2	annovar_genome_varscan
	2	checkMAFs
	2	create_rsID_table
	4	downloadDecompressMergeFastq
	4	extractUnmapped_convert
	4	extractUnmapped_extract
	4	fastq_checkpoint
	4	fastqc_R1
	4	fastqc_R2
	4	fastqc_trimmed_R1
	4	fastqc_trimmed_R2
	2	filterExonicPolymorphic
	2	filterSomatic_Indel
	2	filterSomatic_SNV
	4	indexing_MT
	4	indexing_genome
	4	map_to_MT
	4	map_to_exome
	4	map_to_genome
	4	marking_MT
	4	marking_genome
	2	muTect_MT
	2	muTect_genome
	4	sorting_MT
	4	sorting_exome
	4	sorting_genome
	4	trim
	2	varscan_MT_patient
	4	varscan_MT_sample
	2	varscan_genome_patient
	4	varscan_genome_sample
	171

Job 56: >> 03 : downloading, decompressing and merging fastq 

Job 59: >> 02 : downloading, decompressing and merging fastq 

Job 60: >> 01 : downloading, decompressing and merging fastq 

Job 62: >> 04 : downloading, decompressing and merging fastq 

Error in rule downloadDecompressMergeFastq:
    jobid: 59
    output: /home/PERSONALE/eugenio.fonzi2/ANALYSES_WES/171228_test_threads_4_patients_2/01_fastq/02_postprocess/02_R1_unchecked.fastq, /home/PERSONALE/eugenio.fonzi2/ANALYSES_WES/171228_test_threads_4_patients_2/01_fastq/02_postprocess/02_R2_unchecked.fastq

RuleException:
CalledProcessError in line 396 of /home/PERSONALE/eugenio.fonzi2/WESPipeline/snakefile_02.py:
Command ' set -euo pipefail;  /home/PERSONALE/eugenio.fonzi2/miniconda3/bin/python /home/PERSONALE/eugenio.fonzi2/WESPipeline/scripts/.snakemake.mkc486ft.downloadDecompressMergeFastq.py ' returned non-zero exit status 1.
  File "/home/PERSONALE/eugenio.fonzi2/WESPipeline/snakefile_02.py", line 396, in __rule_downloadDecompressMergeFastq
  File "/home/PERSONALE/eugenio.fonzi2/miniconda3/lib/python3.6/concurrent/futures/thread.py", line 56, in run
Will exit after finishing currently running jobs.
Error in rule downloadDecompressMergeFastq:
    jobid: 62
    output: /home/PERSONALE/eugenio.fonzi2/ANALYSES_WES/171228_test_threads_4_patients_2/01_fastq/02_postprocess/04_R1_unchecked.fastq, /home/PERSONALE/eugenio.fonzi2/ANALYSES_WES/171228_test_threads_4_patients_2/01_fastq/02_postprocess/04_R2_unchecked.fastq

RuleException:
CalledProcessError in line 396 of /home/PERSONALE/eugenio.fonzi2/WESPipeline/snakefile_02.py:
Command ' set -euo pipefail;  /home/PERSONALE/eugenio.fonzi2/miniconda3/bin/python /home/PERSONALE/eugenio.fonzi2/WESPipeline/scripts/.snakemake.kuc3iib5.downloadDecompressMergeFastq.py ' returned non-zero exit status 1.
  File "/home/PERSONALE/eugenio.fonzi2/WESPipeline/snakefile_02.py", line 396, in __rule_downloadDecompressMergeFastq
  File "/home/PERSONALE/eugenio.fonzi2/miniconda3/lib/python3.6/concurrent/futures/thread.py", line 56, in run
Will exit after finishing currently running jobs.
Error in rule downloadDecompressMergeFastq:
    jobid: 60
    output: /home/PERSONALE/eugenio.fonzi2/ANALYSES_WES/171228_test_threads_4_patients_2/01_fastq/02_postprocess/01_R1_unchecked.fastq, /home/PERSONALE/eugenio.fonzi2/ANALYSES_WES/171228_test_threads_4_patients_2/01_fastq/02_postprocess/01_R2_unchecked.fastq

RuleException:
CalledProcessError in line 396 of /home/PERSONALE/eugenio.fonzi2/WESPipeline/snakefile_02.py:
Command ' set -euo pipefail;  /home/PERSONALE/eugenio.fonzi2/miniconda3/bin/python /home/PERSONALE/eugenio.fonzi2/WESPipeline/scripts/.snakemake.tst7ymux.downloadDecompressMergeFastq.py ' returned non-zero exit status 1.
  File "/home/PERSONALE/eugenio.fonzi2/WESPipeline/snakefile_02.py", line 396, in __rule_downloadDecompressMergeFastq
  File "/home/PERSONALE/eugenio.fonzi2/miniconda3/lib/python3.6/concurrent/futures/thread.py", line 56, in run
Will exit after finishing currently running jobs.
Error in rule downloadDecompressMergeFastq:
    jobid: 56
    output: /home/PERSONALE/eugenio.fonzi2/ANALYSES_WES/171228_test_threads_4_patients_2/01_fastq/02_postprocess/03_R1_unchecked.fastq, /home/PERSONALE/eugenio.fonzi2/ANALYSES_WES/171228_test_threads_4_patients_2/01_fastq/02_postprocess/03_R2_unchecked.fastq

RuleException:
CalledProcessError in line 396 of /home/PERSONALE/eugenio.fonzi2/WESPipeline/snakefile_02.py:
Command ' set -euo pipefail;  /home/PERSONALE/eugenio.fonzi2/miniconda3/bin/python /home/PERSONALE/eugenio.fonzi2/WESPipeline/scripts/.snakemake.p1hy4njo.downloadDecompressMergeFastq.py ' returned non-zero exit status 1.
  File "/home/PERSONALE/eugenio.fonzi2/WESPipeline/snakefile_02.py", line 396, in __rule_downloadDecompressMergeFastq
  File "/home/PERSONALE/eugenio.fonzi2/miniconda3/lib/python3.6/concurrent/futures/thread.py", line 56, in run
Will exit after finishing currently running jobs.
Exiting because a job execution failed. Look above for error message
Complete log: .snakemake/log/2017-12-29T045016.440615.snakemake.log
