Building DAG of jobs...
Provided cores: 32
Rules claiming more threads will be scaled down.
Job counts:
	count	jobs
	4	AnalyzeCovariates_MT
	4	AnalyzeCovariates_genome
	4	BaseRecal_MT
	4	BaseRecal_genome
	4	IndelRealigner_MT
	4	IndelRealigner_genome
	2	KeepOnlyVariants
	2	MergeMutectVarscan
	2	MergeWriteVariants
	2	MutectSplitVariants
	4	PostRecalTable_MT
	4	PostRecalTable_genome
	4	PrintReads_MT
	4	PrintReads_genome
	4	RTC_MT
	4	RTC_genome
	2	Remove_segdups
	2	VarscanSplitVariants
	1	all
	2	annovar_MT_mutect
	2	annovar_MT_varscan
	2	annovar_genome_mutect
	2	annovar_genome_varscan
	2	checkMAFs
	2	create_rsID_table
	4	downloadDecompressMergeFastq
	4	extractUnmapped_convert
	4	extractUnmapped_extract
	4	fastq_checkpoint
	4	fastqc_R1
	4	fastqc_R2
	4	fastqc_trimmed_R1
	4	fastqc_trimmed_R2
	2	filterExonicPolymorphic
	2	filterSomatic_Indel
	2	filterSomatic_SNV
	4	indexing_MT
	4	indexing_genome
	4	map_to_MT
	4	map_to_exome
	4	map_to_genome
	4	marking_MT
	4	marking_genome
	2	muTect_MT
	2	muTect_genome
	4	sorting_MT
	4	sorting_exome
	4	sorting_genome
	4	trim
	2	varscan_MT_patient
	4	varscan_MT_sample
	2	varscan_genome_patient
	4	varscan_genome_sample
	171

Job 62: >> 02 : downloading, decompressing and merging fastq 

Job 63: >> 01 : downloading, decompressing and merging fastq 

Job 69: >> 04 : downloading, decompressing and merging fastq 

Job 56: >> 03 : downloading, decompressing and merging fastq 

Finished job 69.
1 of 171 steps (0.58%) done

Job 48: >> 04 : Check fastq size 

Finished job 48.
2 of 171 steps (1%) done

Job 23: >> 04 : fastqc2

Activating conda environment /home/PERSONALE/eugenio.fonzi2/WESPipeline/.snakemake/conda/e35b1969.

Job 21: >> 04 : fastqc1

Activating conda environment /home/PERSONALE/eugenio.fonzi2/WESPipeline/.snakemake/conda/e35b1969.

Job 34: >> 04 : Trimming

Finished job 62.
3 of 171 steps (2%) done

Job 39: >> 02 : Check fastq size 

Finished job 39.
4 of 171 steps (2%) done

Job 24: >> 02 : fastqc1

Activating conda environment /home/PERSONALE/eugenio.fonzi2/WESPipeline/.snakemake/conda/e35b1969.

Job 37: >> 02 : Trimming


Job 13: >> 02 : fastqc2

Activating conda environment /home/PERSONALE/eugenio.fonzi2/WESPipeline/.snakemake/conda/e35b1969.
Finished job 21.
5 of 171 steps (3%) done
Finished job 23.
6 of 171 steps (4%) done
Finished job 24.
7 of 171 steps (4%) done
Finished job 13.
8 of 171 steps (5%) done
Finished job 56.
9 of 171 steps (5%) done

Job 29: >> 03 : Check fastq size 

Finished job 29.
10 of 171 steps (6%) done

Job 6: >> 03 : fastqc2

Activating conda environment /home/PERSONALE/eugenio.fonzi2/WESPipeline/.snakemake/conda/e35b1969.

Job 2: >> 03 : fastqc1

Activating conda environment /home/PERSONALE/eugenio.fonzi2/WESPipeline/.snakemake/conda/e35b1969.

Job 35: >> 03 : Trimming

Finished job 63.
11 of 171 steps (6%) done

Job 40: >> 01 : Check fastq size 

Finished job 40.
12 of 171 steps (7%) done

Job 38: >> 01 : Trimming


Job 14: >> 01 : fastqc2

Activating conda environment /home/PERSONALE/eugenio.fonzi2/WESPipeline/.snakemake/conda/e35b1969.

Job 22: >> 01 : fastqc1

Activating conda environment /home/PERSONALE/eugenio.fonzi2/WESPipeline/.snakemake/conda/e35b1969.
Finished job 6.
13 of 171 steps (8%) done
Finished job 2.
14 of 171 steps (8%) done
Finished job 14.
15 of 171 steps (9%) done
Finished job 22.
16 of 171 steps (9%) done
Removing temporary output file /home/PERSONALE/eugenio.fonzi2/ANALYSES_WES/171228_test_threads_6_patients_2/01_fastq/02_postprocess/04_R1.fastq.
Removing temporary output file /home/PERSONALE/eugenio.fonzi2/ANALYSES_WES/171228_test_threads_6_patients_2/01_fastq/02_postprocess/04_R2.fastq.
Finished job 34.
17 of 171 steps (10%) done

Job 203: >> 04 : Aligning to reference EXOME

Activating conda environment /home/PERSONALE/eugenio.fonzi2/WESPipeline/.snakemake/conda/e35b1969.

Job 5: >> 04 : fastqc1 on trimmed fastq

Activating conda environment /home/PERSONALE/eugenio.fonzi2/WESPipeline/.snakemake/conda/e35b1969.

Job 7: >> 04 : fastqc2 on trimmed fastq

Activating conda environment /home/PERSONALE/eugenio.fonzi2/WESPipeline/.snakemake/conda/e35b1969.

Job 151: >> 04 : Aligning to reference NUCLEAR GENOME

Activating conda environment /home/PERSONALE/eugenio.fonzi2/WESPipeline/.snakemake/conda/e35b1969.
Removing temporary output file /home/PERSONALE/eugenio.fonzi2/ANALYSES_WES/171228_test_threads_6_patients_2/01_fastq/02_postprocess/02_R2.fastq.
Removing temporary output file /home/PERSONALE/eugenio.fonzi2/ANALYSES_WES/171228_test_threads_6_patients_2/01_fastq/02_postprocess/02_R1.fastq.
Finished job 37.
18 of 171 steps (11%) done

Job 163: >> 02 : Aligning to reference NUCLEAR GENOME

Activating conda environment /home/PERSONALE/eugenio.fonzi2/WESPipeline/.snakemake/conda/e35b1969.

Job 16: >> 02 : fastqc1 on trimmed fastq

Activating conda environment /home/PERSONALE/eugenio.fonzi2/WESPipeline/.snakemake/conda/e35b1969.

Job 202: >> 02 : Aligning to reference EXOME

Activating conda environment /home/PERSONALE/eugenio.fonzi2/WESPipeline/.snakemake/conda/e35b1969.

Job 10: >> 02 : fastqc2 on trimmed fastq

Activating conda environment /home/PERSONALE/eugenio.fonzi2/WESPipeline/.snakemake/conda/e35b1969.
Finished job 5.
19 of 171 steps (11%) done
Finished job 7.
20 of 171 steps (12%) done
Finished job 10.
21 of 171 steps (12%) done
Finished job 16.
22 of 171 steps (13%) done
Finished job 203.
23 of 171 steps (13%) done

Job 199: >> 04 : sorting exome

Activating conda environment /home/PERSONALE/eugenio.fonzi2/WESPipeline/.snakemake/conda/e35b1969.
Finished job 202.
24 of 171 steps (14%) done

Job 198: >> 02 : sorting exome

Activating conda environment /home/PERSONALE/eugenio.fonzi2/WESPipeline/.snakemake/conda/e35b1969.
Removing temporary output file /home/PERSONALE/eugenio.fonzi2/ANALYSES_WES/171228_test_threads_6_patients_2/02_fastq_trimmed/04_R2.fastq.
Removing temporary output file /home/PERSONALE/eugenio.fonzi2/ANALYSES_WES/171228_test_threads_6_patients_2/02_fastq_trimmed/04_R1.fastq.
Finished job 151.
25 of 171 steps (15%) done

Job 120: >> 04 : sorting genome

Activating conda environment /home/PERSONALE/eugenio.fonzi2/WESPipeline/.snakemake/conda/e35b1969.
Removing temporary output file /home/PERSONALE/eugenio.fonzi2/ANALYSES_WES/171228_test_threads_6_patients_2/02_fastq_trimmed/02_R2.fastq.
Removing temporary output file /home/PERSONALE/eugenio.fonzi2/ANALYSES_WES/171228_test_threads_6_patients_2/02_fastq_trimmed/02_R1.fastq.
Finished job 163.
26 of 171 steps (15%) done

Job 141: >> 02 : sorting genome

Activating conda environment /home/PERSONALE/eugenio.fonzi2/WESPipeline/.snakemake/conda/e35b1969.
Removing temporary output file /home/PERSONALE/eugenio.fonzi2/ANALYSES_WES/171228_test_threads_6_patients_2/04_alignment_exome/01_intermediate/04.sam.
Finished job 199.
27 of 171 steps (16%) done

Job 195: >> 04 : extractUnmapped extract

Activating conda environment /home/PERSONALE/eugenio.fonzi2/WESPipeline/.snakemake/conda/e35b1969.
Removing temporary output file /home/PERSONALE/eugenio.fonzi2/ANALYSES_WES/171228_test_threads_6_patients_2/04_alignment_exome/01_intermediate/02.sam.
Finished job 198.
28 of 171 steps (16%) done

Job 194: >> 02 : extractUnmapped extract

Activating conda environment /home/PERSONALE/eugenio.fonzi2/WESPipeline/.snakemake/conda/e35b1969.
Removing temporary output file /home/PERSONALE/eugenio.fonzi2/ANALYSES_WES/171228_test_threads_6_patients_2/03_alignment_genome/01_intermediate/04.sam.
Finished job 120.
29 of 171 steps (17%) done

Job 82: >> 04 : marking genome

Activating conda environment /home/PERSONALE/eugenio.fonzi2/WESPipeline/.snakemake/conda/e35b1969.
Removing temporary output file /home/PERSONALE/eugenio.fonzi2/ANALYSES_WES/171228_test_threads_6_patients_2/04_alignment_exome/01_intermediate/04_sorted.bam.
Finished job 195.
30 of 171 steps (18%) done

Job 191: >> 04 : extractUnmapped convert

Activating conda environment /home/PERSONALE/eugenio.fonzi2/WESPipeline/.snakemake/conda/e35b1969.
Removing temporary output file /home/PERSONALE/eugenio.fonzi2/ANALYSES_WES/171228_test_threads_6_patients_2/03_alignment_genome/01_intermediate/02.sam.
Finished job 141.
31 of 171 steps (18%) done

Job 103: >> 02 : marking genome

Activating conda environment /home/PERSONALE/eugenio.fonzi2/WESPipeline/.snakemake/conda/e35b1969.
Removing temporary output file /home/PERSONALE/eugenio.fonzi2/ANALYSES_WES/171228_test_threads_6_patients_2/04_alignment_exome/01_intermediate/02_sorted.bam.
Finished job 194.
32 of 171 steps (19%) done

Job 182: >> 02 : extractUnmapped convert

Activating conda environment /home/PERSONALE/eugenio.fonzi2/WESPipeline/.snakemake/conda/e35b1969.
Removing temporary output file /home/PERSONALE/eugenio.fonzi2/ANALYSES_WES/171228_test_threads_6_patients_2/04_alignment_exome/01_intermediate/04_unmapped.bam.
Finished job 191.
33 of 171 steps (19%) done

Job 164: >> 04 : Aligning to reference MITOCHONDRIAL GENOME

Activating conda environment /home/PERSONALE/eugenio.fonzi2/WESPipeline/.snakemake/conda/e35b1969.
Removing temporary output file /home/PERSONALE/eugenio.fonzi2/ANALYSES_WES/171228_test_threads_6_patients_2/04_alignment_exome/01_intermediate/02_unmapped.bam.
Finished job 182.
34 of 171 steps (20%) done

Job 158: >> 02 : Aligning to reference MITOCHONDRIAL GENOME

Activating conda environment /home/PERSONALE/eugenio.fonzi2/WESPipeline/.snakemake/conda/e35b1969.
Removing temporary output file /home/PERSONALE/eugenio.fonzi2/ANALYSES_WES/171228_test_threads_6_patients_2/04_alignment_exome/02_unmapped_fastq/04_R2.unmapped.fastq.
Removing temporary output file /home/PERSONALE/eugenio.fonzi2/ANALYSES_WES/171228_test_threads_6_patients_2/04_alignment_exome/02_unmapped_fastq/04_R1.unmapped.fastq.
Finished job 164.
35 of 171 steps (20%) done

Job 142: >> 04 : sorting MT

Activating conda environment /home/PERSONALE/eugenio.fonzi2/WESPipeline/.snakemake/conda/e35b1969.
Removing temporary output file /home/PERSONALE/eugenio.fonzi2/ANALYSES_WES/171228_test_threads_6_patients_2/04_alignment_exome/02_unmapped_fastq/02_R2.unmapped.fastq.
Removing temporary output file /home/PERSONALE/eugenio.fonzi2/ANALYSES_WES/171228_test_threads_6_patients_2/04_alignment_exome/02_unmapped_fastq/02_R1.unmapped.fastq.
Finished job 158.
36 of 171 steps (21%) done

Job 135: >> 02 : sorting MT

Activating conda environment /home/PERSONALE/eugenio.fonzi2/WESPipeline/.snakemake/conda/e35b1969.
Removing temporary output file /home/PERSONALE/eugenio.fonzi2/ANALYSES_WES/171228_test_threads_6_patients_2/05_alignment_MT/01_intermediate/04.sam.
Finished job 142.
37 of 171 steps (22%) done

Job 105: >> 04 : marking MT

Activating conda environment /home/PERSONALE/eugenio.fonzi2/WESPipeline/.snakemake/conda/e35b1969.
Removing temporary output file /home/PERSONALE/eugenio.fonzi2/ANALYSES_WES/171228_test_threads_6_patients_2/03_alignment_genome/01_intermediate/04_sorted.bam.
Finished job 82.
38 of 171 steps (22%) done

Job 83: >> 04 : indexing genome

Activating conda environment /home/PERSONALE/eugenio.fonzi2/WESPipeline/.snakemake/conda/e35b1969.
Removing temporary output file /home/PERSONALE/eugenio.fonzi2/ANALYSES_WES/171228_test_threads_6_patients_2/05_alignment_MT/01_intermediate/02.sam.
Finished job 135.
39 of 171 steps (23%) done

Job 95: >> 02 : marking MT

Activating conda environment /home/PERSONALE/eugenio.fonzi2/WESPipeline/.snakemake/conda/e35b1969.
Removing temporary output file /home/PERSONALE/eugenio.fonzi2/ANALYSES_WES/171228_test_threads_6_patients_2/03_alignment_genome/01_intermediate/02_sorted.bam.
Finished job 103.
40 of 171 steps (23%) done

Job 104: >> 02 : indexing genome

Activating conda environment /home/PERSONALE/eugenio.fonzi2/WESPipeline/.snakemake/conda/e35b1969.
Finished job 83.
41 of 171 steps (24%) done

Job 81: >> 04 : RTC genome

Activating conda environment /home/PERSONALE/eugenio.fonzi2/WESPipeline/.snakemake/conda/e35b1969.
Removing temporary output file /home/PERSONALE/eugenio.fonzi2/ANALYSES_WES/171228_test_threads_6_patients_2/05_alignment_MT/01_intermediate/04_sorted.bam.
Finished job 105.
42 of 171 steps (25%) done

Job 106: >> 04 : indexing MT

Activating conda environment /home/PERSONALE/eugenio.fonzi2/WESPipeline/.snakemake/conda/e35b1969.
Removing temporary output file /home/PERSONALE/eugenio.fonzi2/ANALYSES_WES/171228_test_threads_6_patients_2/01_fastq/02_postprocess/03_R1.fastq.
Removing temporary output file /home/PERSONALE/eugenio.fonzi2/ANALYSES_WES/171228_test_threads_6_patients_2/01_fastq/02_postprocess/03_R2.fastq.
Finished job 35.
43 of 171 steps (25%) done

Job 8: >> 03 : fastqc1 on trimmed fastq


Activating conda environment /home/PERSONALE/eugenio.fonzi2/WESPipeline/.snakemake/conda/e35b1969.
Job 165: >> 03 : Aligning to reference NUCLEAR GENOME


Activating conda environment /home/PERSONALE/eugenio.fonzi2/WESPipeline/.snakemake/conda/e35b1969.
Job 20: >> 03 : fastqc2 on trimmed fastq


Activating conda environment /home/PERSONALE/eugenio.fonzi2/WESPipeline/.snakemake/conda/e35b1969.
Job 201: >> 03 : Aligning to reference EXOME

Activating conda environment /home/PERSONALE/eugenio.fonzi2/WESPipeline/.snakemake/conda/e35b1969.
Finished job 106.
44 of 171 steps (26%) done

Job 107: >> 04 : RTC MT

Activating conda environment /home/PERSONALE/eugenio.fonzi2/WESPipeline/.snakemake/conda/e35b1969.
Finished job 107.
45 of 171 steps (26%) done

Job 70: >> 04 : IndelRealigner MT

Activating conda environment /home/PERSONALE/eugenio.fonzi2/WESPipeline/.snakemake/conda/e35b1969.
Finished job 104.
46 of 171 steps (27%) done

Job 102: >> 02 : RTC genome

Activating conda environment /home/PERSONALE/eugenio.fonzi2/WESPipeline/.snakemake/conda/e35b1969.
Removing temporary output file /home/PERSONALE/eugenio.fonzi2/ANALYSES_WES/171228_test_threads_6_patients_2/01_fastq/02_postprocess/01_R1.fastq.
Removing temporary output file /home/PERSONALE/eugenio.fonzi2/ANALYSES_WES/171228_test_threads_6_patients_2/01_fastq/02_postprocess/01_R2.fastq.
Finished job 38.
47 of 171 steps (27%) done
Finished job 81.
48 of 171 steps (28%) done

Job 12: >> 01 : fastqc1 on trimmed fastq


Activating conda environment /home/PERSONALE/eugenio.fonzi2/WESPipeline/.snakemake/conda/e35b1969.
Job 200: >> 01 : Aligning to reference EXOME


Activating conda environment /home/PERSONALE/eugenio.fonzi2/WESPipeline/.snakemake/conda/e35b1969.
Job 11: >> 01 : fastqc2 on trimmed fastq


Job 59: >> 04 : IndelRealigner genome
Activating conda environment /home/PERSONALE/eugenio.fonzi2/WESPipeline/.snakemake/conda/e35b1969.

Activating conda environment /home/PERSONALE/eugenio.fonzi2/WESPipeline/.snakemake/conda/e35b1969.
Removing temporary output file /home/PERSONALE/eugenio.fonzi2/ANALYSES_WES/171228_test_threads_6_patients_2/05_alignment_MT/01_intermediate/02_sorted.bam.
Finished job 95.
49 of 171 steps (29%) done

Job 93: >> 02 : indexing MT

Activating conda environment /home/PERSONALE/eugenio.fonzi2/WESPipeline/.snakemake/conda/e35b1969.
Finished job 93.
50 of 171 steps (29%) done
Finished job 102.
51 of 171 steps (30%) done

Job 68: >> 02 : IndelRealigner genome


Activating conda environment /home/PERSONALE/eugenio.fonzi2/WESPipeline/.snakemake/conda/e35b1969.
Job 150: >> 01 : Aligning to reference NUCLEAR GENOME

Activating conda environment /home/PERSONALE/eugenio.fonzi2/WESPipeline/.snakemake/conda/e35b1969.
Finished job 8.
52 of 171 steps (30%) done
Finished job 20.
53 of 171 steps (31%) done
Finished job 12.
54 of 171 steps (32%) done
Finished job 11.
55 of 171 steps (32%) done
Removing temporary output file /home/PERSONALE/eugenio.fonzi2/ANALYSES_WES/171228_test_threads_6_patients_2/05_alignment_MT/01_intermediate/04_marked.bam.
Removing temporary output file /home/PERSONALE/eugenio.fonzi2/ANALYSES_WES/171228_test_threads_6_patients_2/05_alignment_MT/01_intermediate/04_marked.bai.
Finished job 70.
56 of 171 steps (33%) done

Job 49: >> 04 : BaseRecal MT

Activating conda environment /home/PERSONALE/eugenio.fonzi2/WESPipeline/.snakemake/conda/e35b1969.
Finished job 49.
57 of 171 steps (33%) done

Job 184: >> 04 : PrintReads MT

Activating conda environment /home/PERSONALE/eugenio.fonzi2/WESPipeline/.snakemake/conda/e35b1969.
Finished job 184.
58 of 171 steps (34%) done

Job 186: >> 04 : Varscan on sample MT alignment

Activating conda environment /home/PERSONALE/eugenio.fonzi2/WESPipeline/.snakemake/conda/e35b1969.
Finished job 186.
59 of 171 steps (35%) done

Job 50: >> 04 : PostRecalTable MT

Activating conda environment /home/PERSONALE/eugenio.fonzi2/WESPipeline/.snakemake/conda/e35b1969.
Removing temporary output file /home/PERSONALE/eugenio.fonzi2/ANALYSES_WES/171228_test_threads_6_patients_2/05_alignment_MT/01_intermediate/04_realigned.bam.
Removing temporary output file /home/PERSONALE/eugenio.fonzi2/ANALYSES_WES/171228_test_threads_6_patients_2/05_alignment_MT/01_intermediate/04_realigned.bai.
Finished job 50.
60 of 171 steps (35%) done

Job 94: >> 02 : RTC MT

Activating conda environment /home/PERSONALE/eugenio.fonzi2/WESPipeline/.snakemake/conda/e35b1969.
Finished job 94.
61 of 171 steps (36%) done

Job 65: >> 02 : IndelRealigner MT


Activating conda environment /home/PERSONALE/eugenio.fonzi2/WESPipeline/.snakemake/conda/e35b1969.
Job 25: >> 04 : AnalyzeCovariates MT

Activating conda environment /home/PERSONALE/eugenio.fonzi2/WESPipeline/.snakemake/conda/e35b1969.
Removing temporary output file /home/PERSONALE/eugenio.fonzi2/ANALYSES_WES/171228_test_threads_6_patients_2/03_alignment_genome/01_intermediate/04_marked.bam.
Removing temporary output file /home/PERSONALE/eugenio.fonzi2/ANALYSES_WES/171228_test_threads_6_patients_2/03_alignment_genome/01_intermediate/04_marked.bai.
Finished job 59.
62 of 171 steps (36%) done
Finished job 25.
63 of 171 steps (37%) done

Job 33: >> 04 : BaseRecal genome

Activating conda environment /home/PERSONALE/eugenio.fonzi2/WESPipeline/.snakemake/conda/e35b1969.
Removing temporary output file /home/PERSONALE/eugenio.fonzi2/ANALYSES_WES/171228_test_threads_6_patients_2/03_alignment_genome/01_intermediate/02_marked.bam.
Removing temporary output file /home/PERSONALE/eugenio.fonzi2/ANALYSES_WES/171228_test_threads_6_patients_2/03_alignment_genome/01_intermediate/02_marked.bai.
Finished job 68.
64 of 171 steps (37%) done
Removing temporary output file /home/PERSONALE/eugenio.fonzi2/ANALYSES_WES/171228_test_threads_6_patients_2/05_alignment_MT/01_intermediate/02_marked.bai.
Removing temporary output file /home/PERSONALE/eugenio.fonzi2/ANALYSES_WES/171228_test_threads_6_patients_2/05_alignment_MT/01_intermediate/02_marked.bam.
Finished job 65.
65 of 171 steps (38%) done
Finished job 201.
66 of 171 steps (39%) done

Job 46: >> 02 : BaseRecal genome


Job 197: >> 03 : sorting exome

Activating conda environment /home/PERSONALE/eugenio.fonzi2/WESPipeline/.snakemake/conda/e35b1969.
Activating conda environment /home/PERSONALE/eugenio.fonzi2/WESPipeline/.snakemake/conda/e35b1969.
Finished job 200.
67 of 171 steps (39%) done

Job 43: >> 02 : BaseRecal MT


Activating conda environment /home/PERSONALE/eugenio.fonzi2/WESPipeline/.snakemake/conda/e35b1969.
Job 196: >> 01 : sorting exome

Activating conda environment /home/PERSONALE/eugenio.fonzi2/WESPipeline/.snakemake/conda/e35b1969.
Finished job 43.
68 of 171 steps (40%) done

Job 172: >> 02 : PrintReads MT

Activating conda environment /home/PERSONALE/eugenio.fonzi2/WESPipeline/.snakemake/conda/e35b1969.
Finished job 172.
69 of 171 steps (40%) done

Job 170: >> 02 : Varscan on sample MT alignment

Activating conda environment /home/PERSONALE/eugenio.fonzi2/WESPipeline/.snakemake/conda/e35b1969.
Finished job 33.
70 of 171 steps (41%) done

Job 189: >> 04 : PrintReads genome

Activating conda environment /home/PERSONALE/eugenio.fonzi2/WESPipeline/.snakemake/conda/e35b1969.
Finished job 170.
71 of 171 steps (42%) done

Job 32: >> 04 : PostRecalTable genome

Activating conda environment /home/PERSONALE/eugenio.fonzi2/WESPipeline/.snakemake/conda/e35b1969.
Finished job 46.
72 of 171 steps (42%) done

Job 180: >> 02 : PrintReads genome

Activating conda environment /home/PERSONALE/eugenio.fonzi2/WESPipeline/.snakemake/conda/e35b1969.
Removing temporary output file /home/PERSONALE/eugenio.fonzi2/ANALYSES_WES/171228_test_threads_6_patients_2/02_fastq_trimmed/03_R2.fastq.
Removing temporary output file /home/PERSONALE/eugenio.fonzi2/ANALYSES_WES/171228_test_threads_6_patients_2/02_fastq_trimmed/03_R1.fastq.
Finished job 165.
73 of 171 steps (43%) done

Job 143: >> 03 : sorting genome

Activating conda environment /home/PERSONALE/eugenio.fonzi2/WESPipeline/.snakemake/conda/e35b1969.
Removing temporary output file /home/PERSONALE/eugenio.fonzi2/ANALYSES_WES/171228_test_threads_6_patients_2/02_fastq_trimmed/01_R1.fastq.
Removing temporary output file /home/PERSONALE/eugenio.fonzi2/ANALYSES_WES/171228_test_threads_6_patients_2/02_fastq_trimmed/01_R2.fastq.
Finished job 150.
74 of 171 steps (43%) done

Job 47: >> 02 : PostRecalTable genome


Activating conda environment /home/PERSONALE/eugenio.fonzi2/WESPipeline/.snakemake/conda/e35b1969.
Job 117: >> 01 : sorting genome

Activating conda environment /home/PERSONALE/eugenio.fonzi2/WESPipeline/.snakemake/conda/e35b1969.
Removing temporary output file /home/PERSONALE/eugenio.fonzi2/ANALYSES_WES/171228_test_threads_6_patients_2/04_alignment_exome/01_intermediate/03.sam.
Finished job 197.
75 of 171 steps (44%) done

Job 193: >> 03 : extractUnmapped extract

Activating conda environment /home/PERSONALE/eugenio.fonzi2/WESPipeline/.snakemake/conda/e35b1969.
Removing temporary output file /home/PERSONALE/eugenio.fonzi2/ANALYSES_WES/171228_test_threads_6_patients_2/04_alignment_exome/01_intermediate/01.sam.
Finished job 196.
76 of 171 steps (44%) done

Job 192: >> 01 : extractUnmapped extract

Activating conda environment /home/PERSONALE/eugenio.fonzi2/WESPipeline/.snakemake/conda/e35b1969.
Finished job 189.
77 of 171 steps (45%) done

Job 187: >> 04 : Varscan on sample genomic alignment


Activating conda environment /home/PERSONALE/eugenio.fonzi2/WESPipeline/.snakemake/conda/e35b1969.
Job 44: >> 02 : PostRecalTable MT

Activating conda environment /home/PERSONALE/eugenio.fonzi2/WESPipeline/.snakemake/conda/e35b1969.
Removing temporary output file /home/PERSONALE/eugenio.fonzi2/ANALYSES_WES/171228_test_threads_6_patients_2/05_alignment_MT/01_intermediate/02_realigned.bam.
Removing temporary output file /home/PERSONALE/eugenio.fonzi2/ANALYSES_WES/171228_test_threads_6_patients_2/05_alignment_MT/01_intermediate/02_realigned.bai.
Finished job 44.
78 of 171 steps (46%) done

Job 17: >> 02 : AnalyzeCovariates MT

Activating conda environment /home/PERSONALE/eugenio.fonzi2/WESPipeline/.snakemake/conda/e35b1969.
Finished job 17.
79 of 171 steps (46%) done
Removing temporary output file /home/PERSONALE/eugenio.fonzi2/ANALYSES_WES/171228_test_threads_6_patients_2/04_alignment_exome/01_intermediate/03_sorted.bam.
Finished job 193.
80 of 171 steps (47%) done

Job 181: >> 03 : extractUnmapped convert

Activating conda environment /home/PERSONALE/eugenio.fonzi2/WESPipeline/.snakemake/conda/e35b1969.
Removing temporary output file /home/PERSONALE/eugenio.fonzi2/ANALYSES_WES/171228_test_threads_6_patients_2/04_alignment_exome/01_intermediate/01_sorted.bam.
Finished job 192.
81 of 171 steps (47%) done

Job 167: >> 01 : extractUnmapped convert

Activating conda environment /home/PERSONALE/eugenio.fonzi2/WESPipeline/.snakemake/conda/e35b1969.
Removing temporary output file /home/PERSONALE/eugenio.fonzi2/ANALYSES_WES/171228_test_threads_6_patients_2/03_alignment_genome/01_intermediate/03.sam.
Finished job 143.
82 of 171 steps (48%) done

Job 109: >> 03 : marking genome

Activating conda environment /home/PERSONALE/eugenio.fonzi2/WESPipeline/.snakemake/conda/e35b1969.
Removing temporary output file /home/PERSONALE/eugenio.fonzi2/ANALYSES_WES/171228_test_threads_6_patients_2/03_alignment_genome/01_intermediate/04_realigned.bam.
Removing temporary output file /home/PERSONALE/eugenio.fonzi2/ANALYSES_WES/171228_test_threads_6_patients_2/03_alignment_genome/01_intermediate/04_realigned.bai.
Finished job 32.
83 of 171 steps (49%) done

Job 4: >> 04 : AnalyzeCovariates genome

Activating conda environment /home/PERSONALE/eugenio.fonzi2/WESPipeline/.snakemake/conda/e35b1969.
Finished job 180.
84 of 171 steps (49%) done

Job 177: >> 02 : Varscan on sample genomic alignment

Activating conda environment /home/PERSONALE/eugenio.fonzi2/WESPipeline/.snakemake/conda/e35b1969.
Finished job 4.
85 of 171 steps (50%) done
Removing temporary output file /home/PERSONALE/eugenio.fonzi2/ANALYSES_WES/171228_test_threads_6_patients_2/03_alignment_genome/01_intermediate/01.sam.
Finished job 117.
86 of 171 steps (50%) done

Job 79: >> 01 : marking genome

Activating conda environment /home/PERSONALE/eugenio.fonzi2/WESPipeline/.snakemake/conda/e35b1969.
Finished job 187.
87 of 171 steps (51%) done
Removing temporary output file /home/PERSONALE/eugenio.fonzi2/ANALYSES_WES/171228_test_threads_6_patients_2/04_alignment_exome/01_intermediate/03_unmapped.bam.
Finished job 181.
88 of 171 steps (51%) done

Job 157: >> 03 : Aligning to reference MITOCHONDRIAL GENOME

Activating conda environment /home/PERSONALE/eugenio.fonzi2/WESPipeline/.snakemake/conda/e35b1969.
Removing temporary output file /home/PERSONALE/eugenio.fonzi2/ANALYSES_WES/171228_test_threads_6_patients_2/04_alignment_exome/01_intermediate/01_unmapped.bam.
Finished job 167.
89 of 171 steps (52%) done

Job 149: >> 01 : Aligning to reference MITOCHONDRIAL GENOME

Activating conda environment /home/PERSONALE/eugenio.fonzi2/WESPipeline/.snakemake/conda/e35b1969.
Removing temporary output file /home/PERSONALE/eugenio.fonzi2/ANALYSES_WES/171228_test_threads_6_patients_2/04_alignment_exome/02_unmapped_fastq/03_R1.unmapped.fastq.
Removing temporary output file /home/PERSONALE/eugenio.fonzi2/ANALYSES_WES/171228_test_threads_6_patients_2/04_alignment_exome/02_unmapped_fastq/03_R2.unmapped.fastq.
Finished job 157.
90 of 171 steps (53%) done

Job 134: >> 03 : sorting MT

Activating conda environment /home/PERSONALE/eugenio.fonzi2/WESPipeline/.snakemake/conda/e35b1969.
Removing temporary output file /home/PERSONALE/eugenio.fonzi2/ANALYSES_WES/171228_test_threads_6_patients_2/04_alignment_exome/02_unmapped_fastq/01_R2.unmapped.fastq.
Removing temporary output file /home/PERSONALE/eugenio.fonzi2/ANALYSES_WES/171228_test_threads_6_patients_2/04_alignment_exome/02_unmapped_fastq/01_R1.unmapped.fastq.
Finished job 149.
91 of 171 steps (53%) done

Job 116: >> 01 : sorting MT

Activating conda environment /home/PERSONALE/eugenio.fonzi2/WESPipeline/.snakemake/conda/e35b1969.
Finished job 177.
92 of 171 steps (54%) done
Removing temporary output file /home/PERSONALE/eugenio.fonzi2/ANALYSES_WES/171228_test_threads_6_patients_2/05_alignment_MT/01_intermediate/03.sam.
Finished job 134.
93 of 171 steps (54%) done

Job 91: >> 03 : marking MT

Activating conda environment /home/PERSONALE/eugenio.fonzi2/WESPipeline/.snakemake/conda/e35b1969.
Removing temporary output file /home/PERSONALE/eugenio.fonzi2/ANALYSES_WES/171228_test_threads_6_patients_2/05_alignment_MT/01_intermediate/01.sam.
Finished job 116.
94 of 171 steps (55%) done

Job 74: >> 01 : marking MT

Activating conda environment /home/PERSONALE/eugenio.fonzi2/WESPipeline/.snakemake/conda/e35b1969.
Removing temporary output file /home/PERSONALE/eugenio.fonzi2/ANALYSES_WES/171228_test_threads_6_patients_2/03_alignment_genome/01_intermediate/02_realigned.bam.
Removing temporary output file /home/PERSONALE/eugenio.fonzi2/ANALYSES_WES/171228_test_threads_6_patients_2/03_alignment_genome/01_intermediate/02_realigned.bai.
Finished job 47.
95 of 171 steps (56%) done

Job 19: >> 02 : AnalyzeCovariates genome

Activating conda environment /home/PERSONALE/eugenio.fonzi2/WESPipeline/.snakemake/conda/e35b1969.
Finished job 19.
96 of 171 steps (56%) done
Removing temporary output file /home/PERSONALE/eugenio.fonzi2/ANALYSES_WES/171228_test_threads_6_patients_2/03_alignment_genome/01_intermediate/03_sorted.bam.
Finished job 109.
97 of 171 steps (57%) done

Job 108: >> 03 : indexing genome

Activating conda environment /home/PERSONALE/eugenio.fonzi2/WESPipeline/.snakemake/conda/e35b1969.
Removing temporary output file /home/PERSONALE/eugenio.fonzi2/ANALYSES_WES/171228_test_threads_6_patients_2/05_alignment_MT/01_intermediate/03_sorted.bam.
Finished job 91.
98 of 171 steps (57%) done

Job 90: >> 03 : indexing MT

Activating conda environment /home/PERSONALE/eugenio.fonzi2/WESPipeline/.snakemake/conda/e35b1969.
Finished job 90.
99 of 171 steps (58%) done

Job 92: >> 03 : RTC MT

Activating conda environment /home/PERSONALE/eugenio.fonzi2/WESPipeline/.snakemake/conda/e35b1969.
Finished job 92.
100 of 171 steps (58%) done

Job 64: >> 03 : IndelRealigner MT

Activating conda environment /home/PERSONALE/eugenio.fonzi2/WESPipeline/.snakemake/conda/e35b1969.
Removing temporary output file /home/PERSONALE/eugenio.fonzi2/ANALYSES_WES/171228_test_threads_6_patients_2/05_alignment_MT/01_intermediate/01_sorted.bam.
Finished job 74.
101 of 171 steps (59%) done

Job 73: >> 01 : indexing MT

Activating conda environment /home/PERSONALE/eugenio.fonzi2/WESPipeline/.snakemake/conda/e35b1969.
Finished job 108.
102 of 171 steps (60%) done

Job 110: >> 03 : RTC genome

Activating conda environment /home/PERSONALE/eugenio.fonzi2/WESPipeline/.snakemake/conda/e35b1969.
Finished job 73.
103 of 171 steps (60%) done

Job 72: >> 01 : RTC MT

Activating conda environment /home/PERSONALE/eugenio.fonzi2/WESPipeline/.snakemake/conda/e35b1969.
Finished job 72.
104 of 171 steps (61%) done

Job 53: >> 01 : IndelRealigner MT

Activating conda environment /home/PERSONALE/eugenio.fonzi2/WESPipeline/.snakemake/conda/e35b1969.
Removing temporary output file /home/PERSONALE/eugenio.fonzi2/ANALYSES_WES/171228_test_threads_6_patients_2/03_alignment_genome/01_intermediate/01_sorted.bam.
Finished job 79.
105 of 171 steps (61%) done

Job 78: >> 01 : indexing genome

Activating conda environment /home/PERSONALE/eugenio.fonzi2/WESPipeline/.snakemake/conda/e35b1969.
Finished job 110.
106 of 171 steps (62%) done

Job 71: >> 03 : IndelRealigner genome

Activating conda environment /home/PERSONALE/eugenio.fonzi2/WESPipeline/.snakemake/conda/e35b1969.
Finished job 78.
107 of 171 steps (63%) done

Job 80: >> 01 : RTC genome

Activating conda environment /home/PERSONALE/eugenio.fonzi2/WESPipeline/.snakemake/conda/e35b1969.
Finished job 80.
108 of 171 steps (63%) done

Job 58: >> 01 : IndelRealigner genome

Activating conda environment /home/PERSONALE/eugenio.fonzi2/WESPipeline/.snakemake/conda/e35b1969.
Removing temporary output file /home/PERSONALE/eugenio.fonzi2/ANALYSES_WES/171228_test_threads_6_patients_2/05_alignment_MT/01_intermediate/03_marked.bai.
Removing temporary output file /home/PERSONALE/eugenio.fonzi2/ANALYSES_WES/171228_test_threads_6_patients_2/05_alignment_MT/01_intermediate/03_marked.bam.
Finished job 64.
109 of 171 steps (64%) done

Job 42: >> 03 : BaseRecal MT

Activating conda environment /home/PERSONALE/eugenio.fonzi2/WESPipeline/.snakemake/conda/e35b1969.
Finished job 42.
110 of 171 steps (64%) done

Job 183: >> 03 : PrintReads MT


Activating conda environment /home/PERSONALE/eugenio.fonzi2/WESPipeline/.snakemake/conda/e35b1969.
Job 41: >> 03 : PostRecalTable MT

Activating conda environment /home/PERSONALE/eugenio.fonzi2/WESPipeline/.snakemake/conda/e35b1969.
Finished job 41.
111 of 171 steps (65%) done

Job 15: >> 03 : AnalyzeCovariates MT

Activating conda environment /home/PERSONALE/eugenio.fonzi2/WESPipeline/.snakemake/conda/e35b1969.
Removing temporary output file /home/PERSONALE/eugenio.fonzi2/ANALYSES_WES/171228_test_threads_6_patients_2/05_alignment_MT/01_intermediate/01_marked.bai.
Removing temporary output file /home/PERSONALE/eugenio.fonzi2/ANALYSES_WES/171228_test_threads_6_patients_2/05_alignment_MT/01_intermediate/01_marked.bam.
Finished job 53.
112 of 171 steps (65%) done

Job 28: >> 01 : BaseRecal MT

Activating conda environment /home/PERSONALE/eugenio.fonzi2/WESPipeline/.snakemake/conda/e35b1969.
Finished job 15.
113 of 171 steps (66%) done
Finished job 28.
114 of 171 steps (67%) done

Job 27: >> 01 : PostRecalTable MT


Activating conda environment /home/PERSONALE/eugenio.fonzi2/WESPipeline/.snakemake/conda/e35b1969.
Job 174: >> 01 : PrintReads MT

Activating conda environment /home/PERSONALE/eugenio.fonzi2/WESPipeline/.snakemake/conda/e35b1969.
Finished job 27.
115 of 171 steps (67%) done

Job 1: >> 01 : AnalyzeCovariates MT

Activating conda environment /home/PERSONALE/eugenio.fonzi2/WESPipeline/.snakemake/conda/e35b1969.
Finished job 1.
116 of 171 steps (68%) done
Removing temporary output file /home/PERSONALE/eugenio.fonzi2/ANALYSES_WES/171228_test_threads_6_patients_2/05_alignment_MT/01_intermediate/03_realigned.bam.
Removing temporary output file /home/PERSONALE/eugenio.fonzi2/ANALYSES_WES/171228_test_threads_6_patients_2/05_alignment_MT/01_intermediate/03_realigned.bai.
Finished job 183.
117 of 171 steps (68%) done

Job 185: >> 03 : Varscan on sample MT alignment


Activating conda environment /home/PERSONALE/eugenio.fonzi2/WESPipeline/.snakemake/conda/e35b1969.
Job 159: >> second : MuTect on MT alignment

Activating conda environment /home/PERSONALE/eugenio.fonzi2/WESPipeline/.snakemake/conda/a055426f.
Removing temporary output file /home/PERSONALE/eugenio.fonzi2/ANALYSES_WES/171228_test_threads_6_patients_2/05_alignment_MT/02_bqsr/04.bam.
Removing temporary output file /home/PERSONALE/eugenio.fonzi2/ANALYSES_WES/171228_test_threads_6_patients_2/05_alignment_MT/02_bqsr/04.bai.
Finished job 159.
118 of 171 steps (69%) done
Removing temporary output file /home/PERSONALE/eugenio.fonzi2/ANALYSES_WES/171228_test_threads_6_patients_2/05_alignment_MT/01_intermediate/01_realigned.bai.
Removing temporary output file /home/PERSONALE/eugenio.fonzi2/ANALYSES_WES/171228_test_threads_6_patients_2/05_alignment_MT/01_intermediate/01_realigned.bam.
Finished job 174.
119 of 171 steps (70%) done

Job 154: >> first : MuTect on MT alignment


Activating conda environment /home/PERSONALE/eugenio.fonzi2/WESPipeline/.snakemake/conda/a055426f.
Job 169: >> 01 : Varscan on sample MT alignment

Activating conda environment /home/PERSONALE/eugenio.fonzi2/WESPipeline/.snakemake/conda/e35b1969.
Removing temporary output file /home/PERSONALE/eugenio.fonzi2/ANALYSES_WES/171228_test_threads_6_patients_2/05_alignment_MT/02_bqsr/02.bai.
Removing temporary output file /home/PERSONALE/eugenio.fonzi2/ANALYSES_WES/171228_test_threads_6_patients_2/05_alignment_MT/02_bqsr/02.bam.
Finished job 154.
120 of 171 steps (70%) done
Removing temporary output file /home/PERSONALE/eugenio.fonzi2/ANALYSES_WES/171228_test_threads_6_patients_2/05_alignment_MT/02_bqsr/03.bai.
Removing temporary output file /home/PERSONALE/eugenio.fonzi2/ANALYSES_WES/171228_test_threads_6_patients_2/05_alignment_MT/02_bqsr/03.bam.
Finished job 185.
121 of 171 steps (71%) done

Job 160: >> second : Varscan on patient MT alignment

Activating conda environment /home/PERSONALE/eugenio.fonzi2/WESPipeline/.snakemake/conda/e35b1969.
Removing temporary output file /home/PERSONALE/eugenio.fonzi2/ANALYSES_WES/171228_test_threads_6_patients_2/09_varscan_MT/01_mpileup/03.mpileup.
Removing temporary output file /home/PERSONALE/eugenio.fonzi2/ANALYSES_WES/171228_test_threads_6_patients_2/09_varscan_MT/01_mpileup/04.mpileup.
Finished job 160.
122 of 171 steps (71%) done
Removing temporary output file /home/PERSONALE/eugenio.fonzi2/ANALYSES_WES/171228_test_threads_6_patients_2/05_alignment_MT/02_bqsr/01.bai.
Removing temporary output file /home/PERSONALE/eugenio.fonzi2/ANALYSES_WES/171228_test_threads_6_patients_2/05_alignment_MT/02_bqsr/01.bam.
Finished job 169.
123 of 171 steps (72%) done

Job 153: >> first : Varscan on patient MT alignment

Activating conda environment /home/PERSONALE/eugenio.fonzi2/WESPipeline/.snakemake/conda/e35b1969.
Removing temporary output file /home/PERSONALE/eugenio.fonzi2/ANALYSES_WES/171228_test_threads_6_patients_2/09_varscan_MT/01_mpileup/01.mpileup.
Removing temporary output file /home/PERSONALE/eugenio.fonzi2/ANALYSES_WES/171228_test_threads_6_patients_2/09_varscan_MT/01_mpileup/02.mpileup.
Finished job 153.
124 of 171 steps (73%) done
Removing temporary output file /home/PERSONALE/eugenio.fonzi2/ANALYSES_WES/171228_test_threads_6_patients_2/03_alignment_genome/01_intermediate/03_marked.bai.
Removing temporary output file /home/PERSONALE/eugenio.fonzi2/ANALYSES_WES/171228_test_threads_6_patients_2/03_alignment_genome/01_intermediate/03_marked.bam.
Finished job 71.
125 of 171 steps (73%) done

Job 51: >> 03 : BaseRecal genome

Activating conda environment /home/PERSONALE/eugenio.fonzi2/WESPipeline/.snakemake/conda/e35b1969.
Removing temporary output file /home/PERSONALE/eugenio.fonzi2/ANALYSES_WES/171228_test_threads_6_patients_2/03_alignment_genome/01_intermediate/01_marked.bai.
Removing temporary output file /home/PERSONALE/eugenio.fonzi2/ANALYSES_WES/171228_test_threads_6_patients_2/03_alignment_genome/01_intermediate/01_marked.bam.
Finished job 58.
126 of 171 steps (74%) done

Job 30: >> 01 : BaseRecal genome

Activating conda environment /home/PERSONALE/eugenio.fonzi2/WESPipeline/.snakemake/conda/e35b1969.
Finished job 51.
127 of 171 steps (74%) done

Job 190: >> 03 : PrintReads genome


Activating conda environment /home/PERSONALE/eugenio.fonzi2/WESPipeline/.snakemake/conda/e35b1969.
Job 52: >> 03 : PostRecalTable genome

Activating conda environment /home/PERSONALE/eugenio.fonzi2/WESPipeline/.snakemake/conda/e35b1969.
Finished job 30.
128 of 171 steps (75%) done

Job 31: >> 01 : PostRecalTable genome


Activating conda environment /home/PERSONALE/eugenio.fonzi2/WESPipeline/.snakemake/conda/e35b1969.
Job 179: >> 01 : PrintReads genome

Activating conda environment /home/PERSONALE/eugenio.fonzi2/WESPipeline/.snakemake/conda/e35b1969.
Finished job 190.
129 of 171 steps (75%) done

Job 162: >> second : MuTect on genomic alignment


Job 188: >> 03 : Varscan on sample genomic alignment
Activating conda environment /home/PERSONALE/eugenio.fonzi2/WESPipeline/.snakemake/conda/a055426f.

Activating conda environment /home/PERSONALE/eugenio.fonzi2/WESPipeline/.snakemake/conda/e35b1969.
Finished job 179.
130 of 171 steps (76%) done

Job 156: >> first : MuTect on genomic alignment


Activating conda environment /home/PERSONALE/eugenio.fonzi2/WESPipeline/.snakemake/conda/a055426f.
Job 178: >> 01 : Varscan on sample genomic alignment

Activating conda environment /home/PERSONALE/eugenio.fonzi2/WESPipeline/.snakemake/conda/e35b1969.
Removing temporary output file /home/PERSONALE/eugenio.fonzi2/ANALYSES_WES/171228_test_threads_6_patients_2/03_alignment_genome/01_intermediate/03_realigned.bam.
Removing temporary output file /home/PERSONALE/eugenio.fonzi2/ANALYSES_WES/171228_test_threads_6_patients_2/03_alignment_genome/01_intermediate/03_realigned.bai.
Finished job 52.
131 of 171 steps (77%) done

Job 26: >> 03 : AnalyzeCovariates genome

Activating conda environment /home/PERSONALE/eugenio.fonzi2/WESPipeline/.snakemake/conda/e35b1969.
Finished job 26.
132 of 171 steps (77%) done
Finished job 188.
133 of 171 steps (78%) done

Job 161: >> second : Varscan on patient genomic alignment

Activating conda environment /home/PERSONALE/eugenio.fonzi2/WESPipeline/.snakemake/conda/e35b1969.
Removing temporary output file /home/PERSONALE/eugenio.fonzi2/ANALYSES_WES/171228_test_threads_6_patients_2/03_alignment_genome/01_intermediate/01_realigned.bam.
Removing temporary output file /home/PERSONALE/eugenio.fonzi2/ANALYSES_WES/171228_test_threads_6_patients_2/03_alignment_genome/01_intermediate/01_realigned.bai.
Finished job 31.
134 of 171 steps (78%) done

Job 3: >> 01 : AnalyzeCovariates genome

Activating conda environment /home/PERSONALE/eugenio.fonzi2/WESPipeline/.snakemake/conda/e35b1969.
Finished job 3.
135 of 171 steps (79%) done
Finished job 178.
136 of 171 steps (80%) done

Job 155: >> first : Varscan on patient genomic alignment

Activating conda environment /home/PERSONALE/eugenio.fonzi2/WESPipeline/.snakemake/conda/e35b1969.
Removing temporary output file /home/PERSONALE/eugenio.fonzi2/ANALYSES_WES/171228_test_threads_6_patients_2/08_varscan_genome/01_mpileup/04.mpileup.
Removing temporary output file /home/PERSONALE/eugenio.fonzi2/ANALYSES_WES/171228_test_threads_6_patients_2/08_varscan_genome/01_mpileup/03.mpileup.
Finished job 161.
137 of 171 steps (80%) done
Removing temporary output file /home/PERSONALE/eugenio.fonzi2/ANALYSES_WES/171228_test_threads_6_patients_2/08_varscan_genome/01_mpileup/02.mpileup.
Removing temporary output file /home/PERSONALE/eugenio.fonzi2/ANALYSES_WES/171228_test_threads_6_patients_2/08_varscan_genome/01_mpileup/01.mpileup.
Finished job 155.
138 of 171 steps (81%) done
Removing temporary output file /home/PERSONALE/eugenio.fonzi2/ANALYSES_WES/171228_test_threads_6_patients_2/03_alignment_genome/02_bqsr/04.bam.
Removing temporary output file /home/PERSONALE/eugenio.fonzi2/ANALYSES_WES/171228_test_threads_6_patients_2/03_alignment_genome/02_bqsr/04.bai.
Removing temporary output file /home/PERSONALE/eugenio.fonzi2/ANALYSES_WES/171228_test_threads_6_patients_2/03_alignment_genome/02_bqsr/03.bai.
Removing temporary output file /home/PERSONALE/eugenio.fonzi2/ANALYSES_WES/171228_test_threads_6_patients_2/03_alignment_genome/02_bqsr/03.bam.
Finished job 162.
139 of 171 steps (81%) done

Job 137: >> second : Merge and Write Variants

Finished job 137.
140 of 171 steps (82%) done

Job 139: >> second : Varscan Filter Somatic SNV


Activating conda environment /home/PERSONALE/eugenio.fonzi2/WESPipeline/.snakemake/conda/e35b1969.
Job 138: >> second : Varscan Filter Somatic Indel

Activating conda environment /home/PERSONALE/eugenio.fonzi2/WESPipeline/.snakemake/conda/e35b1969.
Finished job 138.
141 of 171 steps (82%) done
Removing temporary output file /home/PERSONALE/eugenio.fonzi2/ANALYSES_WES/171228_test_threads_6_patients_2/10_variants_filter/second_varscan_indel_temp1.tsv.
Removing temporary output file /home/PERSONALE/eugenio.fonzi2/ANALYSES_WES/171228_test_threads_6_patients_2/10_variants_filter/second_varscan_snv_temp1.tsv.
Finished job 139.
142 of 171 steps (83%) done

Job 97: >> second : Keep Only Variants

Removing temporary output file /home/PERSONALE/eugenio.fonzi2/ANALYSES_WES/171228_test_threads_6_patients_2/10_variants_filter/second_varscan_indel_temp2.tsv.
Removing temporary output file /home/PERSONALE/eugenio.fonzi2/ANALYSES_WES/171228_test_threads_6_patients_2/10_variants_filter/second_varscan_snv_temp2.tsv.
Finished job 97.
143 of 171 steps (84%) done

Job 140: >> second : Split Varscan Variants

Job 136: >> second : Split muTect Variants

Finished job 140.
144 of 171 steps (84%) done
Finished job 136.
145 of 171 steps (85%) done

Job 98: >> second : annotating with ANNOVAR varscan genome variants

Job 96: >> second : annotating with ANNOVAR muTect MT variants

Job 99: >> second : annotating with ANNOVAR muTect genome variants

Job 100: >> second : annotating with ANNOVAR varscan MT variants

Finished job 100.
146 of 171 steps (85%) done
Finished job 96.
147 of 171 steps (86%) done
Finished job 99.
148 of 171 steps (87%) done
Finished job 98.
149 of 171 steps (87%) done

Job 66: >> second : merging muTect and Varscan Variants

Finished job 66.
150 of 171 steps (88%) done

Job 101: >> second : create rsID table

Finished job 101.
151 of 171 steps (88%) done

Job 67: >> second : filtering exonic/non-synonymous/non-polymorphic

Activating conda environment /home/PERSONALE/eugenio.fonzi2/WESPipeline/.snakemake/conda/28d822a6.
Removing temporary output file /home/PERSONALE/eugenio.fonzi2/ANALYSES_WES/171228_test_threads_6_patients_2/10_variants_filter/second_rsID.tsv.
Finished job 67.
152 of 171 steps (89%) done

Job 45: >> second : checking MAFs

Removing temporary output file second_rsID_maf.tsv.
Finished job 45.
153 of 171 steps (89%) done

Job 18: >> second : Removing segdups variants

Finished job 18.
154 of 171 steps (90%) done
Removing temporary output file /home/PERSONALE/eugenio.fonzi2/ANALYSES_WES/171228_test_threads_6_patients_2/03_alignment_genome/02_bqsr/01.bam.
Removing temporary output file /home/PERSONALE/eugenio.fonzi2/ANALYSES_WES/171228_test_threads_6_patients_2/03_alignment_genome/02_bqsr/01.bai.
Removing temporary output file /home/PERSONALE/eugenio.fonzi2/ANALYSES_WES/171228_test_threads_6_patients_2/03_alignment_genome/02_bqsr/02.bai.
Removing temporary output file /home/PERSONALE/eugenio.fonzi2/ANALYSES_WES/171228_test_threads_6_patients_2/03_alignment_genome/02_bqsr/02.bam.
Finished job 156.
155 of 171 steps (91%) done

Job 131: >> first : Merge and Write Variants

Finished job 131.
156 of 171 steps (91%) done

Job 133: >> first : Varscan Filter Somatic SNV


Activating conda environment /home/PERSONALE/eugenio.fonzi2/WESPipeline/.snakemake/conda/e35b1969.
Job 132: >> first : Varscan Filter Somatic Indel

Activating conda environment /home/PERSONALE/eugenio.fonzi2/WESPipeline/.snakemake/conda/e35b1969.
Finished job 132.
157 of 171 steps (92%) done
Removing temporary output file /home/PERSONALE/eugenio.fonzi2/ANALYSES_WES/171228_test_threads_6_patients_2/10_variants_filter/first_varscan_indel_temp1.tsv.
Removing temporary output file /home/PERSONALE/eugenio.fonzi2/ANALYSES_WES/171228_test_threads_6_patients_2/10_variants_filter/first_varscan_snv_temp1.tsv.
Finished job 133.
158 of 171 steps (92%) done

Job 86: >> first : Keep Only Variants

Removing temporary output file /home/PERSONALE/eugenio.fonzi2/ANALYSES_WES/171228_test_threads_6_patients_2/10_variants_filter/first_varscan_indel_temp2.tsv.
Removing temporary output file /home/PERSONALE/eugenio.fonzi2/ANALYSES_WES/171228_test_threads_6_patients_2/10_variants_filter/first_varscan_snv_temp2.tsv.
Finished job 86.
159 of 171 steps (93%) done

Job 121: >> first : Split muTect Variants

Job 130: >> first : Split Varscan Variants

Finished job 130.
160 of 171 steps (94%) done
Finished job 121.
161 of 171 steps (94%) done

Job 84: >> first : annotating with ANNOVAR muTect genome variants

Job 88: >> first : annotating with ANNOVAR varscan MT variants

Job 87: >> first : annotating with ANNOVAR muTect MT variants

Job 85: >> first : annotating with ANNOVAR varscan genome variants

Finished job 88.
162 of 171 steps (95%) done
Finished job 87.
163 of 171 steps (95%) done
Finished job 84.
164 of 171 steps (96%) done
Finished job 85.
165 of 171 steps (96%) done

Job 60: >> first : merging muTect and Varscan Variants

Finished job 60.
166 of 171 steps (97%) done

Job 89: >> first : create rsID table

Finished job 89.
167 of 171 steps (98%) done

Job 61: >> first : filtering exonic/non-synonymous/non-polymorphic

Activating conda environment /home/PERSONALE/eugenio.fonzi2/WESPipeline/.snakemake/conda/28d822a6.
Removing temporary output file /home/PERSONALE/eugenio.fonzi2/ANALYSES_WES/171228_test_threads_6_patients_2/10_variants_filter/first_rsID.tsv.
Finished job 61.
168 of 171 steps (98%) done

Job 36: >> first : checking MAFs

Removing temporary output file first_rsID_maf.tsv.
Finished job 36.
169 of 171 steps (99%) done

Job 9: >> first : Removing segdups variants

Finished job 9.
170 of 171 steps (99%) done

Job 0:  THE END 

Finished job 0.
171 of 171 steps (100%) done
