Building DAG of jobs...
Provided cores: 32
Rules claiming more threads will be scaled down.
Job counts:
	count	jobs
	2	AnalyzeCovariates_MT
	2	AnalyzeCovariates_genome
	2	BaseRecal_MT
	2	BaseRecal_genome
	2	IndelRealigner_MT
	2	IndelRealigner_genome
	1	KeepOnlyVariants
	1	MergeMutectVarscan
	1	MergeWriteVariants
	1	MutectSplitVariants
	2	PostRecalTable_MT
	2	PostRecalTable_genome
	2	PrintReads_MT
	2	PrintReads_genome
	2	RTC_MT
	2	RTC_genome
	1	Remove_segdups
	1	VarscanSplitVariants
	1	all
	1	annovar_MT_mutect
	1	annovar_MT_varscan
	1	annovar_genome_mutect
	1	annovar_genome_varscan
	1	checkMAFs
	1	create_rsID_table
	2	downloadDecompressMergeFastq
	2	extractUnmapped_convert
	2	extractUnmapped_extract
	2	fastq_checkpoint
	2	fastqc_R1
	2	fastqc_R2
	2	fastqc_trimmed_R1
	2	fastqc_trimmed_R2
	1	filterExonicPolymorphic
	1	filterSomatic_Indel
	1	filterSomatic_SNV
	2	indexing_MT
	2	indexing_genome
	2	map_to_MT
	2	map_to_exome
	2	map_to_genome
	2	marking_MT
	2	marking_genome
	1	muTect_MT
	1	muTect_genome
	2	sorting_MT
	2	sorting_exome
	2	sorting_genome
	2	trim_02
	1	varscan_MT_patient
	2	varscan_MT_sample
	1	varscan_genome_patient
	2	varscan_genome_sample
	86

Job 36: >> 3062 : downloading, decompressing and merging fastq 

Job 31: >> 242 : downloading, decompressing and merging fastq 

Error in rule downloadDecompressMergeFastq:
    jobid: 36
Error in rule downloadDecompressMergeFastq:
    output: /home/PERSONALE/eugenio.fonzi2/ANALYSES_WES/prova1/01_fastq/02_postprocess/3062_R1_unchecked.fastq, /home/PERSONALE/eugenio.fonzi2/ANALYSES_WES/prova1/01_fastq/02_postprocess/3062_R2_unchecked.fastq
    jobid: 31
    log: /home/PERSONALE/eugenio.fonzi2/ANALYSES_WES/prova1/01_fastq/logs/3062_cadaver.log
    output: /home/PERSONALE/eugenio.fonzi2/ANALYSES_WES/prova1/01_fastq/02_postprocess/242_R1_unchecked.fastq, /home/PERSONALE/eugenio.fonzi2/ANALYSES_WES/prova1/01_fastq/02_postprocess/242_R2_unchecked.fastq

    log: /home/PERSONALE/eugenio.fonzi2/ANALYSES_WES/prova1/01_fastq/logs/242_cadaver.log

RuleException:
WorkflowError in line 395 of /home/PERSONALE/eugenio.fonzi2/snakefiles/snakefile_01.py:
URLError: <urlopen error [Errno 2] No such file or directory: '/home/PERSONALE/eugenio.fonzi2/snakefiles//home/PERSONALE/eugenio.fonzi2/WESPipeline/scripts/downloadDecompressMergeFastq.py'>
  File "/home/PERSONALE/eugenio.fonzi2/snakefiles/snakefile_01.py", line 395, in __rule_downloadDecompressMergeFastq
  File "/home/PERSONALE/eugenio.fonzi2/miniconda3/lib/python3.6/concurrent/futures/thread.py", line 56, in run
RuleException:
WorkflowError in line 395 of /home/PERSONALE/eugenio.fonzi2/snakefiles/snakefile_01.py:
URLError: <urlopen error [Errno 2] No such file or directory: '/home/PERSONALE/eugenio.fonzi2/snakefiles//home/PERSONALE/eugenio.fonzi2/WESPipeline/scripts/downloadDecompressMergeFastq.py'>
  File "/home/PERSONALE/eugenio.fonzi2/snakefiles/snakefile_01.py", line 395, in __rule_downloadDecompressMergeFastq
  File "/home/PERSONALE/eugenio.fonzi2/miniconda3/lib/python3.6/concurrent/futures/thread.py", line 56, in run
Will exit after finishing currently running jobs.
Exiting because a job execution failed. Look above for error message
Complete log: .snakemake/log/2017-12-22T175915.487932.snakemake.log
