Building DAG of jobs...
Provided cores: 32
Rules claiming more threads will be scaled down.
Job counts:
	count	jobs
	10	AnalyzeCovariates_MT
	10	AnalyzeCovariates_genome
	10	BaseRecal_MT
	10	BaseRecal_genome
	10	IndelRealigner_MT
	10	IndelRealigner_genome
	5	KeepOnlyVariants
	5	MergeMutectVarscan
	5	MergeWriteVariants
	5	MutectSplitVariants
	10	PostRecalTable_MT
	10	PostRecalTable_genome
	10	PrintReads_MT
	10	PrintReads_genome
	10	RTC_MT
	10	RTC_genome
	5	Remove_segdups
	5	VarscanSplitVariants
	1	all
	5	annovar_MT_mutect
	5	annovar_MT_varscan
	5	annovar_genome_mutect
	5	annovar_genome_varscan
	5	checkMAFs
	5	create_rsID_table
	10	downloadDecompressMergeFastq
	10	extractUnmapped_convert
	10	extractUnmapped_extract
	10	fastq_checkpoint
	10	fastqc_R1
	10	fastqc_R2
	10	fastqc_trimmed_R1
	10	fastqc_trimmed_R2
	5	filterExonicPolymorphic
	5	filterSomatic_Indel
	5	filterSomatic_SNV
	10	indexing_MT
	10	indexing_genome
	10	map_to_MT
	10	map_to_exome
	10	map_to_genome
	10	marking_MT
	10	marking_genome
	5	muTect_MT
	5	muTect_genome
	10	sorting_MT
	10	sorting_exome
	10	sorting_genome
	10	trim_02
	5	varscan_MT_patient
	10	varscan_MT_sample
	5	varscan_genome_patient
	10	varscan_genome_sample
	426

Job 147: >> 224 : downloading, decompressing and merging fastq 

Job 149: >> 3010 : downloading, decompressing and merging fastq 

Job 161: >> 246 : downloading, decompressing and merging fastq 

Job 143: >> 242 : downloading, decompressing and merging fastq 

Job 157: >> 3108 : downloading, decompressing and merging fastq 


Job 141: >> 3154 : downloading, decompressing and merging fastq 


Job 142: >> 2973 : downloading, decompressing and merging fastq 


Job 154: >> 3062 : downloading, decompressing and merging fastq 


Job 134: >> 245 : downloading, decompressing and merging fastq 


Job 150: >> 239 : downloading, decompressing and merging fastq 

Finished job 149.
1 of 426 steps (0.23%) done
Finished job 143.
2 of 426 steps (0.47%) done
Finished job 150.
3 of 426 steps (0.70%) done
Finished job 134.
4 of 426 steps (0.94%) done
Finished job 161.
5 of 426 steps (1%) done

Job 86: >> 242 : Check fastq size 

Job 94: >> 3010 : Check fastq size 

Failed to set marker file for job started ([Errno 28] No space left on device). Snakemake will work, but cannot ensure that output files are complete in case of a kill signal or power loss. Please ensure write permissions for the directory /home/PERSONALE/eugenio.fonzi2/WESPipeline/.snakemake

Job 95: >> 239 : Check fastq size 

Failed to set marker file for job started ([Errno 28] No space left on device). Snakemake will work, but cannot ensure that output files are complete in case of a kill signal or power loss. Please ensure write permissions for the directory /home/PERSONALE/eugenio.fonzi2/WESPipeline/.snakemake

Job 72: >> 245 : Check fastq size 

Failed to set marker file for job started ([Errno 28] No space left on device). Snakemake will work, but cannot ensure that output files are complete in case of a kill signal or power loss. Please ensure write permissions for the directory /home/PERSONALE/eugenio.fonzi2/WESPipeline/.snakemake

Job 115: >> 246 : Check fastq size 

Failed to set marker file for job started ([Errno 28] No space left on device). Snakemake will work, but cannot ensure that output files are complete in case of a kill signal or power loss. Please ensure write permissions for the directory /home/PERSONALE/eugenio.fonzi2/WESPipeline/.snakemake
Finished job 94.
6 of 426 steps (1%) done

Job 67: >> 3010 : Trimming

Finished job 86.
7 of 426 steps (2%) done
Failed to set marker file for job started ([Errno 28] No space left on device). Snakemake will work, but cannot ensure that output files are complete in case of a kill signal or power loss. Please ensure write permissions for the directory /home/PERSONALE/eugenio.fonzi2/WESPipeline/.snakemake
