Building DAG of jobs...
Provided cores: 32
Rules claiming more threads will be scaled down.
Job counts:
	count	jobs
	10	AnalyzeCovariates_MT
	10	AnalyzeCovariates_genome
	10	BaseRecal_MT
	10	BaseRecal_genome
	10	IndelRealigner_MT
	10	IndelRealigner_genome
	5	KeepOnlyVariants
	5	MergeMutectVarscan
	5	MergeWriteVariants
	5	MutectSplitVariants
	10	PostRecalTable_MT
	10	PostRecalTable_genome
	10	PrintReads_MT
	10	PrintReads_genome
	10	RTC_MT
	10	RTC_genome
	5	Remove_segdups
	5	VarscanSplitVariants
	1	all
	5	annovar_MT_mutect
	5	annovar_MT_varscan
	5	annovar_genome_mutect
	5	annovar_genome_varscan
	5	checkMAFs
	5	create_rsID_table
	10	downloadDecompressMergeFastq
	10	extractUnmapped_convert
	10	extractUnmapped_extract
	10	fastq_checkpoint
	10	fastqc_R1
	10	fastqc_R2
	10	fastqc_trimmed_R1
	10	fastqc_trimmed_R2
	5	filterExonicPolymorphic
	5	filterSomatic_Indel
	5	filterSomatic_SNV
	10	indexing_MT
	10	indexing_genome
	10	map_to_MT
	10	map_to_exome
	10	map_to_genome
	10	marking_MT
	10	marking_genome
	5	muTect_MT
	5	muTect_genome
	10	sorting_MT
	10	sorting_exome
	10	sorting_genome
	10	trim_02
	5	varscan_MT_patient
	10	varscan_MT_sample
	5	varscan_genome_patient
	10	varscan_genome_sample
	426

Job 144: >> 239 : downloading, decompressing and merging fastq 

Job 148: >> 245 : downloading, decompressing and merging fastq 

Job 157: >> 2973 : downloading, decompressing and merging fastq 

Job 162: >> 3010 : downloading, decompressing and merging fastq 

Job 139: >> 3062 : downloading, decompressing and merging fastq 

Job 138: >> 3154 : downloading, decompressing and merging fastq 

Job 137: >> 246 : downloading, decompressing and merging fastq 

Job 158: >> 242 : downloading, decompressing and merging fastq 

Job 153: >> 3108 : downloading, decompressing and merging fastq 

Job 155: >> 224 : downloading, decompressing and merging fastq 

Finished job 158.
1 of 426 steps (0.23%) done

Job 106: >> 242 : Check fastq size 

Finished job 106.
2 of 426 steps (0.47%) done

Job 57: >> 242 : fastqc1

Activating conda environment /home/PERSONALE/eugenio.fonzi2/WESPipeline/.snakemake/conda/e35b1969.

Job 38: >> 242 : fastqc2

Activating conda environment /home/PERSONALE/eugenio.fonzi2/WESPipeline/.snakemake/conda/e35b1969.

Job 111: >> 242 : Trimming

Finished job 57.
3 of 426 steps (0.70%) done
Finished job 38.
4 of 426 steps (0.94%) done
Finished job 144.
5 of 426 steps (1%) done

Job 82: >> 239 : Check fastq size 

Finished job 82.
6 of 426 steps (1%) done

Job 14: >> 239 : fastqc1

Activating conda environment /home/PERSONALE/eugenio.fonzi2/WESPipeline/.snakemake/conda/e35b1969.

Job 28: >> 239 : fastqc2

Activating conda environment /home/PERSONALE/eugenio.fonzi2/WESPipeline/.snakemake/conda/e35b1969.

Job 97: >> 239 : Trimming

Finished job 28.
7 of 426 steps (2%) done
Finished job 14.
8 of 426 steps (2%) done
Finished job 137.
9 of 426 steps (2%) done

Job 76: >> 246 : Check fastq size 

Finished job 76.
10 of 426 steps (2%) done

Job 18: >> 246 : fastqc1

Activating conda environment /home/PERSONALE/eugenio.fonzi2/WESPipeline/.snakemake/conda/e35b1969.

Job 92: >> 246 : Trimming


Job 8: >> 246 : fastqc2

Activating conda environment /home/PERSONALE/eugenio.fonzi2/WESPipeline/.snakemake/conda/e35b1969.
Finished job 148.
11 of 426 steps (3%) done

Job 89: >> 245 : Check fastq size 

Finished job 89.
12 of 426 steps (3%) done

Job 96: >> 245 : Trimming


Job 20: >> 245 : fastqc1

Activating conda environment /home/PERSONALE/eugenio.fonzi2/WESPipeline/.snakemake/conda/e35b1969.

Job 58: >> 245 : fastqc2

Activating conda environment /home/PERSONALE/eugenio.fonzi2/WESPipeline/.snakemake/conda/e35b1969.
Finished job 162.
13 of 426 steps (3%) done

Job 114: >> 3010 : Check fastq size 

Finished job 114.
14 of 426 steps (3%) done

Job 73: >> 3010 : Trimming


Job 55: >> 3010 : fastqc2

Activating conda environment /home/PERSONALE/eugenio.fonzi2/WESPipeline/.snakemake/conda/e35b1969.

Job 44: >> 3010 : fastqc1

Activating conda environment /home/PERSONALE/eugenio.fonzi2/WESPipeline/.snakemake/conda/e35b1969.
Finished job 18.
15 of 426 steps (4%) done
Finished job 8.
16 of 426 steps (4%) done
Finished job 20.
17 of 426 steps (4%) done
Finished job 58.
18 of 426 steps (4%) done
Finished job 55.
19 of 426 steps (4%) done
Finished job 44.
20 of 426 steps (5%) done
Finished job 157.
21 of 426 steps (5%) done

Job 105: >> 2973 : Check fastq size 

Finished job 105.
22 of 426 steps (5%) done

Job 56: >> 2973 : fastqc1

Activating conda environment /home/PERSONALE/eugenio.fonzi2/WESPipeline/.snakemake/conda/e35b1969.

Job 36: >> 2973 : fastqc2


Activating conda environment /home/PERSONALE/eugenio.fonzi2/WESPipeline/.snakemake/conda/e35b1969.
Job 99: >> 2973 : Trimming

Finished job 138.
23 of 426 steps (5%) done

Job 77: >> 3154 : Check fastq size 

Finished job 77.
24 of 426 steps (6%) done

Job 66: >> 3154 : Trimming

Job 9: >> 3154 : fastqc2


Activating conda environment /home/PERSONALE/eugenio.fonzi2/WESPipeline/.snakemake/conda/e35b1969.
Job 19: >> 3154 : fastqc1

Activating conda environment /home/PERSONALE/eugenio.fonzi2/WESPipeline/.snakemake/conda/e35b1969.
Finished job 139.
25 of 426 steps (6%) done

Job 78: >> 3062 : Check fastq size 

Finished job 78.
26 of 426 steps (6%) done

Job 10: >> 3062 : fastqc2


Activating conda environment /home/PERSONALE/eugenio.fonzi2/WESPipeline/.snakemake/conda/e35b1969.
Job 27: >> 3062 : fastqc1


Job 69: >> 3062 : Trimming
Activating conda environment /home/PERSONALE/eugenio.fonzi2/WESPipeline/.snakemake/conda/e35b1969.

Finished job 155.
27 of 426 steps (6%) done

Job 102: >> 224 : Check fastq size 

Finished job 102.
28 of 426 steps (7%) done

Job 32: >> 224 : fastqc1


Activating conda environment /home/PERSONALE/eugenio.fonzi2/WESPipeline/.snakemake/conda/e35b1969.
Job 48: >> 224 : fastqc2


Activating conda environment /home/PERSONALE/eugenio.fonzi2/WESPipeline/.snakemake/conda/e35b1969.
Job 70: >> 224 : Trimming

Finished job 153.
29 of 426 steps (7%) done

Job 98: >> 3108 : Check fastq size 

Finished job 98.
30 of 426 steps (7%) done

Job 29: >> 3108 : fastqc2


Activating conda environment /home/PERSONALE/eugenio.fonzi2/WESPipeline/.snakemake/conda/e35b1969.
Job 81: >> 3108 : Trimming

Job 34: >> 3108 : fastqc1

Activating conda environment /home/PERSONALE/eugenio.fonzi2/WESPipeline/.snakemake/conda/e35b1969.
Finished job 56.
31 of 426 steps (7%) done
Finished job 36.
32 of 426 steps (8%) done
Finished job 9.
33 of 426 steps (8%) done
Finished job 19.
34 of 426 steps (8%) done
Finished job 27.
35 of 426 steps (8%) done
Finished job 10.
36 of 426 steps (8%) done
Finished job 32.
37 of 426 steps (9%) done
Finished job 48.
38 of 426 steps (9%) done
Finished job 34.
39 of 426 steps (9%) done
Finished job 29.
40 of 426 steps (9%) done
Removing temporary output file /home/PERSONALE/eugenio.fonzi2/ANALYSES_WES/171222_test_20_bwa_threads/01_fastq/02_postprocess/242_R1.fastq.
Removing temporary output file /home/PERSONALE/eugenio.fonzi2/ANALYSES_WES/171222_test_20_bwa_threads/01_fastq/02_postprocess/242_R2.fastq.
Finished job 111.
41 of 426 steps (10%) done

Job 41: >> 242 : fastqc1 on trimmed fastq


Activating conda environment /home/PERSONALE/eugenio.fonzi2/WESPipeline/.snakemake/conda/e35b1969.
Job 451: >> 242 : Aligning to reference EXOME


Job 50: >> 242 : fastqc2 on trimmed fastq
Activating conda environment /home/PERSONALE/eugenio.fonzi2/WESPipeline/.snakemake/conda/e35b1969.

Activating conda environment /home/PERSONALE/eugenio.fonzi2/WESPipeline/.snakemake/conda/e35b1969.
Finished job 50.
42 of 426 steps (10%) done
Finished job 41.
43 of 426 steps (10%) done
Finished job 451.
44 of 426 steps (10%) done

Job 344: >> 242 : Aligning to reference NUCLEAR GENOME


Activating conda environment /home/PERSONALE/eugenio.fonzi2/WESPipeline/.snakemake/conda/e35b1969.
Job 441: >> 242 : sorting exome

Activating conda environment /home/PERSONALE/eugenio.fonzi2/WESPipeline/.snakemake/conda/e35b1969.
Finished job 344.
45 of 426 steps (11%) done

Job 295: >> 242 : sorting genome

Activating conda environment /home/PERSONALE/eugenio.fonzi2/WESPipeline/.snakemake/conda/e35b1969.
Removing temporary output file /home/PERSONALE/eugenio.fonzi2/ANALYSES_WES/171222_test_20_bwa_threads/04_alignment_exome/01_intermediate/242.sam.
Finished job 441.
46 of 426 steps (11%) done

Job 431: >> 242 : extractUnmapped extract

Activating conda environment /home/PERSONALE/eugenio.fonzi2/WESPipeline/.snakemake/conda/e35b1969.
Removing temporary output file /home/PERSONALE/eugenio.fonzi2/ANALYSES_WES/171222_test_20_bwa_threads/03_alignment_genome/01_intermediate/242.sam.
Finished job 295.
47 of 426 steps (11%) done

Job 199: >> 242 : marking genome

Activating conda environment /home/PERSONALE/eugenio.fonzi2/WESPipeline/.snakemake/conda/e35b1969.
Removing temporary output file /home/PERSONALE/eugenio.fonzi2/ANALYSES_WES/171222_test_20_bwa_threads/04_alignment_exome/01_intermediate/242_sorted.bam.
Finished job 431.
48 of 426 steps (11%) done

Job 397: >> 242 : extractUnmapped convert

Activating conda environment /home/PERSONALE/eugenio.fonzi2/WESPipeline/.snakemake/conda/e35b1969.
Removing temporary output file /home/PERSONALE/eugenio.fonzi2/ANALYSES_WES/171222_test_20_bwa_threads/04_alignment_exome/01_intermediate/242_unmapped.bam.
Finished job 397.
49 of 426 steps (12%) done

Job 345: >> 242 : Aligning to reference MITOCHONDRIAL GENOME

Activating conda environment /home/PERSONALE/eugenio.fonzi2/WESPipeline/.snakemake/conda/e35b1969.
Removing temporary output file /home/PERSONALE/eugenio.fonzi2/ANALYSES_WES/171222_test_20_bwa_threads/01_fastq/02_postprocess/239_R1.fastq.
Removing temporary output file /home/PERSONALE/eugenio.fonzi2/ANALYSES_WES/171222_test_20_bwa_threads/01_fastq/02_postprocess/239_R2.fastq.
Finished job 97.
50 of 426 steps (12%) done

Job 62: >> 239 : fastqc1 on trimmed fastq


Activating conda environment /home/PERSONALE/eugenio.fonzi2/WESPipeline/.snakemake/conda/e35b1969.
Job 26: >> 239 : fastqc2 on trimmed fastq

Activating conda environment /home/PERSONALE/eugenio.fonzi2/WESPipeline/.snakemake/conda/e35b1969.
Finished job 345.
51 of 426 steps (12%) done

Job 450: >> 239 : Aligning to reference EXOME


Activating conda environment /home/PERSONALE/eugenio.fonzi2/WESPipeline/.snakemake/conda/e35b1969.
Job 296: >> 242 : sorting MT

Activating conda environment /home/PERSONALE/eugenio.fonzi2/WESPipeline/.snakemake/conda/e35b1969.
Finished job 62.
52 of 426 steps (12%) done
Finished job 26.
53 of 426 steps (12%) done
Removing temporary output file /home/PERSONALE/eugenio.fonzi2/ANALYSES_WES/171222_test_20_bwa_threads/05_alignment_MT/01_intermediate/242.sam.
Finished job 296.
54 of 426 steps (13%) done

Job 201: >> 242 : marking MT

Activating conda environment /home/PERSONALE/eugenio.fonzi2/WESPipeline/.snakemake/conda/e35b1969.
Removing temporary output file /home/PERSONALE/eugenio.fonzi2/ANALYSES_WES/171222_test_20_bwa_threads/03_alignment_genome/01_intermediate/242_sorted.bam.
Finished job 199.
55 of 426 steps (13%) done

Job 198: >> 242 : indexing genome

Activating conda environment /home/PERSONALE/eugenio.fonzi2/WESPipeline/.snakemake/conda/e35b1969.
Finished job 450.
56 of 426 steps (13%) done

Job 334: >> 239 : Aligning to reference NUCLEAR GENOME


Activating conda environment /home/PERSONALE/eugenio.fonzi2/WESPipeline/.snakemake/conda/e35b1969.
Job 440: >> 239 : sorting exome

Activating conda environment /home/PERSONALE/eugenio.fonzi2/WESPipeline/.snakemake/conda/e35b1969.
Removing temporary output file /home/PERSONALE/eugenio.fonzi2/ANALYSES_WES/171222_test_20_bwa_threads/05_alignment_MT/01_intermediate/242_sorted.bam.
Finished job 201.
57 of 426 steps (13%) done

Job 202: >> 242 : indexing MT

Activating conda environment /home/PERSONALE/eugenio.fonzi2/WESPipeline/.snakemake/conda/e35b1969.
Finished job 198.
58 of 426 steps (14%) done

Job 200: >> 242 : RTC genome

Activating conda environment /home/PERSONALE/eugenio.fonzi2/WESPipeline/.snakemake/conda/e35b1969.
Finished job 202.
59 of 426 steps (14%) done
Removing temporary output file /home/PERSONALE/eugenio.fonzi2/ANALYSES_WES/171222_test_20_bwa_threads/01_fastq/02_postprocess/246_R1.fastq.
Removing temporary output file /home/PERSONALE/eugenio.fonzi2/ANALYSES_WES/171222_test_20_bwa_threads/01_fastq/02_postprocess/246_R2.fastq.
Finished job 92.
60 of 426 steps (14%) done

Job 203: >> 242 : RTC MT

Activating conda environment /home/PERSONALE/eugenio.fonzi2/WESPipeline/.snakemake/conda/e35b1969.
Finished job 203.
61 of 426 steps (14%) done

Job 146: >> 242 : IndelRealigner MT


Activating conda environment /home/PERSONALE/eugenio.fonzi2/WESPipeline/.snakemake/conda/e35b1969.
Job 22: >> 246 : fastqc1 on trimmed fastq

Activating conda environment /home/PERSONALE/eugenio.fonzi2/WESPipeline/.snakemake/conda/e35b1969.
Finished job 200.
62 of 426 steps (15%) done

Job 145: >> 242 : IndelRealigner genome


Activating conda environment /home/PERSONALE/eugenio.fonzi2/WESPipeline/.snakemake/conda/e35b1969.
Job 47: >> 246 : fastqc2 on trimmed fastq

Activating conda environment /home/PERSONALE/eugenio.fonzi2/WESPipeline/.snakemake/conda/e35b1969.
Removing temporary output file /home/PERSONALE/eugenio.fonzi2/ANALYSES_WES/171222_test_20_bwa_threads/01_fastq/02_postprocess/245_R2.fastq.
Removing temporary output file /home/PERSONALE/eugenio.fonzi2/ANALYSES_WES/171222_test_20_bwa_threads/01_fastq/02_postprocess/245_R1.fastq.
Finished job 96.
63 of 426 steps (15%) done

Job 37: >> 245 : fastqc1 on trimmed fastq

Activating conda environment /home/PERSONALE/eugenio.fonzi2/WESPipeline/.snakemake/conda/e35b1969.
Finished job 47.
64 of 426 steps (15%) done

Job 25: >> 245 : fastqc2 on trimmed fastq

Activating conda environment /home/PERSONALE/eugenio.fonzi2/WESPipeline/.snakemake/conda/e35b1969.
Finished job 22.
65 of 426 steps (15%) done
Finished job 37.
66 of 426 steps (15%) done
Finished job 334.
67 of 426 steps (16%) done

Job 452: >> 245 : Aligning to reference EXOME


Activating conda environment /home/PERSONALE/eugenio.fonzi2/WESPipeline/.snakemake/conda/e35b1969.
Job 274: >> 239 : sorting genome

Activating conda environment /home/PERSONALE/eugenio.fonzi2/WESPipeline/.snakemake/conda/e35b1969.
Removing temporary output file /home/PERSONALE/eugenio.fonzi2/ANALYSES_WES/171222_test_20_bwa_threads/05_alignment_MT/01_intermediate/242_marked.bam.
Removing temporary output file /home/PERSONALE/eugenio.fonzi2/ANALYSES_WES/171222_test_20_bwa_threads/05_alignment_MT/01_intermediate/242_marked.bai.
Finished job 146.
68 of 426 steps (16%) done

Job 85: >> 242 : BaseRecal MT

Activating conda environment /home/PERSONALE/eugenio.fonzi2/WESPipeline/.snakemake/conda/e35b1969.
Removing temporary output file /home/PERSONALE/eugenio.fonzi2/ANALYSES_WES/171222_test_20_bwa_threads/01_fastq/02_postprocess/3010_R1.fastq.
Removing temporary output file /home/PERSONALE/eugenio.fonzi2/ANALYSES_WES/171222_test_20_bwa_threads/01_fastq/02_postprocess/3010_R2.fastq.
Finished job 73.
69 of 426 steps (16%) done

Job 46: >> 3010 : fastqc1 on trimmed fastq

Activating conda environment /home/PERSONALE/eugenio.fonzi2/WESPipeline/.snakemake/conda/e35b1969.
Finished job 85.
70 of 426 steps (16%) done

Job 403: >> 242 : PrintReads MT

Activating conda environment /home/PERSONALE/eugenio.fonzi2/WESPipeline/.snakemake/conda/e35b1969.
Finished job 25.
71 of 426 steps (17%) done

Job 6: >> 3010 : fastqc2 on trimmed fastq

Activating conda environment /home/PERSONALE/eugenio.fonzi2/WESPipeline/.snakemake/conda/e35b1969.
Finished job 46.
72 of 426 steps (17%) done
Finished job 6.
73 of 426 steps (17%) done

Job 86: >> 242 : PostRecalTable MT

Activating conda environment /home/PERSONALE/eugenio.fonzi2/WESPipeline/.snakemake/conda/e35b1969.
Finished job 86.
74 of 426 steps (17%) done

Job 16: >> 242 : AnalyzeCovariates MT

Activating conda environment /home/PERSONALE/eugenio.fonzi2/WESPipeline/.snakemake/conda/e35b1969.
Finished job 16.
75 of 426 steps (18%) done
Removing temporary output file /home/PERSONALE/eugenio.fonzi2/ANALYSES_WES/171222_test_20_bwa_threads/04_alignment_exome/01_intermediate/239.sam.
Finished job 440.
76 of 426 steps (18%) done

Job 430: >> 239 : extractUnmapped extract

Activating conda environment /home/PERSONALE/eugenio.fonzi2/WESPipeline/.snakemake/conda/e35b1969.
Finished job 452.
77 of 426 steps (18%) done

Job 442: >> 245 : sorting exome


Activating conda environment /home/PERSONALE/eugenio.fonzi2/WESPipeline/.snakemake/conda/e35b1969.
Job 456: >> 3010 : Aligning to reference EXOME

Activating conda environment /home/PERSONALE/eugenio.fonzi2/WESPipeline/.snakemake/conda/e35b1969.
Removing temporary output file /home/PERSONALE/eugenio.fonzi2/ANALYSES_WES/171222_test_20_bwa_threads/03_alignment_genome/01_intermediate/242_marked.bai.
Removing temporary output file /home/PERSONALE/eugenio.fonzi2/ANALYSES_WES/171222_test_20_bwa_threads/03_alignment_genome/01_intermediate/242_marked.bam.
Finished job 145.
78 of 426 steps (18%) done

Job 83: >> 242 : BaseRecal genome

Activating conda environment /home/PERSONALE/eugenio.fonzi2/WESPipeline/.snakemake/conda/e35b1969.
Removing temporary output file /home/PERSONALE/eugenio.fonzi2/ANALYSES_WES/171222_test_20_bwa_threads/05_alignment_MT/01_intermediate/242_realigned.bai.
Removing temporary output file /home/PERSONALE/eugenio.fonzi2/ANALYSES_WES/171222_test_20_bwa_threads/05_alignment_MT/01_intermediate/242_realigned.bam.
Finished job 403.
79 of 426 steps (19%) done

Job 400: >> 242 : Varscan on sample MT alignment

Activating conda environment /home/PERSONALE/eugenio.fonzi2/WESPipeline/.snakemake/conda/e35b1969.
Finished job 400.
80 of 426 steps (19%) done
Removing temporary output file /home/PERSONALE/eugenio.fonzi2/ANALYSES_WES/171222_test_20_bwa_threads/03_alignment_genome/01_intermediate/239.sam.
Finished job 274.
81 of 426 steps (19%) done

Job 182: >> 239 : marking genome

Activating conda environment /home/PERSONALE/eugenio.fonzi2/WESPipeline/.snakemake/conda/e35b1969.
Removing temporary output file /home/PERSONALE/eugenio.fonzi2/ANALYSES_WES/171222_test_20_bwa_threads/04_alignment_exome/01_intermediate/239_sorted.bam.
Finished job 430.
82 of 426 steps (19%) done

Job 376: >> 239 : extractUnmapped convert

Activating conda environment /home/PERSONALE/eugenio.fonzi2/WESPipeline/.snakemake/conda/e35b1969.
Finished job 456.
83 of 426 steps (19%) done

Job 446: >> 3010 : sorting exome


Activating conda environment /home/PERSONALE/eugenio.fonzi2/WESPipeline/.snakemake/conda/e35b1969.
Job 453: >> 246 : Aligning to reference EXOME

Activating conda environment /home/PERSONALE/eugenio.fonzi2/WESPipeline/.snakemake/conda/e35b1969.
Removing temporary output file /home/PERSONALE/eugenio.fonzi2/ANALYSES_WES/171222_test_20_bwa_threads/04_alignment_exome/01_intermediate/239_unmapped.bam.
Finished job 376.
84 of 426 steps (20%) done
Removing temporary output file /home/PERSONALE/eugenio.fonzi2/ANALYSES_WES/171222_test_20_bwa_threads/01_fastq/02_postprocess/3154_R1.fastq.
Removing temporary output file /home/PERSONALE/eugenio.fonzi2/ANALYSES_WES/171222_test_20_bwa_threads/01_fastq/02_postprocess/3154_R2.fastq.
Finished job 66.
85 of 426 steps (20%) done

Job 33: >> 3154 : fastqc1 on trimmed fastq


Activating conda environment /home/PERSONALE/eugenio.fonzi2/WESPipeline/.snakemake/conda/e35b1969.
Job 1: >> 3154 : fastqc2 on trimmed fastq

Activating conda environment /home/PERSONALE/eugenio.fonzi2/WESPipeline/.snakemake/conda/e35b1969.
Removing temporary output file /home/PERSONALE/eugenio.fonzi2/ANALYSES_WES/171222_test_20_bwa_threads/01_fastq/02_postprocess/3062_R2.fastq.
Removing temporary output file /home/PERSONALE/eugenio.fonzi2/ANALYSES_WES/171222_test_20_bwa_threads/01_fastq/02_postprocess/3062_R1.fastq.
Finished job 69.
86 of 426 steps (20%) done

Job 49: >> 3062 : fastqc2 on trimmed fastq


Activating conda environment /home/PERSONALE/eugenio.fonzi2/WESPipeline/.snakemake/conda/e35b1969.
Job 3: >> 3062 : fastqc1 on trimmed fastq

Activating conda environment /home/PERSONALE/eugenio.fonzi2/WESPipeline/.snakemake/conda/e35b1969.
Removing temporary output file /home/PERSONALE/eugenio.fonzi2/ANALYSES_WES/171222_test_20_bwa_threads/01_fastq/02_postprocess/2973_R1.fastq.
Removing temporary output file /home/PERSONALE/eugenio.fonzi2/ANALYSES_WES/171222_test_20_bwa_threads/01_fastq/02_postprocess/2973_R2.fastq.
Finished job 99.
87 of 426 steps (20%) done

Job 30: >> 2973 : fastqc1 on trimmed fastq

Activating conda environment /home/PERSONALE/eugenio.fonzi2/WESPipeline/.snakemake/conda/e35b1969.
Removing temporary output file /home/PERSONALE/eugenio.fonzi2/ANALYSES_WES/171222_test_20_bwa_threads/04_alignment_exome/01_intermediate/245.sam.
Finished job 442.
88 of 426 steps (21%) done

Job 432: >> 245 : extractUnmapped extract

Activating conda environment /home/PERSONALE/eugenio.fonzi2/WESPipeline/.snakemake/conda/e35b1969.
Finished job 1.
89 of 426 steps (21%) done

Job 43: >> 2973 : fastqc2 on trimmed fastq

Activating conda environment /home/PERSONALE/eugenio.fonzi2/WESPipeline/.snakemake/conda/e35b1969.
Finished job 33.
90 of 426 steps (21%) done
Finished job 3.
91 of 426 steps (21%) done
Finished job 49.
92 of 426 steps (22%) done
Removing temporary output file /home/PERSONALE/eugenio.fonzi2/ANALYSES_WES/171222_test_20_bwa_threads/03_alignment_genome/01_intermediate/239_sorted.bam.
Finished job 182.
93 of 426 steps (22%) done

Job 181: >> 239 : indexing genome

Activating conda environment /home/PERSONALE/eugenio.fonzi2/WESPipeline/.snakemake/conda/e35b1969.
Finished job 30.
94 of 426 steps (22%) done
Removing temporary output file /home/PERSONALE/eugenio.fonzi2/ANALYSES_WES/171222_test_20_bwa_threads/01_fastq/02_postprocess/224_R2.fastq.
Removing temporary output file /home/PERSONALE/eugenio.fonzi2/ANALYSES_WES/171222_test_20_bwa_threads/01_fastq/02_postprocess/224_R1.fastq.
Finished job 70.
95 of 426 steps (22%) done

Job 59: >> 224 : fastqc1 on trimmed fastq


Activating conda environment /home/PERSONALE/eugenio.fonzi2/WESPipeline/.snakemake/conda/e35b1969.
Job 4: >> 224 : fastqc2 on trimmed fastq

Activating conda environment /home/PERSONALE/eugenio.fonzi2/WESPipeline/.snakemake/conda/e35b1969.
Finished job 43.
96 of 426 steps (23%) done
Finished job 83.
97 of 426 steps (23%) done

Job 404: >> 242 : PrintReads genome


Activating conda environment /home/PERSONALE/eugenio.fonzi2/WESPipeline/.snakemake/conda/e35b1969.
Job 84: >> 242 : PostRecalTable genome

Activating conda environment /home/PERSONALE/eugenio.fonzi2/WESPipeline/.snakemake/conda/e35b1969.
Finished job 59.
98 of 426 steps (23%) done
Finished job 4.
99 of 426 steps (23%) done
Finished job 181.
100 of 426 steps (23%) done

Job 183: >> 239 : RTC genome

Activating conda environment /home/PERSONALE/eugenio.fonzi2/WESPipeline/.snakemake/conda/e35b1969.
Finished job 453.
101 of 426 steps (24%) done

Job 443: >> 246 : sorting exome


Activating conda environment /home/PERSONALE/eugenio.fonzi2/WESPipeline/.snakemake/conda/e35b1969.
Job 457: >> 224 : Aligning to reference EXOME

Activating conda environment /home/PERSONALE/eugenio.fonzi2/WESPipeline/.snakemake/conda/e35b1969.
Removing temporary output file /home/PERSONALE/eugenio.fonzi2/ANALYSES_WES/171222_test_20_bwa_threads/04_alignment_exome/01_intermediate/245_sorted.bam.
Finished job 432.
102 of 426 steps (24%) done

Job 398: >> 245 : extractUnmapped convert

Activating conda environment /home/PERSONALE/eugenio.fonzi2/WESPipeline/.snakemake/conda/e35b1969.
Removing temporary output file /home/PERSONALE/eugenio.fonzi2/ANALYSES_WES/171222_test_20_bwa_threads/04_alignment_exome/01_intermediate/3010.sam.
Finished job 446.
103 of 426 steps (24%) done

Job 436: >> 3010 : extractUnmapped extract

Activating conda environment /home/PERSONALE/eugenio.fonzi2/WESPipeline/.snakemake/conda/e35b1969.
Finished job 183.
104 of 426 steps (24%) done

Job 135: >> 239 : IndelRealigner genome

Activating conda environment /home/PERSONALE/eugenio.fonzi2/WESPipeline/.snakemake/conda/e35b1969.
Removing temporary output file /home/PERSONALE/eugenio.fonzi2/ANALYSES_WES/171222_test_20_bwa_threads/04_alignment_exome/01_intermediate/245_unmapped.bam.
Finished job 398.
105 of 426 steps (25%) done
Finished job 457.
106 of 426 steps (25%) done

Job 447: >> 224 : sorting exome


Activating conda environment /home/PERSONALE/eugenio.fonzi2/WESPipeline/.snakemake/conda/e35b1969.
Job 454: >> 2973 : Aligning to reference EXOME

Activating conda environment /home/PERSONALE/eugenio.fonzi2/WESPipeline/.snakemake/conda/e35b1969.
Finished job 454.
107 of 426 steps (25%) done

Job 449: >> 3062 : Aligning to reference EXOME


Job 444: >> 2973 : sorting exome
Activating conda environment /home/PERSONALE/eugenio.fonzi2/WESPipeline/.snakemake/conda/e35b1969.

Activating conda environment /home/PERSONALE/eugenio.fonzi2/WESPipeline/.snakemake/conda/e35b1969.
Removing temporary output file /home/PERSONALE/eugenio.fonzi2/ANALYSES_WES/171222_test_20_bwa_threads/04_alignment_exome/01_intermediate/3010_sorted.bam.
Finished job 436.
108 of 426 steps (25%) done

Job 418: >> 3010 : extractUnmapped convert

Activating conda environment /home/PERSONALE/eugenio.fonzi2/WESPipeline/.snakemake/conda/e35b1969.
Removing temporary output file /home/PERSONALE/eugenio.fonzi2/ANALYSES_WES/171222_test_20_bwa_threads/04_alignment_exome/01_intermediate/246.sam.
Finished job 443.
109 of 426 steps (26%) done

Job 433: >> 246 : extractUnmapped extract

Activating conda environment /home/PERSONALE/eugenio.fonzi2/WESPipeline/.snakemake/conda/e35b1969.
Removing temporary output file /home/PERSONALE/eugenio.fonzi2/ANALYSES_WES/171222_test_20_bwa_threads/04_alignment_exome/01_intermediate/3010_unmapped.bam.
Finished job 418.
110 of 426 steps (26%) done
Removing temporary output file /home/PERSONALE/eugenio.fonzi2/ANALYSES_WES/171222_test_20_bwa_threads/01_fastq/02_postprocess/3108_R1.fastq.
Removing temporary output file /home/PERSONALE/eugenio.fonzi2/ANALYSES_WES/171222_test_20_bwa_threads/01_fastq/02_postprocess/3108_R2.fastq.
Finished job 81.
111 of 426 steps (26%) done

Job 51: >> 3108 : fastqc2 on trimmed fastq


Activating conda environment /home/PERSONALE/eugenio.fonzi2/WESPipeline/.snakemake/conda/e35b1969.
Job 13: >> 3108 : fastqc1 on trimmed fastq

Activating conda environment /home/PERSONALE/eugenio.fonzi2/WESPipeline/.snakemake/conda/e35b1969.
Finished job 13.
112 of 426 steps (26%) done
Finished job 51.
113 of 426 steps (27%) done
Finished job 449.
114 of 426 steps (27%) done

Job 458: >> 3108 : Aligning to reference EXOME


Activating conda environment /home/PERSONALE/eugenio.fonzi2/WESPipeline/.snakemake/conda/e35b1969.
Job 439: >> 3062 : sorting exome

Activating conda environment /home/PERSONALE/eugenio.fonzi2/WESPipeline/.snakemake/conda/e35b1969.
Removing temporary output file /home/PERSONALE/eugenio.fonzi2/ANALYSES_WES/171222_test_20_bwa_threads/03_alignment_genome/01_intermediate/239_marked.bai.
Removing temporary output file /home/PERSONALE/eugenio.fonzi2/ANALYSES_WES/171222_test_20_bwa_threads/03_alignment_genome/01_intermediate/239_marked.bam.
Finished job 135.
115 of 426 steps (27%) done

Job 74: >> 239 : BaseRecal genome

Activating conda environment /home/PERSONALE/eugenio.fonzi2/WESPipeline/.snakemake/conda/e35b1969.
Removing temporary output file /home/PERSONALE/eugenio.fonzi2/ANALYSES_WES/171222_test_20_bwa_threads/04_alignment_exome/01_intermediate/246_sorted.bam.
Finished job 433.
116 of 426 steps (27%) done

Job 399: >> 246 : extractUnmapped convert

Activating conda environment /home/PERSONALE/eugenio.fonzi2/WESPipeline/.snakemake/conda/e35b1969.
Removing temporary output file /home/PERSONALE/eugenio.fonzi2/ANALYSES_WES/171222_test_20_bwa_threads/04_alignment_exome/01_intermediate/246_unmapped.bam.
Finished job 399.
117 of 426 steps (27%) done
Finished job 404.
118 of 426 steps (28%) done

Job 406: >> 242 : Varscan on sample genomic alignment

Activating conda environment /home/PERSONALE/eugenio.fonzi2/WESPipeline/.snakemake/conda/e35b1969.
Removing temporary output file /home/PERSONALE/eugenio.fonzi2/ANALYSES_WES/171222_test_20_bwa_threads/04_alignment_exome/01_intermediate/224.sam.
Finished job 447.
119 of 426 steps (28%) done

Job 437: >> 224 : extractUnmapped extract

Activating conda environment /home/PERSONALE/eugenio.fonzi2/WESPipeline/.snakemake/conda/e35b1969.
Removing temporary output file /home/PERSONALE/eugenio.fonzi2/ANALYSES_WES/171222_test_20_bwa_threads/03_alignment_genome/01_intermediate/242_realigned.bai.
Removing temporary output file /home/PERSONALE/eugenio.fonzi2/ANALYSES_WES/171222_test_20_bwa_threads/03_alignment_genome/01_intermediate/242_realigned.bam.
Finished job 84.
120 of 426 steps (28%) done

Job 15: >> 242 : AnalyzeCovariates genome

Activating conda environment /home/PERSONALE/eugenio.fonzi2/WESPipeline/.snakemake/conda/e35b1969.
Finished job 15.
121 of 426 steps (28%) done
Finished job 458.
122 of 426 steps (29%) done

Job 448: >> 3108 : sorting exome


Activating conda environment /home/PERSONALE/eugenio.fonzi2/WESPipeline/.snakemake/conda/e35b1969.
Job 455: >> 3154 : Aligning to reference EXOME

Activating conda environment /home/PERSONALE/eugenio.fonzi2/WESPipeline/.snakemake/conda/e35b1969.
Removing temporary output file /home/PERSONALE/eugenio.fonzi2/ANALYSES_WES/171222_test_20_bwa_threads/04_alignment_exome/01_intermediate/2973.sam.
Finished job 444.
123 of 426 steps (29%) done

Job 434: >> 2973 : extractUnmapped extract

Activating conda environment /home/PERSONALE/eugenio.fonzi2/WESPipeline/.snakemake/conda/e35b1969.
Finished job 406.
124 of 426 steps (29%) done
Finished job 455.
125 of 426 steps (29%) done

Job 445: >> 3154 : sorting exome


Activating conda environment /home/PERSONALE/eugenio.fonzi2/WESPipeline/.snakemake/conda/e35b1969.
Job 372: >> 3108 : Aligning to reference NUCLEAR GENOME

Activating conda environment /home/PERSONALE/eugenio.fonzi2/WESPipeline/.snakemake/conda/e35b1969.
Finished job 74.
126 of 426 steps (30%) done

Job 75: >> 239 : PostRecalTable genome


Activating conda environment /home/PERSONALE/eugenio.fonzi2/WESPipeline/.snakemake/conda/e35b1969.
Job 395: >> 239 : PrintReads genome

Activating conda environment /home/PERSONALE/eugenio.fonzi2/WESPipeline/.snakemake/conda/e35b1969.
Removing temporary output file /home/PERSONALE/eugenio.fonzi2/ANALYSES_WES/171222_test_20_bwa_threads/04_alignment_exome/01_intermediate/224_sorted.bam.
Finished job 437.
127 of 426 steps (30%) done

Job 419: >> 224 : extractUnmapped convert

Activating conda environment /home/PERSONALE/eugenio.fonzi2/WESPipeline/.snakemake/conda/e35b1969.
Removing temporary output file /home/PERSONALE/eugenio.fonzi2/ANALYSES_WES/171222_test_20_bwa_threads/04_alignment_exome/01_intermediate/3062.sam.
Finished job 439.
128 of 426 steps (30%) done

Job 429: >> 3062 : extractUnmapped extract

Activating conda environment /home/PERSONALE/eugenio.fonzi2/WESPipeline/.snakemake/conda/e35b1969.
Removing temporary output file /home/PERSONALE/eugenio.fonzi2/ANALYSES_WES/171222_test_20_bwa_threads/04_alignment_exome/01_intermediate/2973_sorted.bam.
Finished job 434.
129 of 426 steps (30%) done

Job 408: >> 2973 : extractUnmapped convert

Activating conda environment /home/PERSONALE/eugenio.fonzi2/WESPipeline/.snakemake/conda/e35b1969.
Removing temporary output file /home/PERSONALE/eugenio.fonzi2/ANALYSES_WES/171222_test_20_bwa_threads/04_alignment_exome/01_intermediate/224_unmapped.bam.
Finished job 419.
130 of 426 steps (31%) done
Finished job 372.
131 of 426 steps (31%) done

Job 326: >> 3108 : sorting genome


Activating conda environment /home/PERSONALE/eugenio.fonzi2/WESPipeline/.snakemake/conda/e35b1969.
Job 355: >> 224 : Aligning to reference NUCLEAR GENOME

Activating conda environment /home/PERSONALE/eugenio.fonzi2/WESPipeline/.snakemake/conda/e35b1969.
Removing temporary output file /home/PERSONALE/eugenio.fonzi2/ANALYSES_WES/171222_test_20_bwa_threads/04_alignment_exome/01_intermediate/2973_unmapped.bam.
Finished job 408.
132 of 426 steps (31%) done
Removing temporary output file /home/PERSONALE/eugenio.fonzi2/ANALYSES_WES/171222_test_20_bwa_threads/04_alignment_exome/01_intermediate/3062_sorted.bam.
Finished job 429.
133 of 426 steps (31%) done

Job 374: >> 3062 : extractUnmapped convert

Activating conda environment /home/PERSONALE/eugenio.fonzi2/WESPipeline/.snakemake/conda/e35b1969.
Removing temporary output file /home/PERSONALE/eugenio.fonzi2/ANALYSES_WES/171222_test_20_bwa_threads/04_alignment_exome/01_intermediate/3154.sam.
Finished job 445.
134 of 426 steps (31%) done

Job 435: >> 3154 : extractUnmapped extract

Activating conda environment /home/PERSONALE/eugenio.fonzi2/WESPipeline/.snakemake/conda/e35b1969.
Removing temporary output file /home/PERSONALE/eugenio.fonzi2/ANALYSES_WES/171222_test_20_bwa_threads/04_alignment_exome/01_intermediate/3108.sam.
Finished job 448.
135 of 426 steps (32%) done

Job 438: >> 3108 : extractUnmapped extract

Activating conda environment /home/PERSONALE/eugenio.fonzi2/WESPipeline/.snakemake/conda/e35b1969.
Finished job 355.
136 of 426 steps (32%) done

Job 371: >> 2973 : Aligning to reference NUCLEAR GENOME


Job 307: >> 224 : sorting genome

Activating conda environment /home/PERSONALE/eugenio.fonzi2/WESPipeline/.snakemake/conda/e35b1969.
Activating conda environment /home/PERSONALE/eugenio.fonzi2/WESPipeline/.snakemake/conda/e35b1969.
Removing temporary output file /home/PERSONALE/eugenio.fonzi2/ANALYSES_WES/171222_test_20_bwa_threads/04_alignment_exome/01_intermediate/3062_unmapped.bam.
Finished job 374.
137 of 426 steps (32%) done
Removing temporary output file /home/PERSONALE/eugenio.fonzi2/ANALYSES_WES/171222_test_20_bwa_threads/04_alignment_exome/01_intermediate/3154_sorted.bam.
Finished job 435.
138 of 426 steps (32%) done

Job 409: >> 3154 : extractUnmapped convert

Activating conda environment /home/PERSONALE/eugenio.fonzi2/WESPipeline/.snakemake/conda/e35b1969.
Removing temporary output file /home/PERSONALE/eugenio.fonzi2/ANALYSES_WES/171222_test_20_bwa_threads/04_alignment_exome/01_intermediate/3154_unmapped.bam.
Finished job 409.
139 of 426 steps (33%) done
Finished job 371.
140 of 426 steps (33%) done

Job 354: >> 3062 : Aligning to reference NUCLEAR GENOME


Activating conda environment /home/PERSONALE/eugenio.fonzi2/WESPipeline/.snakemake/conda/e35b1969.
Job 325: >> 2973 : sorting genome

Activating conda environment /home/PERSONALE/eugenio.fonzi2/WESPipeline/.snakemake/conda/e35b1969.
Removing temporary output file /home/PERSONALE/eugenio.fonzi2/ANALYSES_WES/171222_test_20_bwa_threads/04_alignment_exome/01_intermediate/3108_sorted.bam.
Finished job 438.
141 of 426 steps (33%) done

Job 428: >> 3108 : extractUnmapped convert

Activating conda environment /home/PERSONALE/eugenio.fonzi2/WESPipeline/.snakemake/conda/e35b1969.
Removing temporary output file /home/PERSONALE/eugenio.fonzi2/ANALYSES_WES/171222_test_20_bwa_threads/03_alignment_genome/01_intermediate/3108.sam.
Finished job 326.
142 of 426 steps (33%) done

Job 264: >> 3108 : marking genome

Activating conda environment /home/PERSONALE/eugenio.fonzi2/WESPipeline/.snakemake/conda/e35b1969.
Finished job 75.
143 of 426 steps (34%) done

Job 7: >> 239 : AnalyzeCovariates genome

Activating conda environment /home/PERSONALE/eugenio.fonzi2/WESPipeline/.snakemake/conda/e35b1969.
Finished job 7.
144 of 426 steps (34%) done
Removing temporary output file /home/PERSONALE/eugenio.fonzi2/ANALYSES_WES/171222_test_20_bwa_threads/03_alignment_genome/01_intermediate/239_realigned.bai.
Removing temporary output file /home/PERSONALE/eugenio.fonzi2/ANALYSES_WES/171222_test_20_bwa_threads/03_alignment_genome/01_intermediate/239_realigned.bam.
Finished job 395.
145 of 426 steps (34%) done

Job 389: >> 239 : Varscan on sample genomic alignment

Activating conda environment /home/PERSONALE/eugenio.fonzi2/WESPipeline/.snakemake/conda/e35b1969.
Removing temporary output file /home/PERSONALE/eugenio.fonzi2/ANALYSES_WES/171222_test_20_bwa_threads/04_alignment_exome/01_intermediate/3108_unmapped.bam.
Finished job 428.
146 of 426 steps (34%) done
Finished job 354.
147 of 426 steps (35%) done

Job 306: >> 3062 : sorting genome


Activating conda environment /home/PERSONALE/eugenio.fonzi2/WESPipeline/.snakemake/conda/e35b1969.
Job 353: >> 3154 : Aligning to reference NUCLEAR GENOME

Activating conda environment /home/PERSONALE/eugenio.fonzi2/WESPipeline/.snakemake/conda/e35b1969.
Removing temporary output file /home/PERSONALE/eugenio.fonzi2/ANALYSES_WES/171222_test_20_bwa_threads/03_alignment_genome/01_intermediate/224.sam.
Finished job 307.
148 of 426 steps (35%) done

Job 227: >> 224 : marking genome

Activating conda environment /home/PERSONALE/eugenio.fonzi2/WESPipeline/.snakemake/conda/e35b1969.
Finished job 389.
149 of 426 steps (35%) done
Removing temporary output file /home/PERSONALE/eugenio.fonzi2/ANALYSES_WES/171222_test_20_bwa_threads/03_alignment_genome/01_intermediate/2973.sam.
Finished job 325.
150 of 426 steps (35%) done

Job 262: >> 2973 : marking genome

Activating conda environment /home/PERSONALE/eugenio.fonzi2/WESPipeline/.snakemake/conda/e35b1969.
Finished job 353.
151 of 426 steps (35%) done

Job 305: >> 3154 : sorting genome


Activating conda environment /home/PERSONALE/eugenio.fonzi2/WESPipeline/.snakemake/conda/e35b1969.
Job 362: >> 245 : Aligning to reference NUCLEAR GENOME

Activating conda environment /home/PERSONALE/eugenio.fonzi2/WESPipeline/.snakemake/conda/e35b1969.
Removing temporary output file /home/PERSONALE/eugenio.fonzi2/ANALYSES_WES/171222_test_20_bwa_threads/03_alignment_genome/01_intermediate/3108_sorted.bam.
Finished job 264.
152 of 426 steps (36%) done

Job 265: >> 3108 : indexing genome

Activating conda environment /home/PERSONALE/eugenio.fonzi2/WESPipeline/.snakemake/conda/e35b1969.
Finished job 265.
153 of 426 steps (36%) done

Job 266: >> 3108 : RTC genome

Activating conda environment /home/PERSONALE/eugenio.fonzi2/WESPipeline/.snakemake/conda/e35b1969.
Removing temporary output file /home/PERSONALE/eugenio.fonzi2/ANALYSES_WES/171222_test_20_bwa_threads/03_alignment_genome/01_intermediate/224_sorted.bam.
Finished job 227.
154 of 426 steps (36%) done

Job 226: >> 224 : indexing genome

Activating conda environment /home/PERSONALE/eugenio.fonzi2/WESPipeline/.snakemake/conda/e35b1969.
Finished job 362.
155 of 426 steps (36%) done

Job 315: >> 245 : sorting genome


Job 347: >> 3010 : Aligning to reference NUCLEAR GENOME

Activating conda environment /home/PERSONALE/eugenio.fonzi2/WESPipeline/.snakemake/conda/e35b1969.
Activating conda environment /home/PERSONALE/eugenio.fonzi2/WESPipeline/.snakemake/conda/e35b1969.
Removing temporary output file /home/PERSONALE/eugenio.fonzi2/ANALYSES_WES/171222_test_20_bwa_threads/03_alignment_genome/01_intermediate/3062.sam.
Finished job 306.
156 of 426 steps (37%) done

Job 222: >> 3062 : marking genome

Activating conda environment /home/PERSONALE/eugenio.fonzi2/WESPipeline/.snakemake/conda/e35b1969.
Finished job 226.
157 of 426 steps (37%) done

Job 225: >> 224 : RTC genome

Activating conda environment /home/PERSONALE/eugenio.fonzi2/WESPipeline/.snakemake/conda/e35b1969.
Finished job 266.
158 of 426 steps (37%) done

Job 173: >> 3108 : IndelRealigner genome

Activating conda environment /home/PERSONALE/eugenio.fonzi2/WESPipeline/.snakemake/conda/e35b1969.
Removing temporary output file /home/PERSONALE/eugenio.fonzi2/ANALYSES_WES/171222_test_20_bwa_threads/03_alignment_genome/01_intermediate/2973_sorted.bam.
Finished job 262.
159 of 426 steps (37%) done

Job 263: >> 2973 : indexing genome

Activating conda environment /home/PERSONALE/eugenio.fonzi2/WESPipeline/.snakemake/conda/e35b1969.
Finished job 263.
160 of 426 steps (38%) done

Job 261: >> 2973 : RTC genome

Activating conda environment /home/PERSONALE/eugenio.fonzi2/WESPipeline/.snakemake/conda/e35b1969.
Finished job 225.
161 of 426 steps (38%) done

Job 159: >> 224 : IndelRealigner genome

Activating conda environment /home/PERSONALE/eugenio.fonzi2/WESPipeline/.snakemake/conda/e35b1969.
Removing temporary output file /home/PERSONALE/eugenio.fonzi2/ANALYSES_WES/171222_test_20_bwa_threads/03_alignment_genome/01_intermediate/3154.sam.
Finished job 305.
162 of 426 steps (38%) done

Job 219: >> 3154 : marking genome

Activating conda environment /home/PERSONALE/eugenio.fonzi2/WESPipeline/.snakemake/conda/e35b1969.
Finished job 347.
163 of 426 steps (38%) done

Job 365: >> 246 : Aligning to reference NUCLEAR GENOME


Activating conda environment /home/PERSONALE/eugenio.fonzi2/WESPipeline/.snakemake/conda/e35b1969.
Job 298: >> 3010 : sorting genome

Activating conda environment /home/PERSONALE/eugenio.fonzi2/WESPipeline/.snakemake/conda/e35b1969.
Finished job 261.
164 of 426 steps (38%) done

Job 172: >> 2973 : IndelRealigner genome

Activating conda environment /home/PERSONALE/eugenio.fonzi2/WESPipeline/.snakemake/conda/e35b1969.
Removing temporary output file /home/PERSONALE/eugenio.fonzi2/ANALYSES_WES/171222_test_20_bwa_threads/03_alignment_genome/01_intermediate/245.sam.
Finished job 315.
165 of 426 steps (39%) done

Job 240: >> 245 : marking genome

Activating conda environment /home/PERSONALE/eugenio.fonzi2/WESPipeline/.snakemake/conda/e35b1969.
Removing temporary output file /home/PERSONALE/eugenio.fonzi2/ANALYSES_WES/171222_test_20_bwa_threads/03_alignment_genome/01_intermediate/3062_sorted.bam.
Finished job 222.
166 of 426 steps (39%) done

Job 224: >> 3062 : indexing genome

Activating conda environment /home/PERSONALE/eugenio.fonzi2/WESPipeline/.snakemake/conda/e35b1969.
Finished job 365.
167 of 426 steps (39%) done

Job 318: >> 246 : sorting genome


Job 370: >> 3108 : Aligning to reference MITOCHONDRIAL GENOME

Activating conda environment /home/PERSONALE/eugenio.fonzi2/WESPipeline/.snakemake/conda/e35b1969.
Activating conda environment /home/PERSONALE/eugenio.fonzi2/WESPipeline/.snakemake/conda/e35b1969.
Finished job 224.
168 of 426 steps (39%) done

Job 223: >> 3062 : RTC genome

Activating conda environment /home/PERSONALE/eugenio.fonzi2/WESPipeline/.snakemake/conda/e35b1969.
Finished job 370.
169 of 426 steps (40%) done

Job 327: >> 3062 : Aligning to reference MITOCHONDRIAL GENOME


Activating conda environment /home/PERSONALE/eugenio.fonzi2/WESPipeline/.snakemake/conda/e35b1969.
Job 324: >> 3108 : sorting MT

Activating conda environment /home/PERSONALE/eugenio.fonzi2/WESPipeline/.snakemake/conda/e35b1969.
Removing temporary output file /home/PERSONALE/eugenio.fonzi2/ANALYSES_WES/171222_test_20_bwa_threads/03_alignment_genome/01_intermediate/3154_sorted.bam.
Finished job 219.
170 of 426 steps (40%) done

Job 220: >> 3154 : indexing genome

Activating conda environment /home/PERSONALE/eugenio.fonzi2/WESPipeline/.snakemake/conda/e35b1969.
Finished job 223.
171 of 426 steps (40%) done

Job 156: >> 3062 : IndelRealigner genome

Activating conda environment /home/PERSONALE/eugenio.fonzi2/WESPipeline/.snakemake/conda/e35b1969.
Error in rule marking_genome:
    jobid: 240
    output: /home/PERSONALE/eugenio.fonzi2/ANALYSES_WES/171222_test_20_bwa_threads/03_alignment_genome/01_intermediate/245_marked.bam
Error in rule sorting_genome:
    log: /home/PERSONALE/eugenio.fonzi2/ANALYSES_WES/171222_test_20_bwa_threads/03_alignment_genome/245_metrix.log, /home/PERSONALE/eugenio.fonzi2/ANALYSES_WES/171222_test_20_bwa_threads/03_alignment_genome/245_marking.log
    jobid: 298

    output: /home/PERSONALE/eugenio.fonzi2/ANALYSES_WES/171222_test_20_bwa_threads/03_alignment_genome/01_intermediate/3010_sorted.bam
    log: /home/PERSONALE/eugenio.fonzi2/ANALYSES_WES/171222_test_20_bwa_threads/03_alignment_genome/3010_sorting.log

RuleException:
CalledProcessError in line 569 of /home/PERSONALE/eugenio.fonzi2/WESPipeline/snakefile_01.py:
Command 'source activate /home/PERSONALE/eugenio.fonzi2/WESPipeline/.snakemake/conda/e35b1969; set -euo pipefail;  java -jar /home/PERSONALE/eugenio.fonzi2/softwares/picard-tools-1.119/SortSam.jar INPUT=/home/PERSONALE/eugenio.fonzi2/ANALYSES_WES/171222_test_20_bwa_threads/03_alignment_genome/01_intermediate/3010.sam OUTPUT=/home/PERSONALE/eugenio.fonzi2/ANALYSES_WES/171222_test_20_bwa_threads/03_alignment_genome/01_intermediate/3010_sorted.bam SORT_ORDER=coordinate TMP_DIR=/home/PERSONALE/eugenio.fonzi2/ANALYSES_WES/171222_test_20_bwa_threads/tmp/ 2> /home/PERSONALE/eugenio.fonzi2/ANALYSES_WES/171222_test_20_bwa_threads/03_alignment_genome/3010_sorting.log ' returned non-zero exit status 1.
  File "/home/PERSONALE/eugenio.fonzi2/WESPipeline/snakefile_01.py", line 569, in __rule_sorting_genome
  File "/home/PERSONALE/eugenio.fonzi2/miniconda3/lib/python3.6/concurrent/futures/thread.py", line 56, in run
Removing output files of failed job sorting_genome since they might be corrupted:
/home/PERSONALE/eugenio.fonzi2/ANALYSES_WES/171222_test_20_bwa_threads/03_alignment_genome/01_intermediate/3010_sorted.bam
RuleException:
CalledProcessError in line 593 of /home/PERSONALE/eugenio.fonzi2/WESPipeline/snakefile_01.py:
Command 'source activate /home/PERSONALE/eugenio.fonzi2/WESPipeline/.snakemake/conda/e35b1969; set -euo pipefail;  java -jar /home/PERSONALE/eugenio.fonzi2/softwares/picard-tools-1.119/MarkDuplicates.jar INPUT=/home/PERSONALE/eugenio.fonzi2/ANALYSES_WES/171222_test_20_bwa_threads/03_alignment_genome/01_intermediate/245_sorted.bam OUTPUT=/home/PERSONALE/eugenio.fonzi2/ANALYSES_WES/171222_test_20_bwa_threads/03_alignment_genome/01_intermediate/245_marked.bam METRICS_FILE=/home/PERSONALE/eugenio.fonzi2/ANALYSES_WES/171222_test_20_bwa_threads/03_alignment_genome/245_metrix.log  MAX_FILE_HANDLES_FOR_READ_ENDS_MAP=1000 TMP_DIR=/home/PERSONALE/eugenio.fonzi2/ANALYSES_WES/171222_test_20_bwa_threads/tmp/ 2> /home/PERSONALE/eugenio.fonzi2/ANALYSES_WES/171222_test_20_bwa_threads/03_alignment_genome/245_marking.log ' returned non-zero exit status 1.
  File "/home/PERSONALE/eugenio.fonzi2/WESPipeline/snakefile_01.py", line 593, in __rule_marking_genome
  File "/home/PERSONALE/eugenio.fonzi2/miniconda3/lib/python3.6/concurrent/futures/thread.py", line 56, in run
Removing output files of failed job marking_genome since they might be corrupted:
/home/PERSONALE/eugenio.fonzi2/ANALYSES_WES/171222_test_20_bwa_threads/03_alignment_genome/01_intermediate/245_marked.bam
Error in rule IndelRealigner_genome:
    jobid: 156
    output: /home/PERSONALE/eugenio.fonzi2/ANALYSES_WES/171222_test_20_bwa_threads/03_alignment_genome/01_intermediate/3062_realigned.bam, /home/PERSONALE/eugenio.fonzi2/ANALYSES_WES/171222_test_20_bwa_threads/03_alignment_genome/01_intermediate/3062_realigned.bai
    log: /home/PERSONALE/eugenio.fonzi2/ANALYSES_WES/171222_test_20_bwa_threads/03_alignment_genome/logs/3062_IndelRealigner.log

RuleException:
CalledProcessError in line 668 of /home/PERSONALE/eugenio.fonzi2/WESPipeline/snakefile_01.py:
Command 'source activate /home/PERSONALE/eugenio.fonzi2/WESPipeline/.snakemake/conda/e35b1969; set -euo pipefail;  java -jar /home/PERSONALE/eugenio.fonzi2/softwares/GenomeAnalysisTK-3.4-0/GenomeAnalysisTK.jar -T IndelRealigner -R /home/PERSONALE/eugenio.fonzi2/data_ref/human_g1k_v37.fasta -I /home/PERSONALE/eugenio.fonzi2/ANALYSES_WES/171222_test_20_bwa_threads/03_alignment_genome/01_intermediate/3062_marked.bam -targetIntervals /home/PERSONALE/eugenio.fonzi2/ANALYSES_WES/171222_test_20_bwa_threads/03_alignment_genome/logs/3062.intervals -known /home/PERSONALE/eugenio.fonzi2/data_ref/Mills_and_1000G_gold_standard.indels.b37.vcf -ip 50 -o /home/PERSONALE/eugenio.fonzi2/ANALYSES_WES/171222_test_20_bwa_threads/03_alignment_genome/01_intermediate/3062_realigned.bam 2> /home/PERSONALE/eugenio.fonzi2/ANALYSES_WES/171222_test_20_bwa_threads/03_alignment_genome/logs/3062_IndelRealigner.log ' returned non-zero exit status 1.
  File "/home/PERSONALE/eugenio.fonzi2/WESPipeline/snakefile_01.py", line 668, in __rule_IndelRealigner_genome
  File "/home/PERSONALE/eugenio.fonzi2/miniconda3/lib/python3.6/concurrent/futures/thread.py", line 56, in run
Will exit after finishing currently running jobs.
Removing output files of failed job IndelRealigner_genome since they might be corrupted:
/home/PERSONALE/eugenio.fonzi2/ANALYSES_WES/171222_test_20_bwa_threads/03_alignment_genome/01_intermediate/3062_realigned.bam, /home/PERSONALE/eugenio.fonzi2/ANALYSES_WES/171222_test_20_bwa_threads/03_alignment_genome/01_intermediate/3062_realigned.bai
Will exit after finishing currently running jobs.
Will exit after finishing currently running jobs.
Error in rule IndelRealigner_genome:
    jobid: 173
    output: /home/PERSONALE/eugenio.fonzi2/ANALYSES_WES/171222_test_20_bwa_threads/03_alignment_genome/01_intermediate/3108_realigned.bam, /home/PERSONALE/eugenio.fonzi2/ANALYSES_WES/171222_test_20_bwa_threads/03_alignment_genome/01_intermediate/3108_realigned.bai
    log: /home/PERSONALE/eugenio.fonzi2/ANALYSES_WES/171222_test_20_bwa_threads/03_alignment_genome/logs/3108_IndelRealigner.log

RuleException:
CalledProcessError in line 668 of /home/PERSONALE/eugenio.fonzi2/WESPipeline/snakefile_01.py:
Command 'source activate /home/PERSONALE/eugenio.fonzi2/WESPipeline/.snakemake/conda/e35b1969; set -euo pipefail;  java -jar /home/PERSONALE/eugenio.fonzi2/softwares/GenomeAnalysisTK-3.4-0/GenomeAnalysisTK.jar -T IndelRealigner -R /home/PERSONALE/eugenio.fonzi2/data_ref/human_g1k_v37.fasta -I /home/PERSONALE/eugenio.fonzi2/ANALYSES_WES/171222_test_20_bwa_threads/03_alignment_genome/01_intermediate/3108_marked.bam -targetIntervals /home/PERSONALE/eugenio.fonzi2/ANALYSES_WES/171222_test_20_bwa_threads/03_alignment_genome/logs/3108.intervals -known /home/PERSONALE/eugenio.fonzi2/data_ref/Mills_and_1000G_gold_standard.indels.b37.vcf -ip 50 -o /home/PERSONALE/eugenio.fonzi2/ANALYSES_WES/171222_test_20_bwa_threads/03_alignment_genome/01_intermediate/3108_realigned.bam 2> /home/PERSONALE/eugenio.fonzi2/ANALYSES_WES/171222_test_20_bwa_threads/03_alignment_genome/logs/3108_IndelRealigner.log ' returned non-zero exit status 1.
  File "/home/PERSONALE/eugenio.fonzi2/WESPipeline/snakefile_01.py", line 668, in __rule_IndelRealigner_genome
  File "/home/PERSONALE/eugenio.fonzi2/miniconda3/lib/python3.6/concurrent/futures/thread.py", line 56, in run
Removing output files of failed job IndelRealigner_genome since they might be corrupted:
/home/PERSONALE/eugenio.fonzi2/ANALYSES_WES/171222_test_20_bwa_threads/03_alignment_genome/01_intermediate/3108_realigned.bam, /home/PERSONALE/eugenio.fonzi2/ANALYSES_WES/171222_test_20_bwa_threads/03_alignment_genome/01_intermediate/3108_realigned.bai
Error in rule IndelRealigner_genome:
    jobid: 172
    output: /home/PERSONALE/eugenio.fonzi2/ANALYSES_WES/171222_test_20_bwa_threads/03_alignment_genome/01_intermediate/2973_realigned.bam, /home/PERSONALE/eugenio.fonzi2/ANALYSES_WES/171222_test_20_bwa_threads/03_alignment_genome/01_intermediate/2973_realigned.bai
    log: /home/PERSONALE/eugenio.fonzi2/ANALYSES_WES/171222_test_20_bwa_threads/03_alignment_genome/logs/2973_IndelRealigner.log

RuleException:
CalledProcessError in line 668 of /home/PERSONALE/eugenio.fonzi2/WESPipeline/snakefile_01.py:
Command 'source activate /home/PERSONALE/eugenio.fonzi2/WESPipeline/.snakemake/conda/e35b1969; set -euo pipefail;  java -jar /home/PERSONALE/eugenio.fonzi2/softwares/GenomeAnalysisTK-3.4-0/GenomeAnalysisTK.jar -T IndelRealigner -R /home/PERSONALE/eugenio.fonzi2/data_ref/human_g1k_v37.fasta -I /home/PERSONALE/eugenio.fonzi2/ANALYSES_WES/171222_test_20_bwa_threads/03_alignment_genome/01_intermediate/2973_marked.bam -targetIntervals /home/PERSONALE/eugenio.fonzi2/ANALYSES_WES/171222_test_20_bwa_threads/03_alignment_genome/logs/2973.intervals -known /home/PERSONALE/eugenio.fonzi2/data_ref/Mills_and_1000G_gold_standard.indels.b37.vcf -ip 50 -o /home/PERSONALE/eugenio.fonzi2/ANALYSES_WES/171222_test_20_bwa_threads/03_alignment_genome/01_intermediate/2973_realigned.bam 2> /home/PERSONALE/eugenio.fonzi2/ANALYSES_WES/171222_test_20_bwa_threads/03_alignment_genome/logs/2973_IndelRealigner.log ' returned non-zero exit status 1.
  File "/home/PERSONALE/eugenio.fonzi2/WESPipeline/snakefile_01.py", line 668, in __rule_IndelRealigner_genome
  File "/home/PERSONALE/eugenio.fonzi2/miniconda3/lib/python3.6/concurrent/futures/thread.py", line 56, in run
Removing output files of failed job IndelRealigner_genome since they might be corrupted:
/home/PERSONALE/eugenio.fonzi2/ANALYSES_WES/171222_test_20_bwa_threads/03_alignment_genome/01_intermediate/2973_realigned.bam, /home/PERSONALE/eugenio.fonzi2/ANALYSES_WES/171222_test_20_bwa_threads/03_alignment_genome/01_intermediate/2973_realigned.bai
Error in rule IndelRealigner_genome:
    jobid: 159
    output: /home/PERSONALE/eugenio.fonzi2/ANALYSES_WES/171222_test_20_bwa_threads/03_alignment_genome/01_intermediate/224_realigned.bam, /home/PERSONALE/eugenio.fonzi2/ANALYSES_WES/171222_test_20_bwa_threads/03_alignment_genome/01_intermediate/224_realigned.bai
    log: /home/PERSONALE/eugenio.fonzi2/ANALYSES_WES/171222_test_20_bwa_threads/03_alignment_genome/logs/224_IndelRealigner.log

RuleException:
CalledProcessError in line 668 of /home/PERSONALE/eugenio.fonzi2/WESPipeline/snakefile_01.py:
Command 'source activate /home/PERSONALE/eugenio.fonzi2/WESPipeline/.snakemake/conda/e35b1969; set -euo pipefail;  java -jar /home/PERSONALE/eugenio.fonzi2/softwares/GenomeAnalysisTK-3.4-0/GenomeAnalysisTK.jar -T IndelRealigner -R /home/PERSONALE/eugenio.fonzi2/data_ref/human_g1k_v37.fasta -I /home/PERSONALE/eugenio.fonzi2/ANALYSES_WES/171222_test_20_bwa_threads/03_alignment_genome/01_intermediate/224_marked.bam -targetIntervals /home/PERSONALE/eugenio.fonzi2/ANALYSES_WES/171222_test_20_bwa_threads/03_alignment_genome/logs/224.intervals -known /home/PERSONALE/eugenio.fonzi2/data_ref/Mills_and_1000G_gold_standard.indels.b37.vcf -ip 50 -o /home/PERSONALE/eugenio.fonzi2/ANALYSES_WES/171222_test_20_bwa_threads/03_alignment_genome/01_intermediate/224_realigned.bam 2> /home/PERSONALE/eugenio.fonzi2/ANALYSES_WES/171222_test_20_bwa_threads/03_alignment_genome/logs/224_IndelRealigner.log ' returned non-zero exit status 1.
  File "/home/PERSONALE/eugenio.fonzi2/WESPipeline/snakefile_01.py", line 668, in __rule_IndelRealigner_genome
  File "/home/PERSONALE/eugenio.fonzi2/miniconda3/lib/python3.6/concurrent/futures/thread.py", line 56, in run
Will exit after finishing currently running jobs.
Removing output files of failed job IndelRealigner_genome since they might be corrupted:
/home/PERSONALE/eugenio.fonzi2/ANALYSES_WES/171222_test_20_bwa_threads/03_alignment_genome/01_intermediate/224_realigned.bam, /home/PERSONALE/eugenio.fonzi2/ANALYSES_WES/171222_test_20_bwa_threads/03_alignment_genome/01_intermediate/224_realigned.bai
Will exit after finishing currently running jobs.
Will exit after finishing currently running jobs.
Finished job 220.
172 of 426 steps (40%) done
Will exit after finishing currently running jobs.
Finished job 327.
173 of 426 steps (41%) done
Will exit after finishing currently running jobs.
Removing temporary output file /home/PERSONALE/eugenio.fonzi2/ANALYSES_WES/171222_test_20_bwa_threads/05_alignment_MT/01_intermediate/3108.sam.
Finished job 324.
174 of 426 steps (41%) done
Will exit after finishing currently running jobs.
Removing temporary output file /home/PERSONALE/eugenio.fonzi2/ANALYSES_WES/171222_test_20_bwa_threads/03_alignment_genome/01_intermediate/246.sam.
Finished job 318.
175 of 426 steps (41%) done
Will exit after finishing currently running jobs.
Exiting because a job execution failed. Look above for error message
Complete log: .snakemake/log/2017-12-27T005841.985032.snakemake.log
