Building DAG of jobs...
Provided cores: 32
Rules claiming more threads will be scaled down.
Job counts:
	count	jobs
	10	AnalyzeCovariates_MT
	10	AnalyzeCovariates_genome
	10	BaseRecal_MT
	10	BaseRecal_genome
	10	IndelRealigner_MT
	10	IndelRealigner_genome
	5	KeepOnlyVariants
	5	MergeMutectVarscan
	5	MergeWriteVariants
	5	MutectSplitVariants
	10	PostRecalTable_MT
	10	PostRecalTable_genome
	10	PrintReads_MT
	10	PrintReads_genome
	10	RTC_MT
	10	RTC_genome
	5	Remove_segdups
	5	VarscanSplitVariants
	1	all
	5	annovar_MT_mutect
	5	annovar_MT_varscan
	5	annovar_genome_mutect
	5	annovar_genome_varscan
	5	checkMAFs
	5	create_rsID_table
	10	downloadDecompressMergeFastq
	10	extractUnmapped_convert
	10	extractUnmapped_extract
	10	fastq_checkpoint
	10	fastqc_R1
	10	fastqc_R2
	10	fastqc_trimmed_R1
	10	fastqc_trimmed_R2
	5	filterExonicPolymorphic
	5	filterSomatic_Indel
	5	filterSomatic_SNV
	10	indexing_MT
	10	indexing_genome
	10	map_to_MT
	10	map_to_exome
	10	map_to_genome
	10	marking_MT
	10	marking_genome
	5	muTect_MT
	5	muTect_genome
	10	sorting_MT
	10	sorting_exome
	10	sorting_genome
	10	trim_02
	5	varscan_MT_patient
	10	varscan_MT_sample
	5	varscan_genome_patient
	10	varscan_genome_sample
	426

Job 139: >> 246 : downloading, decompressing and merging fastq 

Job 131: >> 2973 : downloading, decompressing and merging fastq 


Job 142: >> 3108 : downloading, decompressing and merging fastq 

Job 151: >> 3010 : downloading, decompressing and merging fastq 


Job 132: >> 242 : downloading, decompressing and merging fastq 

Job 150: >> 3154 : downloading, decompressing and merging fastq 


Job 141: >> 239 : downloading, decompressing and merging fastq 


Job 156: >> 224 : downloading, decompressing and merging fastq 


Job 133: >> 245 : downloading, decompressing and merging fastq 

Job 138: >> 3062 : downloading, decompressing and merging fastq 

Finished job 132.
1 of 426 steps (0.23%) done

Job 69: >> 242 : Check fastq size 

Finished job 69.
2 of 426 steps (0.47%) done

Job 78: >> 242 : Trimming


Job 56: >> 242 : fastqc2

Activating conda environment /home/PERSONALE/eugenio.fonzi2/WESPipeline/.snakemake/conda/e35b1969.

Job 4: >> 242 : fastqc1

Activating conda environment /home/PERSONALE/eugenio.fonzi2/WESPipeline/.snakemake/conda/e35b1969.
Finished job 4.
3 of 426 steps (0.70%) done
Finished job 56.
4 of 426 steps (0.94%) done
Finished job 141.
5 of 426 steps (1%) done

Job 83: >> 239 : Check fastq size 

Finished job 83.
6 of 426 steps (1%) done

Job 57: >> 239 : fastqc2

Activating conda environment /home/PERSONALE/eugenio.fonzi2/WESPipeline/.snakemake/conda/e35b1969.

Job 16: >> 239 : fastqc1

Activating conda environment /home/PERSONALE/eugenio.fonzi2/WESPipeline/.snakemake/conda/e35b1969.

Job 111: >> 239 : Trimming

Finished job 16.
7 of 426 steps (2%) done
Finished job 57.
8 of 426 steps (2%) done
Error in rule downloadDecompressMergeFastq:
    jobid: 139
    output: /home/PERSONALE/eugenio.fonzi2/ANALYSES_WES/171222_test_16_bwa_threads/01_fastq/02_postprocess/246_R1_unchecked.fastq, /home/PERSONALE/eugenio.fonzi2/ANALYSES_WES/171222_test_16_bwa_threads/01_fastq/02_postprocess/246_R2_unchecked.fastq
Error in rule downloadDecompressMergeFastq:
    log: /home/PERSONALE/eugenio.fonzi2/ANALYSES_WES/171222_test_16_bwa_threads/01_fastq/logs/246_cadaver.log
Error in rule downloadDecompressMergeFastq:
Error in rule downloadDecompressMergeFastq:
    jobid: 138

    jobid: 133
    jobid: 131
    output: /home/PERSONALE/eugenio.fonzi2/ANALYSES_WES/171222_test_16_bwa_threads/01_fastq/02_postprocess/3062_R1_unchecked.fastq, /home/PERSONALE/eugenio.fonzi2/ANALYSES_WES/171222_test_16_bwa_threads/01_fastq/02_postprocess/3062_R2_unchecked.fastq
    output: /home/PERSONALE/eugenio.fonzi2/ANALYSES_WES/171222_test_16_bwa_threads/01_fastq/02_postprocess/245_R1_unchecked.fastq, /home/PERSONALE/eugenio.fonzi2/ANALYSES_WES/171222_test_16_bwa_threads/01_fastq/02_postprocess/245_R2_unchecked.fastq
    output: /home/PERSONALE/eugenio.fonzi2/ANALYSES_WES/171222_test_16_bwa_threads/01_fastq/02_postprocess/2973_R1_unchecked.fastq, /home/PERSONALE/eugenio.fonzi2/ANALYSES_WES/171222_test_16_bwa_threads/01_fastq/02_postprocess/2973_R2_unchecked.fastq
    log: /home/PERSONALE/eugenio.fonzi2/ANALYSES_WES/171222_test_16_bwa_threads/01_fastq/logs/3062_cadaver.log
    log: /home/PERSONALE/eugenio.fonzi2/ANALYSES_WES/171222_test_16_bwa_threads/01_fastq/logs/245_cadaver.log
Error in rule downloadDecompressMergeFastq:
WorkflowError:
OSError: [Errno 28] No space left on device
  File "/home/PERSONALE/eugenio.fonzi2/miniconda3/lib/python3.6/concurrent/futures/thread.py", line 56, in run
Finished job 150.
    log: /home/PERSONALE/eugenio.fonzi2/ANALYSES_WES/171222_test_16_bwa_threads/01_fastq/logs/2973_cadaver.log


    jobid: 151
9 of 426 steps (2%) done

WorkflowError:
OSError: [Errno 28] No space left on device
  File "/home/PERSONALE/eugenio.fonzi2/miniconda3/lib/python3.6/concurrent/futures/thread.py", line 56, in run
    output: /home/PERSONALE/eugenio.fonzi2/ANALYSES_WES/171222_test_16_bwa_threads/01_fastq/02_postprocess/3010_R1_unchecked.fastq, /home/PERSONALE/eugenio.fonzi2/ANALYSES_WES/171222_test_16_bwa_threads/01_fastq/02_postprocess/3010_R2_unchecked.fastq
WorkflowError:
OSError: [Errno 28] No space left on device
  File "/home/PERSONALE/eugenio.fonzi2/miniconda3/lib/python3.6/concurrent/futures/thread.py", line 56, in run
    log: /home/PERSONALE/eugenio.fonzi2/ANALYSES_WES/171222_test_16_bwa_threads/01_fastq/logs/3010_cadaver.log
WorkflowError:
OSError: [Errno 28] No space left on device
  File "/home/PERSONALE/eugenio.fonzi2/miniconda3/lib/python3.6/concurrent/futures/thread.py", line 56, in run

WorkflowError:
OSError: [Errno 28] No space left on device
  File "/home/PERSONALE/eugenio.fonzi2/miniconda3/lib/python3.6/concurrent/futures/thread.py", line 56, in run
Finished job 156.
10 of 426 steps (2%) done
Removing output files of failed job downloadDecompressMergeFastq since they might be corrupted:
/home/PERSONALE/eugenio.fonzi2/ANALYSES_WES/171222_test_16_bwa_threads/01_fastq/02_postprocess/246_R1_unchecked.fastq, /home/PERSONALE/eugenio.fonzi2/ANALYSES_WES/171222_test_16_bwa_threads/01_fastq/02_postprocess/246_R2_unchecked.fastq
Will exit after finishing currently running jobs.
Removing output files of failed job downloadDecompressMergeFastq since they might be corrupted:
/home/PERSONALE/eugenio.fonzi2/ANALYSES_WES/171222_test_16_bwa_threads/01_fastq/02_postprocess/3062_R1_unchecked.fastq, /home/PERSONALE/eugenio.fonzi2/ANALYSES_WES/171222_test_16_bwa_threads/01_fastq/02_postprocess/3062_R2_unchecked.fastq
Removing output files of failed job downloadDecompressMergeFastq since they might be corrupted:
/home/PERSONALE/eugenio.fonzi2/ANALYSES_WES/171222_test_16_bwa_threads/01_fastq/02_postprocess/245_R1_unchecked.fastq, /home/PERSONALE/eugenio.fonzi2/ANALYSES_WES/171222_test_16_bwa_threads/01_fastq/02_postprocess/245_R2_unchecked.fastq
Removing output files of failed job downloadDecompressMergeFastq since they might be corrupted:
/home/PERSONALE/eugenio.fonzi2/ANALYSES_WES/171222_test_16_bwa_threads/01_fastq/02_postprocess/2973_R1_unchecked.fastq, /home/PERSONALE/eugenio.fonzi2/ANALYSES_WES/171222_test_16_bwa_threads/01_fastq/02_postprocess/2973_R2_unchecked.fastq
Removing output files of failed job downloadDecompressMergeFastq since they might be corrupted:
/home/PERSONALE/eugenio.fonzi2/ANALYSES_WES/171222_test_16_bwa_threads/01_fastq/02_postprocess/3010_R1_unchecked.fastq, /home/PERSONALE/eugenio.fonzi2/ANALYSES_WES/171222_test_16_bwa_threads/01_fastq/02_postprocess/3010_R2_unchecked.fastq
Will exit after finishing currently running jobs.
Will exit after finishing currently running jobs.
Will exit after finishing currently running jobs.
Will exit after finishing currently running jobs.
Will exit after finishing currently running jobs.
Will exit after finishing currently running jobs.
Finished job 142.
11 of 426 steps (3%) done
Will exit after finishing currently running jobs.
Removing temporary output file /home/PERSONALE/eugenio.fonzi2/ANALYSES_WES/171222_test_16_bwa_threads/01_fastq/02_postprocess/242_R1.fastq.
Removing temporary output file /home/PERSONALE/eugenio.fonzi2/ANALYSES_WES/171222_test_16_bwa_threads/01_fastq/02_postprocess/242_R2.fastq.
Finished job 78.
12 of 426 steps (3%) done
Will exit after finishing currently running jobs.
Removing temporary output file /home/PERSONALE/eugenio.fonzi2/ANALYSES_WES/171222_test_16_bwa_threads/01_fastq/02_postprocess/239_R1.fastq.
Removing temporary output file /home/PERSONALE/eugenio.fonzi2/ANALYSES_WES/171222_test_16_bwa_threads/01_fastq/02_postprocess/239_R2.fastq.
Finished job 111.
13 of 426 steps (3%) done
Will exit after finishing currently running jobs.
Exiting because a job execution failed. Look above for error message
Complete log: .snakemake/log/2017-12-25T113259.846033.snakemake.log
