Building DAG of jobs...
Provided cores: 32
Rules claiming more threads will be scaled down.
Job counts:
	count	jobs
	10	AnalyzeCovariates_MT
	10	AnalyzeCovariates_genome
	10	BaseRecal_MT
	10	BaseRecal_genome
	10	IndelRealigner_MT
	10	IndelRealigner_genome
	5	KeepOnlyVariants
	5	MergeMutectVarscan
	5	MergeWriteVariants
	5	MutectSplitVariants
	10	PostRecalTable_MT
	10	PostRecalTable_genome
	10	PrintReads_MT
	10	PrintReads_genome
	10	RTC_MT
	10	RTC_genome
	5	Remove_segdups
	5	VarscanSplitVariants
	1	all
	5	annovar_MT_mutect
	5	annovar_MT_varscan
	5	annovar_genome_mutect
	5	annovar_genome_varscan
	5	checkMAFs
	5	create_rsID_table
	10	downloadDecompressMergeFastq
	10	extractUnmapped_convert
	10	extractUnmapped_extract
	10	fastq_checkpoint
	10	fastqc_R1
	10	fastqc_R2
	10	fastqc_trimmed_R1
	10	fastqc_trimmed_R2
	5	filterExonicPolymorphic
	5	filterSomatic_Indel
	5	filterSomatic_SNV
	10	indexing_MT
	10	indexing_genome
	10	map_to_MT
	10	map_to_exome
	10	map_to_genome
	10	marking_MT
	10	marking_genome
	5	muTect_MT
	5	muTect_genome
	10	sorting_MT
	10	sorting_exome
	10	sorting_genome
	10	trim_02
	5	varscan_MT_patient
	10	varscan_MT_sample
	5	varscan_genome_patient
	10	varscan_genome_sample
	426

Job 150: >> 245 : downloading, decompressing and merging fastq 

Job 139: >> 3010 : downloading, decompressing and merging fastq 

Job 138: >> 3108 : downloading, decompressing and merging fastq 

Job 140: >> 242 : downloading, decompressing and merging fastq 

Job 144: >> 224 : downloading, decompressing and merging fastq 


Job 156: >> 3062 : downloading, decompressing and merging fastq 

Job 141: >> 239 : downloading, decompressing and merging fastq 

Job 145: >> 2973 : downloading, decompressing and merging fastq 

Job 151: >> 246 : downloading, decompressing and merging fastq 


Job 137: >> 3154 : downloading, decompressing and merging fastq 

Finished job 151.
1 of 426 steps (0.23%) done
Finished job 140.
2 of 426 steps (0.47%) done
Finished job 141.
3 of 426 steps (0.70%) done
Finished job 144.
4 of 426 steps (0.94%) done
Finished job 138.
5 of 426 steps (1%) done
Finished job 150.
6 of 426 steps (1%) done
Finished job 156.
7 of 426 steps (2%) done

Job 96: >> 246 : Check fastq size 

Job 80: >> 242 : Check fastq size 

Failed to set marker file for job started ([Errno 28] No space left on device). Snakemake will work, but cannot ensure that output files are complete in case of a kill signal or power loss. Please ensure write permissions for the directory /home/PERSONALE/eugenio.fonzi2/WESPipeline/.snakemake

Job 81: >> 239 : Check fastq size 

Failed to set marker file for job started ([Errno 28] No space left on device). Snakemake will work, but cannot ensure that output files are complete in case of a kill signal or power loss. Please ensure write permissions for the directory /home/PERSONALE/eugenio.fonzi2/WESPipeline/.snakemake

Job 83: >> 224 : Check fastq size 

Failed to set marker file for job started ([Errno 28] No space left on device). Snakemake will work, but cannot ensure that output files are complete in case of a kill signal or power loss. Please ensure write permissions for the directory /home/PERSONALE/eugenio.fonzi2/WESPipeline/.snakemake

Job 78: >> 3108 : Check fastq size 

Failed to set marker file for job started ([Errno 28] No space left on device). Snakemake will work, but cannot ensure that output files are complete in case of a kill signal or power loss. Please ensure write permissions for the directory /home/PERSONALE/eugenio.fonzi2/WESPipeline/.snakemake

Job 105: >> 3062 : Check fastq size 

Failed to set marker file for job started ([Errno 28] No space left on device). Snakemake will work, but cannot ensure that output files are complete in case of a kill signal or power loss. Please ensure write permissions for the directory /home/PERSONALE/eugenio.fonzi2/WESPipeline/.snakemake

Job 95: >> 245 : Check fastq size 

Failed to set marker file for job started ([Errno 28] No space left on device). Snakemake will work, but cannot ensure that output files are complete in case of a kill signal or power loss. Please ensure write permissions for the directory /home/PERSONALE/eugenio.fonzi2/WESPipeline/.snakemake
Will exit after finishing currently running jobs.
Will exit after finishing currently running jobs.
Finished job 139.
8 of 426 steps (2%) done
Finished job 137.
9 of 426 steps (2%) done
Will exit after finishing currently running jobs.
Will exit after finishing currently running jobs.
Finished job 145.
10 of 426 steps (2%) done
Will exit after finishing currently running jobs.
Failed to remove marker file for job started ([Errno 28] No space left on device). Please ensure write permissions for the directory /home/PERSONALE/eugenio.fonzi2/WESPipeline/.snakemake
Finished job 96.
11 of 426 steps (3%) done
Failed to remove marker file for job started ([Errno 28] No space left on device). Please ensure write permissions for the directory /home/PERSONALE/eugenio.fonzi2/WESPipeline/.snakemake
Finished job 81.
12 of 426 steps (3%) done
Will exit after finishing currently running jobs.
Failed to remove marker file for job started ([Errno 28] No space left on device). Please ensure write permissions for the directory /home/PERSONALE/eugenio.fonzi2/WESPipeline/.snakemake
Finished job 83.
13 of 426 steps (3%) done
Failed to remove marker file for job started ([Errno 28] No space left on device). Please ensure write permissions for the directory /home/PERSONALE/eugenio.fonzi2/WESPipeline/.snakemake
Finished job 80.
14 of 426 steps (3%) done
Failed to remove marker file for job started ([Errno 28] No space left on device). Please ensure write permissions for the directory /home/PERSONALE/eugenio.fonzi2/WESPipeline/.snakemake
Finished job 105.
15 of 426 steps (4%) done
Will exit after finishing currently running jobs.
Exiting because a job execution failed. Look above for error message
Complete log: .snakemake/log/2017-12-23T200814.403799.snakemake.log
