Building DAG of jobs...
Provided cores: 32
Rules claiming more threads will be scaled down.
Job counts:
	count	jobs
	4	AnalyzeCovariates_MT
	4	AnalyzeCovariates_genome
	4	BaseRecal_MT
	4	BaseRecal_genome
	4	IndelRealigner_MT
	4	IndelRealigner_genome
	2	KeepOnlyVariants
	2	MergeMutectVarscan
	2	MergeWriteVariants
	2	MutectSplitVariants
	4	PostRecalTable_MT
	4	PostRecalTable_genome
	4	PrintReads_MT
	4	PrintReads_genome
	4	RTC_MT
	4	RTC_genome
	2	Remove_segdups
	2	VarscanSplitVariants
	1	all
	2	annovar_MT_mutect
	2	annovar_MT_varscan
	2	annovar_genome_mutect
	2	annovar_genome_varscan
	2	checkMAFs
	2	create_rsID_table
	4	downloadDecompressMergeFastq
	4	extractUnmapped_convert
	4	extractUnmapped_extract
	4	fastq_checkpoint
	4	fastqc_R1
	4	fastqc_R2
	4	fastqc_trimmed_R1
	4	fastqc_trimmed_R2
	2	filterExonicPolymorphic
	2	filterSomatic_Indel
	2	filterSomatic_SNV
	4	indexing_MT
	4	indexing_genome
	4	map_to_MT
	4	map_to_exome
	4	map_to_genome
	4	marking_MT
	4	marking_genome
	2	muTect_MT
	2	muTect_genome
	4	sorting_MT
	4	sorting_exome
	4	sorting_genome
	4	trim
	2	varscan_MT_patient
	4	varscan_MT_sample
	2	varscan_genome_patient
	4	varscan_genome_sample
	171

Job 62: >> 01 : downloading, decompressing and merging fastq 

Job 53: >> 04 : downloading, decompressing and merging fastq 

Job 60: >> 02 : downloading, decompressing and merging fastq 

Job 59: >> 03 : downloading, decompressing and merging fastq 

Finished job 60.
1 of 171 steps (0.58%) done

Job 35: >> 02 : Check fastq size 

Finished job 53.
2 of 171 steps (1%) done
Finished job 35.
3 of 171 steps (2%) done

Job 8: >> 02 : fastqc2

Activating conda environment /home/PERSONALE/eugenio.fonzi2/WESPipeline/.snakemake/conda/e35b1969.

Job 29: >> 04 : Check fastq size 

Job 28: >> 02 : Trimming


Job 21: >> 02 : fastqc1

Activating conda environment /home/PERSONALE/eugenio.fonzi2/WESPipeline/.snakemake/conda/e35b1969.
Finished job 29.
4 of 171 steps (2%) done

Job 23: >> 04 : fastqc1

Activating conda environment /home/PERSONALE/eugenio.fonzi2/WESPipeline/.snakemake/conda/e35b1969.

Job 43: >> 04 : Trimming


Job 4: >> 04 : fastqc2

Activating conda environment /home/PERSONALE/eugenio.fonzi2/WESPipeline/.snakemake/conda/e35b1969.
Finished job 59.
5 of 171 steps (3%) done

Job 34: >> 03 : Check fastq size 

Finished job 62.
6 of 171 steps (4%) done

Job 38: >> 01 : Check fastq size 

Finished job 34.
7 of 171 steps (4%) done

Job 15: >> 03 : fastqc1

Activating conda environment /home/PERSONALE/eugenio.fonzi2/WESPipeline/.snakemake/conda/e35b1969.

Job 7: >> 03 : fastqc2

Activating conda environment /home/PERSONALE/eugenio.fonzi2/WESPipeline/.snakemake/conda/e35b1969.

Job 42: >> 03 : Trimming

Finished job 38.
8 of 171 steps (5%) done

Job 27: >> 01 : Trimming


Job 10: >> 01 : fastqc2

Activating conda environment /home/PERSONALE/eugenio.fonzi2/WESPipeline/.snakemake/conda/e35b1969.

Job 11: >> 01 : fastqc1

Activating conda environment /home/PERSONALE/eugenio.fonzi2/WESPipeline/.snakemake/conda/e35b1969.
Finished job 8.
9 of 171 steps (5%) done
Finished job 23.
10 of 171 steps (6%) done
Finished job 21.
11 of 171 steps (6%) done
Finished job 4.
12 of 171 steps (7%) done
Finished job 11.
13 of 171 steps (8%) done
Finished job 15.
14 of 171 steps (8%) done
Finished job 10.
15 of 171 steps (9%) done
Finished job 7.
16 of 171 steps (9%) done
Removing temporary output file /home/PERSONALE/eugenio.fonzi2/ANALYSES_WES/171228_test_threads_4_patients_2/01_fastq/02_postprocess/02_R2.fastq.
Removing temporary output file /home/PERSONALE/eugenio.fonzi2/ANALYSES_WES/171228_test_threads_4_patients_2/01_fastq/02_postprocess/02_R1.fastq.
Finished job 28.
17 of 171 steps (10%) done

Job 200: >> 02 : Aligning to reference EXOME

Activating conda environment /home/PERSONALE/eugenio.fonzi2/WESPipeline/.snakemake/conda/e35b1969.

Job 148: >> 02 : Aligning to reference NUCLEAR GENOME

Activating conda environment /home/PERSONALE/eugenio.fonzi2/WESPipeline/.snakemake/conda/e35b1969.

Job 2: >> 02 : fastqc2 on trimmed fastq

Activating conda environment /home/PERSONALE/eugenio.fonzi2/WESPipeline/.snakemake/conda/e35b1969.

Job 3: >> 02 : fastqc1 on trimmed fastq

Activating conda environment /home/PERSONALE/eugenio.fonzi2/WESPipeline/.snakemake/conda/e35b1969.
Removing temporary output file /home/PERSONALE/eugenio.fonzi2/ANALYSES_WES/171228_test_threads_4_patients_2/01_fastq/02_postprocess/04_R2.fastq.
Removing temporary output file /home/PERSONALE/eugenio.fonzi2/ANALYSES_WES/171228_test_threads_4_patients_2/01_fastq/02_postprocess/04_R1.fastq.
Finished job 43.
18 of 171 steps (11%) done

Job 157: >> 04 : Aligning to reference NUCLEAR GENOME

Activating conda environment /home/PERSONALE/eugenio.fonzi2/WESPipeline/.snakemake/conda/e35b1969.

Job 22: >> 04 : fastqc1 on trimmed fastq

Activating conda environment /home/PERSONALE/eugenio.fonzi2/WESPipeline/.snakemake/conda/e35b1969.

Job 17: >> 04 : fastqc2 on trimmed fastq

Activating conda environment /home/PERSONALE/eugenio.fonzi2/WESPipeline/.snakemake/conda/e35b1969.

Job 203: >> 04 : Aligning to reference EXOME

Activating conda environment /home/PERSONALE/eugenio.fonzi2/WESPipeline/.snakemake/conda/e35b1969.
Finished job 3.
19 of 171 steps (11%) done
Finished job 2.
20 of 171 steps (12%) done
Finished job 22.
21 of 171 steps (12%) done
Finished job 17.
22 of 171 steps (13%) done
Finished job 200.
23 of 171 steps (13%) done

Job 196: >> 02 : sorting exome

Activating conda environment /home/PERSONALE/eugenio.fonzi2/WESPipeline/.snakemake/conda/e35b1969.
Finished job 203.
24 of 171 steps (14%) done

Job 199: >> 04 : sorting exome

Activating conda environment /home/PERSONALE/eugenio.fonzi2/WESPipeline/.snakemake/conda/e35b1969.
Removing temporary output file /home/PERSONALE/eugenio.fonzi2/ANALYSES_WES/171228_test_threads_4_patients_2/04_alignment_exome/01_intermediate/02.sam.
Finished job 196.
25 of 171 steps (15%) done

Job 192: >> 02 : extractUnmapped extract

Activating conda environment /home/PERSONALE/eugenio.fonzi2/WESPipeline/.snakemake/conda/e35b1969.
Removing temporary output file /home/PERSONALE/eugenio.fonzi2/ANALYSES_WES/171228_test_threads_4_patients_2/04_alignment_exome/01_intermediate/04.sam.
Finished job 199.
26 of 171 steps (15%) done

Job 195: >> 04 : extractUnmapped extract

Activating conda environment /home/PERSONALE/eugenio.fonzi2/WESPipeline/.snakemake/conda/e35b1969.
Removing temporary output file /home/PERSONALE/eugenio.fonzi2/ANALYSES_WES/171228_test_threads_4_patients_2/02_fastq_trimmed/02_R2.fastq.
Removing temporary output file /home/PERSONALE/eugenio.fonzi2/ANALYSES_WES/171228_test_threads_4_patients_2/02_fastq_trimmed/02_R1.fastq.
Finished job 148.
27 of 171 steps (16%) done

Job 116: >> 02 : sorting genome

Activating conda environment /home/PERSONALE/eugenio.fonzi2/WESPipeline/.snakemake/conda/e35b1969.
Removing temporary output file /home/PERSONALE/eugenio.fonzi2/ANALYSES_WES/171228_test_threads_4_patients_2/02_fastq_trimmed/04_R2.fastq.
Removing temporary output file /home/PERSONALE/eugenio.fonzi2/ANALYSES_WES/171228_test_threads_4_patients_2/02_fastq_trimmed/04_R1.fastq.
Finished job 157.
28 of 171 steps (16%) done

Job 134: >> 04 : sorting genome

Activating conda environment /home/PERSONALE/eugenio.fonzi2/WESPipeline/.snakemake/conda/e35b1969.
Removing temporary output file /home/PERSONALE/eugenio.fonzi2/ANALYSES_WES/171228_test_threads_4_patients_2/01_fastq/02_postprocess/01_R1.fastq.
Removing temporary output file /home/PERSONALE/eugenio.fonzi2/ANALYSES_WES/171228_test_threads_4_patients_2/01_fastq/02_postprocess/01_R2.fastq.
Finished job 27.
29 of 171 steps (17%) done

Job 162: >> 01 : Aligning to reference NUCLEAR GENOME


Activating conda environment /home/PERSONALE/eugenio.fonzi2/WESPipeline/.snakemake/conda/e35b1969.
Job 1: >> 01 : fastqc2 on trimmed fastq


Job 201: >> 01 : Aligning to reference EXOME
Activating conda environment /home/PERSONALE/eugenio.fonzi2/WESPipeline/.snakemake/conda/e35b1969.


Activating conda environment /home/PERSONALE/eugenio.fonzi2/WESPipeline/.snakemake/conda/e35b1969.
Job 14: >> 01 : fastqc1 on trimmed fastq

Activating conda environment /home/PERSONALE/eugenio.fonzi2/WESPipeline/.snakemake/conda/e35b1969.
Removing temporary output file /home/PERSONALE/eugenio.fonzi2/ANALYSES_WES/171228_test_threads_4_patients_2/01_fastq/02_postprocess/03_R2.fastq.
Removing temporary output file /home/PERSONALE/eugenio.fonzi2/ANALYSES_WES/171228_test_threads_4_patients_2/01_fastq/02_postprocess/03_R1.fastq.
Finished job 42.
30 of 171 steps (18%) done

Job 24: >> 03 : fastqc1 on trimmed fastq


Activating conda environment /home/PERSONALE/eugenio.fonzi2/WESPipeline/.snakemake/conda/e35b1969.
Job 165: >> 03 : Aligning to reference NUCLEAR GENOME


Activating conda environment /home/PERSONALE/eugenio.fonzi2/WESPipeline/.snakemake/conda/e35b1969.
Job 202: >> 03 : Aligning to reference EXOME


Activating conda environment /home/PERSONALE/eugenio.fonzi2/WESPipeline/.snakemake/conda/e35b1969.
Job 16: >> 03 : fastqc2 on trimmed fastq

Activating conda environment /home/PERSONALE/eugenio.fonzi2/WESPipeline/.snakemake/conda/e35b1969.
Finished job 1.
31 of 171 steps (18%) done
Finished job 14.
32 of 171 steps (19%) done
Finished job 16.
33 of 171 steps (19%) done
Removing temporary output file /home/PERSONALE/eugenio.fonzi2/ANALYSES_WES/171228_test_threads_4_patients_2/04_alignment_exome/01_intermediate/02_sorted.bam.
Finished job 192.
34 of 171 steps (20%) done

Job 168: >> 02 : extractUnmapped convert

Activating conda environment /home/PERSONALE/eugenio.fonzi2/WESPipeline/.snakemake/conda/e35b1969.
Finished job 24.
35 of 171 steps (20%) done
Removing temporary output file /home/PERSONALE/eugenio.fonzi2/ANALYSES_WES/171228_test_threads_4_patients_2/04_alignment_exome/01_intermediate/04_sorted.bam.
Finished job 195.
36 of 171 steps (21%) done

Job 191: >> 04 : extractUnmapped convert

Activating conda environment /home/PERSONALE/eugenio.fonzi2/WESPipeline/.snakemake/conda/e35b1969.
Removing temporary output file /home/PERSONALE/eugenio.fonzi2/ANALYSES_WES/171228_test_threads_4_patients_2/04_alignment_exome/01_intermediate/02_unmapped.bam.
Finished job 168.
37 of 171 steps (22%) done

Job 149: >> 02 : Aligning to reference MITOCHONDRIAL GENOME

Activating conda environment /home/PERSONALE/eugenio.fonzi2/WESPipeline/.snakemake/conda/e35b1969.
Removing temporary output file /home/PERSONALE/eugenio.fonzi2/ANALYSES_WES/171228_test_threads_4_patients_2/04_alignment_exome/01_intermediate/04_unmapped.bam.
Finished job 191.
38 of 171 steps (22%) done

Job 164: >> 04 : Aligning to reference MITOCHONDRIAL GENOME

Activating conda environment /home/PERSONALE/eugenio.fonzi2/WESPipeline/.snakemake/conda/e35b1969.
Removing temporary output file /home/PERSONALE/eugenio.fonzi2/ANALYSES_WES/171228_test_threads_4_patients_2/04_alignment_exome/02_unmapped_fastq/02_R2.unmapped.fastq.
Removing temporary output file /home/PERSONALE/eugenio.fonzi2/ANALYSES_WES/171228_test_threads_4_patients_2/04_alignment_exome/02_unmapped_fastq/02_R1.unmapped.fastq.
Finished job 149.
39 of 171 steps (23%) done

Job 117: >> 02 : sorting MT

Activating conda environment /home/PERSONALE/eugenio.fonzi2/WESPipeline/.snakemake/conda/e35b1969.
Removing temporary output file /home/PERSONALE/eugenio.fonzi2/ANALYSES_WES/171228_test_threads_4_patients_2/03_alignment_genome/01_intermediate/02.sam.
Finished job 116.
40 of 171 steps (23%) done

Job 77: >> 02 : marking genome

Activating conda environment /home/PERSONALE/eugenio.fonzi2/WESPipeline/.snakemake/conda/e35b1969.
Removing temporary output file /home/PERSONALE/eugenio.fonzi2/ANALYSES_WES/171228_test_threads_4_patients_2/04_alignment_exome/02_unmapped_fastq/04_R1.unmapped.fastq.
Removing temporary output file /home/PERSONALE/eugenio.fonzi2/ANALYSES_WES/171228_test_threads_4_patients_2/04_alignment_exome/02_unmapped_fastq/04_R2.unmapped.fastq.
Finished job 164.
41 of 171 steps (24%) done

Job 142: >> 04 : sorting MT

Activating conda environment /home/PERSONALE/eugenio.fonzi2/WESPipeline/.snakemake/conda/e35b1969.
Removing temporary output file /home/PERSONALE/eugenio.fonzi2/ANALYSES_WES/171228_test_threads_4_patients_2/03_alignment_genome/01_intermediate/04.sam.
Finished job 134.
42 of 171 steps (25%) done

Job 91: >> 04 : marking genome

Activating conda environment /home/PERSONALE/eugenio.fonzi2/WESPipeline/.snakemake/conda/e35b1969.
Removing temporary output file /home/PERSONALE/eugenio.fonzi2/ANALYSES_WES/171228_test_threads_4_patients_2/05_alignment_MT/01_intermediate/02.sam.
Finished job 117.
43 of 171 steps (25%) done

Job 78: >> 02 : marking MT

Activating conda environment /home/PERSONALE/eugenio.fonzi2/WESPipeline/.snakemake/conda/e35b1969.
Removing temporary output file /home/PERSONALE/eugenio.fonzi2/ANALYSES_WES/171228_test_threads_4_patients_2/05_alignment_MT/01_intermediate/04.sam.
Finished job 142.
44 of 171 steps (26%) done

Job 107: >> 04 : marking MT

Activating conda environment /home/PERSONALE/eugenio.fonzi2/WESPipeline/.snakemake/conda/e35b1969.
Removing temporary output file /home/PERSONALE/eugenio.fonzi2/ANALYSES_WES/171228_test_threads_4_patients_2/05_alignment_MT/01_intermediate/02_sorted.bam.
Finished job 78.
45 of 171 steps (26%) done

Job 79: >> 02 : indexing MT

Activating conda environment /home/PERSONALE/eugenio.fonzi2/WESPipeline/.snakemake/conda/e35b1969.
Finished job 79.
46 of 171 steps (27%) done

Job 80: >> 02 : RTC MT

Activating conda environment /home/PERSONALE/eugenio.fonzi2/WESPipeline/.snakemake/conda/e35b1969.
Removing temporary output file /home/PERSONALE/eugenio.fonzi2/ANALYSES_WES/171228_test_threads_4_patients_2/05_alignment_MT/01_intermediate/04_sorted.bam.
Finished job 107.
47 of 171 steps (27%) done

Job 106: >> 04 : indexing MT

Activating conda environment /home/PERSONALE/eugenio.fonzi2/WESPipeline/.snakemake/conda/e35b1969.
Finished job 80.
48 of 171 steps (28%) done

Job 58: >> 02 : IndelRealigner MT

Activating conda environment /home/PERSONALE/eugenio.fonzi2/WESPipeline/.snakemake/conda/e35b1969.
Finished job 106.
49 of 171 steps (29%) done

Job 105: >> 04 : RTC MT

Activating conda environment /home/PERSONALE/eugenio.fonzi2/WESPipeline/.snakemake/conda/e35b1969.
Finished job 105.
50 of 171 steps (29%) done

Job 70: >> 04 : IndelRealigner MT

Activating conda environment /home/PERSONALE/eugenio.fonzi2/WESPipeline/.snakemake/conda/e35b1969.
Removing temporary output file /home/PERSONALE/eugenio.fonzi2/ANALYSES_WES/171228_test_threads_4_patients_2/05_alignment_MT/01_intermediate/02_marked.bam.
Removing temporary output file /home/PERSONALE/eugenio.fonzi2/ANALYSES_WES/171228_test_threads_4_patients_2/05_alignment_MT/01_intermediate/02_marked.bai.
Finished job 58.
51 of 171 steps (30%) done

Job 33: >> 02 : BaseRecal MT

Activating conda environment /home/PERSONALE/eugenio.fonzi2/WESPipeline/.snakemake/conda/e35b1969.
Removing temporary output file /home/PERSONALE/eugenio.fonzi2/ANALYSES_WES/171228_test_threads_4_patients_2/03_alignment_genome/01_intermediate/02_sorted.bam.
Finished job 77.
52 of 171 steps (30%) done

Job 76: >> 02 : indexing genome

Activating conda environment /home/PERSONALE/eugenio.fonzi2/WESPipeline/.snakemake/conda/e35b1969.
Finished job 33.
53 of 171 steps (31%) done

Job 32: >> 02 : PostRecalTable MT


Activating conda environment /home/PERSONALE/eugenio.fonzi2/WESPipeline/.snakemake/conda/e35b1969.
Job 186: >> 02 : PrintReads MT

Activating conda environment /home/PERSONALE/eugenio.fonzi2/WESPipeline/.snakemake/conda/e35b1969.
Finished job 32.
54 of 171 steps (32%) done

Job 6: >> 02 : AnalyzeCovariates MT

Activating conda environment /home/PERSONALE/eugenio.fonzi2/WESPipeline/.snakemake/conda/e35b1969.
Removing temporary output file /home/PERSONALE/eugenio.fonzi2/ANALYSES_WES/171228_test_threads_4_patients_2/05_alignment_MT/01_intermediate/04_marked.bai.
Removing temporary output file /home/PERSONALE/eugenio.fonzi2/ANALYSES_WES/171228_test_threads_4_patients_2/05_alignment_MT/01_intermediate/04_marked.bam.
Finished job 70.
55 of 171 steps (32%) done

Job 49: >> 04 : BaseRecal MT

Activating conda environment /home/PERSONALE/eugenio.fonzi2/WESPipeline/.snakemake/conda/e35b1969.
Removing temporary output file /home/PERSONALE/eugenio.fonzi2/ANALYSES_WES/171228_test_threads_4_patients_2/03_alignment_genome/01_intermediate/04_sorted.bam.
Finished job 91.
56 of 171 steps (33%) done

Job 90: >> 04 : indexing genome

Activating conda environment /home/PERSONALE/eugenio.fonzi2/WESPipeline/.snakemake/conda/e35b1969.
Finished job 49.
57 of 171 steps (33%) done

Job 50: >> 04 : PostRecalTable MT


Activating conda environment /home/PERSONALE/eugenio.fonzi2/WESPipeline/.snakemake/conda/e35b1969.
Job 175: >> 04 : PrintReads MT

Activating conda environment /home/PERSONALE/eugenio.fonzi2/WESPipeline/.snakemake/conda/e35b1969.
Finished job 6.
58 of 171 steps (34%) done
Finished job 50.
59 of 171 steps (35%) done

Job 25: >> 04 : AnalyzeCovariates MT

Activating conda environment /home/PERSONALE/eugenio.fonzi2/WESPipeline/.snakemake/conda/e35b1969.
Finished job 25.
60 of 171 steps (35%) done
Finished job 76.
61 of 171 steps (36%) done

Job 75: >> 02 : RTC genome

Activating conda environment /home/PERSONALE/eugenio.fonzi2/WESPipeline/.snakemake/conda/e35b1969.
Finished job 90.
62 of 171 steps (36%) done

Job 92: >> 04 : RTC genome

Activating conda environment /home/PERSONALE/eugenio.fonzi2/WESPipeline/.snakemake/conda/e35b1969.
Finished job 75.
63 of 171 steps (37%) done

Job 56: >> 02 : IndelRealigner genome

Activating conda environment /home/PERSONALE/eugenio.fonzi2/WESPipeline/.snakemake/conda/e35b1969.
Finished job 92.
64 of 171 steps (37%) done

Job 65: >> 04 : IndelRealigner genome

Activating conda environment /home/PERSONALE/eugenio.fonzi2/WESPipeline/.snakemake/conda/e35b1969.
Removing temporary output file /home/PERSONALE/eugenio.fonzi2/ANALYSES_WES/171228_test_threads_4_patients_2/05_alignment_MT/01_intermediate/02_realigned.bam.
Removing temporary output file /home/PERSONALE/eugenio.fonzi2/ANALYSES_WES/171228_test_threads_4_patients_2/05_alignment_MT/01_intermediate/02_realigned.bai.
Finished job 186.
65 of 171 steps (38%) done

Job 182: >> 02 : Varscan on sample MT alignment

Activating conda environment /home/PERSONALE/eugenio.fonzi2/WESPipeline/.snakemake/conda/e35b1969.
Removing temporary output file /home/PERSONALE/eugenio.fonzi2/ANALYSES_WES/171228_test_threads_4_patients_2/05_alignment_MT/01_intermediate/04_realigned.bai.
Removing temporary output file /home/PERSONALE/eugenio.fonzi2/ANALYSES_WES/171228_test_threads_4_patients_2/05_alignment_MT/01_intermediate/04_realigned.bam.
Finished job 175.
66 of 171 steps (39%) done

Job 178: >> 04 : Varscan on sample MT alignment

Activating conda environment /home/PERSONALE/eugenio.fonzi2/WESPipeline/.snakemake/conda/e35b1969.
Finished job 182.
67 of 171 steps (39%) done
Finished job 201.
68 of 171 steps (40%) done

Job 197: >> 01 : sorting exome

Activating conda environment /home/PERSONALE/eugenio.fonzi2/WESPipeline/.snakemake/conda/e35b1969.
Finished job 178.
69 of 171 steps (40%) done
Finished job 202.
70 of 171 steps (41%) done

Job 198: >> 03 : sorting exome

Activating conda environment /home/PERSONALE/eugenio.fonzi2/WESPipeline/.snakemake/conda/e35b1969.
Removing temporary output file /home/PERSONALE/eugenio.fonzi2/ANALYSES_WES/171228_test_threads_4_patients_2/03_alignment_genome/01_intermediate/02_marked.bai.
Removing temporary output file /home/PERSONALE/eugenio.fonzi2/ANALYSES_WES/171228_test_threads_4_patients_2/03_alignment_genome/01_intermediate/02_marked.bam.
Finished job 56.
71 of 171 steps (42%) done

Job 30: >> 02 : BaseRecal genome

Activating conda environment /home/PERSONALE/eugenio.fonzi2/WESPipeline/.snakemake/conda/e35b1969.
Removing temporary output file /home/PERSONALE/eugenio.fonzi2/ANALYSES_WES/171228_test_threads_4_patients_2/03_alignment_genome/01_intermediate/04_marked.bai.
Removing temporary output file /home/PERSONALE/eugenio.fonzi2/ANALYSES_WES/171228_test_threads_4_patients_2/03_alignment_genome/01_intermediate/04_marked.bam.
Finished job 65.
72 of 171 steps (42%) done

Job 40: >> 04 : BaseRecal genome

Activating conda environment /home/PERSONALE/eugenio.fonzi2/WESPipeline/.snakemake/conda/e35b1969.
Removing temporary output file /home/PERSONALE/eugenio.fonzi2/ANALYSES_WES/171228_test_threads_4_patients_2/04_alignment_exome/01_intermediate/03.sam.
Finished job 198.
73 of 171 steps (43%) done

Job 194: >> 03 : extractUnmapped extract

Activating conda environment /home/PERSONALE/eugenio.fonzi2/WESPipeline/.snakemake/conda/e35b1969.
Removing temporary output file /home/PERSONALE/eugenio.fonzi2/ANALYSES_WES/171228_test_threads_4_patients_2/04_alignment_exome/01_intermediate/01.sam.
Finished job 197.
74 of 171 steps (43%) done

Job 193: >> 01 : extractUnmapped extract

Activating conda environment /home/PERSONALE/eugenio.fonzi2/WESPipeline/.snakemake/conda/e35b1969.
Finished job 30.
75 of 171 steps (44%) done

Job 188: >> 02 : PrintReads genome


Activating conda environment /home/PERSONALE/eugenio.fonzi2/WESPipeline/.snakemake/conda/e35b1969.
Job 31: >> 02 : PostRecalTable genome

Activating conda environment /home/PERSONALE/eugenio.fonzi2/WESPipeline/.snakemake/conda/e35b1969.
Finished job 40.
76 of 171 steps (44%) done

Job 180: >> 04 : PrintReads genome


Activating conda environment /home/PERSONALE/eugenio.fonzi2/WESPipeline/.snakemake/conda/e35b1969.
Job 41: >> 04 : PostRecalTable genome

Activating conda environment /home/PERSONALE/eugenio.fonzi2/WESPipeline/.snakemake/conda/e35b1969.
Removing temporary output file /home/PERSONALE/eugenio.fonzi2/ANALYSES_WES/171228_test_threads_4_patients_2/02_fastq_trimmed/03_R1.fastq.
Removing temporary output file /home/PERSONALE/eugenio.fonzi2/ANALYSES_WES/171228_test_threads_4_patients_2/02_fastq_trimmed/03_R2.fastq.
Finished job 165.
77 of 171 steps (45%) done

Job 143: >> 03 : sorting genome

Activating conda environment /home/PERSONALE/eugenio.fonzi2/WESPipeline/.snakemake/conda/e35b1969.
Removing temporary output file /home/PERSONALE/eugenio.fonzi2/ANALYSES_WES/171228_test_threads_4_patients_2/02_fastq_trimmed/01_R1.fastq.
Removing temporary output file /home/PERSONALE/eugenio.fonzi2/ANALYSES_WES/171228_test_threads_4_patients_2/02_fastq_trimmed/01_R2.fastq.
Finished job 162.
78 of 171 steps (46%) done

Job 140: >> 01 : sorting genome

Activating conda environment /home/PERSONALE/eugenio.fonzi2/WESPipeline/.snakemake/conda/e35b1969.
Removing temporary output file /home/PERSONALE/eugenio.fonzi2/ANALYSES_WES/171228_test_threads_4_patients_2/04_alignment_exome/01_intermediate/03_sorted.bam.
Finished job 194.
79 of 171 steps (46%) done

Job 190: >> 03 : extractUnmapped convert

Activating conda environment /home/PERSONALE/eugenio.fonzi2/WESPipeline/.snakemake/conda/e35b1969.
Removing temporary output file /home/PERSONALE/eugenio.fonzi2/ANALYSES_WES/171228_test_threads_4_patients_2/04_alignment_exome/01_intermediate/01_sorted.bam.
Finished job 193.
80 of 171 steps (47%) done

Job 169: >> 01 : extractUnmapped convert

Activating conda environment /home/PERSONALE/eugenio.fonzi2/WESPipeline/.snakemake/conda/e35b1969.
Removing temporary output file /home/PERSONALE/eugenio.fonzi2/ANALYSES_WES/171228_test_threads_4_patients_2/04_alignment_exome/01_intermediate/01_unmapped.bam.
Finished job 169.
81 of 171 steps (47%) done

Job 151: >> 01 : Aligning to reference MITOCHONDRIAL GENOME

Activating conda environment /home/PERSONALE/eugenio.fonzi2/WESPipeline/.snakemake/conda/e35b1969.
Removing temporary output file /home/PERSONALE/eugenio.fonzi2/ANALYSES_WES/171228_test_threads_4_patients_2/04_alignment_exome/01_intermediate/03_unmapped.bam.
Finished job 190.
82 of 171 steps (48%) done

Job 163: >> 03 : Aligning to reference MITOCHONDRIAL GENOME

Activating conda environment /home/PERSONALE/eugenio.fonzi2/WESPipeline/.snakemake/conda/e35b1969.
Removing temporary output file /home/PERSONALE/eugenio.fonzi2/ANALYSES_WES/171228_test_threads_4_patients_2/03_alignment_genome/01_intermediate/03.sam.
Finished job 143.
83 of 171 steps (49%) done

Job 108: >> 03 : marking genome

Activating conda environment /home/PERSONALE/eugenio.fonzi2/WESPipeline/.snakemake/conda/e35b1969.
Removing temporary output file /home/PERSONALE/eugenio.fonzi2/ANALYSES_WES/171228_test_threads_4_patients_2/03_alignment_genome/01_intermediate/01.sam.
Finished job 140.
84 of 171 steps (49%) done

Job 101: >> 01 : marking genome

Activating conda environment /home/PERSONALE/eugenio.fonzi2/WESPipeline/.snakemake/conda/e35b1969.
Removing temporary output file /home/PERSONALE/eugenio.fonzi2/ANALYSES_WES/171228_test_threads_4_patients_2/04_alignment_exome/02_unmapped_fastq/01_R2.unmapped.fastq.
Removing temporary output file /home/PERSONALE/eugenio.fonzi2/ANALYSES_WES/171228_test_threads_4_patients_2/04_alignment_exome/02_unmapped_fastq/01_R1.unmapped.fastq.
Finished job 151.
85 of 171 steps (50%) done
Removing temporary output file /home/PERSONALE/eugenio.fonzi2/ANALYSES_WES/171228_test_threads_4_patients_2/04_alignment_exome/02_unmapped_fastq/03_R2.unmapped.fastq.
Removing temporary output file /home/PERSONALE/eugenio.fonzi2/ANALYSES_WES/171228_test_threads_4_patients_2/04_alignment_exome/02_unmapped_fastq/03_R1.unmapped.fastq.
Finished job 163.
86 of 171 steps (50%) done

Job 120: >> 01 : sorting MT


Activating conda environment /home/PERSONALE/eugenio.fonzi2/WESPipeline/.snakemake/conda/e35b1969.
Job 141: >> 03 : sorting MT

Activating conda environment /home/PERSONALE/eugenio.fonzi2/WESPipeline/.snakemake/conda/e35b1969.
Finished job 188.
87 of 171 steps (51%) done

Job 185: >> 02 : Varscan on sample genomic alignment

Activating conda environment /home/PERSONALE/eugenio.fonzi2/WESPipeline/.snakemake/conda/e35b1969.
Finished job 180.
88 of 171 steps (51%) done

Job 171: >> 04 : Varscan on sample genomic alignment

Activating conda environment /home/PERSONALE/eugenio.fonzi2/WESPipeline/.snakemake/conda/e35b1969.
Removing temporary output file /home/PERSONALE/eugenio.fonzi2/ANALYSES_WES/171228_test_threads_4_patients_2/05_alignment_MT/01_intermediate/01.sam.
Finished job 120.
89 of 171 steps (52%) done

Job 83: >> 01 : marking MT

Activating conda environment /home/PERSONALE/eugenio.fonzi2/WESPipeline/.snakemake/conda/e35b1969.
Removing temporary output file /home/PERSONALE/eugenio.fonzi2/ANALYSES_WES/171228_test_threads_4_patients_2/05_alignment_MT/01_intermediate/03.sam.
Finished job 141.
90 of 171 steps (53%) done

Job 104: >> 03 : marking MT

Activating conda environment /home/PERSONALE/eugenio.fonzi2/WESPipeline/.snakemake/conda/e35b1969.
Removing temporary output file /home/PERSONALE/eugenio.fonzi2/ANALYSES_WES/171228_test_threads_4_patients_2/03_alignment_genome/01_intermediate/04_realigned.bai.
Removing temporary output file /home/PERSONALE/eugenio.fonzi2/ANALYSES_WES/171228_test_threads_4_patients_2/03_alignment_genome/01_intermediate/04_realigned.bam.
Finished job 41.
91 of 171 steps (53%) done

Job 13: >> 04 : AnalyzeCovariates genome

Activating conda environment /home/PERSONALE/eugenio.fonzi2/WESPipeline/.snakemake/conda/e35b1969.
Finished job 13.
92 of 171 steps (54%) done
Removing temporary output file /home/PERSONALE/eugenio.fonzi2/ANALYSES_WES/171228_test_threads_4_patients_2/05_alignment_MT/01_intermediate/01_sorted.bam.
Finished job 83.
93 of 171 steps (54%) done

Job 82: >> 01 : indexing MT

Activating conda environment /home/PERSONALE/eugenio.fonzi2/WESPipeline/.snakemake/conda/e35b1969.
Removing temporary output file /home/PERSONALE/eugenio.fonzi2/ANALYSES_WES/171228_test_threads_4_patients_2/05_alignment_MT/01_intermediate/03_sorted.bam.
Finished job 104.
94 of 171 steps (55%) done

Job 103: >> 03 : indexing MT

Activating conda environment /home/PERSONALE/eugenio.fonzi2/WESPipeline/.snakemake/conda/e35b1969.
Finished job 82.
95 of 171 steps (56%) done

Job 81: >> 01 : RTC MT

Activating conda environment /home/PERSONALE/eugenio.fonzi2/WESPipeline/.snakemake/conda/e35b1969.
Finished job 103.
96 of 171 steps (56%) done

Job 102: >> 03 : RTC MT

Activating conda environment /home/PERSONALE/eugenio.fonzi2/WESPipeline/.snakemake/conda/e35b1969.
Finished job 81.
97 of 171 steps (57%) done

Job 61: >> 01 : IndelRealigner MT

Activating conda environment /home/PERSONALE/eugenio.fonzi2/WESPipeline/.snakemake/conda/e35b1969.
Finished job 102.
98 of 171 steps (57%) done

Job 69: >> 03 : IndelRealigner MT

Activating conda environment /home/PERSONALE/eugenio.fonzi2/WESPipeline/.snakemake/conda/e35b1969.
Finished job 185.
99 of 171 steps (58%) done
Finished job 171.
100 of 171 steps (58%) done
Removing temporary output file /home/PERSONALE/eugenio.fonzi2/ANALYSES_WES/171228_test_threads_4_patients_2/03_alignment_genome/01_intermediate/02_realigned.bai.
Removing temporary output file /home/PERSONALE/eugenio.fonzi2/ANALYSES_WES/171228_test_threads_4_patients_2/03_alignment_genome/01_intermediate/02_realigned.bam.
Finished job 31.
101 of 171 steps (59%) done

Job 5: >> 02 : AnalyzeCovariates genome

Activating conda environment /home/PERSONALE/eugenio.fonzi2/WESPipeline/.snakemake/conda/e35b1969.
Finished job 5.
102 of 171 steps (60%) done
Removing temporary output file /home/PERSONALE/eugenio.fonzi2/ANALYSES_WES/171228_test_threads_4_patients_2/05_alignment_MT/01_intermediate/01_marked.bai.
Removing temporary output file /home/PERSONALE/eugenio.fonzi2/ANALYSES_WES/171228_test_threads_4_patients_2/05_alignment_MT/01_intermediate/01_marked.bam.
Finished job 61.
103 of 171 steps (60%) done

Job 36: >> 01 : BaseRecal MT

Activating conda environment /home/PERSONALE/eugenio.fonzi2/WESPipeline/.snakemake/conda/e35b1969.
Removing temporary output file /home/PERSONALE/eugenio.fonzi2/ANALYSES_WES/171228_test_threads_4_patients_2/05_alignment_MT/01_intermediate/03_marked.bai.
Removing temporary output file /home/PERSONALE/eugenio.fonzi2/ANALYSES_WES/171228_test_threads_4_patients_2/05_alignment_MT/01_intermediate/03_marked.bam.
Finished job 69.
104 of 171 steps (61%) done

Job 48: >> 03 : BaseRecal MT

Activating conda environment /home/PERSONALE/eugenio.fonzi2/WESPipeline/.snakemake/conda/e35b1969.
Removing temporary output file /home/PERSONALE/eugenio.fonzi2/ANALYSES_WES/171228_test_threads_4_patients_2/03_alignment_genome/01_intermediate/03_sorted.bam.
Finished job 108.
105 of 171 steps (61%) done

Job 110: >> 03 : indexing genome

Activating conda environment /home/PERSONALE/eugenio.fonzi2/WESPipeline/.snakemake/conda/e35b1969.
Finished job 36.
106 of 171 steps (62%) done

Job 187: >> 01 : PrintReads MT


Job 37: >> 01 : PostRecalTable MT
Activating conda environment /home/PERSONALE/eugenio.fonzi2/WESPipeline/.snakemake/conda/e35b1969.

Activating conda environment /home/PERSONALE/eugenio.fonzi2/WESPipeline/.snakemake/conda/e35b1969.
Finished job 48.
107 of 171 steps (63%) done

Job 173: >> 03 : PrintReads MT


Job 47: >> 03 : PostRecalTable MT
Activating conda environment /home/PERSONALE/eugenio.fonzi2/WESPipeline/.snakemake/conda/e35b1969.

Activating conda environment /home/PERSONALE/eugenio.fonzi2/WESPipeline/.snakemake/conda/e35b1969.
Finished job 37.
108 of 171 steps (63%) done

Job 9: >> 01 : AnalyzeCovariates MT

Activating conda environment /home/PERSONALE/eugenio.fonzi2/WESPipeline/.snakemake/conda/e35b1969.
Finished job 47.
109 of 171 steps (64%) done

Job 20: >> 03 : AnalyzeCovariates MT

Activating conda environment /home/PERSONALE/eugenio.fonzi2/WESPipeline/.snakemake/conda/e35b1969.
Removing temporary output file /home/PERSONALE/eugenio.fonzi2/ANALYSES_WES/171228_test_threads_4_patients_2/03_alignment_genome/01_intermediate/01_sorted.bam.
Finished job 101.
110 of 171 steps (64%) done

Job 100: >> 01 : indexing genome

Activating conda environment /home/PERSONALE/eugenio.fonzi2/WESPipeline/.snakemake/conda/e35b1969.
Finished job 9.
111 of 171 steps (65%) done
Finished job 20.
112 of 171 steps (65%) done
Finished job 110.
113 of 171 steps (66%) done

Job 109: >> 03 : RTC genome

Activating conda environment /home/PERSONALE/eugenio.fonzi2/WESPipeline/.snakemake/conda/e35b1969.
Finished job 100.
114 of 171 steps (67%) done

Job 99: >> 01 : RTC genome

Activating conda environment /home/PERSONALE/eugenio.fonzi2/WESPipeline/.snakemake/conda/e35b1969.
Finished job 109.
115 of 171 steps (67%) done

Job 71: >> 03 : IndelRealigner genome

Activating conda environment /home/PERSONALE/eugenio.fonzi2/WESPipeline/.snakemake/conda/e35b1969.
Finished job 99.
116 of 171 steps (68%) done

Job 68: >> 01 : IndelRealigner genome

Activating conda environment /home/PERSONALE/eugenio.fonzi2/WESPipeline/.snakemake/conda/e35b1969.
Removing temporary output file /home/PERSONALE/eugenio.fonzi2/ANALYSES_WES/171228_test_threads_4_patients_2/05_alignment_MT/01_intermediate/01_realigned.bam.
Removing temporary output file /home/PERSONALE/eugenio.fonzi2/ANALYSES_WES/171228_test_threads_4_patients_2/05_alignment_MT/01_intermediate/01_realigned.bai.
Finished job 187.
117 of 171 steps (68%) done

Job 183: >> 01 : Varscan on sample MT alignment


Activating conda environment /home/PERSONALE/eugenio.fonzi2/WESPipeline/.snakemake/conda/e35b1969.
Job 160: >> first : MuTect on MT alignment

Activating conda environment /home/PERSONALE/eugenio.fonzi2/WESPipeline/.snakemake/conda/a055426f.
Removing temporary output file /home/PERSONALE/eugenio.fonzi2/ANALYSES_WES/171228_test_threads_4_patients_2/05_alignment_MT/01_intermediate/03_realigned.bam.
Removing temporary output file /home/PERSONALE/eugenio.fonzi2/ANALYSES_WES/171228_test_threads_4_patients_2/05_alignment_MT/01_intermediate/03_realigned.bai.
Finished job 173.
118 of 171 steps (69%) done

Job 179: >> 03 : Varscan on sample MT alignment


Activating conda environment /home/PERSONALE/eugenio.fonzi2/WESPipeline/.snakemake/conda/e35b1969.
Job 154: >> second : MuTect on MT alignment

Activating conda environment /home/PERSONALE/eugenio.fonzi2/WESPipeline/.snakemake/conda/a055426f.
Removing temporary output file /home/PERSONALE/eugenio.fonzi2/ANALYSES_WES/171228_test_threads_4_patients_2/05_alignment_MT/02_bqsr/02.bai.
Removing temporary output file /home/PERSONALE/eugenio.fonzi2/ANALYSES_WES/171228_test_threads_4_patients_2/05_alignment_MT/02_bqsr/02.bam.
Finished job 160.
119 of 171 steps (70%) done
Removing temporary output file /home/PERSONALE/eugenio.fonzi2/ANALYSES_WES/171228_test_threads_4_patients_2/05_alignment_MT/02_bqsr/04.bai.
Removing temporary output file /home/PERSONALE/eugenio.fonzi2/ANALYSES_WES/171228_test_threads_4_patients_2/05_alignment_MT/02_bqsr/04.bam.
Finished job 154.
120 of 171 steps (70%) done
Removing temporary output file /home/PERSONALE/eugenio.fonzi2/ANALYSES_WES/171228_test_threads_4_patients_2/05_alignment_MT/02_bqsr/01.bam.
Removing temporary output file /home/PERSONALE/eugenio.fonzi2/ANALYSES_WES/171228_test_threads_4_patients_2/05_alignment_MT/02_bqsr/01.bai.
Finished job 183.
121 of 171 steps (71%) done

Job 158: >> first : Varscan on patient MT alignment

Activating conda environment /home/PERSONALE/eugenio.fonzi2/WESPipeline/.snakemake/conda/e35b1969.
Removing temporary output file /home/PERSONALE/eugenio.fonzi2/ANALYSES_WES/171228_test_threads_4_patients_2/09_varscan_MT/01_mpileup/02.mpileup.
Removing temporary output file /home/PERSONALE/eugenio.fonzi2/ANALYSES_WES/171228_test_threads_4_patients_2/09_varscan_MT/01_mpileup/01.mpileup.
Finished job 158.
122 of 171 steps (71%) done
Removing temporary output file /home/PERSONALE/eugenio.fonzi2/ANALYSES_WES/171228_test_threads_4_patients_2/05_alignment_MT/02_bqsr/03.bai.
Removing temporary output file /home/PERSONALE/eugenio.fonzi2/ANALYSES_WES/171228_test_threads_4_patients_2/05_alignment_MT/02_bqsr/03.bam.
Finished job 179.
123 of 171 steps (72%) done

Job 155: >> second : Varscan on patient MT alignment

Activating conda environment /home/PERSONALE/eugenio.fonzi2/WESPipeline/.snakemake/conda/e35b1969.
Removing temporary output file /home/PERSONALE/eugenio.fonzi2/ANALYSES_WES/171228_test_threads_4_patients_2/09_varscan_MT/01_mpileup/04.mpileup.
Removing temporary output file /home/PERSONALE/eugenio.fonzi2/ANALYSES_WES/171228_test_threads_4_patients_2/09_varscan_MT/01_mpileup/03.mpileup.
Finished job 155.
124 of 171 steps (73%) done
Removing temporary output file /home/PERSONALE/eugenio.fonzi2/ANALYSES_WES/171228_test_threads_4_patients_2/03_alignment_genome/01_intermediate/03_marked.bam.
Removing temporary output file /home/PERSONALE/eugenio.fonzi2/ANALYSES_WES/171228_test_threads_4_patients_2/03_alignment_genome/01_intermediate/03_marked.bai.
Finished job 71.
125 of 171 steps (73%) done

Job 51: >> 03 : BaseRecal genome

Activating conda environment /home/PERSONALE/eugenio.fonzi2/WESPipeline/.snakemake/conda/e35b1969.
Removing temporary output file /home/PERSONALE/eugenio.fonzi2/ANALYSES_WES/171228_test_threads_4_patients_2/03_alignment_genome/01_intermediate/01_marked.bai.
Removing temporary output file /home/PERSONALE/eugenio.fonzi2/ANALYSES_WES/171228_test_threads_4_patients_2/03_alignment_genome/01_intermediate/01_marked.bam.
Finished job 68.
126 of 171 steps (74%) done

Job 45: >> 01 : BaseRecal genome

Activating conda environment /home/PERSONALE/eugenio.fonzi2/WESPipeline/.snakemake/conda/e35b1969.
Finished job 51.
127 of 171 steps (74%) done

Job 52: >> 03 : PostRecalTable genome


Activating conda environment /home/PERSONALE/eugenio.fonzi2/WESPipeline/.snakemake/conda/e35b1969.
Job 181: >> 03 : PrintReads genome

Activating conda environment /home/PERSONALE/eugenio.fonzi2/WESPipeline/.snakemake/conda/e35b1969.
Finished job 45.
128 of 171 steps (75%) done

Job 189: >> 01 : PrintReads genome


Job 46: >> 01 : PostRecalTable genome
Activating conda environment /home/PERSONALE/eugenio.fonzi2/WESPipeline/.snakemake/conda/e35b1969.

Activating conda environment /home/PERSONALE/eugenio.fonzi2/WESPipeline/.snakemake/conda/e35b1969.
Finished job 181.
129 of 171 steps (75%) done

Job 156: >> second : MuTect on genomic alignment


Activating conda environment /home/PERSONALE/eugenio.fonzi2/WESPipeline/.snakemake/conda/a055426f.
Job 170: >> 03 : Varscan on sample genomic alignment

Activating conda environment /home/PERSONALE/eugenio.fonzi2/WESPipeline/.snakemake/conda/e35b1969.
Finished job 189.
130 of 171 steps (76%) done

Job 184: >> 01 : Varscan on sample genomic alignment


Activating conda environment /home/PERSONALE/eugenio.fonzi2/WESPipeline/.snakemake/conda/e35b1969.
Job 161: >> first : MuTect on genomic alignment

Activating conda environment /home/PERSONALE/eugenio.fonzi2/WESPipeline/.snakemake/conda/a055426f.
Removing temporary output file /home/PERSONALE/eugenio.fonzi2/ANALYSES_WES/171228_test_threads_4_patients_2/03_alignment_genome/01_intermediate/03_realigned.bam.
Removing temporary output file /home/PERSONALE/eugenio.fonzi2/ANALYSES_WES/171228_test_threads_4_patients_2/03_alignment_genome/01_intermediate/03_realigned.bai.
Finished job 52.
131 of 171 steps (77%) done

Job 26: >> 03 : AnalyzeCovariates genome

Activating conda environment /home/PERSONALE/eugenio.fonzi2/WESPipeline/.snakemake/conda/e35b1969.
Finished job 26.
132 of 171 steps (77%) done
Removing temporary output file /home/PERSONALE/eugenio.fonzi2/ANALYSES_WES/171228_test_threads_4_patients_2/03_alignment_genome/01_intermediate/01_realigned.bai.
Removing temporary output file /home/PERSONALE/eugenio.fonzi2/ANALYSES_WES/171228_test_threads_4_patients_2/03_alignment_genome/01_intermediate/01_realigned.bam.
Finished job 46.
133 of 171 steps (78%) done

Job 19: >> 01 : AnalyzeCovariates genome

Activating conda environment /home/PERSONALE/eugenio.fonzi2/WESPipeline/.snakemake/conda/e35b1969.
Finished job 19.
134 of 171 steps (78%) done
Finished job 170.
135 of 171 steps (79%) done

Job 153: >> second : Varscan on patient genomic alignment

Activating conda environment /home/PERSONALE/eugenio.fonzi2/WESPipeline/.snakemake/conda/e35b1969.
Finished job 184.
136 of 171 steps (80%) done

Job 159: >> first : Varscan on patient genomic alignment

Activating conda environment /home/PERSONALE/eugenio.fonzi2/WESPipeline/.snakemake/conda/e35b1969.
Removing temporary output file /home/PERSONALE/eugenio.fonzi2/ANALYSES_WES/171228_test_threads_4_patients_2/08_varscan_genome/01_mpileup/03.mpileup.
Removing temporary output file /home/PERSONALE/eugenio.fonzi2/ANALYSES_WES/171228_test_threads_4_patients_2/08_varscan_genome/01_mpileup/04.mpileup.
Finished job 153.
137 of 171 steps (80%) done
Removing temporary output file /home/PERSONALE/eugenio.fonzi2/ANALYSES_WES/171228_test_threads_4_patients_2/08_varscan_genome/01_mpileup/01.mpileup.
Removing temporary output file /home/PERSONALE/eugenio.fonzi2/ANALYSES_WES/171228_test_threads_4_patients_2/08_varscan_genome/01_mpileup/02.mpileup.
Finished job 159.
138 of 171 steps (81%) done
Removing temporary output file /home/PERSONALE/eugenio.fonzi2/ANALYSES_WES/171228_test_threads_4_patients_2/03_alignment_genome/02_bqsr/04.bai.
Removing temporary output file /home/PERSONALE/eugenio.fonzi2/ANALYSES_WES/171228_test_threads_4_patients_2/03_alignment_genome/02_bqsr/04.bam.
Removing temporary output file /home/PERSONALE/eugenio.fonzi2/ANALYSES_WES/171228_test_threads_4_patients_2/03_alignment_genome/02_bqsr/03.bai.
Removing temporary output file /home/PERSONALE/eugenio.fonzi2/ANALYSES_WES/171228_test_threads_4_patients_2/03_alignment_genome/02_bqsr/03.bam.
Finished job 156.
139 of 171 steps (81%) done

Job 132: >> second : Merge and Write Variants

Finished job 132.
140 of 171 steps (82%) done

Job 131: >> second : Varscan Filter Somatic Indel


Activating conda environment /home/PERSONALE/eugenio.fonzi2/WESPipeline/.snakemake/conda/e35b1969.
Job 133: >> second : Varscan Filter Somatic SNV

Activating conda environment /home/PERSONALE/eugenio.fonzi2/WESPipeline/.snakemake/conda/e35b1969.
Finished job 131.
141 of 171 steps (82%) done
Removing temporary output file /home/PERSONALE/eugenio.fonzi2/ANALYSES_WES/171228_test_threads_4_patients_2/10_variants_filter/second_varscan_snv_temp1.tsv.
Removing temporary output file /home/PERSONALE/eugenio.fonzi2/ANALYSES_WES/171228_test_threads_4_patients_2/10_variants_filter/second_varscan_indel_temp1.tsv.
Finished job 133.
142 of 171 steps (83%) done

Job 88: >> second : Keep Only Variants

Removing temporary output file /home/PERSONALE/eugenio.fonzi2/ANALYSES_WES/171228_test_threads_4_patients_2/10_variants_filter/second_varscan_indel_temp2.tsv.
Removing temporary output file /home/PERSONALE/eugenio.fonzi2/ANALYSES_WES/171228_test_threads_4_patients_2/10_variants_filter/second_varscan_snv_temp2.tsv.
Finished job 88.
143 of 171 steps (84%) done

Job 122: >> second : Split Varscan Variants

Job 130: >> second : Split muTect Variants

Finished job 130.
144 of 171 steps (84%) done
Finished job 122.
145 of 171 steps (85%) done

Job 89: >> second : annotating with ANNOVAR muTect MT variants

Job 85: >> second : annotating with ANNOVAR varscan genome variants

Job 87: >> second : annotating with ANNOVAR varscan MT variants

Job 86: >> second : annotating with ANNOVAR muTect genome variants

Finished job 89.
146 of 171 steps (85%) done
Finished job 87.
147 of 171 steps (86%) done
Removing temporary output file /home/PERSONALE/eugenio.fonzi2/ANALYSES_WES/171228_test_threads_4_patients_2/03_alignment_genome/02_bqsr/02.bam.
Removing temporary output file /home/PERSONALE/eugenio.fonzi2/ANALYSES_WES/171228_test_threads_4_patients_2/03_alignment_genome/02_bqsr/02.bai.
Removing temporary output file /home/PERSONALE/eugenio.fonzi2/ANALYSES_WES/171228_test_threads_4_patients_2/03_alignment_genome/02_bqsr/01.bam.
Removing temporary output file /home/PERSONALE/eugenio.fonzi2/ANALYSES_WES/171228_test_threads_4_patients_2/03_alignment_genome/02_bqsr/01.bai.
Finished job 161.
148 of 171 steps (87%) done

Job 137: >> first : Merge and Write Variants

Finished job 137.
149 of 171 steps (87%) done

Job 136: >> first : Varscan Filter Somatic Indel


Activating conda environment /home/PERSONALE/eugenio.fonzi2/WESPipeline/.snakemake/conda/e35b1969.
Job 138: >> first : Varscan Filter Somatic SNV

Activating conda environment /home/PERSONALE/eugenio.fonzi2/WESPipeline/.snakemake/conda/e35b1969.
Finished job 136.
150 of 171 steps (88%) done
Removing temporary output file /home/PERSONALE/eugenio.fonzi2/ANALYSES_WES/171228_test_threads_4_patients_2/10_variants_filter/first_varscan_indel_temp1.tsv.
Removing temporary output file /home/PERSONALE/eugenio.fonzi2/ANALYSES_WES/171228_test_threads_4_patients_2/10_variants_filter/first_varscan_snv_temp1.tsv.
Finished job 138.
151 of 171 steps (88%) done

Job 94: >> first : Keep Only Variants

Removing temporary output file /home/PERSONALE/eugenio.fonzi2/ANALYSES_WES/171228_test_threads_4_patients_2/10_variants_filter/first_varscan_indel_temp2.tsv.
Removing temporary output file /home/PERSONALE/eugenio.fonzi2/ANALYSES_WES/171228_test_threads_4_patients_2/10_variants_filter/first_varscan_snv_temp2.tsv.
Finished job 94.
152 of 171 steps (89%) done

Job 135: >> first : Split muTect Variants

Job 139: >> first : Split Varscan Variants

Finished job 135.
153 of 171 steps (89%) done

Job 96: >> first : annotating with ANNOVAR muTect MT variants

Job 93: >> first : annotating with ANNOVAR muTect genome variants

Finished job 139.
154 of 171 steps (90%) done

Job 95: >> first : annotating with ANNOVAR varscan genome variants

Job 97: >> first : annotating with ANNOVAR varscan MT variants

Finished job 96.
155 of 171 steps (91%) done
Finished job 97.
156 of 171 steps (91%) done
Finished job 86.
157 of 171 steps (92%) done
Finished job 85.
158 of 171 steps (92%) done

Job 64: >> second : merging muTect and Varscan Variants

Finished job 64.
159 of 171 steps (93%) done

Job 84: >> second : create rsID table

Finished job 84.
160 of 171 steps (94%) done

Job 63: >> second : filtering exonic/non-synonymous/non-polymorphic

Activating conda environment /home/PERSONALE/eugenio.fonzi2/WESPipeline/.snakemake/conda/28d822a6.
Removing temporary output file /home/PERSONALE/eugenio.fonzi2/ANALYSES_WES/171228_test_threads_4_patients_2/10_variants_filter/second_rsID.tsv.
Finished job 63.
161 of 171 steps (94%) done

Job 39: >> second : checking MAFs

Removing temporary output file second_rsID_maf.tsv.
Finished job 39.
162 of 171 steps (95%) done

Job 12: >> second : Removing segdups variants

Finished job 12.
163 of 171 steps (95%) done
Finished job 93.
164 of 171 steps (96%) done
Finished job 95.
165 of 171 steps (96%) done

Job 66: >> first : merging muTect and Varscan Variants

Finished job 66.
166 of 171 steps (97%) done

Job 98: >> first : create rsID table

Finished job 98.
167 of 171 steps (98%) done

Job 67: >> first : filtering exonic/non-synonymous/non-polymorphic

Activating conda environment /home/PERSONALE/eugenio.fonzi2/WESPipeline/.snakemake/conda/28d822a6.
Removing temporary output file /home/PERSONALE/eugenio.fonzi2/ANALYSES_WES/171228_test_threads_4_patients_2/10_variants_filter/first_rsID.tsv.
Finished job 67.
168 of 171 steps (98%) done

Job 44: >> first : checking MAFs

Removing temporary output file first_rsID_maf.tsv.
Finished job 44.
169 of 171 steps (99%) done

Job 18: >> first : Removing segdups variants

Finished job 18.
170 of 171 steps (99%) done

Job 0:  THE END 

Finished job 0.
171 of 171 steps (100%) done
