Building DAG of jobs...
Provided cores: 32
Rules claiming more threads will be scaled down.
Job counts:
	count	jobs
	4	AnalyzeCovariates_MT
	4	AnalyzeCovariates_genome
	4	BaseRecal_MT
	4	BaseRecal_genome
	4	IndelRealigner_MT
	4	IndelRealigner_genome
	2	KeepOnlyVariants
	2	MergeMutectVarscan
	2	MergeWriteVariants
	2	MutectSplitVariants
	4	PostRecalTable_MT
	4	PostRecalTable_genome
	4	PrintReads_MT
	4	PrintReads_genome
	4	RTC_MT
	4	RTC_genome
	2	Remove_segdups
	2	VarscanSplitVariants
	1	all
	2	annovar_MT_mutect
	2	annovar_MT_varscan
	2	annovar_genome_mutect
	2	annovar_genome_varscan
	2	checkMAFs
	2	create_rsID_table
	4	downloadDecompressMergeFastq
	4	extractUnmapped_convert
	4	extractUnmapped_extract
	4	fastq_checkpoint
	4	fastqc_R1
	4	fastqc_R2
	4	fastqc_trimmed_R1
	4	fastqc_trimmed_R2
	2	filterExonicPolymorphic
	2	filterSomatic_Indel
	2	filterSomatic_SNV
	4	indexing_MT
	4	indexing_genome
	4	map_to_MT
	4	map_to_exome
	4	map_to_genome
	4	marking_MT
	4	marking_genome
	2	muTect_MT
	2	muTect_genome
	4	sorting_MT
	4	sorting_exome
	4	sorting_genome
	4	trim
	2	varscan_MT_patient
	4	varscan_MT_sample
	2	varscan_genome_patient
	4	varscan_genome_sample
	171

Job 64: >> 04 : downloading, decompressing and merging fastq 

Job 59: >> 02 : downloading, decompressing and merging fastq 

Job 57: >> 03 : downloading, decompressing and merging fastq 

Job 58: >> 01 : downloading, decompressing and merging fastq 

Finished job 64.
1 of 171 steps (0.58%) done

Job 40: >> 04 : Check fastq size 

Finished job 59.
2 of 171 steps (1%) done

Job 37: >> 02 : Check fastq size 

Finished job 40.
3 of 171 steps (2%) done

Job 16: >> 04 : fastqc1

Activating conda environment /home/PERSONALE/eugenio.fonzi2/WESPipeline/.snakemake/conda/e35b1969.

Job 25: >> 04 : fastqc2

Activating conda environment /home/PERSONALE/eugenio.fonzi2/WESPipeline/.snakemake/conda/e35b1969.

Job 33: >> 04 : Trimming

Finished job 37.
4 of 171 steps (2%) done

Job 24: >> 02 : fastqc2

Activating conda environment /home/PERSONALE/eugenio.fonzi2/WESPipeline/.snakemake/conda/e35b1969.

Job 32: >> 02 : Trimming


Job 11: >> 02 : fastqc1

Activating conda environment /home/PERSONALE/eugenio.fonzi2/WESPipeline/.snakemake/conda/e35b1969.
Finished job 25.
5 of 171 steps (3%) done
Finished job 24.
6 of 171 steps (4%) done
Finished job 16.
7 of 171 steps (4%) done
Finished job 11.
8 of 171 steps (5%) done
Finished job 57.
9 of 171 steps (5%) done

Job 35: >> 03 : Check fastq size 

Finished job 35.
10 of 171 steps (6%) done

Job 9: >> 03 : fastqc1

Activating conda environment /home/PERSONALE/eugenio.fonzi2/WESPipeline/.snakemake/conda/e35b1969.

Job 19: >> 03 : fastqc2

Activating conda environment /home/PERSONALE/eugenio.fonzi2/WESPipeline/.snakemake/conda/e35b1969.

Job 29: >> 03 : Trimming

Finished job 58.
11 of 171 steps (6%) done

Job 36: >> 01 : Check fastq size 

Finished job 36.
12 of 171 steps (7%) done

Job 13: >> 01 : fastqc2

Activating conda environment /home/PERSONALE/eugenio.fonzi2/WESPipeline/.snakemake/conda/e35b1969.

Job 10: >> 01 : fastqc1

Activating conda environment /home/PERSONALE/eugenio.fonzi2/WESPipeline/.snakemake/conda/e35b1969.

Job 34: >> 01 : Trimming

Finished job 19.
13 of 171 steps (8%) done
Finished job 9.
14 of 171 steps (8%) done
Finished job 13.
15 of 171 steps (9%) done
Finished job 10.
16 of 171 steps (9%) done
Removing temporary output file /home/PERSONALE/eugenio.fonzi2/ANALYSES_WES/171228_test_threads_2_patients_2/01_fastq/02_postprocess/02_R1.fastq.
Removing temporary output file /home/PERSONALE/eugenio.fonzi2/ANALYSES_WES/171228_test_threads_2_patients_2/01_fastq/02_postprocess/02_R2.fastq.
Finished job 32.
17 of 171 steps (10%) done

Job 4: >> 02 : fastqc2 on trimmed fastq

Activating conda environment /home/PERSONALE/eugenio.fonzi2/WESPipeline/.snakemake/conda/e35b1969.

Job 15: >> 02 : fastqc1 on trimmed fastq

Activating conda environment /home/PERSONALE/eugenio.fonzi2/WESPipeline/.snakemake/conda/e35b1969.

Job 149: >> 02 : Aligning to reference NUCLEAR GENOME

Activating conda environment /home/PERSONALE/eugenio.fonzi2/WESPipeline/.snakemake/conda/e35b1969.

Job 200: >> 02 : Aligning to reference EXOME

Activating conda environment /home/PERSONALE/eugenio.fonzi2/WESPipeline/.snakemake/conda/e35b1969.
Finished job 15.
18 of 171 steps (11%) done
Finished job 4.
19 of 171 steps (11%) done
Removing temporary output file /home/PERSONALE/eugenio.fonzi2/ANALYSES_WES/171228_test_threads_2_patients_2/01_fastq/02_postprocess/04_R1.fastq.
Removing temporary output file /home/PERSONALE/eugenio.fonzi2/ANALYSES_WES/171228_test_threads_2_patients_2/01_fastq/02_postprocess/04_R2.fastq.
Finished job 33.
20 of 171 steps (12%) done

Job 8: >> 04 : fastqc1 on trimmed fastq

Activating conda environment /home/PERSONALE/eugenio.fonzi2/WESPipeline/.snakemake/conda/e35b1969.

Job 5: >> 04 : fastqc2 on trimmed fastq

Activating conda environment /home/PERSONALE/eugenio.fonzi2/WESPipeline/.snakemake/conda/e35b1969.

Job 203: >> 04 : Aligning to reference EXOME

Activating conda environment /home/PERSONALE/eugenio.fonzi2/WESPipeline/.snakemake/conda/e35b1969.

Job 160: >> 04 : Aligning to reference NUCLEAR GENOME

Activating conda environment /home/PERSONALE/eugenio.fonzi2/WESPipeline/.snakemake/conda/e35b1969.
Finished job 5.
21 of 171 steps (12%) done
Finished job 8.
22 of 171 steps (13%) done
Finished job 200.
23 of 171 steps (13%) done

Job 196: >> 02 : sorting exome

Activating conda environment /home/PERSONALE/eugenio.fonzi2/WESPipeline/.snakemake/conda/e35b1969.
Finished job 203.
24 of 171 steps (14%) done

Job 199: >> 04 : sorting exome

Activating conda environment /home/PERSONALE/eugenio.fonzi2/WESPipeline/.snakemake/conda/e35b1969.
Removing temporary output file /home/PERSONALE/eugenio.fonzi2/ANALYSES_WES/171228_test_threads_2_patients_2/01_fastq/02_postprocess/03_R2.fastq.
Removing temporary output file /home/PERSONALE/eugenio.fonzi2/ANALYSES_WES/171228_test_threads_2_patients_2/01_fastq/02_postprocess/03_R1.fastq.
Finished job 29.
25 of 171 steps (15%) done

Job 2: >> 03 : fastqc2 on trimmed fastq

Activating conda environment /home/PERSONALE/eugenio.fonzi2/WESPipeline/.snakemake/conda/e35b1969.

Job 6: >> 03 : fastqc1 on trimmed fastq

Activating conda environment /home/PERSONALE/eugenio.fonzi2/WESPipeline/.snakemake/conda/e35b1969.

Job 201: >> 03 : Aligning to reference EXOME


Activating conda environment /home/PERSONALE/eugenio.fonzi2/WESPipeline/.snakemake/conda/e35b1969.
Job 159: >> 03 : Aligning to reference NUCLEAR GENOME

Activating conda environment /home/PERSONALE/eugenio.fonzi2/WESPipeline/.snakemake/conda/e35b1969.
Removing temporary output file /home/PERSONALE/eugenio.fonzi2/ANALYSES_WES/171228_test_threads_2_patients_2/01_fastq/02_postprocess/01_R1.fastq.
Removing temporary output file /home/PERSONALE/eugenio.fonzi2/ANALYSES_WES/171228_test_threads_2_patients_2/01_fastq/02_postprocess/01_R2.fastq.
Finished job 34.
26 of 171 steps (15%) done

Job 7: >> 01 : fastqc1 on trimmed fastq


Job 145: >> 01 : Aligning to reference NUCLEAR GENOME
Activating conda environment /home/PERSONALE/eugenio.fonzi2/WESPipeline/.snakemake/conda/e35b1969.


Activating conda environment /home/PERSONALE/eugenio.fonzi2/WESPipeline/.snakemake/conda/e35b1969.
Job 20: >> 01 : fastqc2 on trimmed fastq


Activating conda environment /home/PERSONALE/eugenio.fonzi2/WESPipeline/.snakemake/conda/e35b1969.
Job 202: >> 01 : Aligning to reference EXOME

Activating conda environment /home/PERSONALE/eugenio.fonzi2/WESPipeline/.snakemake/conda/e35b1969.
Finished job 6.
27 of 171 steps (16%) done
Finished job 2.
28 of 171 steps (16%) done
Finished job 20.
29 of 171 steps (17%) done
Finished job 7.
30 of 171 steps (18%) done
Removing temporary output file /home/PERSONALE/eugenio.fonzi2/ANALYSES_WES/171228_test_threads_2_patients_2/04_alignment_exome/01_intermediate/02.sam.
Finished job 196.
31 of 171 steps (18%) done

Job 192: >> 02 : extractUnmapped extract

Activating conda environment /home/PERSONALE/eugenio.fonzi2/WESPipeline/.snakemake/conda/e35b1969.
Removing temporary output file /home/PERSONALE/eugenio.fonzi2/ANALYSES_WES/171228_test_threads_2_patients_2/04_alignment_exome/01_intermediate/04.sam.
Finished job 199.
32 of 171 steps (19%) done

Job 195: >> 04 : extractUnmapped extract

Activating conda environment /home/PERSONALE/eugenio.fonzi2/WESPipeline/.snakemake/conda/e35b1969.
Removing temporary output file /home/PERSONALE/eugenio.fonzi2/ANALYSES_WES/171228_test_threads_2_patients_2/04_alignment_exome/01_intermediate/02_sorted.bam.
Finished job 192.
33 of 171 steps (19%) done

Job 188: >> 02 : extractUnmapped convert

Activating conda environment /home/PERSONALE/eugenio.fonzi2/WESPipeline/.snakemake/conda/e35b1969.
Removing temporary output file /home/PERSONALE/eugenio.fonzi2/ANALYSES_WES/171228_test_threads_2_patients_2/04_alignment_exome/01_intermediate/02_unmapped.bam.
Finished job 188.
34 of 171 steps (20%) done

Job 162: >> 02 : Aligning to reference MITOCHONDRIAL GENOME

Activating conda environment /home/PERSONALE/eugenio.fonzi2/WESPipeline/.snakemake/conda/e35b1969.
Removing temporary output file /home/PERSONALE/eugenio.fonzi2/ANALYSES_WES/171228_test_threads_2_patients_2/04_alignment_exome/01_intermediate/04_sorted.bam.
Finished job 195.
35 of 171 steps (20%) done

Job 191: >> 04 : extractUnmapped convert

Activating conda environment /home/PERSONALE/eugenio.fonzi2/WESPipeline/.snakemake/conda/e35b1969.
Removing temporary output file /home/PERSONALE/eugenio.fonzi2/ANALYSES_WES/171228_test_threads_2_patients_2/04_alignment_exome/01_intermediate/04_unmapped.bam.
Finished job 191.
36 of 171 steps (21%) done

Job 165: >> 04 : Aligning to reference MITOCHONDRIAL GENOME

Activating conda environment /home/PERSONALE/eugenio.fonzi2/WESPipeline/.snakemake/conda/e35b1969.
Removing temporary output file /home/PERSONALE/eugenio.fonzi2/ANALYSES_WES/171228_test_threads_2_patients_2/04_alignment_exome/02_unmapped_fastq/02_R1.unmapped.fastq.
Removing temporary output file /home/PERSONALE/eugenio.fonzi2/ANALYSES_WES/171228_test_threads_2_patients_2/04_alignment_exome/02_unmapped_fastq/02_R2.unmapped.fastq.
Finished job 162.
37 of 171 steps (22%) done

Job 140: >> 02 : sorting MT

Activating conda environment /home/PERSONALE/eugenio.fonzi2/WESPipeline/.snakemake/conda/e35b1969.
Removing temporary output file /home/PERSONALE/eugenio.fonzi2/ANALYSES_WES/171228_test_threads_2_patients_2/02_fastq_trimmed/02_R1.fastq.
Removing temporary output file /home/PERSONALE/eugenio.fonzi2/ANALYSES_WES/171228_test_threads_2_patients_2/02_fastq_trimmed/02_R2.fastq.
Finished job 149.
38 of 171 steps (22%) done

Job 117: >> 02 : sorting genome

Activating conda environment /home/PERSONALE/eugenio.fonzi2/WESPipeline/.snakemake/conda/e35b1969.
Removing temporary output file /home/PERSONALE/eugenio.fonzi2/ANALYSES_WES/171228_test_threads_2_patients_2/04_alignment_exome/02_unmapped_fastq/04_R2.unmapped.fastq.
Removing temporary output file /home/PERSONALE/eugenio.fonzi2/ANALYSES_WES/171228_test_threads_2_patients_2/04_alignment_exome/02_unmapped_fastq/04_R1.unmapped.fastq.
Finished job 165.
39 of 171 steps (23%) done

Job 143: >> 04 : sorting MT

Activating conda environment /home/PERSONALE/eugenio.fonzi2/WESPipeline/.snakemake/conda/e35b1969.
Removing temporary output file /home/PERSONALE/eugenio.fonzi2/ANALYSES_WES/171228_test_threads_2_patients_2/05_alignment_MT/01_intermediate/02.sam.
Finished job 140.
40 of 171 steps (23%) done

Job 100: >> 02 : marking MT

Activating conda environment /home/PERSONALE/eugenio.fonzi2/WESPipeline/.snakemake/conda/e35b1969.
Removing temporary output file /home/PERSONALE/eugenio.fonzi2/ANALYSES_WES/171228_test_threads_2_patients_2/05_alignment_MT/01_intermediate/04.sam.
Finished job 143.
41 of 171 steps (24%) done

Job 109: >> 04 : marking MT

Activating conda environment /home/PERSONALE/eugenio.fonzi2/WESPipeline/.snakemake/conda/e35b1969.
Removing temporary output file /home/PERSONALE/eugenio.fonzi2/ANALYSES_WES/171228_test_threads_2_patients_2/05_alignment_MT/01_intermediate/02_sorted.bam.
Finished job 100.
42 of 171 steps (25%) done

Job 101: >> 02 : indexing MT

Activating conda environment /home/PERSONALE/eugenio.fonzi2/WESPipeline/.snakemake/conda/e35b1969.
Finished job 101.
43 of 171 steps (25%) done

Job 99: >> 02 : RTC MT

Activating conda environment /home/PERSONALE/eugenio.fonzi2/WESPipeline/.snakemake/conda/e35b1969.
Finished job 99.
44 of 171 steps (26%) done

Job 67: >> 02 : IndelRealigner MT

Activating conda environment /home/PERSONALE/eugenio.fonzi2/WESPipeline/.snakemake/conda/e35b1969.
Removing temporary output file /home/PERSONALE/eugenio.fonzi2/ANALYSES_WES/171228_test_threads_2_patients_2/02_fastq_trimmed/04_R1.fastq.
Removing temporary output file /home/PERSONALE/eugenio.fonzi2/ANALYSES_WES/171228_test_threads_2_patients_2/02_fastq_trimmed/04_R2.fastq.
Finished job 160.
45 of 171 steps (26%) done

Job 137: >> 04 : sorting genome

Activating conda environment /home/PERSONALE/eugenio.fonzi2/WESPipeline/.snakemake/conda/e35b1969.
Removing temporary output file /home/PERSONALE/eugenio.fonzi2/ANALYSES_WES/171228_test_threads_2_patients_2/05_alignment_MT/01_intermediate/04_sorted.bam.
Finished job 109.
46 of 171 steps (27%) done

Job 110: >> 04 : indexing MT

Activating conda environment /home/PERSONALE/eugenio.fonzi2/WESPipeline/.snakemake/conda/e35b1969.
Finished job 110.
47 of 171 steps (27%) done

Job 108: >> 04 : RTC MT

Activating conda environment /home/PERSONALE/eugenio.fonzi2/WESPipeline/.snakemake/conda/e35b1969.
Finished job 108.
48 of 171 steps (28%) done

Job 71: >> 04 : IndelRealigner MT

Activating conda environment /home/PERSONALE/eugenio.fonzi2/WESPipeline/.snakemake/conda/e35b1969.
Removing temporary output file /home/PERSONALE/eugenio.fonzi2/ANALYSES_WES/171228_test_threads_2_patients_2/05_alignment_MT/01_intermediate/02_marked.bam.
Removing temporary output file /home/PERSONALE/eugenio.fonzi2/ANALYSES_WES/171228_test_threads_2_patients_2/05_alignment_MT/01_intermediate/02_marked.bai.
Finished job 67.
49 of 171 steps (29%) done

Job 45: >> 02 : BaseRecal MT

Activating conda environment /home/PERSONALE/eugenio.fonzi2/WESPipeline/.snakemake/conda/e35b1969.
Finished job 45.
50 of 171 steps (29%) done

Job 46: >> 02 : PostRecalTable MT


Activating conda environment /home/PERSONALE/eugenio.fonzi2/WESPipeline/.snakemake/conda/e35b1969.
Job 185: >> 02 : PrintReads MT

Activating conda environment /home/PERSONALE/eugenio.fonzi2/WESPipeline/.snakemake/conda/e35b1969.
Finished job 46.
51 of 171 steps (30%) done

Job 21: >> 02 : AnalyzeCovariates MT

Activating conda environment /home/PERSONALE/eugenio.fonzi2/WESPipeline/.snakemake/conda/e35b1969.
Finished job 21.
52 of 171 steps (30%) done
Removing temporary output file /home/PERSONALE/eugenio.fonzi2/ANALYSES_WES/171228_test_threads_2_patients_2/03_alignment_genome/01_intermediate/02.sam.
Finished job 117.
53 of 171 steps (31%) done

Job 79: >> 02 : marking genome

Activating conda environment /home/PERSONALE/eugenio.fonzi2/WESPipeline/.snakemake/conda/e35b1969.
Removing temporary output file /home/PERSONALE/eugenio.fonzi2/ANALYSES_WES/171228_test_threads_2_patients_2/05_alignment_MT/01_intermediate/04_marked.bam.
Removing temporary output file /home/PERSONALE/eugenio.fonzi2/ANALYSES_WES/171228_test_threads_2_patients_2/05_alignment_MT/01_intermediate/04_marked.bai.
Finished job 71.
54 of 171 steps (32%) done

Job 51: >> 04 : BaseRecal MT

Activating conda environment /home/PERSONALE/eugenio.fonzi2/WESPipeline/.snakemake/conda/e35b1969.
Finished job 51.
55 of 171 steps (32%) done

Job 52: >> 04 : PostRecalTable MT


Activating conda environment /home/PERSONALE/eugenio.fonzi2/WESPipeline/.snakemake/conda/e35b1969.
Job 177: >> 04 : PrintReads MT

Activating conda environment /home/PERSONALE/eugenio.fonzi2/WESPipeline/.snakemake/conda/e35b1969.
Finished job 52.
56 of 171 steps (33%) done

Job 26: >> 04 : AnalyzeCovariates MT

Activating conda environment /home/PERSONALE/eugenio.fonzi2/WESPipeline/.snakemake/conda/e35b1969.
Finished job 26.
57 of 171 steps (33%) done
Removing temporary output file /home/PERSONALE/eugenio.fonzi2/ANALYSES_WES/171228_test_threads_2_patients_2/03_alignment_genome/01_intermediate/04.sam.
Finished job 137.
58 of 171 steps (34%) done

Job 96: >> 04 : marking genome

Activating conda environment /home/PERSONALE/eugenio.fonzi2/WESPipeline/.snakemake/conda/e35b1969.
Removing temporary output file /home/PERSONALE/eugenio.fonzi2/ANALYSES_WES/171228_test_threads_2_patients_2/05_alignment_MT/01_intermediate/02_realigned.bam.
Removing temporary output file /home/PERSONALE/eugenio.fonzi2/ANALYSES_WES/171228_test_threads_2_patients_2/05_alignment_MT/01_intermediate/02_realigned.bai.
Finished job 185.
59 of 171 steps (35%) done

Job 183: >> 02 : Varscan on sample MT alignment

Activating conda environment /home/PERSONALE/eugenio.fonzi2/WESPipeline/.snakemake/conda/e35b1969.
Finished job 183.
60 of 171 steps (35%) done
Removing temporary output file /home/PERSONALE/eugenio.fonzi2/ANALYSES_WES/171228_test_threads_2_patients_2/03_alignment_genome/01_intermediate/02_sorted.bam.
Finished job 79.
61 of 171 steps (36%) done

Job 77: >> 02 : indexing genome

Activating conda environment /home/PERSONALE/eugenio.fonzi2/WESPipeline/.snakemake/conda/e35b1969.
Removing temporary output file /home/PERSONALE/eugenio.fonzi2/ANALYSES_WES/171228_test_threads_2_patients_2/05_alignment_MT/01_intermediate/04_realigned.bai.
Removing temporary output file /home/PERSONALE/eugenio.fonzi2/ANALYSES_WES/171228_test_threads_2_patients_2/05_alignment_MT/01_intermediate/04_realigned.bam.
Finished job 177.
62 of 171 steps (36%) done

Job 170: >> 04 : Varscan on sample MT alignment

Activating conda environment /home/PERSONALE/eugenio.fonzi2/WESPipeline/.snakemake/conda/e35b1969.
Finished job 77.
63 of 171 steps (37%) done

Job 78: >> 02 : RTC genome

Activating conda environment /home/PERSONALE/eugenio.fonzi2/WESPipeline/.snakemake/conda/e35b1969.
Finished job 170.
64 of 171 steps (37%) done
Finished job 78.
65 of 171 steps (38%) done

Job 56: >> 02 : IndelRealigner genome

Activating conda environment /home/PERSONALE/eugenio.fonzi2/WESPipeline/.snakemake/conda/e35b1969.
Removing temporary output file /home/PERSONALE/eugenio.fonzi2/ANALYSES_WES/171228_test_threads_2_patients_2/03_alignment_genome/01_intermediate/04_sorted.bam.
Finished job 96.
66 of 171 steps (39%) done

Job 97: >> 04 : indexing genome

Activating conda environment /home/PERSONALE/eugenio.fonzi2/WESPipeline/.snakemake/conda/e35b1969.
Finished job 97.
67 of 171 steps (39%) done

Job 98: >> 04 : RTC genome

Activating conda environment /home/PERSONALE/eugenio.fonzi2/WESPipeline/.snakemake/conda/e35b1969.
Finished job 201.
68 of 171 steps (40%) done

Job 197: >> 03 : sorting exome

Activating conda environment /home/PERSONALE/eugenio.fonzi2/WESPipeline/.snakemake/conda/e35b1969.
Finished job 202.
69 of 171 steps (40%) done

Job 198: >> 01 : sorting exome

Activating conda environment /home/PERSONALE/eugenio.fonzi2/WESPipeline/.snakemake/conda/e35b1969.
Finished job 98.
70 of 171 steps (41%) done

Job 66: >> 04 : IndelRealigner genome

Activating conda environment /home/PERSONALE/eugenio.fonzi2/WESPipeline/.snakemake/conda/e35b1969.
Removing temporary output file /home/PERSONALE/eugenio.fonzi2/ANALYSES_WES/171228_test_threads_2_patients_2/03_alignment_genome/01_intermediate/02_marked.bai.
Removing temporary output file /home/PERSONALE/eugenio.fonzi2/ANALYSES_WES/171228_test_threads_2_patients_2/03_alignment_genome/01_intermediate/02_marked.bam.
Finished job 56.
71 of 171 steps (42%) done

Job 30: >> 02 : BaseRecal genome

Activating conda environment /home/PERSONALE/eugenio.fonzi2/WESPipeline/.snakemake/conda/e35b1969.
Removing temporary output file /home/PERSONALE/eugenio.fonzi2/ANALYSES_WES/171228_test_threads_2_patients_2/03_alignment_genome/01_intermediate/04_marked.bam.
Removing temporary output file /home/PERSONALE/eugenio.fonzi2/ANALYSES_WES/171228_test_threads_2_patients_2/03_alignment_genome/01_intermediate/04_marked.bai.
Finished job 66.
72 of 171 steps (42%) done

Job 44: >> 04 : BaseRecal genome

Activating conda environment /home/PERSONALE/eugenio.fonzi2/WESPipeline/.snakemake/conda/e35b1969.
Removing temporary output file /home/PERSONALE/eugenio.fonzi2/ANALYSES_WES/171228_test_threads_2_patients_2/04_alignment_exome/01_intermediate/03.sam.
Finished job 197.
73 of 171 steps (43%) done

Job 193: >> 03 : extractUnmapped extract

Activating conda environment /home/PERSONALE/eugenio.fonzi2/WESPipeline/.snakemake/conda/e35b1969.
Removing temporary output file /home/PERSONALE/eugenio.fonzi2/ANALYSES_WES/171228_test_threads_2_patients_2/04_alignment_exome/01_intermediate/01.sam.
Finished job 198.
74 of 171 steps (43%) done

Job 194: >> 01 : extractUnmapped extract

Activating conda environment /home/PERSONALE/eugenio.fonzi2/WESPipeline/.snakemake/conda/e35b1969.
Finished job 30.
75 of 171 steps (44%) done

Job 31: >> 02 : PostRecalTable genome


Activating conda environment /home/PERSONALE/eugenio.fonzi2/WESPipeline/.snakemake/conda/e35b1969.
Job 179: >> 02 : PrintReads genome

Activating conda environment /home/PERSONALE/eugenio.fonzi2/WESPipeline/.snakemake/conda/e35b1969.
Finished job 44.
76 of 171 steps (44%) done

Job 43: >> 04 : PostRecalTable genome


Activating conda environment /home/PERSONALE/eugenio.fonzi2/WESPipeline/.snakemake/conda/e35b1969.
Job 175: >> 04 : PrintReads genome

Activating conda environment /home/PERSONALE/eugenio.fonzi2/WESPipeline/.snakemake/conda/e35b1969.
Removing temporary output file /home/PERSONALE/eugenio.fonzi2/ANALYSES_WES/171228_test_threads_2_patients_2/04_alignment_exome/01_intermediate/03_sorted.bam.
Finished job 193.
77 of 171 steps (45%) done

Job 189: >> 03 : extractUnmapped convert

Activating conda environment /home/PERSONALE/eugenio.fonzi2/WESPipeline/.snakemake/conda/e35b1969.
Removing temporary output file /home/PERSONALE/eugenio.fonzi2/ANALYSES_WES/171228_test_threads_2_patients_2/04_alignment_exome/01_intermediate/01_sorted.bam.
Finished job 194.
78 of 171 steps (46%) done

Job 190: >> 01 : extractUnmapped convert

Activating conda environment /home/PERSONALE/eugenio.fonzi2/WESPipeline/.snakemake/conda/e35b1969.
Removing temporary output file /home/PERSONALE/eugenio.fonzi2/ANALYSES_WES/171228_test_threads_2_patients_2/04_alignment_exome/01_intermediate/03_unmapped.bam.
Finished job 189.
79 of 171 steps (46%) done

Job 163: >> 03 : Aligning to reference MITOCHONDRIAL GENOME

Activating conda environment /home/PERSONALE/eugenio.fonzi2/WESPipeline/.snakemake/conda/e35b1969.
Removing temporary output file /home/PERSONALE/eugenio.fonzi2/ANALYSES_WES/171228_test_threads_2_patients_2/04_alignment_exome/01_intermediate/01_unmapped.bam.
Finished job 190.
80 of 171 steps (47%) done

Job 164: >> 01 : Aligning to reference MITOCHONDRIAL GENOME

Activating conda environment /home/PERSONALE/eugenio.fonzi2/WESPipeline/.snakemake/conda/e35b1969.
Removing temporary output file /home/PERSONALE/eugenio.fonzi2/ANALYSES_WES/171228_test_threads_2_patients_2/04_alignment_exome/02_unmapped_fastq/03_R2.unmapped.fastq.
Removing temporary output file /home/PERSONALE/eugenio.fonzi2/ANALYSES_WES/171228_test_threads_2_patients_2/04_alignment_exome/02_unmapped_fastq/03_R1.unmapped.fastq.
Finished job 163.
81 of 171 steps (47%) done

Job 141: >> 03 : sorting MT

Activating conda environment /home/PERSONALE/eugenio.fonzi2/WESPipeline/.snakemake/conda/e35b1969.
Removing temporary output file /home/PERSONALE/eugenio.fonzi2/ANALYSES_WES/171228_test_threads_2_patients_2/04_alignment_exome/02_unmapped_fastq/01_R1.unmapped.fastq.
Removing temporary output file /home/PERSONALE/eugenio.fonzi2/ANALYSES_WES/171228_test_threads_2_patients_2/04_alignment_exome/02_unmapped_fastq/01_R2.unmapped.fastq.
Finished job 164.
82 of 171 steps (48%) done

Job 142: >> 01 : sorting MT

Activating conda environment /home/PERSONALE/eugenio.fonzi2/WESPipeline/.snakemake/conda/e35b1969.
Removing temporary output file /home/PERSONALE/eugenio.fonzi2/ANALYSES_WES/171228_test_threads_2_patients_2/02_fastq_trimmed/03_R2.fastq.
Removing temporary output file /home/PERSONALE/eugenio.fonzi2/ANALYSES_WES/171228_test_threads_2_patients_2/02_fastq_trimmed/03_R1.fastq.
Finished job 159.
83 of 171 steps (49%) done

Job 136: >> 03 : sorting genome

Activating conda environment /home/PERSONALE/eugenio.fonzi2/WESPipeline/.snakemake/conda/e35b1969.
Removing temporary output file /home/PERSONALE/eugenio.fonzi2/ANALYSES_WES/171228_test_threads_2_patients_2/02_fastq_trimmed/01_R1.fastq.
Removing temporary output file /home/PERSONALE/eugenio.fonzi2/ANALYSES_WES/171228_test_threads_2_patients_2/02_fastq_trimmed/01_R2.fastq.
Finished job 145.
84 of 171 steps (49%) done

Job 111: >> 01 : sorting genome

Activating conda environment /home/PERSONALE/eugenio.fonzi2/WESPipeline/.snakemake/conda/e35b1969.
Removing temporary output file /home/PERSONALE/eugenio.fonzi2/ANALYSES_WES/171228_test_threads_2_patients_2/05_alignment_MT/01_intermediate/03.sam.
Finished job 141.
85 of 171 steps (50%) done

Job 102: >> 03 : marking MT

Activating conda environment /home/PERSONALE/eugenio.fonzi2/WESPipeline/.snakemake/conda/e35b1969.
Removing temporary output file /home/PERSONALE/eugenio.fonzi2/ANALYSES_WES/171228_test_threads_2_patients_2/05_alignment_MT/01_intermediate/01.sam.
Finished job 142.
86 of 171 steps (50%) done

Job 106: >> 01 : marking MT

Activating conda environment /home/PERSONALE/eugenio.fonzi2/WESPipeline/.snakemake/conda/e35b1969.
Removing temporary output file /home/PERSONALE/eugenio.fonzi2/ANALYSES_WES/171228_test_threads_2_patients_2/05_alignment_MT/01_intermediate/03_sorted.bam.
Finished job 102.
87 of 171 steps (51%) done

Job 103: >> 03 : indexing MT

Activating conda environment /home/PERSONALE/eugenio.fonzi2/WESPipeline/.snakemake/conda/e35b1969.
Removing temporary output file /home/PERSONALE/eugenio.fonzi2/ANALYSES_WES/171228_test_threads_2_patients_2/05_alignment_MT/01_intermediate/01_sorted.bam.
Finished job 106.
88 of 171 steps (51%) done

Job 105: >> 01 : indexing MT

Activating conda environment /home/PERSONALE/eugenio.fonzi2/WESPipeline/.snakemake/conda/e35b1969.
Finished job 103.
89 of 171 steps (52%) done

Job 104: >> 03 : RTC MT

Activating conda environment /home/PERSONALE/eugenio.fonzi2/WESPipeline/.snakemake/conda/e35b1969.
Finished job 104.
90 of 171 steps (53%) done

Job 69: >> 03 : IndelRealigner MT

Activating conda environment /home/PERSONALE/eugenio.fonzi2/WESPipeline/.snakemake/conda/e35b1969.
Finished job 105.
91 of 171 steps (53%) done

Job 107: >> 01 : RTC MT

Activating conda environment /home/PERSONALE/eugenio.fonzi2/WESPipeline/.snakemake/conda/e35b1969.
Finished job 107.
92 of 171 steps (54%) done

Job 70: >> 01 : IndelRealigner MT

Activating conda environment /home/PERSONALE/eugenio.fonzi2/WESPipeline/.snakemake/conda/e35b1969.
Finished job 179.
93 of 171 steps (54%) done

Job 181: >> 02 : Varscan on sample genomic alignment

Activating conda environment /home/PERSONALE/eugenio.fonzi2/WESPipeline/.snakemake/conda/e35b1969.
Removing temporary output file /home/PERSONALE/eugenio.fonzi2/ANALYSES_WES/171228_test_threads_2_patients_2/03_alignment_genome/01_intermediate/02_realigned.bam.
Removing temporary output file /home/PERSONALE/eugenio.fonzi2/ANALYSES_WES/171228_test_threads_2_patients_2/03_alignment_genome/01_intermediate/02_realigned.bai.
Finished job 31.
94 of 171 steps (55%) done

Job 3: >> 02 : AnalyzeCovariates genome

Activating conda environment /home/PERSONALE/eugenio.fonzi2/WESPipeline/.snakemake/conda/e35b1969.
Finished job 3.
95 of 171 steps (56%) done
Removing temporary output file /home/PERSONALE/eugenio.fonzi2/ANALYSES_WES/171228_test_threads_2_patients_2/05_alignment_MT/01_intermediate/03_marked.bam.
Removing temporary output file /home/PERSONALE/eugenio.fonzi2/ANALYSES_WES/171228_test_threads_2_patients_2/05_alignment_MT/01_intermediate/03_marked.bai.
Finished job 69.
96 of 171 steps (56%) done

Job 48: >> 03 : BaseRecal MT

Activating conda environment /home/PERSONALE/eugenio.fonzi2/WESPipeline/.snakemake/conda/e35b1969.
Finished job 48.
97 of 171 steps (57%) done

Job 47: >> 03 : PostRecalTable MT


Activating conda environment /home/PERSONALE/eugenio.fonzi2/WESPipeline/.snakemake/conda/e35b1969.
Job 178: >> 03 : PrintReads MT

Activating conda environment /home/PERSONALE/eugenio.fonzi2/WESPipeline/.snakemake/conda/e35b1969.
Removing temporary output file /home/PERSONALE/eugenio.fonzi2/ANALYSES_WES/171228_test_threads_2_patients_2/05_alignment_MT/01_intermediate/01_marked.bai.
Removing temporary output file /home/PERSONALE/eugenio.fonzi2/ANALYSES_WES/171228_test_threads_2_patients_2/05_alignment_MT/01_intermediate/01_marked.bam.
Finished job 70.
98 of 171 steps (57%) done

Job 50: >> 01 : BaseRecal MT

Activating conda environment /home/PERSONALE/eugenio.fonzi2/WESPipeline/.snakemake/conda/e35b1969.
Finished job 47.
99 of 171 steps (58%) done

Job 22: >> 03 : AnalyzeCovariates MT

Activating conda environment /home/PERSONALE/eugenio.fonzi2/WESPipeline/.snakemake/conda/e35b1969.
Finished job 50.
100 of 171 steps (58%) done

Job 49: >> 01 : PostRecalTable MT


Activating conda environment /home/PERSONALE/eugenio.fonzi2/WESPipeline/.snakemake/conda/e35b1969.
Job 186: >> 01 : PrintReads MT

Activating conda environment /home/PERSONALE/eugenio.fonzi2/WESPipeline/.snakemake/conda/e35b1969.
Finished job 49.
101 of 171 steps (59%) done

Job 23: >> 01 : AnalyzeCovariates MT

Activating conda environment /home/PERSONALE/eugenio.fonzi2/WESPipeline/.snakemake/conda/e35b1969.
Finished job 22.
102 of 171 steps (60%) done
Finished job 23.
103 of 171 steps (60%) done
Finished job 175.
104 of 171 steps (61%) done

Job 169: >> 04 : Varscan on sample genomic alignment

Activating conda environment /home/PERSONALE/eugenio.fonzi2/WESPipeline/.snakemake/conda/e35b1969.
Finished job 181.
105 of 171 steps (61%) done
Removing temporary output file /home/PERSONALE/eugenio.fonzi2/ANALYSES_WES/171228_test_threads_2_patients_2/03_alignment_genome/01_intermediate/04_realigned.bam.
Removing temporary output file /home/PERSONALE/eugenio.fonzi2/ANALYSES_WES/171228_test_threads_2_patients_2/03_alignment_genome/01_intermediate/04_realigned.bai.
Finished job 43.
106 of 171 steps (62%) done

Job 18: >> 04 : AnalyzeCovariates genome

Activating conda environment /home/PERSONALE/eugenio.fonzi2/WESPipeline/.snakemake/conda/e35b1969.
Finished job 18.
107 of 171 steps (63%) done
Removing temporary output file /home/PERSONALE/eugenio.fonzi2/ANALYSES_WES/171228_test_threads_2_patients_2/03_alignment_genome/01_intermediate/03.sam.
Finished job 136.
108 of 171 steps (63%) done

Job 94: >> 03 : marking genome

Activating conda environment /home/PERSONALE/eugenio.fonzi2/WESPipeline/.snakemake/conda/e35b1969.
Removing temporary output file /home/PERSONALE/eugenio.fonzi2/ANALYSES_WES/171228_test_threads_2_patients_2/03_alignment_genome/01_intermediate/01.sam.
Finished job 111.
109 of 171 steps (64%) done

Job 72: >> 01 : marking genome

Activating conda environment /home/PERSONALE/eugenio.fonzi2/WESPipeline/.snakemake/conda/e35b1969.
Finished job 169.
110 of 171 steps (64%) done
Removing temporary output file /home/PERSONALE/eugenio.fonzi2/ANALYSES_WES/171228_test_threads_2_patients_2/05_alignment_MT/01_intermediate/01_realigned.bam.
Removing temporary output file /home/PERSONALE/eugenio.fonzi2/ANALYSES_WES/171228_test_threads_2_patients_2/05_alignment_MT/01_intermediate/01_realigned.bai.
Finished job 186.
111 of 171 steps (65%) done

Job 158: >> first : MuTect on MT alignment


Activating conda environment /home/PERSONALE/eugenio.fonzi2/WESPipeline/.snakemake/conda/a055426f.
Job 184: >> 01 : Varscan on sample MT alignment

Activating conda environment /home/PERSONALE/eugenio.fonzi2/WESPipeline/.snakemake/conda/e35b1969.
Removing temporary output file /home/PERSONALE/eugenio.fonzi2/ANALYSES_WES/171228_test_threads_2_patients_2/05_alignment_MT/01_intermediate/03_realigned.bam.
Removing temporary output file /home/PERSONALE/eugenio.fonzi2/ANALYSES_WES/171228_test_threads_2_patients_2/05_alignment_MT/01_intermediate/03_realigned.bai.
Finished job 178.
112 of 171 steps (65%) done

Job 154: >> second : MuTect on MT alignment


Activating conda environment /home/PERSONALE/eugenio.fonzi2/WESPipeline/.snakemake/conda/a055426f.
Job 171: >> 03 : Varscan on sample MT alignment

Activating conda environment /home/PERSONALE/eugenio.fonzi2/WESPipeline/.snakemake/conda/e35b1969.
Removing temporary output file /home/PERSONALE/eugenio.fonzi2/ANALYSES_WES/171228_test_threads_2_patients_2/05_alignment_MT/02_bqsr/02.bai.
Removing temporary output file /home/PERSONALE/eugenio.fonzi2/ANALYSES_WES/171228_test_threads_2_patients_2/05_alignment_MT/02_bqsr/02.bam.
Finished job 158.
113 of 171 steps (66%) done
Removing temporary output file /home/PERSONALE/eugenio.fonzi2/ANALYSES_WES/171228_test_threads_2_patients_2/05_alignment_MT/02_bqsr/04.bai.
Removing temporary output file /home/PERSONALE/eugenio.fonzi2/ANALYSES_WES/171228_test_threads_2_patients_2/05_alignment_MT/02_bqsr/04.bam.
Finished job 154.
114 of 171 steps (67%) done
Removing temporary output file /home/PERSONALE/eugenio.fonzi2/ANALYSES_WES/171228_test_threads_2_patients_2/05_alignment_MT/02_bqsr/01.bam.
Removing temporary output file /home/PERSONALE/eugenio.fonzi2/ANALYSES_WES/171228_test_threads_2_patients_2/05_alignment_MT/02_bqsr/01.bai.
Finished job 184.
115 of 171 steps (67%) done

Job 157: >> first : Varscan on patient MT alignment

Activating conda environment /home/PERSONALE/eugenio.fonzi2/WESPipeline/.snakemake/conda/e35b1969.
Removing temporary output file /home/PERSONALE/eugenio.fonzi2/ANALYSES_WES/171228_test_threads_2_patients_2/09_varscan_MT/01_mpileup/02.mpileup.
Removing temporary output file /home/PERSONALE/eugenio.fonzi2/ANALYSES_WES/171228_test_threads_2_patients_2/09_varscan_MT/01_mpileup/01.mpileup.
Finished job 157.
116 of 171 steps (68%) done
Removing temporary output file /home/PERSONALE/eugenio.fonzi2/ANALYSES_WES/171228_test_threads_2_patients_2/05_alignment_MT/02_bqsr/03.bam.
Removing temporary output file /home/PERSONALE/eugenio.fonzi2/ANALYSES_WES/171228_test_threads_2_patients_2/05_alignment_MT/02_bqsr/03.bai.
Finished job 171.
117 of 171 steps (68%) done

Job 152: >> second : Varscan on patient MT alignment

Activating conda environment /home/PERSONALE/eugenio.fonzi2/WESPipeline/.snakemake/conda/e35b1969.
Removing temporary output file /home/PERSONALE/eugenio.fonzi2/ANALYSES_WES/171228_test_threads_2_patients_2/09_varscan_MT/01_mpileup/04.mpileup.
Removing temporary output file /home/PERSONALE/eugenio.fonzi2/ANALYSES_WES/171228_test_threads_2_patients_2/09_varscan_MT/01_mpileup/03.mpileup.
Finished job 152.
118 of 171 steps (69%) done
Removing temporary output file /home/PERSONALE/eugenio.fonzi2/ANALYSES_WES/171228_test_threads_2_patients_2/03_alignment_genome/01_intermediate/03_sorted.bam.
Finished job 94.
119 of 171 steps (70%) done

Job 93: >> 03 : indexing genome

Activating conda environment /home/PERSONALE/eugenio.fonzi2/WESPipeline/.snakemake/conda/e35b1969.
Removing temporary output file /home/PERSONALE/eugenio.fonzi2/ANALYSES_WES/171228_test_threads_2_patients_2/03_alignment_genome/01_intermediate/01_sorted.bam.
Finished job 72.
120 of 171 steps (70%) done

Job 73: >> 01 : indexing genome

Activating conda environment /home/PERSONALE/eugenio.fonzi2/WESPipeline/.snakemake/conda/e35b1969.
Finished job 93.
121 of 171 steps (71%) done

Job 95: >> 03 : RTC genome

Activating conda environment /home/PERSONALE/eugenio.fonzi2/WESPipeline/.snakemake/conda/e35b1969.
Finished job 73.
122 of 171 steps (71%) done

Job 74: >> 01 : RTC genome

Activating conda environment /home/PERSONALE/eugenio.fonzi2/WESPipeline/.snakemake/conda/e35b1969.
Finished job 95.
123 of 171 steps (72%) done

Job 65: >> 03 : IndelRealigner genome

Activating conda environment /home/PERSONALE/eugenio.fonzi2/WESPipeline/.snakemake/conda/e35b1969.
Finished job 74.
124 of 171 steps (73%) done

Job 53: >> 01 : IndelRealigner genome

Activating conda environment /home/PERSONALE/eugenio.fonzi2/WESPipeline/.snakemake/conda/e35b1969.
Removing temporary output file /home/PERSONALE/eugenio.fonzi2/ANALYSES_WES/171228_test_threads_2_patients_2/03_alignment_genome/01_intermediate/03_marked.bai.
Removing temporary output file /home/PERSONALE/eugenio.fonzi2/ANALYSES_WES/171228_test_threads_2_patients_2/03_alignment_genome/01_intermediate/03_marked.bam.
Finished job 65.
125 of 171 steps (73%) done

Job 41: >> 03 : BaseRecal genome

Activating conda environment /home/PERSONALE/eugenio.fonzi2/WESPipeline/.snakemake/conda/e35b1969.
Removing temporary output file /home/PERSONALE/eugenio.fonzi2/ANALYSES_WES/171228_test_threads_2_patients_2/03_alignment_genome/01_intermediate/01_marked.bam.
Removing temporary output file /home/PERSONALE/eugenio.fonzi2/ANALYSES_WES/171228_test_threads_2_patients_2/03_alignment_genome/01_intermediate/01_marked.bai.
Finished job 53.
126 of 171 steps (74%) done

Job 27: >> 01 : BaseRecal genome

Activating conda environment /home/PERSONALE/eugenio.fonzi2/WESPipeline/.snakemake/conda/e35b1969.
Finished job 41.
127 of 171 steps (74%) done

Job 173: >> 03 : PrintReads genome


Activating conda environment /home/PERSONALE/eugenio.fonzi2/WESPipeline/.snakemake/conda/e35b1969.
Job 42: >> 03 : PostRecalTable genome

Activating conda environment /home/PERSONALE/eugenio.fonzi2/WESPipeline/.snakemake/conda/e35b1969.
Finished job 27.
128 of 171 steps (75%) done

Job 180: >> 01 : PrintReads genome


Activating conda environment /home/PERSONALE/eugenio.fonzi2/WESPipeline/.snakemake/conda/e35b1969.
Job 28: >> 01 : PostRecalTable genome

Activating conda environment /home/PERSONALE/eugenio.fonzi2/WESPipeline/.snakemake/conda/e35b1969.
Finished job 173.
129 of 171 steps (75%) done

Job 153: >> second : MuTect on genomic alignment


Activating conda environment /home/PERSONALE/eugenio.fonzi2/WESPipeline/.snakemake/conda/a055426f.
Job 167: >> 03 : Varscan on sample genomic alignment

Activating conda environment /home/PERSONALE/eugenio.fonzi2/WESPipeline/.snakemake/conda/e35b1969.
Finished job 180.
130 of 171 steps (76%) done

Job 182: >> 01 : Varscan on sample genomic alignment


Activating conda environment /home/PERSONALE/eugenio.fonzi2/WESPipeline/.snakemake/conda/e35b1969.
Job 155: >> first : MuTect on genomic alignment

Activating conda environment /home/PERSONALE/eugenio.fonzi2/WESPipeline/.snakemake/conda/a055426f.
Removing temporary output file /home/PERSONALE/eugenio.fonzi2/ANALYSES_WES/171228_test_threads_2_patients_2/03_alignment_genome/01_intermediate/03_realigned.bai.
Removing temporary output file /home/PERSONALE/eugenio.fonzi2/ANALYSES_WES/171228_test_threads_2_patients_2/03_alignment_genome/01_intermediate/03_realigned.bam.
Finished job 42.
131 of 171 steps (77%) done

Job 17: >> 03 : AnalyzeCovariates genome

Activating conda environment /home/PERSONALE/eugenio.fonzi2/WESPipeline/.snakemake/conda/e35b1969.
Finished job 17.
132 of 171 steps (77%) done
Removing temporary output file /home/PERSONALE/eugenio.fonzi2/ANALYSES_WES/171228_test_threads_2_patients_2/03_alignment_genome/01_intermediate/01_realigned.bam.
Removing temporary output file /home/PERSONALE/eugenio.fonzi2/ANALYSES_WES/171228_test_threads_2_patients_2/03_alignment_genome/01_intermediate/01_realigned.bai.
Finished job 28.
133 of 171 steps (78%) done

Job 1: >> 01 : AnalyzeCovariates genome

Activating conda environment /home/PERSONALE/eugenio.fonzi2/WESPipeline/.snakemake/conda/e35b1969.
Finished job 1.
134 of 171 steps (78%) done
Finished job 167.
135 of 171 steps (79%) done

Job 151: >> second : Varscan on patient genomic alignment

Activating conda environment /home/PERSONALE/eugenio.fonzi2/WESPipeline/.snakemake/conda/e35b1969.
Finished job 182.
136 of 171 steps (80%) done

Job 156: >> first : Varscan on patient genomic alignment

Activating conda environment /home/PERSONALE/eugenio.fonzi2/WESPipeline/.snakemake/conda/e35b1969.
Removing temporary output file /home/PERSONALE/eugenio.fonzi2/ANALYSES_WES/171228_test_threads_2_patients_2/08_varscan_genome/01_mpileup/03.mpileup.
Removing temporary output file /home/PERSONALE/eugenio.fonzi2/ANALYSES_WES/171228_test_threads_2_patients_2/08_varscan_genome/01_mpileup/04.mpileup.
Finished job 151.
137 of 171 steps (80%) done
Removing temporary output file /home/PERSONALE/eugenio.fonzi2/ANALYSES_WES/171228_test_threads_2_patients_2/08_varscan_genome/01_mpileup/02.mpileup.
Removing temporary output file /home/PERSONALE/eugenio.fonzi2/ANALYSES_WES/171228_test_threads_2_patients_2/08_varscan_genome/01_mpileup/01.mpileup.
Finished job 156.
138 of 171 steps (81%) done
Removing temporary output file /home/PERSONALE/eugenio.fonzi2/ANALYSES_WES/171228_test_threads_2_patients_2/03_alignment_genome/02_bqsr/03.bai.
Removing temporary output file /home/PERSONALE/eugenio.fonzi2/ANALYSES_WES/171228_test_threads_2_patients_2/03_alignment_genome/02_bqsr/03.bam.
Removing temporary output file /home/PERSONALE/eugenio.fonzi2/ANALYSES_WES/171228_test_threads_2_patients_2/03_alignment_genome/02_bqsr/04.bai.
Removing temporary output file /home/PERSONALE/eugenio.fonzi2/ANALYSES_WES/171228_test_threads_2_patients_2/03_alignment_genome/02_bqsr/04.bam.
Finished job 153.
139 of 171 steps (81%) done

Job 129: >> second : Merge and Write Variants

Finished job 129.
140 of 171 steps (82%) done

Job 128: >> second : Varscan Filter Somatic SNV


Activating conda environment /home/PERSONALE/eugenio.fonzi2/WESPipeline/.snakemake/conda/e35b1969.
Job 127: >> second : Varscan Filter Somatic Indel

Activating conda environment /home/PERSONALE/eugenio.fonzi2/WESPipeline/.snakemake/conda/e35b1969.
Finished job 127.
141 of 171 steps (82%) done
Removing temporary output file /home/PERSONALE/eugenio.fonzi2/ANALYSES_WES/171228_test_threads_2_patients_2/10_variants_filter/second_varscan_snv_temp1.tsv.
Removing temporary output file /home/PERSONALE/eugenio.fonzi2/ANALYSES_WES/171228_test_threads_2_patients_2/10_variants_filter/second_varscan_indel_temp1.tsv.
Finished job 128.
142 of 171 steps (83%) done

Job 83: >> second : Keep Only Variants

Removing temporary output file /home/PERSONALE/eugenio.fonzi2/ANALYSES_WES/171228_test_threads_2_patients_2/10_variants_filter/second_varscan_indel_temp2.tsv.
Removing temporary output file /home/PERSONALE/eugenio.fonzi2/ANALYSES_WES/171228_test_threads_2_patients_2/10_variants_filter/second_varscan_snv_temp2.tsv.
Finished job 83.
143 of 171 steps (84%) done

Job 125: >> second : Split muTect Variants

Job 130: >> second : Split Varscan Variants

Finished job 125.
144 of 171 steps (84%) done

Job 85: >> second : annotating with ANNOVAR muTect genome variants

Job 82: >> second : annotating with ANNOVAR muTect MT variants

Finished job 130.
145 of 171 steps (85%) done

Job 86: >> second : annotating with ANNOVAR varscan genome variants

Job 84: >> second : annotating with ANNOVAR varscan MT variants

Finished job 82.
146 of 171 steps (85%) done
Finished job 84.
147 of 171 steps (86%) done
Finished job 85.
148 of 171 steps (87%) done
Finished job 86.
149 of 171 steps (87%) done

Job 61: >> second : merging muTect and Varscan Variants

Finished job 61.
150 of 171 steps (88%) done

Job 81: >> second : create rsID table

Finished job 81.
151 of 171 steps (88%) done

Job 60: >> second : filtering exonic/non-synonymous/non-polymorphic

Activating conda environment /home/PERSONALE/eugenio.fonzi2/WESPipeline/.snakemake/conda/28d822a6.
Removing temporary output file /home/PERSONALE/eugenio.fonzi2/ANALYSES_WES/171228_test_threads_2_patients_2/10_variants_filter/second_rsID.tsv.
Finished job 60.
152 of 171 steps (89%) done

Job 38: >> second : checking MAFs

Removing temporary output file second_rsID_maf.tsv.
Finished job 38.
153 of 171 steps (89%) done

Job 12: >> second : Removing segdups variants

Finished job 12.
154 of 171 steps (90%) done
Removing temporary output file /home/PERSONALE/eugenio.fonzi2/ANALYSES_WES/171228_test_threads_2_patients_2/03_alignment_genome/02_bqsr/02.bam.
Removing temporary output file /home/PERSONALE/eugenio.fonzi2/ANALYSES_WES/171228_test_threads_2_patients_2/03_alignment_genome/02_bqsr/02.bai.
Removing temporary output file /home/PERSONALE/eugenio.fonzi2/ANALYSES_WES/171228_test_threads_2_patients_2/03_alignment_genome/02_bqsr/01.bai.
Removing temporary output file /home/PERSONALE/eugenio.fonzi2/ANALYSES_WES/171228_test_threads_2_patients_2/03_alignment_genome/02_bqsr/01.bam.
Finished job 155.
155 of 171 steps (91%) done

Job 133: >> first : Merge and Write Variants

Finished job 133.
156 of 171 steps (91%) done

Job 134: >> first : Varscan Filter Somatic SNV


Activating conda environment /home/PERSONALE/eugenio.fonzi2/WESPipeline/.snakemake/conda/e35b1969.
Job 135: >> first : Varscan Filter Somatic Indel

Activating conda environment /home/PERSONALE/eugenio.fonzi2/WESPipeline/.snakemake/conda/e35b1969.
Finished job 135.
157 of 171 steps (92%) done
Removing temporary output file /home/PERSONALE/eugenio.fonzi2/ANALYSES_WES/171228_test_threads_2_patients_2/10_variants_filter/first_varscan_snv_temp1.tsv.
Removing temporary output file /home/PERSONALE/eugenio.fonzi2/ANALYSES_WES/171228_test_threads_2_patients_2/10_variants_filter/first_varscan_indel_temp1.tsv.
Finished job 134.
158 of 171 steps (92%) done

Job 90: >> first : Keep Only Variants

Removing temporary output file /home/PERSONALE/eugenio.fonzi2/ANALYSES_WES/171228_test_threads_2_patients_2/10_variants_filter/first_varscan_snv_temp2.tsv.
Removing temporary output file /home/PERSONALE/eugenio.fonzi2/ANALYSES_WES/171228_test_threads_2_patients_2/10_variants_filter/first_varscan_indel_temp2.tsv.
Finished job 90.
159 of 171 steps (93%) done

Job 132: >> first : Split Varscan Variants

Job 131: >> first : Split muTect Variants

Finished job 132.
160 of 171 steps (94%) done

Job 91: >> first : annotating with ANNOVAR varscan MT variants

Job 89: >> first : annotating with ANNOVAR varscan genome variants

Finished job 131.
161 of 171 steps (94%) done

Job 88: >> first : annotating with ANNOVAR muTect genome variants

Job 87: >> first : annotating with ANNOVAR muTect MT variants

Finished job 91.
162 of 171 steps (95%) done
Finished job 87.
163 of 171 steps (95%) done
Finished job 88.
164 of 171 steps (96%) done
Finished job 89.
165 of 171 steps (96%) done

Job 62: >> first : merging muTect and Varscan Variants

Finished job 62.
166 of 171 steps (97%) done

Job 92: >> first : create rsID table

Finished job 92.
167 of 171 steps (98%) done

Job 63: >> first : filtering exonic/non-synonymous/non-polymorphic

Activating conda environment /home/PERSONALE/eugenio.fonzi2/WESPipeline/.snakemake/conda/28d822a6.
Removing temporary output file /home/PERSONALE/eugenio.fonzi2/ANALYSES_WES/171228_test_threads_2_patients_2/10_variants_filter/first_rsID.tsv.
Finished job 63.
168 of 171 steps (98%) done

Job 39: >> first : checking MAFs

Removing temporary output file first_rsID_maf.tsv.
Finished job 39.
169 of 171 steps (99%) done

Job 14: >> first : Removing segdups variants

Finished job 14.
170 of 171 steps (99%) done

Job 0:  THE END 

Finished job 0.
171 of 171 steps (100%) done
