Building DAG of jobs...
Provided cores: 32
Rules claiming more threads will be scaled down.
Job counts:
	count	jobs
	6	AnalyzeCovariates_MT
	6	AnalyzeCovariates_genome
	6	BaseRecal_MT
	6	BaseRecal_genome
	6	IndelRealigner_MT
	6	IndelRealigner_genome
	3	KeepOnlyVariants
	3	MergeMutectVarscan
	3	MergeWriteVariants
	3	MutectSplitVariants
	6	PostRecalTable_MT
	6	PostRecalTable_genome
	6	PrintReads_MT
	6	PrintReads_genome
	6	RTC_MT
	6	RTC_genome
	3	Remove_segdups
	3	VarscanSplitVariants
	1	all
	3	annovar_MT_mutect
	3	annovar_MT_varscan
	3	annovar_genome_mutect
	3	annovar_genome_varscan
	3	checkMAFs
	3	create_rsID_table
	6	downloadDecompressMergeFastq
	6	extractUnmapped_convert
	6	extractUnmapped_extract
	6	fastq_checkpoint
	6	fastqc_R1
	6	fastqc_R2
	6	fastqc_trimmed_R1
	6	fastqc_trimmed_R2
	3	filterExonicPolymorphic
	3	filterSomatic_Indel
	3	filterSomatic_SNV
	6	indexing_MT
	6	indexing_genome
	6	map_to_MT
	6	map_to_exome
	6	map_to_genome
	6	marking_MT
	6	marking_genome
	3	muTect_MT
	3	muTect_genome
	6	sorting_MT
	6	sorting_exome
	6	sorting_genome
	6	trim
	3	varscan_MT_patient
	6	varscan_MT_sample
	3	varscan_genome_patient
	6	varscan_genome_sample
	256

Job 84: >> 06 : downloading, decompressing and merging fastq 

Job 91: >> 05 : downloading, decompressing and merging fastq 

Job 97: >> 03 : downloading, decompressing and merging fastq 

Job 96: >> 02 : downloading, decompressing and merging fastq 

Job 92: >> 04 : downloading, decompressing and merging fastq 


Job 88: >> 01 : downloading, decompressing and merging fastq 

Finished job 96.
1 of 256 steps (0.39%) done

Job 67: >> 02 : Check fastq size 

Finished job 67.
2 of 256 steps (0.78%) done

Job 26: >> 02 : fastqc2

Activating conda environment /home/PERSONALE/eugenio.fonzi2/WESPipeline/.snakemake/conda/e35b1969.

Job 56: >> 02 : Trimming


Job 24: >> 02 : fastqc1

Activating conda environment /home/PERSONALE/eugenio.fonzi2/WESPipeline/.snakemake/conda/e35b1969.
Finished job 24.
3 of 256 steps (1%) done
Finished job 26.
4 of 256 steps (2%) done
Finished job 92.
5 of 256 steps (2%) done

Job 57: >> 04 : Check fastq size 

Finished job 57.
6 of 256 steps (2%) done

Job 22: >> 04 : fastqc1

Activating conda environment /home/PERSONALE/eugenio.fonzi2/WESPipeline/.snakemake/conda/e35b1969.

Job 61: >> 04 : Trimming


Job 14: >> 04 : fastqc2

Activating conda environment /home/PERSONALE/eugenio.fonzi2/WESPipeline/.snakemake/conda/e35b1969.
Finished job 84.
7 of 256 steps (3%) done

Job 46: >> 06 : Check fastq size 

Finished job 46.
8 of 256 steps (3%) done

Job 20: >> 06 : fastqc1

Activating conda environment /home/PERSONALE/eugenio.fonzi2/WESPipeline/.snakemake/conda/e35b1969.

Job 64: >> 06 : Trimming


Job 5: >> 06 : fastqc2

Activating conda environment /home/PERSONALE/eugenio.fonzi2/WESPipeline/.snakemake/conda/e35b1969.
Finished job 22.
9 of 256 steps (4%) done
Finished job 14.
10 of 256 steps (4%) done
Finished job 20.
11 of 256 steps (4%) done
Finished job 5.
12 of 256 steps (5%) done
Finished job 88.
13 of 256 steps (5%) done

Job 50: >> 01 : Check fastq size 

Finished job 50.
14 of 256 steps (5%) done

Job 35: >> 01 : fastqc2

Activating conda environment /home/PERSONALE/eugenio.fonzi2/WESPipeline/.snakemake/conda/e35b1969.

Job 58: >> 01 : Trimming


Job 8: >> 01 : fastqc1

Activating conda environment /home/PERSONALE/eugenio.fonzi2/WESPipeline/.snakemake/conda/e35b1969.
Finished job 97.
15 of 256 steps (6%) done

Job 68: >> 03 : Check fastq size 

Finished job 68.
16 of 256 steps (6%) done

Job 36: >> 03 : fastqc1

Activating conda environment /home/PERSONALE/eugenio.fonzi2/WESPipeline/.snakemake/conda/e35b1969.

Job 43: >> 03 : Trimming


Job 25: >> 03 : fastqc2

Activating conda environment /home/PERSONALE/eugenio.fonzi2/WESPipeline/.snakemake/conda/e35b1969.
Finished job 91.
17 of 256 steps (7%) done

Job 55: >> 05 : Check fastq size 

Finished job 55.
18 of 256 steps (7%) done

Job 42: >> 05 : Trimming


Job 11: >> 05 : fastqc2

Activating conda environment /home/PERSONALE/eugenio.fonzi2/WESPipeline/.snakemake/conda/e35b1969.

Job 27: >> 05 : fastqc1

Activating conda environment /home/PERSONALE/eugenio.fonzi2/WESPipeline/.snakemake/conda/e35b1969.
Finished job 8.
19 of 256 steps (7%) done
Finished job 36.
20 of 256 steps (8%) done
Finished job 25.
21 of 256 steps (8%) done
Finished job 35.
22 of 256 steps (9%) done
Finished job 27.
23 of 256 steps (9%) done
Finished job 11.
24 of 256 steps (9%) done
Removing temporary output file /home/PERSONALE/eugenio.fonzi2/ANALYSES_WES/171228_test_threads_2_patients_3/01_fastq/02_postprocess/02_R1.fastq.
Removing temporary output file /home/PERSONALE/eugenio.fonzi2/ANALYSES_WES/171228_test_threads_2_patients_3/01_fastq/02_postprocess/02_R2.fastq.
Finished job 56.
25 of 256 steps (10%) done

Job 212: >> 02 : Aligning to reference NUCLEAR GENOME

Activating conda environment /home/PERSONALE/eugenio.fonzi2/WESPipeline/.snakemake/conda/e35b1969.

Job 12: >> 02 : fastqc1 on trimmed fastq

Activating conda environment /home/PERSONALE/eugenio.fonzi2/WESPipeline/.snakemake/conda/e35b1969.

Job 33: >> 02 : fastqc2 on trimmed fastq


Activating conda environment /home/PERSONALE/eugenio.fonzi2/WESPipeline/.snakemake/conda/e35b1969.
Job 286: >> 02 : Aligning to reference EXOME

Activating conda environment /home/PERSONALE/eugenio.fonzi2/WESPipeline/.snakemake/conda/e35b1969.
Removing temporary output file /home/PERSONALE/eugenio.fonzi2/ANALYSES_WES/171228_test_threads_2_patients_3/01_fastq/02_postprocess/04_R1.fastq.
Removing temporary output file /home/PERSONALE/eugenio.fonzi2/ANALYSES_WES/171228_test_threads_2_patients_3/01_fastq/02_postprocess/04_R2.fastq.
Finished job 61.
26 of 256 steps (10%) done

Job 285: >> 04 : Aligning to reference EXOME


Activating conda environment /home/PERSONALE/eugenio.fonzi2/WESPipeline/.snakemake/conda/e35b1969.
Job 233: >> 04 : Aligning to reference NUCLEAR GENOME


Job 17: >> 04 : fastqc2 on trimmed fastq
Activating conda environment /home/PERSONALE/eugenio.fonzi2/WESPipeline/.snakemake/conda/e35b1969.


Activating conda environment /home/PERSONALE/eugenio.fonzi2/WESPipeline/.snakemake/conda/e35b1969.
Job 31: >> 04 : fastqc1 on trimmed fastq

Activating conda environment /home/PERSONALE/eugenio.fonzi2/WESPipeline/.snakemake/conda/e35b1969.
Finished job 12.
27 of 256 steps (11%) done
Finished job 33.
28 of 256 steps (11%) done
Removing temporary output file /home/PERSONALE/eugenio.fonzi2/ANALYSES_WES/171228_test_threads_2_patients_3/01_fastq/02_postprocess/06_R2.fastq.
Removing temporary output file /home/PERSONALE/eugenio.fonzi2/ANALYSES_WES/171228_test_threads_2_patients_3/01_fastq/02_postprocess/06_R1.fastq.
Finished job 64.
29 of 256 steps (11%) done

Job 38: >> 06 : fastqc2 on trimmed fastq


Activating conda environment /home/PERSONALE/eugenio.fonzi2/WESPipeline/.snakemake/conda/e35b1969.
Job 19: >> 06 : fastqc1 on trimmed fastq


Activating conda environment /home/PERSONALE/eugenio.fonzi2/WESPipeline/.snakemake/conda/e35b1969.
Job 232: >> 06 : Aligning to reference NUCLEAR GENOME


Activating conda environment /home/PERSONALE/eugenio.fonzi2/WESPipeline/.snakemake/conda/e35b1969.
Job 284: >> 06 : Aligning to reference EXOME

Activating conda environment /home/PERSONALE/eugenio.fonzi2/WESPipeline/.snakemake/conda/e35b1969.
Finished job 17.
30 of 256 steps (12%) done
Finished job 31.
31 of 256 steps (12%) done
Finished job 19.
32 of 256 steps (12%) done
Finished job 38.
33 of 256 steps (13%) done
Finished job 286.
34 of 256 steps (13%) done

Job 280: >> 02 : sorting exome

Activating conda environment /home/PERSONALE/eugenio.fonzi2/WESPipeline/.snakemake/conda/e35b1969.
Finished job 285.
35 of 256 steps (14%) done

Job 279: >> 04 : sorting exome

Activating conda environment /home/PERSONALE/eugenio.fonzi2/WESPipeline/.snakemake/conda/e35b1969.
Finished job 284.
36 of 256 steps (14%) done

Job 278: >> 06 : sorting exome

Activating conda environment /home/PERSONALE/eugenio.fonzi2/WESPipeline/.snakemake/conda/e35b1969.
Removing temporary output file /home/PERSONALE/eugenio.fonzi2/ANALYSES_WES/171228_test_threads_2_patients_3/01_fastq/02_postprocess/05_R1.fastq.
Removing temporary output file /home/PERSONALE/eugenio.fonzi2/ANALYSES_WES/171228_test_threads_2_patients_3/01_fastq/02_postprocess/05_R2.fastq.
Finished job 42.
37 of 256 steps (14%) done

Job 220: >> 05 : Aligning to reference NUCLEAR GENOME


Activating conda environment /home/PERSONALE/eugenio.fonzi2/WESPipeline/.snakemake/conda/e35b1969.
Job 2: >> 05 : fastqc1 on trimmed fastq


Activating conda environment /home/PERSONALE/eugenio.fonzi2/WESPipeline/.snakemake/conda/e35b1969.
Job 37: >> 05 : fastqc2 on trimmed fastq


Activating conda environment /home/PERSONALE/eugenio.fonzi2/WESPipeline/.snakemake/conda/e35b1969.
Job 288: >> 05 : Aligning to reference EXOME

Activating conda environment /home/PERSONALE/eugenio.fonzi2/WESPipeline/.snakemake/conda/e35b1969.
Removing temporary output file /home/PERSONALE/eugenio.fonzi2/ANALYSES_WES/171228_test_threads_2_patients_3/01_fastq/02_postprocess/01_R1.fastq.
Removing temporary output file /home/PERSONALE/eugenio.fonzi2/ANALYSES_WES/171228_test_threads_2_patients_3/01_fastq/02_postprocess/01_R2.fastq.
Finished job 58.
38 of 256 steps (15%) done

Job 23: >> 01 : fastqc2 on trimmed fastq


Activating conda environment /home/PERSONALE/eugenio.fonzi2/WESPipeline/.snakemake/conda/e35b1969.
Job 283: >> 01 : Aligning to reference EXOME


Activating conda environment /home/PERSONALE/eugenio.fonzi2/WESPipeline/.snakemake/conda/e35b1969.
Job 234: >> 01 : Aligning to reference NUCLEAR GENOME


Activating conda environment /home/PERSONALE/eugenio.fonzi2/WESPipeline/.snakemake/conda/e35b1969.
Job 15: >> 01 : fastqc1 on trimmed fastq

Activating conda environment /home/PERSONALE/eugenio.fonzi2/WESPipeline/.snakemake/conda/e35b1969.
Removing temporary output file /home/PERSONALE/eugenio.fonzi2/ANALYSES_WES/171228_test_threads_2_patients_3/01_fastq/02_postprocess/03_R1.fastq.
Removing temporary output file /home/PERSONALE/eugenio.fonzi2/ANALYSES_WES/171228_test_threads_2_patients_3/01_fastq/02_postprocess/03_R2.fastq.
Finished job 43.
39 of 256 steps (15%) done

Job 13: >> 03 : fastqc2 on trimmed fastq


Activating conda environment /home/PERSONALE/eugenio.fonzi2/WESPipeline/.snakemake/conda/e35b1969.
Job 287: >> 03 : Aligning to reference EXOME


Activating conda environment /home/PERSONALE/eugenio.fonzi2/WESPipeline/.snakemake/conda/e35b1969.
Job 3: >> 03 : fastqc1 on trimmed fastq


Activating conda environment /home/PERSONALE/eugenio.fonzi2/WESPipeline/.snakemake/conda/e35b1969.
Job 211: >> 03 : Aligning to reference NUCLEAR GENOME

Activating conda environment /home/PERSONALE/eugenio.fonzi2/WESPipeline/.snakemake/conda/e35b1969.
Finished job 37.
40 of 256 steps (16%) done
Finished job 2.
41 of 256 steps (16%) done
Finished job 23.
42 of 256 steps (16%) done
Finished job 15.
43 of 256 steps (17%) done
Finished job 3.
44 of 256 steps (17%) done
Finished job 13.
45 of 256 steps (18%) done
Removing temporary output file /home/PERSONALE/eugenio.fonzi2/ANALYSES_WES/171228_test_threads_2_patients_3/04_alignment_exome/01_intermediate/02.sam.
Finished job 280.
46 of 256 steps (18%) done

Job 274: >> 02 : extractUnmapped extract

Activating conda environment /home/PERSONALE/eugenio.fonzi2/WESPipeline/.snakemake/conda/e35b1969.
Removing temporary output file /home/PERSONALE/eugenio.fonzi2/ANALYSES_WES/171228_test_threads_2_patients_3/04_alignment_exome/01_intermediate/04.sam.
Finished job 279.
47 of 256 steps (18%) done

Job 273: >> 04 : extractUnmapped extract

Activating conda environment /home/PERSONALE/eugenio.fonzi2/WESPipeline/.snakemake/conda/e35b1969.
Removing temporary output file /home/PERSONALE/eugenio.fonzi2/ANALYSES_WES/171228_test_threads_2_patients_3/04_alignment_exome/01_intermediate/06.sam.
Finished job 278.
48 of 256 steps (19%) done

Job 272: >> 06 : extractUnmapped extract

Activating conda environment /home/PERSONALE/eugenio.fonzi2/WESPipeline/.snakemake/conda/e35b1969.
Removing temporary output file /home/PERSONALE/eugenio.fonzi2/ANALYSES_WES/171228_test_threads_2_patients_3/04_alignment_exome/01_intermediate/02_sorted.bam.
Finished job 274.
49 of 256 steps (19%) done

Job 252: >> 02 : extractUnmapped convert

Activating conda environment /home/PERSONALE/eugenio.fonzi2/WESPipeline/.snakemake/conda/e35b1969.
Removing temporary output file /home/PERSONALE/eugenio.fonzi2/ANALYSES_WES/171228_test_threads_2_patients_3/04_alignment_exome/01_intermediate/04_sorted.bam.
Finished job 273.
50 of 256 steps (20%) done

Job 251: >> 04 : extractUnmapped convert

Activating conda environment /home/PERSONALE/eugenio.fonzi2/WESPipeline/.snakemake/conda/e35b1969.
Removing temporary output file /home/PERSONALE/eugenio.fonzi2/ANALYSES_WES/171228_test_threads_2_patients_3/04_alignment_exome/01_intermediate/02_unmapped.bam.
Finished job 252.
51 of 256 steps (20%) done

Job 221: >> 02 : Aligning to reference MITOCHONDRIAL GENOME

Activating conda environment /home/PERSONALE/eugenio.fonzi2/WESPipeline/.snakemake/conda/e35b1969.
Removing temporary output file /home/PERSONALE/eugenio.fonzi2/ANALYSES_WES/171228_test_threads_2_patients_3/02_fastq_trimmed/02_R2.fastq.
Removing temporary output file /home/PERSONALE/eugenio.fonzi2/ANALYSES_WES/171228_test_threads_2_patients_3/02_fastq_trimmed/02_R1.fastq.
Finished job 212.
52 of 256 steps (20%) done

Job 172: >> 02 : sorting genome

Activating conda environment /home/PERSONALE/eugenio.fonzi2/WESPipeline/.snakemake/conda/e35b1969.
Removing temporary output file /home/PERSONALE/eugenio.fonzi2/ANALYSES_WES/171228_test_threads_2_patients_3/04_alignment_exome/01_intermediate/06_sorted.bam.
Finished job 272.
53 of 256 steps (21%) done

Job 250: >> 06 : extractUnmapped convert

Activating conda environment /home/PERSONALE/eugenio.fonzi2/WESPipeline/.snakemake/conda/e35b1969.
Removing temporary output file /home/PERSONALE/eugenio.fonzi2/ANALYSES_WES/171228_test_threads_2_patients_3/04_alignment_exome/01_intermediate/04_unmapped.bam.
Finished job 251.
54 of 256 steps (21%) done

Job 219: >> 04 : Aligning to reference MITOCHONDRIAL GENOME

Activating conda environment /home/PERSONALE/eugenio.fonzi2/WESPipeline/.snakemake/conda/e35b1969.
Removing temporary output file /home/PERSONALE/eugenio.fonzi2/ANALYSES_WES/171228_test_threads_2_patients_3/04_alignment_exome/01_intermediate/06_unmapped.bam.
Finished job 250.
55 of 256 steps (21%) done

Job 218: >> 06 : Aligning to reference MITOCHONDRIAL GENOME

Activating conda environment /home/PERSONALE/eugenio.fonzi2/WESPipeline/.snakemake/conda/e35b1969.
Removing temporary output file /home/PERSONALE/eugenio.fonzi2/ANALYSES_WES/171228_test_threads_2_patients_3/04_alignment_exome/02_unmapped_fastq/02_R2.unmapped.fastq.
Removing temporary output file /home/PERSONALE/eugenio.fonzi2/ANALYSES_WES/171228_test_threads_2_patients_3/04_alignment_exome/02_unmapped_fastq/02_R1.unmapped.fastq.
Finished job 221.
56 of 256 steps (22%) done

Job 189: >> 02 : sorting MT

Activating conda environment /home/PERSONALE/eugenio.fonzi2/WESPipeline/.snakemake/conda/e35b1969.
Removing temporary output file /home/PERSONALE/eugenio.fonzi2/ANALYSES_WES/171228_test_threads_2_patients_3/04_alignment_exome/02_unmapped_fastq/04_R1.unmapped.fastq.
Removing temporary output file /home/PERSONALE/eugenio.fonzi2/ANALYSES_WES/171228_test_threads_2_patients_3/04_alignment_exome/02_unmapped_fastq/04_R2.unmapped.fastq.
Finished job 219.
57 of 256 steps (22%) done
Removing temporary output file /home/PERSONALE/eugenio.fonzi2/ANALYSES_WES/171228_test_threads_2_patients_3/02_fastq_trimmed/06_R1.fastq.
Removing temporary output file /home/PERSONALE/eugenio.fonzi2/ANALYSES_WES/171228_test_threads_2_patients_3/02_fastq_trimmed/06_R2.fastq.
Finished job 232.
58 of 256 steps (23%) done

Job 202: >> 06 : sorting genome


Activating conda environment /home/PERSONALE/eugenio.fonzi2/WESPipeline/.snakemake/conda/e35b1969.
Job 187: >> 04 : sorting MT

Activating conda environment /home/PERSONALE/eugenio.fonzi2/WESPipeline/.snakemake/conda/e35b1969.
Removing temporary output file /home/PERSONALE/eugenio.fonzi2/ANALYSES_WES/171228_test_threads_2_patients_3/02_fastq_trimmed/04_R2.fastq.
Removing temporary output file /home/PERSONALE/eugenio.fonzi2/ANALYSES_WES/171228_test_threads_2_patients_3/02_fastq_trimmed/04_R1.fastq.
Finished job 233.
59 of 256 steps (23%) done

Job 203: >> 04 : sorting genome

Activating conda environment /home/PERSONALE/eugenio.fonzi2/WESPipeline/.snakemake/conda/e35b1969.
Removing temporary output file /home/PERSONALE/eugenio.fonzi2/ANALYSES_WES/171228_test_threads_2_patients_3/05_alignment_MT/01_intermediate/02.sam.
Finished job 189.
60 of 256 steps (23%) done

Job 135: >> 02 : marking MT

Activating conda environment /home/PERSONALE/eugenio.fonzi2/WESPipeline/.snakemake/conda/e35b1969.
Removing temporary output file /home/PERSONALE/eugenio.fonzi2/ANALYSES_WES/171228_test_threads_2_patients_3/04_alignment_exome/02_unmapped_fastq/06_R1.unmapped.fastq.
Removing temporary output file /home/PERSONALE/eugenio.fonzi2/ANALYSES_WES/171228_test_threads_2_patients_3/04_alignment_exome/02_unmapped_fastq/06_R2.unmapped.fastq.
Finished job 218.
61 of 256 steps (24%) done

Job 186: >> 06 : sorting MT

Activating conda environment /home/PERSONALE/eugenio.fonzi2/WESPipeline/.snakemake/conda/e35b1969.
Removing temporary output file /home/PERSONALE/eugenio.fonzi2/ANALYSES_WES/171228_test_threads_2_patients_3/05_alignment_MT/01_intermediate/04.sam.
Finished job 187.
62 of 256 steps (24%) done

Job 128: >> 04 : marking MT

Activating conda environment /home/PERSONALE/eugenio.fonzi2/WESPipeline/.snakemake/conda/e35b1969.
Removing temporary output file /home/PERSONALE/eugenio.fonzi2/ANALYSES_WES/171228_test_threads_2_patients_3/05_alignment_MT/01_intermediate/02_sorted.bam.
Finished job 135.
63 of 256 steps (25%) done

Job 134: >> 02 : indexing MT

Activating conda environment /home/PERSONALE/eugenio.fonzi2/WESPipeline/.snakemake/conda/e35b1969.
Finished job 134.
64 of 256 steps (25%) done

Job 133: >> 02 : RTC MT

Activating conda environment /home/PERSONALE/eugenio.fonzi2/WESPipeline/.snakemake/conda/e35b1969.
Finished job 133.
65 of 256 steps (25%) done

Job 94: >> 02 : IndelRealigner MT

Activating conda environment /home/PERSONALE/eugenio.fonzi2/WESPipeline/.snakemake/conda/e35b1969.
Removing temporary output file /home/PERSONALE/eugenio.fonzi2/ANALYSES_WES/171228_test_threads_2_patients_3/05_alignment_MT/01_intermediate/04_sorted.bam.
Finished job 128.
66 of 256 steps (26%) done

Job 129: >> 04 : indexing MT

Activating conda environment /home/PERSONALE/eugenio.fonzi2/WESPipeline/.snakemake/conda/e35b1969.
Finished job 129.
67 of 256 steps (26%) done

Job 127: >> 04 : RTC MT

Activating conda environment /home/PERSONALE/eugenio.fonzi2/WESPipeline/.snakemake/conda/e35b1969.
Finished job 127.
68 of 256 steps (27%) done

Job 90: >> 04 : IndelRealigner MT

Activating conda environment /home/PERSONALE/eugenio.fonzi2/WESPipeline/.snakemake/conda/e35b1969.
Removing temporary output file /home/PERSONALE/eugenio.fonzi2/ANALYSES_WES/171228_test_threads_2_patients_3/05_alignment_MT/01_intermediate/06.sam.
Finished job 186.
69 of 256 steps (27%) done

Job 124: >> 06 : marking MT

Activating conda environment /home/PERSONALE/eugenio.fonzi2/WESPipeline/.snakemake/conda/e35b1969.
Removing temporary output file /home/PERSONALE/eugenio.fonzi2/ANALYSES_WES/171228_test_threads_2_patients_3/03_alignment_genome/01_intermediate/02.sam.
Finished job 172.
70 of 256 steps (27%) done

Job 116: >> 02 : marking genome

Activating conda environment /home/PERSONALE/eugenio.fonzi2/WESPipeline/.snakemake/conda/e35b1969.
Removing temporary output file /home/PERSONALE/eugenio.fonzi2/ANALYSES_WES/171228_test_threads_2_patients_3/05_alignment_MT/01_intermediate/02_marked.bai.
Removing temporary output file /home/PERSONALE/eugenio.fonzi2/ANALYSES_WES/171228_test_threads_2_patients_3/05_alignment_MT/01_intermediate/02_marked.bam.
Finished job 94.
71 of 256 steps (28%) done

Job 63: >> 02 : BaseRecal MT

Activating conda environment /home/PERSONALE/eugenio.fonzi2/WESPipeline/.snakemake/conda/e35b1969.
Removing temporary output file /home/PERSONALE/eugenio.fonzi2/ANALYSES_WES/171228_test_threads_2_patients_3/05_alignment_MT/01_intermediate/06_sorted.bam.
Finished job 124.
72 of 256 steps (28%) done

Job 126: >> 06 : indexing MT

Activating conda environment /home/PERSONALE/eugenio.fonzi2/WESPipeline/.snakemake/conda/e35b1969.
Finished job 63.
73 of 256 steps (29%) done

Job 269: >> 02 : PrintReads MT


Activating conda environment /home/PERSONALE/eugenio.fonzi2/WESPipeline/.snakemake/conda/e35b1969.
Job 62: >> 02 : PostRecalTable MT

Activating conda environment /home/PERSONALE/eugenio.fonzi2/WESPipeline/.snakemake/conda/e35b1969.
Finished job 62.
74 of 256 steps (29%) done

Job 18: >> 02 : AnalyzeCovariates MT

Activating conda environment /home/PERSONALE/eugenio.fonzi2/WESPipeline/.snakemake/conda/e35b1969.
Finished job 126.
75 of 256 steps (29%) done

Job 125: >> 06 : RTC MT

Activating conda environment /home/PERSONALE/eugenio.fonzi2/WESPipeline/.snakemake/conda/e35b1969.
Finished job 125.
76 of 256 steps (30%) done

Job 89: >> 06 : IndelRealigner MT

Activating conda environment /home/PERSONALE/eugenio.fonzi2/WESPipeline/.snakemake/conda/e35b1969.
Finished job 18.
77 of 256 steps (30%) done
Removing temporary output file /home/PERSONALE/eugenio.fonzi2/ANALYSES_WES/171228_test_threads_2_patients_3/05_alignment_MT/01_intermediate/04_marked.bam.
Removing temporary output file /home/PERSONALE/eugenio.fonzi2/ANALYSES_WES/171228_test_threads_2_patients_3/05_alignment_MT/01_intermediate/04_marked.bai.
Finished job 90.
78 of 256 steps (30%) done

Job 53: >> 04 : BaseRecal MT

Activating conda environment /home/PERSONALE/eugenio.fonzi2/WESPipeline/.snakemake/conda/e35b1969.
Finished job 53.
79 of 256 steps (31%) done

Job 256: >> 04 : PrintReads MT


Activating conda environment /home/PERSONALE/eugenio.fonzi2/WESPipeline/.snakemake/conda/e35b1969.
Job 54: >> 04 : PostRecalTable MT

Activating conda environment /home/PERSONALE/eugenio.fonzi2/WESPipeline/.snakemake/conda/e35b1969.
Finished job 54.
80 of 256 steps (31%) done

Job 10: >> 04 : AnalyzeCovariates MT

Activating conda environment /home/PERSONALE/eugenio.fonzi2/WESPipeline/.snakemake/conda/e35b1969.
Finished job 10.
81 of 256 steps (32%) done
Removing temporary output file /home/PERSONALE/eugenio.fonzi2/ANALYSES_WES/171228_test_threads_2_patients_3/03_alignment_genome/01_intermediate/06.sam.
Finished job 202.
82 of 256 steps (32%) done

Job 154: >> 06 : marking genome

Activating conda environment /home/PERSONALE/eugenio.fonzi2/WESPipeline/.snakemake/conda/e35b1969.
Removing temporary output file /home/PERSONALE/eugenio.fonzi2/ANALYSES_WES/171228_test_threads_2_patients_3/03_alignment_genome/01_intermediate/04.sam.
Finished job 203.
83 of 256 steps (32%) done

Job 158: >> 04 : marking genome

Activating conda environment /home/PERSONALE/eugenio.fonzi2/WESPipeline/.snakemake/conda/e35b1969.
Removing temporary output file /home/PERSONALE/eugenio.fonzi2/ANALYSES_WES/171228_test_threads_2_patients_3/05_alignment_MT/01_intermediate/06_marked.bam.
Removing temporary output file /home/PERSONALE/eugenio.fonzi2/ANALYSES_WES/171228_test_threads_2_patients_3/05_alignment_MT/01_intermediate/06_marked.bai.
Finished job 89.
84 of 256 steps (33%) done

Job 51: >> 06 : BaseRecal MT

Activating conda environment /home/PERSONALE/eugenio.fonzi2/WESPipeline/.snakemake/conda/e35b1969.
Finished job 51.
85 of 256 steps (33%) done

Job 52: >> 06 : PostRecalTable MT


Job 248: >> 06 : PrintReads MT

Activating conda environment /home/PERSONALE/eugenio.fonzi2/WESPipeline/.snakemake/conda/e35b1969.
Activating conda environment /home/PERSONALE/eugenio.fonzi2/WESPipeline/.snakemake/conda/e35b1969.
Finished job 52.
86 of 256 steps (34%) done

Job 9: >> 06 : AnalyzeCovariates MT

Activating conda environment /home/PERSONALE/eugenio.fonzi2/WESPipeline/.snakemake/conda/e35b1969.
Finished job 9.
87 of 256 steps (34%) done
Removing temporary output file /home/PERSONALE/eugenio.fonzi2/ANALYSES_WES/171228_test_threads_2_patients_3/03_alignment_genome/01_intermediate/02_sorted.bam.
Finished job 116.
88 of 256 steps (34%) done

Job 117: >> 02 : indexing genome

Activating conda environment /home/PERSONALE/eugenio.fonzi2/WESPipeline/.snakemake/conda/e35b1969.
Finished job 117.
89 of 256 steps (35%) done

Job 115: >> 02 : RTC genome

Activating conda environment /home/PERSONALE/eugenio.fonzi2/WESPipeline/.snakemake/conda/e35b1969.
Removing temporary output file /home/PERSONALE/eugenio.fonzi2/ANALYSES_WES/171228_test_threads_2_patients_3/05_alignment_MT/01_intermediate/02_realigned.bai.
Removing temporary output file /home/PERSONALE/eugenio.fonzi2/ANALYSES_WES/171228_test_threads_2_patients_3/05_alignment_MT/01_intermediate/02_realigned.bam.
Finished job 269.
90 of 256 steps (35%) done

Job 268: >> 02 : Varscan on sample MT alignment

Activating conda environment /home/PERSONALE/eugenio.fonzi2/WESPipeline/.snakemake/conda/e35b1969.
Finished job 268.
91 of 256 steps (36%) done
Removing temporary output file /home/PERSONALE/eugenio.fonzi2/ANALYSES_WES/171228_test_threads_2_patients_3/05_alignment_MT/01_intermediate/04_realigned.bam.
Removing temporary output file /home/PERSONALE/eugenio.fonzi2/ANALYSES_WES/171228_test_threads_2_patients_3/05_alignment_MT/01_intermediate/04_realigned.bai.
Finished job 256.
92 of 256 steps (36%) done

Job 257: >> 04 : Varscan on sample MT alignment

Activating conda environment /home/PERSONALE/eugenio.fonzi2/WESPipeline/.snakemake/conda/e35b1969.
Finished job 257.
93 of 256 steps (36%) done
Removing temporary output file /home/PERSONALE/eugenio.fonzi2/ANALYSES_WES/171228_test_threads_2_patients_3/03_alignment_genome/01_intermediate/06_sorted.bam.
Finished job 154.
94 of 256 steps (37%) done

Job 155: >> 06 : indexing genome

Activating conda environment /home/PERSONALE/eugenio.fonzi2/WESPipeline/.snakemake/conda/e35b1969.
Finished job 115.
95 of 256 steps (37%) done

Job 85: >> 02 : IndelRealigner genome

Activating conda environment /home/PERSONALE/eugenio.fonzi2/WESPipeline/.snakemake/conda/e35b1969.
Removing temporary output file /home/PERSONALE/eugenio.fonzi2/ANALYSES_WES/171228_test_threads_2_patients_3/03_alignment_genome/01_intermediate/04_sorted.bam.
Finished job 158.
96 of 256 steps (38%) done

Job 159: >> 04 : indexing genome

Activating conda environment /home/PERSONALE/eugenio.fonzi2/WESPipeline/.snakemake/conda/e35b1969.
Removing temporary output file /home/PERSONALE/eugenio.fonzi2/ANALYSES_WES/171228_test_threads_2_patients_3/05_alignment_MT/01_intermediate/06_realigned.bai.
Removing temporary output file /home/PERSONALE/eugenio.fonzi2/ANALYSES_WES/171228_test_threads_2_patients_3/05_alignment_MT/01_intermediate/06_realigned.bam.
Finished job 248.
97 of 256 steps (38%) done

Job 242: >> 06 : Varscan on sample MT alignment

Activating conda environment /home/PERSONALE/eugenio.fonzi2/WESPipeline/.snakemake/conda/e35b1969.
Finished job 155.
98 of 256 steps (38%) done

Job 156: >> 06 : RTC genome

Activating conda environment /home/PERSONALE/eugenio.fonzi2/WESPipeline/.snakemake/conda/e35b1969.
Finished job 242.
99 of 256 steps (39%) done
Finished job 159.
100 of 256 steps (39%) done

Job 157: >> 04 : RTC genome

Activating conda environment /home/PERSONALE/eugenio.fonzi2/WESPipeline/.snakemake/conda/e35b1969.
Finished job 283.
101 of 256 steps (39%) done

Job 277: >> 01 : sorting exome

Activating conda environment /home/PERSONALE/eugenio.fonzi2/WESPipeline/.snakemake/conda/e35b1969.
Finished job 156.
102 of 256 steps (40%) done

Job 103: >> 06 : IndelRealigner genome

Activating conda environment /home/PERSONALE/eugenio.fonzi2/WESPipeline/.snakemake/conda/e35b1969.
Finished job 157.
103 of 256 steps (40%) done

Job 104: >> 04 : IndelRealigner genome

Activating conda environment /home/PERSONALE/eugenio.fonzi2/WESPipeline/.snakemake/conda/e35b1969.
Finished job 288.
104 of 256 steps (41%) done

Job 282: >> 05 : sorting exome

Activating conda environment /home/PERSONALE/eugenio.fonzi2/WESPipeline/.snakemake/conda/e35b1969.
Finished job 287.
105 of 256 steps (41%) done

Job 281: >> 03 : sorting exome

Activating conda environment /home/PERSONALE/eugenio.fonzi2/WESPipeline/.snakemake/conda/e35b1969.
Removing temporary output file /home/PERSONALE/eugenio.fonzi2/ANALYSES_WES/171228_test_threads_2_patients_3/03_alignment_genome/01_intermediate/02_marked.bam.
Removing temporary output file /home/PERSONALE/eugenio.fonzi2/ANALYSES_WES/171228_test_threads_2_patients_3/03_alignment_genome/01_intermediate/02_marked.bai.
Finished job 85.
106 of 256 steps (41%) done

Job 48: >> 02 : BaseRecal genome

Activating conda environment /home/PERSONALE/eugenio.fonzi2/WESPipeline/.snakemake/conda/e35b1969.
Removing temporary output file /home/PERSONALE/eugenio.fonzi2/ANALYSES_WES/171228_test_threads_2_patients_3/03_alignment_genome/01_intermediate/06_marked.bam.
Removing temporary output file /home/PERSONALE/eugenio.fonzi2/ANALYSES_WES/171228_test_threads_2_patients_3/03_alignment_genome/01_intermediate/06_marked.bai.
Finished job 103.
107 of 256 steps (42%) done

Job 74: >> 06 : BaseRecal genome

Activating conda environment /home/PERSONALE/eugenio.fonzi2/WESPipeline/.snakemake/conda/e35b1969.
Removing temporary output file /home/PERSONALE/eugenio.fonzi2/ANALYSES_WES/171228_test_threads_2_patients_3/03_alignment_genome/01_intermediate/04_marked.bam.
Removing temporary output file /home/PERSONALE/eugenio.fonzi2/ANALYSES_WES/171228_test_threads_2_patients_3/03_alignment_genome/01_intermediate/04_marked.bai.
Finished job 104.
108 of 256 steps (42%) done

Job 75: >> 04 : BaseRecal genome

Activating conda environment /home/PERSONALE/eugenio.fonzi2/WESPipeline/.snakemake/conda/e35b1969.
Removing temporary output file /home/PERSONALE/eugenio.fonzi2/ANALYSES_WES/171228_test_threads_2_patients_3/04_alignment_exome/01_intermediate/01.sam.
Finished job 277.
109 of 256 steps (43%) done

Job 271: >> 01 : extractUnmapped extract

Activating conda environment /home/PERSONALE/eugenio.fonzi2/WESPipeline/.snakemake/conda/e35b1969.
Removing temporary output file /home/PERSONALE/eugenio.fonzi2/ANALYSES_WES/171228_test_threads_2_patients_3/04_alignment_exome/01_intermediate/05.sam.
Finished job 282.
110 of 256 steps (43%) done

Job 276: >> 05 : extractUnmapped extract

Activating conda environment /home/PERSONALE/eugenio.fonzi2/WESPipeline/.snakemake/conda/e35b1969.
Removing temporary output file /home/PERSONALE/eugenio.fonzi2/ANALYSES_WES/171228_test_threads_2_patients_3/04_alignment_exome/01_intermediate/03.sam.
Finished job 281.
111 of 256 steps (43%) done

Job 275: >> 03 : extractUnmapped extract

Activating conda environment /home/PERSONALE/eugenio.fonzi2/WESPipeline/.snakemake/conda/e35b1969.
Finished job 48.
112 of 256 steps (44%) done

Job 264: >> 02 : PrintReads genome


Activating conda environment /home/PERSONALE/eugenio.fonzi2/WESPipeline/.snakemake/conda/e35b1969.
Job 47: >> 02 : PostRecalTable genome

Activating conda environment /home/PERSONALE/eugenio.fonzi2/WESPipeline/.snakemake/conda/e35b1969.
Finished job 74.
113 of 256 steps (44%) done

Job 244: >> 06 : PrintReads genome


Activating conda environment /home/PERSONALE/eugenio.fonzi2/WESPipeline/.snakemake/conda/e35b1969.
Job 73: >> 06 : PostRecalTable genome

Activating conda environment /home/PERSONALE/eugenio.fonzi2/WESPipeline/.snakemake/conda/e35b1969.
Finished job 75.
114 of 256 steps (45%) done

Job 261: >> 04 : PrintReads genome


Activating conda environment /home/PERSONALE/eugenio.fonzi2/WESPipeline/.snakemake/conda/e35b1969.
Job 76: >> 04 : PostRecalTable genome

Activating conda environment /home/PERSONALE/eugenio.fonzi2/WESPipeline/.snakemake/conda/e35b1969.
Removing temporary output file /home/PERSONALE/eugenio.fonzi2/ANALYSES_WES/171228_test_threads_2_patients_3/04_alignment_exome/01_intermediate/01_sorted.bam.
Finished job 271.
115 of 256 steps (45%) done

Job 237: >> 01 : extractUnmapped convert

Activating conda environment /home/PERSONALE/eugenio.fonzi2/WESPipeline/.snakemake/conda/e35b1969.
Removing temporary output file /home/PERSONALE/eugenio.fonzi2/ANALYSES_WES/171228_test_threads_2_patients_3/04_alignment_exome/01_intermediate/05_sorted.bam.
Finished job 276.
116 of 256 steps (45%) done

Job 254: >> 05 : extractUnmapped convert

Activating conda environment /home/PERSONALE/eugenio.fonzi2/WESPipeline/.snakemake/conda/e35b1969.
Removing temporary output file /home/PERSONALE/eugenio.fonzi2/ANALYSES_WES/171228_test_threads_2_patients_3/04_alignment_exome/01_intermediate/03_sorted.bam.
Finished job 275.
117 of 256 steps (46%) done

Job 253: >> 03 : extractUnmapped convert

Activating conda environment /home/PERSONALE/eugenio.fonzi2/WESPipeline/.snakemake/conda/e35b1969.
Removing temporary output file /home/PERSONALE/eugenio.fonzi2/ANALYSES_WES/171228_test_threads_2_patients_3/04_alignment_exome/01_intermediate/01_unmapped.bam.
Finished job 237.
118 of 256 steps (46%) done

Job 210: >> 01 : Aligning to reference MITOCHONDRIAL GENOME

Activating conda environment /home/PERSONALE/eugenio.fonzi2/WESPipeline/.snakemake/conda/e35b1969.
Removing temporary output file /home/PERSONALE/eugenio.fonzi2/ANALYSES_WES/171228_test_threads_2_patients_3/04_alignment_exome/01_intermediate/05_unmapped.bam.
Finished job 254.
119 of 256 steps (46%) done

Job 223: >> 05 : Aligning to reference MITOCHONDRIAL GENOME

Activating conda environment /home/PERSONALE/eugenio.fonzi2/WESPipeline/.snakemake/conda/e35b1969.
Removing temporary output file /home/PERSONALE/eugenio.fonzi2/ANALYSES_WES/171228_test_threads_2_patients_3/04_alignment_exome/01_intermediate/03_unmapped.bam.
Finished job 253.
120 of 256 steps (47%) done

Job 222: >> 03 : Aligning to reference MITOCHONDRIAL GENOME

Activating conda environment /home/PERSONALE/eugenio.fonzi2/WESPipeline/.snakemake/conda/e35b1969.
Removing temporary output file /home/PERSONALE/eugenio.fonzi2/ANALYSES_WES/171228_test_threads_2_patients_3/02_fastq_trimmed/05_R1.fastq.
Removing temporary output file /home/PERSONALE/eugenio.fonzi2/ANALYSES_WES/171228_test_threads_2_patients_3/02_fastq_trimmed/05_R2.fastq.
Finished job 220.
121 of 256 steps (47%) done

Job 188: >> 05 : sorting genome

Activating conda environment /home/PERSONALE/eugenio.fonzi2/WESPipeline/.snakemake/conda/e35b1969.
Removing temporary output file /home/PERSONALE/eugenio.fonzi2/ANALYSES_WES/171228_test_threads_2_patients_3/04_alignment_exome/02_unmapped_fastq/01_R1.unmapped.fastq.
Removing temporary output file /home/PERSONALE/eugenio.fonzi2/ANALYSES_WES/171228_test_threads_2_patients_3/04_alignment_exome/02_unmapped_fastq/01_R2.unmapped.fastq.
Finished job 210.
122 of 256 steps (48%) done

Job 168: >> 01 : sorting MT

Activating conda environment /home/PERSONALE/eugenio.fonzi2/WESPipeline/.snakemake/conda/e35b1969.
Removing temporary output file /home/PERSONALE/eugenio.fonzi2/ANALYSES_WES/171228_test_threads_2_patients_3/04_alignment_exome/02_unmapped_fastq/03_R1.unmapped.fastq.
Removing temporary output file /home/PERSONALE/eugenio.fonzi2/ANALYSES_WES/171228_test_threads_2_patients_3/04_alignment_exome/02_unmapped_fastq/03_R2.unmapped.fastq.
Finished job 222.
123 of 256 steps (48%) done
Removing temporary output file /home/PERSONALE/eugenio.fonzi2/ANALYSES_WES/171228_test_threads_2_patients_3/04_alignment_exome/02_unmapped_fastq/05_R2.unmapped.fastq.
Removing temporary output file /home/PERSONALE/eugenio.fonzi2/ANALYSES_WES/171228_test_threads_2_patients_3/04_alignment_exome/02_unmapped_fastq/05_R1.unmapped.fastq.
Finished job 223.
124 of 256 steps (48%) done

Job 190: >> 03 : sorting MT


Activating conda environment /home/PERSONALE/eugenio.fonzi2/WESPipeline/.snakemake/conda/e35b1969.
Job 191: >> 05 : sorting MT

Activating conda environment /home/PERSONALE/eugenio.fonzi2/WESPipeline/.snakemake/conda/e35b1969.
Removing temporary output file /home/PERSONALE/eugenio.fonzi2/ANALYSES_WES/171228_test_threads_2_patients_3/02_fastq_trimmed/03_R1.fastq.
Removing temporary output file /home/PERSONALE/eugenio.fonzi2/ANALYSES_WES/171228_test_threads_2_patients_3/02_fastq_trimmed/03_R2.fastq.
Finished job 211.
125 of 256 steps (49%) done

Job 171: >> 03 : sorting genome

Activating conda environment /home/PERSONALE/eugenio.fonzi2/WESPipeline/.snakemake/conda/e35b1969.
Removing temporary output file /home/PERSONALE/eugenio.fonzi2/ANALYSES_WES/171228_test_threads_2_patients_3/02_fastq_trimmed/01_R1.fastq.
Removing temporary output file /home/PERSONALE/eugenio.fonzi2/ANALYSES_WES/171228_test_threads_2_patients_3/02_fastq_trimmed/01_R2.fastq.
Finished job 234.
126 of 256 steps (49%) done

Job 204: >> 01 : sorting genome

Activating conda environment /home/PERSONALE/eugenio.fonzi2/WESPipeline/.snakemake/conda/e35b1969.
Removing temporary output file /home/PERSONALE/eugenio.fonzi2/ANALYSES_WES/171228_test_threads_2_patients_3/05_alignment_MT/01_intermediate/01.sam.
Finished job 168.
127 of 256 steps (50%) done

Job 108: >> 01 : marking MT

Activating conda environment /home/PERSONALE/eugenio.fonzi2/WESPipeline/.snakemake/conda/e35b1969.
Removing temporary output file /home/PERSONALE/eugenio.fonzi2/ANALYSES_WES/171228_test_threads_2_patients_3/05_alignment_MT/01_intermediate/03.sam.
Finished job 190.
128 of 256 steps (50%) done

Job 136: >> 03 : marking MT

Activating conda environment /home/PERSONALE/eugenio.fonzi2/WESPipeline/.snakemake/conda/e35b1969.
Removing temporary output file /home/PERSONALE/eugenio.fonzi2/ANALYSES_WES/171228_test_threads_2_patients_3/05_alignment_MT/01_intermediate/05.sam.
Finished job 191.
129 of 256 steps (50%) done

Job 139: >> 05 : marking MT

Activating conda environment /home/PERSONALE/eugenio.fonzi2/WESPipeline/.snakemake/conda/e35b1969.
Removing temporary output file /home/PERSONALE/eugenio.fonzi2/ANALYSES_WES/171228_test_threads_2_patients_3/05_alignment_MT/01_intermediate/01_sorted.bam.
Finished job 108.
130 of 256 steps (51%) done

Job 109: >> 01 : indexing MT

Activating conda environment /home/PERSONALE/eugenio.fonzi2/WESPipeline/.snakemake/conda/e35b1969.
Finished job 264.
131 of 256 steps (51%) done

Job 265: >> 02 : Varscan on sample genomic alignment

Activating conda environment /home/PERSONALE/eugenio.fonzi2/WESPipeline/.snakemake/conda/e35b1969.
Finished job 109.
132 of 256 steps (52%) done

Job 107: >> 01 : RTC MT

Activating conda environment /home/PERSONALE/eugenio.fonzi2/WESPipeline/.snakemake/conda/e35b1969.
Finished job 107.
133 of 256 steps (52%) done

Job 81: >> 01 : IndelRealigner MT

Activating conda environment /home/PERSONALE/eugenio.fonzi2/WESPipeline/.snakemake/conda/e35b1969.
Removing temporary output file /home/PERSONALE/eugenio.fonzi2/ANALYSES_WES/171228_test_threads_2_patients_3/05_alignment_MT/01_intermediate/03_sorted.bam.
Finished job 136.
134 of 256 steps (52%) done

Job 138: >> 03 : indexing MT

Activating conda environment /home/PERSONALE/eugenio.fonzi2/WESPipeline/.snakemake/conda/e35b1969.
Removing temporary output file /home/PERSONALE/eugenio.fonzi2/ANALYSES_WES/171228_test_threads_2_patients_3/05_alignment_MT/01_intermediate/05_sorted.bam.
Finished job 139.
135 of 256 steps (53%) done

Job 140: >> 05 : indexing MT

Activating conda environment /home/PERSONALE/eugenio.fonzi2/WESPipeline/.snakemake/conda/e35b1969.
Finished job 138.
136 of 256 steps (53%) done

Job 137: >> 03 : RTC MT

Activating conda environment /home/PERSONALE/eugenio.fonzi2/WESPipeline/.snakemake/conda/e35b1969.
Finished job 137.
137 of 256 steps (54%) done

Job 95: >> 03 : IndelRealigner MT

Activating conda environment /home/PERSONALE/eugenio.fonzi2/WESPipeline/.snakemake/conda/e35b1969.
Finished job 140.
138 of 256 steps (54%) done

Job 141: >> 05 : RTC MT

Activating conda environment /home/PERSONALE/eugenio.fonzi2/WESPipeline/.snakemake/conda/e35b1969.
Finished job 141.
139 of 256 steps (54%) done

Job 98: >> 05 : IndelRealigner MT

Activating conda environment /home/PERSONALE/eugenio.fonzi2/WESPipeline/.snakemake/conda/e35b1969.
Removing temporary output file /home/PERSONALE/eugenio.fonzi2/ANALYSES_WES/171228_test_threads_2_patients_3/03_alignment_genome/01_intermediate/02_realigned.bai.
Removing temporary output file /home/PERSONALE/eugenio.fonzi2/ANALYSES_WES/171228_test_threads_2_patients_3/03_alignment_genome/01_intermediate/02_realigned.bam.
Finished job 47.
140 of 256 steps (55%) done

Job 6: >> 02 : AnalyzeCovariates genome

Activating conda environment /home/PERSONALE/eugenio.fonzi2/WESPipeline/.snakemake/conda/e35b1969.
Finished job 6.
141 of 256 steps (55%) done
Finished job 76.
142 of 256 steps (55%) done

Job 34: >> 04 : AnalyzeCovariates genome

Activating conda environment /home/PERSONALE/eugenio.fonzi2/WESPipeline/.snakemake/conda/e35b1969.
Finished job 34.
143 of 256 steps (56%) done
Finished job 244.
144 of 256 steps (56%) done

Job 240: >> 06 : Varscan on sample genomic alignment

Activating conda environment /home/PERSONALE/eugenio.fonzi2/WESPipeline/.snakemake/conda/e35b1969.
Removing temporary output file /home/PERSONALE/eugenio.fonzi2/ANALYSES_WES/171228_test_threads_2_patients_3/03_alignment_genome/01_intermediate/04_realigned.bam.
Removing temporary output file /home/PERSONALE/eugenio.fonzi2/ANALYSES_WES/171228_test_threads_2_patients_3/03_alignment_genome/01_intermediate/04_realigned.bai.
Finished job 261.
145 of 256 steps (57%) done

Job 260: >> 04 : Varscan on sample genomic alignment

Activating conda environment /home/PERSONALE/eugenio.fonzi2/WESPipeline/.snakemake/conda/e35b1969.
Removing temporary output file /home/PERSONALE/eugenio.fonzi2/ANALYSES_WES/171228_test_threads_2_patients_3/05_alignment_MT/01_intermediate/01_marked.bam.
Removing temporary output file /home/PERSONALE/eugenio.fonzi2/ANALYSES_WES/171228_test_threads_2_patients_3/05_alignment_MT/01_intermediate/01_marked.bai.
Finished job 81.
146 of 256 steps (57%) done

Job 40: >> 01 : BaseRecal MT

Activating conda environment /home/PERSONALE/eugenio.fonzi2/WESPipeline/.snakemake/conda/e35b1969.
Finished job 40.
147 of 256 steps (57%) done

Job 41: >> 01 : PostRecalTable MT


Job 270: >> 01 : PrintReads MT
Activating conda environment /home/PERSONALE/eugenio.fonzi2/WESPipeline/.snakemake/conda/e35b1969.

Activating conda environment /home/PERSONALE/eugenio.fonzi2/WESPipeline/.snakemake/conda/e35b1969.
Finished job 41.
148 of 256 steps (58%) done

Job 1: >> 01 : AnalyzeCovariates MT

Activating conda environment /home/PERSONALE/eugenio.fonzi2/WESPipeline/.snakemake/conda/e35b1969.
Finished job 1.
149 of 256 steps (58%) done
Removing temporary output file /home/PERSONALE/eugenio.fonzi2/ANALYSES_WES/171228_test_threads_2_patients_3/03_alignment_genome/01_intermediate/06_realigned.bam.
Removing temporary output file /home/PERSONALE/eugenio.fonzi2/ANALYSES_WES/171228_test_threads_2_patients_3/03_alignment_genome/01_intermediate/06_realigned.bai.
Finished job 73.
150 of 256 steps (59%) done

Job 32: >> 06 : AnalyzeCovariates genome

Activating conda environment /home/PERSONALE/eugenio.fonzi2/WESPipeline/.snakemake/conda/e35b1969.
Finished job 32.
151 of 256 steps (59%) done
Removing temporary output file /home/PERSONALE/eugenio.fonzi2/ANALYSES_WES/171228_test_threads_2_patients_3/05_alignment_MT/01_intermediate/03_marked.bam.
Removing temporary output file /home/PERSONALE/eugenio.fonzi2/ANALYSES_WES/171228_test_threads_2_patients_3/05_alignment_MT/01_intermediate/03_marked.bai.
Finished job 95.
152 of 256 steps (59%) done

Job 65: >> 03 : BaseRecal MT

Activating conda environment /home/PERSONALE/eugenio.fonzi2/WESPipeline/.snakemake/conda/e35b1969.
Removing temporary output file /home/PERSONALE/eugenio.fonzi2/ANALYSES_WES/171228_test_threads_2_patients_3/05_alignment_MT/01_intermediate/05_marked.bam.
Removing temporary output file /home/PERSONALE/eugenio.fonzi2/ANALYSES_WES/171228_test_threads_2_patients_3/05_alignment_MT/01_intermediate/05_marked.bai.
Finished job 98.
153 of 256 steps (60%) done

Job 69: >> 05 : BaseRecal MT

Activating conda environment /home/PERSONALE/eugenio.fonzi2/WESPipeline/.snakemake/conda/e35b1969.
Finished job 65.
154 of 256 steps (60%) done

Job 66: >> 03 : PostRecalTable MT


Activating conda environment /home/PERSONALE/eugenio.fonzi2/WESPipeline/.snakemake/conda/e35b1969.
Job 255: >> 03 : PrintReads MT

Activating conda environment /home/PERSONALE/eugenio.fonzi2/WESPipeline/.snakemake/conda/e35b1969.
Finished job 265.
155 of 256 steps (61%) done
Finished job 69.
156 of 256 steps (61%) done

Job 249: >> 05 : PrintReads MT


Activating conda environment /home/PERSONALE/eugenio.fonzi2/WESPipeline/.snakemake/conda/e35b1969.
Job 70: >> 05 : PostRecalTable MT

Activating conda environment /home/PERSONALE/eugenio.fonzi2/WESPipeline/.snakemake/conda/e35b1969.
Finished job 66.
157 of 256 steps (61%) done

Job 21: >> 03 : AnalyzeCovariates MT

Activating conda environment /home/PERSONALE/eugenio.fonzi2/WESPipeline/.snakemake/conda/e35b1969.
Finished job 70.
158 of 256 steps (62%) done

Job 28: >> 05 : AnalyzeCovariates MT

Activating conda environment /home/PERSONALE/eugenio.fonzi2/WESPipeline/.snakemake/conda/e35b1969.
Finished job 21.
159 of 256 steps (62%) done
Finished job 28.
160 of 256 steps (62%) done
Removing temporary output file /home/PERSONALE/eugenio.fonzi2/ANALYSES_WES/171228_test_threads_2_patients_3/03_alignment_genome/01_intermediate/05.sam.
Finished job 188.
161 of 256 steps (63%) done

Job 130: >> 05 : marking genome

Activating conda environment /home/PERSONALE/eugenio.fonzi2/WESPipeline/.snakemake/conda/e35b1969.
Removing temporary output file /home/PERSONALE/eugenio.fonzi2/ANALYSES_WES/171228_test_threads_2_patients_3/03_alignment_genome/01_intermediate/03.sam.
Finished job 171.
162 of 256 steps (63%) done

Job 111: >> 03 : marking genome

Activating conda environment /home/PERSONALE/eugenio.fonzi2/WESPipeline/.snakemake/conda/e35b1969.
Finished job 240.
163 of 256 steps (64%) done
Removing temporary output file /home/PERSONALE/eugenio.fonzi2/ANALYSES_WES/171228_test_threads_2_patients_3/03_alignment_genome/01_intermediate/01.sam.
Finished job 204.
164 of 256 steps (64%) done

Job 162: >> 01 : marking genome

Activating conda environment /home/PERSONALE/eugenio.fonzi2/WESPipeline/.snakemake/conda/e35b1969.
Finished job 260.
165 of 256 steps (64%) done
Removing temporary output file /home/PERSONALE/eugenio.fonzi2/ANALYSES_WES/171228_test_threads_2_patients_3/05_alignment_MT/01_intermediate/01_realigned.bai.
Removing temporary output file /home/PERSONALE/eugenio.fonzi2/ANALYSES_WES/171228_test_threads_2_patients_3/05_alignment_MT/01_intermediate/01_realigned.bam.
Finished job 270.
166 of 256 steps (65%) done

Job 231: >> first : MuTect on MT alignment


Activating conda environment /home/PERSONALE/eugenio.fonzi2/WESPipeline/.snakemake/conda/a055426f.
Job 267: >> 01 : Varscan on sample MT alignment

Activating conda environment /home/PERSONALE/eugenio.fonzi2/WESPipeline/.snakemake/conda/e35b1969.
Removing temporary output file /home/PERSONALE/eugenio.fonzi2/ANALYSES_WES/171228_test_threads_2_patients_3/05_alignment_MT/02_bqsr/02.bai.
Removing temporary output file /home/PERSONALE/eugenio.fonzi2/ANALYSES_WES/171228_test_threads_2_patients_3/05_alignment_MT/02_bqsr/02.bam.
Finished job 231.
167 of 256 steps (65%) done
Removing temporary output file /home/PERSONALE/eugenio.fonzi2/ANALYSES_WES/171228_test_threads_2_patients_3/05_alignment_MT/02_bqsr/01.bai.
Removing temporary output file /home/PERSONALE/eugenio.fonzi2/ANALYSES_WES/171228_test_threads_2_patients_3/05_alignment_MT/02_bqsr/01.bam.
Finished job 267.
168 of 256 steps (66%) done

Job 230: >> first : Varscan on patient MT alignment

Activating conda environment /home/PERSONALE/eugenio.fonzi2/WESPipeline/.snakemake/conda/e35b1969.
Removing temporary output file /home/PERSONALE/eugenio.fonzi2/ANALYSES_WES/171228_test_threads_2_patients_3/09_varscan_MT/01_mpileup/01.mpileup.
Removing temporary output file /home/PERSONALE/eugenio.fonzi2/ANALYSES_WES/171228_test_threads_2_patients_3/09_varscan_MT/01_mpileup/02.mpileup.
Finished job 230.
169 of 256 steps (66%) done
Removing temporary output file /home/PERSONALE/eugenio.fonzi2/ANALYSES_WES/171228_test_threads_2_patients_3/05_alignment_MT/01_intermediate/05_realigned.bai.
Removing temporary output file /home/PERSONALE/eugenio.fonzi2/ANALYSES_WES/171228_test_threads_2_patients_3/05_alignment_MT/01_intermediate/05_realigned.bam.
Finished job 249.
170 of 256 steps (66%) done

Job 217: >> third : MuTect on MT alignment


Job 241: >> 05 : Varscan on sample MT alignment
Activating conda environment /home/PERSONALE/eugenio.fonzi2/WESPipeline/.snakemake/conda/a055426f.

Activating conda environment /home/PERSONALE/eugenio.fonzi2/WESPipeline/.snakemake/conda/e35b1969.
Removing temporary output file /home/PERSONALE/eugenio.fonzi2/ANALYSES_WES/171228_test_threads_2_patients_3/05_alignment_MT/01_intermediate/03_realigned.bam.
Removing temporary output file /home/PERSONALE/eugenio.fonzi2/ANALYSES_WES/171228_test_threads_2_patients_3/05_alignment_MT/01_intermediate/03_realigned.bai.
Finished job 255.
171 of 256 steps (67%) done

Job 224: >> second : MuTect on MT alignment


Activating conda environment /home/PERSONALE/eugenio.fonzi2/WESPipeline/.snakemake/conda/a055426f.
Job 258: >> 03 : Varscan on sample MT alignment

Activating conda environment /home/PERSONALE/eugenio.fonzi2/WESPipeline/.snakemake/conda/e35b1969.
Removing temporary output file /home/PERSONALE/eugenio.fonzi2/ANALYSES_WES/171228_test_threads_2_patients_3/05_alignment_MT/02_bqsr/06.bam.
Removing temporary output file /home/PERSONALE/eugenio.fonzi2/ANALYSES_WES/171228_test_threads_2_patients_3/05_alignment_MT/02_bqsr/06.bai.
Finished job 217.
172 of 256 steps (67%) done
Removing temporary output file /home/PERSONALE/eugenio.fonzi2/ANALYSES_WES/171228_test_threads_2_patients_3/05_alignment_MT/02_bqsr/04.bai.
Removing temporary output file /home/PERSONALE/eugenio.fonzi2/ANALYSES_WES/171228_test_threads_2_patients_3/05_alignment_MT/02_bqsr/04.bam.
Finished job 224.
173 of 256 steps (68%) done
Removing temporary output file /home/PERSONALE/eugenio.fonzi2/ANALYSES_WES/171228_test_threads_2_patients_3/05_alignment_MT/02_bqsr/05.bam.
Removing temporary output file /home/PERSONALE/eugenio.fonzi2/ANALYSES_WES/171228_test_threads_2_patients_3/05_alignment_MT/02_bqsr/05.bai.
Finished job 241.
174 of 256 steps (68%) done

Job 215: >> third : Varscan on patient MT alignment

Activating conda environment /home/PERSONALE/eugenio.fonzi2/WESPipeline/.snakemake/conda/e35b1969.
Removing temporary output file /home/PERSONALE/eugenio.fonzi2/ANALYSES_WES/171228_test_threads_2_patients_3/05_alignment_MT/02_bqsr/03.bam.
Removing temporary output file /home/PERSONALE/eugenio.fonzi2/ANALYSES_WES/171228_test_threads_2_patients_3/05_alignment_MT/02_bqsr/03.bai.
Finished job 258.
175 of 256 steps (68%) done

Job 225: >> second : Varscan on patient MT alignment

Activating conda environment /home/PERSONALE/eugenio.fonzi2/WESPipeline/.snakemake/conda/e35b1969.
Removing temporary output file /home/PERSONALE/eugenio.fonzi2/ANALYSES_WES/171228_test_threads_2_patients_3/09_varscan_MT/01_mpileup/05.mpileup.
Removing temporary output file /home/PERSONALE/eugenio.fonzi2/ANALYSES_WES/171228_test_threads_2_patients_3/09_varscan_MT/01_mpileup/06.mpileup.
Finished job 215.
176 of 256 steps (69%) done
Removing temporary output file /home/PERSONALE/eugenio.fonzi2/ANALYSES_WES/171228_test_threads_2_patients_3/09_varscan_MT/01_mpileup/04.mpileup.
Removing temporary output file /home/PERSONALE/eugenio.fonzi2/ANALYSES_WES/171228_test_threads_2_patients_3/09_varscan_MT/01_mpileup/03.mpileup.
Finished job 225.
177 of 256 steps (69%) done
Removing temporary output file /home/PERSONALE/eugenio.fonzi2/ANALYSES_WES/171228_test_threads_2_patients_3/03_alignment_genome/01_intermediate/05_sorted.bam.
Finished job 130.
178 of 256 steps (70%) done

Job 132: >> 05 : indexing genome

Activating conda environment /home/PERSONALE/eugenio.fonzi2/WESPipeline/.snakemake/conda/e35b1969.
Finished job 132.
179 of 256 steps (70%) done

Job 131: >> 05 : RTC genome

Activating conda environment /home/PERSONALE/eugenio.fonzi2/WESPipeline/.snakemake/conda/e35b1969.
Removing temporary output file /home/PERSONALE/eugenio.fonzi2/ANALYSES_WES/171228_test_threads_2_patients_3/03_alignment_genome/01_intermediate/03_sorted.bam.
Finished job 111.
180 of 256 steps (70%) done

Job 112: >> 03 : indexing genome

Activating conda environment /home/PERSONALE/eugenio.fonzi2/WESPipeline/.snakemake/conda/e35b1969.
Removing temporary output file /home/PERSONALE/eugenio.fonzi2/ANALYSES_WES/171228_test_threads_2_patients_3/03_alignment_genome/01_intermediate/01_sorted.bam.
Finished job 162.
181 of 256 steps (71%) done

Job 160: >> 01 : indexing genome

Activating conda environment /home/PERSONALE/eugenio.fonzi2/WESPipeline/.snakemake/conda/e35b1969.
Finished job 112.
182 of 256 steps (71%) done

Job 110: >> 03 : RTC genome

Activating conda environment /home/PERSONALE/eugenio.fonzi2/WESPipeline/.snakemake/conda/e35b1969.
Finished job 131.
183 of 256 steps (71%) done

Job 93: >> 05 : IndelRealigner genome

Activating conda environment /home/PERSONALE/eugenio.fonzi2/WESPipeline/.snakemake/conda/e35b1969.
Finished job 160.
184 of 256 steps (72%) done

Job 161: >> 01 : RTC genome

Activating conda environment /home/PERSONALE/eugenio.fonzi2/WESPipeline/.snakemake/conda/e35b1969.
Finished job 110.
185 of 256 steps (72%) done

Job 82: >> 03 : IndelRealigner genome

Activating conda environment /home/PERSONALE/eugenio.fonzi2/WESPipeline/.snakemake/conda/e35b1969.
Finished job 161.
186 of 256 steps (73%) done

Job 105: >> 01 : IndelRealigner genome

Activating conda environment /home/PERSONALE/eugenio.fonzi2/WESPipeline/.snakemake/conda/e35b1969.
Removing temporary output file /home/PERSONALE/eugenio.fonzi2/ANALYSES_WES/171228_test_threads_2_patients_3/03_alignment_genome/01_intermediate/05_marked.bam.
Removing temporary output file /home/PERSONALE/eugenio.fonzi2/ANALYSES_WES/171228_test_threads_2_patients_3/03_alignment_genome/01_intermediate/05_marked.bai.
Finished job 93.
187 of 256 steps (73%) done

Job 60: >> 05 : BaseRecal genome

Activating conda environment /home/PERSONALE/eugenio.fonzi2/WESPipeline/.snakemake/conda/e35b1969.
Removing temporary output file /home/PERSONALE/eugenio.fonzi2/ANALYSES_WES/171228_test_threads_2_patients_3/03_alignment_genome/01_intermediate/03_marked.bam.
Removing temporary output file /home/PERSONALE/eugenio.fonzi2/ANALYSES_WES/171228_test_threads_2_patients_3/03_alignment_genome/01_intermediate/03_marked.bai.
Finished job 82.
188 of 256 steps (73%) done

Job 45: >> 03 : BaseRecal genome

Activating conda environment /home/PERSONALE/eugenio.fonzi2/WESPipeline/.snakemake/conda/e35b1969.
Removing temporary output file /home/PERSONALE/eugenio.fonzi2/ANALYSES_WES/171228_test_threads_2_patients_3/03_alignment_genome/01_intermediate/01_marked.bai.
Removing temporary output file /home/PERSONALE/eugenio.fonzi2/ANALYSES_WES/171228_test_threads_2_patients_3/03_alignment_genome/01_intermediate/01_marked.bam.
Finished job 105.
189 of 256 steps (74%) done

Job 78: >> 01 : BaseRecal genome

Activating conda environment /home/PERSONALE/eugenio.fonzi2/WESPipeline/.snakemake/conda/e35b1969.
Finished job 60.
190 of 256 steps (74%) done

Job 243: >> 05 : PrintReads genome


Activating conda environment /home/PERSONALE/eugenio.fonzi2/WESPipeline/.snakemake/conda/e35b1969.
Job 59: >> 05 : PostRecalTable genome

Activating conda environment /home/PERSONALE/eugenio.fonzi2/WESPipeline/.snakemake/conda/e35b1969.
Finished job 45.
191 of 256 steps (75%) done

Job 44: >> 03 : PostRecalTable genome


Activating conda environment /home/PERSONALE/eugenio.fonzi2/WESPipeline/.snakemake/conda/e35b1969.
Job 262: >> 03 : PrintReads genome

Activating conda environment /home/PERSONALE/eugenio.fonzi2/WESPipeline/.snakemake/conda/e35b1969.
Finished job 78.
192 of 256 steps (75%) done

Job 77: >> 01 : PostRecalTable genome


Activating conda environment /home/PERSONALE/eugenio.fonzi2/WESPipeline/.snakemake/conda/e35b1969.
Job 263: >> 01 : PrintReads genome

Activating conda environment /home/PERSONALE/eugenio.fonzi2/WESPipeline/.snakemake/conda/e35b1969.
Finished job 243.
193 of 256 steps (75%) done

Job 216: >> third : MuTect on genomic alignment


Activating conda environment /home/PERSONALE/eugenio.fonzi2/WESPipeline/.snakemake/conda/a055426f.
Job 238: >> 05 : Varscan on sample genomic alignment

Activating conda environment /home/PERSONALE/eugenio.fonzi2/WESPipeline/.snakemake/conda/e35b1969.
Removing temporary output file /home/PERSONALE/eugenio.fonzi2/ANALYSES_WES/171228_test_threads_2_patients_3/03_alignment_genome/01_intermediate/05_realigned.bam.
Removing temporary output file /home/PERSONALE/eugenio.fonzi2/ANALYSES_WES/171228_test_threads_2_patients_3/03_alignment_genome/01_intermediate/05_realigned.bai.
Finished job 59.
194 of 256 steps (76%) done

Job 16: >> 05 : AnalyzeCovariates genome

Activating conda environment /home/PERSONALE/eugenio.fonzi2/WESPipeline/.snakemake/conda/e35b1969.
Finished job 16.
195 of 256 steps (76%) done
Finished job 263.
196 of 256 steps (77%) done

Job 266: >> 01 : Varscan on sample genomic alignment


Activating conda environment /home/PERSONALE/eugenio.fonzi2/WESPipeline/.snakemake/conda/e35b1969.
Job 228: >> first : MuTect on genomic alignment

Activating conda environment /home/PERSONALE/eugenio.fonzi2/WESPipeline/.snakemake/conda/a055426f.
Finished job 44.
197 of 256 steps (77%) done

Job 4: >> 03 : AnalyzeCovariates genome

Activating conda environment /home/PERSONALE/eugenio.fonzi2/WESPipeline/.snakemake/conda/e35b1969.
Removing temporary output file /home/PERSONALE/eugenio.fonzi2/ANALYSES_WES/171228_test_threads_2_patients_3/03_alignment_genome/01_intermediate/01_realigned.bam.
Removing temporary output file /home/PERSONALE/eugenio.fonzi2/ANALYSES_WES/171228_test_threads_2_patients_3/03_alignment_genome/01_intermediate/01_realigned.bai.
Finished job 77.
198 of 256 steps (77%) done

Job 39: >> 01 : AnalyzeCovariates genome

Activating conda environment /home/PERSONALE/eugenio.fonzi2/WESPipeline/.snakemake/conda/e35b1969.
Finished job 4.
199 of 256 steps (78%) done
Finished job 39.
200 of 256 steps (78%) done
Removing temporary output file /home/PERSONALE/eugenio.fonzi2/ANALYSES_WES/171228_test_threads_2_patients_3/03_alignment_genome/01_intermediate/03_realigned.bam.
Removing temporary output file /home/PERSONALE/eugenio.fonzi2/ANALYSES_WES/171228_test_threads_2_patients_3/03_alignment_genome/01_intermediate/03_realigned.bai.
Finished job 262.
201 of 256 steps (79%) done

Job 259: >> 03 : Varscan on sample genomic alignment


Job 227: >> second : MuTect on genomic alignment
Activating conda environment /home/PERSONALE/eugenio.fonzi2/WESPipeline/.snakemake/conda/e35b1969.

Activating conda environment /home/PERSONALE/eugenio.fonzi2/WESPipeline/.snakemake/conda/a055426f.
Finished job 238.
202 of 256 steps (79%) done

Job 214: >> third : Varscan on patient genomic alignment

Activating conda environment /home/PERSONALE/eugenio.fonzi2/WESPipeline/.snakemake/conda/e35b1969.
Finished job 266.
203 of 256 steps (79%) done

Job 229: >> first : Varscan on patient genomic alignment

Activating conda environment /home/PERSONALE/eugenio.fonzi2/WESPipeline/.snakemake/conda/e35b1969.
Finished job 259.
204 of 256 steps (80%) done

Job 226: >> second : Varscan on patient genomic alignment

Activating conda environment /home/PERSONALE/eugenio.fonzi2/WESPipeline/.snakemake/conda/e35b1969.
Removing temporary output file /home/PERSONALE/eugenio.fonzi2/ANALYSES_WES/171228_test_threads_2_patients_3/08_varscan_genome/01_mpileup/05.mpileup.
Removing temporary output file /home/PERSONALE/eugenio.fonzi2/ANALYSES_WES/171228_test_threads_2_patients_3/08_varscan_genome/01_mpileup/06.mpileup.
Finished job 214.
205 of 256 steps (80%) done
Removing temporary output file /home/PERSONALE/eugenio.fonzi2/ANALYSES_WES/171228_test_threads_2_patients_3/08_varscan_genome/01_mpileup/02.mpileup.
Removing temporary output file /home/PERSONALE/eugenio.fonzi2/ANALYSES_WES/171228_test_threads_2_patients_3/08_varscan_genome/01_mpileup/01.mpileup.
Finished job 229.
206 of 256 steps (80%) done
Removing temporary output file /home/PERSONALE/eugenio.fonzi2/ANALYSES_WES/171228_test_threads_2_patients_3/08_varscan_genome/01_mpileup/03.mpileup.
Removing temporary output file /home/PERSONALE/eugenio.fonzi2/ANALYSES_WES/171228_test_threads_2_patients_3/08_varscan_genome/01_mpileup/04.mpileup.
Finished job 226.
207 of 256 steps (81%) done
Removing temporary output file /home/PERSONALE/eugenio.fonzi2/ANALYSES_WES/171228_test_threads_2_patients_3/03_alignment_genome/02_bqsr/05.bai.
Removing temporary output file /home/PERSONALE/eugenio.fonzi2/ANALYSES_WES/171228_test_threads_2_patients_3/03_alignment_genome/02_bqsr/05.bam.
Removing temporary output file /home/PERSONALE/eugenio.fonzi2/ANALYSES_WES/171228_test_threads_2_patients_3/03_alignment_genome/02_bqsr/06.bai.
Removing temporary output file /home/PERSONALE/eugenio.fonzi2/ANALYSES_WES/171228_test_threads_2_patients_3/03_alignment_genome/02_bqsr/06.bam.
Finished job 216.
208 of 256 steps (81%) done

Job 185: >> third : Merge and Write Variants

Finished job 185.
209 of 256 steps (82%) done

Job 183: >> third : Varscan Filter Somatic SNV


Job 184: >> third : Varscan Filter Somatic Indel
Activating conda environment /home/PERSONALE/eugenio.fonzi2/WESPipeline/.snakemake/conda/e35b1969.

Activating conda environment /home/PERSONALE/eugenio.fonzi2/WESPipeline/.snakemake/conda/e35b1969.
Finished job 184.
210 of 256 steps (82%) done
Removing temporary output file /home/PERSONALE/eugenio.fonzi2/ANALYSES_WES/171228_test_threads_2_patients_3/10_variants_filter/third_varscan_indel_temp1.tsv.
Removing temporary output file /home/PERSONALE/eugenio.fonzi2/ANALYSES_WES/171228_test_threads_2_patients_3/10_variants_filter/third_varscan_snv_temp1.tsv.
Finished job 183.
211 of 256 steps (82%) done

Job 122: >> third : Keep Only Variants

Removing temporary output file /home/PERSONALE/eugenio.fonzi2/ANALYSES_WES/171228_test_threads_2_patients_3/10_variants_filter/third_varscan_snv_temp2.tsv.
Removing temporary output file /home/PERSONALE/eugenio.fonzi2/ANALYSES_WES/171228_test_threads_2_patients_3/10_variants_filter/third_varscan_indel_temp2.tsv.
Finished job 122.
212 of 256 steps (83%) done

Job 182: >> third : Split Varscan Variants

Job 173: >> third : Split muTect Variants

Finished job 182.
213 of 256 steps (83%) done
Finished job 173.
214 of 256 steps (84%) done

Job 120: >> third : annotating with ANNOVAR muTect genome variants

Job 119: >> third : annotating with ANNOVAR varscan genome variants

Job 118: >> third : annotating with ANNOVAR muTect MT variants

Job 121: >> third : annotating with ANNOVAR varscan MT variants

Finished job 118.
215 of 256 steps (84%) done
Finished job 121.
216 of 256 steps (84%) done
Finished job 119.
217 of 256 steps (85%) done
Finished job 120.
218 of 256 steps (85%) done

Job 86: >> third : merging muTect and Varscan Variants

Finished job 86.
219 of 256 steps (86%) done

Job 123: >> third : create rsID table

Finished job 123.
220 of 256 steps (86%) done

Job 87: >> third : filtering exonic/non-synonymous/non-polymorphic

Activating conda environment /home/PERSONALE/eugenio.fonzi2/WESPipeline/.snakemake/conda/28d822a6.
Removing temporary output file /home/PERSONALE/eugenio.fonzi2/ANALYSES_WES/171228_test_threads_2_patients_3/10_variants_filter/third_rsID.tsv.
Finished job 87.
221 of 256 steps (86%) done

Job 49: >> third : checking MAFs

Removing temporary output file third_rsID_maf.tsv.
Finished job 49.
222 of 256 steps (87%) done

Job 7: >> third : Removing segdups variants

Finished job 7.
223 of 256 steps (87%) done
Removing temporary output file /home/PERSONALE/eugenio.fonzi2/ANALYSES_WES/171228_test_threads_2_patients_3/03_alignment_genome/02_bqsr/01.bai.
Removing temporary output file /home/PERSONALE/eugenio.fonzi2/ANALYSES_WES/171228_test_threads_2_patients_3/03_alignment_genome/02_bqsr/01.bam.
Removing temporary output file /home/PERSONALE/eugenio.fonzi2/ANALYSES_WES/171228_test_threads_2_patients_3/03_alignment_genome/02_bqsr/02.bam.
Removing temporary output file /home/PERSONALE/eugenio.fonzi2/ANALYSES_WES/171228_test_threads_2_patients_3/03_alignment_genome/02_bqsr/02.bai.
Finished job 228.
224 of 256 steps (88%) done

Job 200: >> first : Merge and Write Variants

Finished job 200.
225 of 256 steps (88%) done

Job 199: >> first : Varscan Filter Somatic SNV


Activating conda environment /home/PERSONALE/eugenio.fonzi2/WESPipeline/.snakemake/conda/e35b1969.
Job 198: >> first : Varscan Filter Somatic Indel

Activating conda environment /home/PERSONALE/eugenio.fonzi2/WESPipeline/.snakemake/conda/e35b1969.
Finished job 198.
226 of 256 steps (88%) done
Removing temporary output file /home/PERSONALE/eugenio.fonzi2/ANALYSES_WES/171228_test_threads_2_patients_3/10_variants_filter/first_varscan_indel_temp1.tsv.
Removing temporary output file /home/PERSONALE/eugenio.fonzi2/ANALYSES_WES/171228_test_threads_2_patients_3/10_variants_filter/first_varscan_snv_temp1.tsv.
Finished job 199.
227 of 256 steps (89%) done

Job 149: >> first : Keep Only Variants

Removing temporary output file /home/PERSONALE/eugenio.fonzi2/ANALYSES_WES/171228_test_threads_2_patients_3/10_variants_filter/first_varscan_indel_temp2.tsv.
Removing temporary output file /home/PERSONALE/eugenio.fonzi2/ANALYSES_WES/171228_test_threads_2_patients_3/10_variants_filter/first_varscan_snv_temp2.tsv.
Finished job 149.
228 of 256 steps (89%) done

Job 201: >> first : Split muTect Variants

Job 197: >> first : Split Varscan Variants

Finished job 201.
229 of 256 steps (89%) done
Finished job 197.
230 of 256 steps (90%) done

Job 150: >> first : annotating with ANNOVAR muTect MT variants

Job 148: >> first : annotating with ANNOVAR varscan MT variants

Job 151: >> first : annotating with ANNOVAR muTect genome variants

Job 152: >> first : annotating with ANNOVAR varscan genome variants

Finished job 150.
231 of 256 steps (90%) done
Finished job 148.
232 of 256 steps (91%) done
Finished job 151.
233 of 256 steps (91%) done
Finished job 152.
234 of 256 steps (91%) done

Job 101: >> first : merging muTect and Varscan Variants

Finished job 101.
235 of 256 steps (92%) done

Job 153: >> first : create rsID table

Finished job 153.
236 of 256 steps (92%) done

Job 102: >> first : filtering exonic/non-synonymous/non-polymorphic

Activating conda environment /home/PERSONALE/eugenio.fonzi2/WESPipeline/.snakemake/conda/28d822a6.
Removing temporary output file /home/PERSONALE/eugenio.fonzi2/ANALYSES_WES/171228_test_threads_2_patients_3/03_alignment_genome/02_bqsr/04.bai.
Removing temporary output file /home/PERSONALE/eugenio.fonzi2/ANALYSES_WES/171228_test_threads_2_patients_3/03_alignment_genome/02_bqsr/04.bam.
Removing temporary output file /home/PERSONALE/eugenio.fonzi2/ANALYSES_WES/171228_test_threads_2_patients_3/03_alignment_genome/02_bqsr/03.bai.
Removing temporary output file /home/PERSONALE/eugenio.fonzi2/ANALYSES_WES/171228_test_threads_2_patients_3/03_alignment_genome/02_bqsr/03.bam.
Finished job 227.
237 of 256 steps (93%) done
Removing temporary output file /home/PERSONALE/eugenio.fonzi2/ANALYSES_WES/171228_test_threads_2_patients_3/10_variants_filter/first_rsID.tsv.
Finished job 102.
238 of 256 steps (93%) done

Job 194: >> second : Merge and Write Variants

Job 72: >> first : checking MAFs

Removing temporary output file first_rsID_maf.tsv.
Finished job 72.
239 of 256 steps (93%) done

Job 30: >> first : Removing segdups variants

Finished job 194.
240 of 256 steps (94%) done

Job 195: >> second : Varscan Filter Somatic Indel


Activating conda environment /home/PERSONALE/eugenio.fonzi2/WESPipeline/.snakemake/conda/e35b1969.
Job 196: >> second : Varscan Filter Somatic SNV

Activating conda environment /home/PERSONALE/eugenio.fonzi2/WESPipeline/.snakemake/conda/e35b1969.
Finished job 30.
241 of 256 steps (94%) done
Finished job 195.
242 of 256 steps (95%) done
Removing temporary output file /home/PERSONALE/eugenio.fonzi2/ANALYSES_WES/171228_test_threads_2_patients_3/10_variants_filter/second_varscan_indel_temp1.tsv.
Removing temporary output file /home/PERSONALE/eugenio.fonzi2/ANALYSES_WES/171228_test_threads_2_patients_3/10_variants_filter/second_varscan_snv_temp1.tsv.
Finished job 196.
243 of 256 steps (95%) done

Job 147: >> second : Keep Only Variants

Removing temporary output file /home/PERSONALE/eugenio.fonzi2/ANALYSES_WES/171228_test_threads_2_patients_3/10_variants_filter/second_varscan_indel_temp2.tsv.
Removing temporary output file /home/PERSONALE/eugenio.fonzi2/ANALYSES_WES/171228_test_threads_2_patients_3/10_variants_filter/second_varscan_snv_temp2.tsv.
Finished job 147.
244 of 256 steps (95%) done

Job 193: >> second : Split Varscan Variants

Job 192: >> second : Split muTect Variants

Finished job 193.
245 of 256 steps (96%) done

Job 145: >> second : annotating with ANNOVAR varscan genome variants

Job 146: >> second : annotating with ANNOVAR varscan MT variants

Finished job 192.
246 of 256 steps (96%) done

Job 144: >> second : annotating with ANNOVAR muTect MT variants

Job 143: >> second : annotating with ANNOVAR muTect genome variants

Finished job 146.
247 of 256 steps (96%) done
Finished job 144.
248 of 256 steps (97%) done
Finished job 145.
249 of 256 steps (97%) done
Finished job 143.
250 of 256 steps (98%) done

Job 100: >> second : merging muTect and Varscan Variants

Finished job 100.
251 of 256 steps (98%) done

Job 142: >> second : create rsID table

Finished job 142.
252 of 256 steps (98%) done

Job 99: >> second : filtering exonic/non-synonymous/non-polymorphic

Activating conda environment /home/PERSONALE/eugenio.fonzi2/WESPipeline/.snakemake/conda/28d822a6.
Removing temporary output file /home/PERSONALE/eugenio.fonzi2/ANALYSES_WES/171228_test_threads_2_patients_3/10_variants_filter/second_rsID.tsv.
Finished job 99.
253 of 256 steps (99%) done

Job 71: >> second : checking MAFs

Removing temporary output file second_rsID_maf.tsv.
Finished job 71.
254 of 256 steps (99%) done

Job 29: >> second : Removing segdups variants

Finished job 29.
255 of 256 steps (100%) done

Job 0:  THE END 

Finished job 0.
256 of 256 steps (100%) done
