Building DAG of jobs...
Provided cores: 32
Rules claiming more threads will be scaled down.
Job counts:
	count	jobs
	2	AnalyzeCovariates_MT
	2	AnalyzeCovariates_genome
	2	BaseRecal_MT
	2	BaseRecal_genome
	2	IndelRealigner_MT
	2	IndelRealigner_genome
	1	KeepOnlyVariants
	1	MergeMutectVarscan
	1	MergeWriteVariants
	1	MutectSplitVariants
	2	PostRecalTable_MT
	2	PostRecalTable_genome
	2	PrintReads_MT
	2	PrintReads_genome
	2	RTC_MT
	2	RTC_genome
	1	Remove_segdups
	1	VarscanSplitVariants
	1	all
	1	annovar_MT_mutect
	1	annovar_MT_varscan
	1	annovar_genome_mutect
	1	annovar_genome_varscan
	1	checkMAFs
	1	create_rsID_table
	2	downloadDecompressMergeFastq
	2	extractUnmapped_convert
	2	extractUnmapped_extract
	2	fastq_checkpoint
	2	fastqc_R1
	2	fastqc_R2
	2	fastqc_trimmed_R1
	2	fastqc_trimmed_R2
	1	filterExonicPolymorphic
	1	filterSomatic_Indel
	1	filterSomatic_SNV
	2	indexing_MT
	2	indexing_genome
	2	map_to_MT
	2	map_to_exome
	2	map_to_genome
	2	marking_MT
	2	marking_genome
	1	muTect_MT
	1	muTect_genome
	2	sorting_MT
	2	sorting_exome
	2	sorting_genome
	2	trim_02
	1	varscan_MT_patient
	2	varscan_MT_sample
	1	varscan_genome_patient
	2	varscan_genome_sample
	86

Job 33: >> 242 : downloading, decompressing and merging fastq 

Job 27: >> 3062 : downloading, decompressing and merging fastq 

Finished job 33.
1 of 86 steps (1%) done

Job 20: >> 242 : Check fastq size 

Finished job 20.
2 of 86 steps (2%) done

Job 9: >> 242 : fastqc1

Activating conda environment /home/PERSONALE/eugenio.fonzi2/WESPipeline/.snakemake/conda/e35b1969.

Job 15: >> 242 : Trimming


Job 8: >> 242 : fastqc2

Activating conda environment /home/PERSONALE/eugenio.fonzi2/WESPipeline/.snakemake/conda/e35b1969.
Finished job 27.
3 of 86 steps (3%) done

Job 16: >> 3062 : Check fastq size 

Finished job 16.
4 of 86 steps (5%) done

Job 11: >> 3062 : fastqc1

Activating conda environment /home/PERSONALE/eugenio.fonzi2/WESPipeline/.snakemake/conda/e35b1969.

Job 4: >> 3062 : fastqc2

Activating conda environment /home/PERSONALE/eugenio.fonzi2/WESPipeline/.snakemake/conda/e35b1969.

Job 14: >> 3062 : Trimming

Finished job 9.
5 of 86 steps (6%) done
Finished job 8.
6 of 86 steps (7%) done
Finished job 11.
7 of 86 steps (8%) done
Finished job 4.
8 of 86 steps (9%) done
Removing temporary output file /home/PERSONALE/eugenio.fonzi2/ANALYSES_WES/prova/01_fastq/02_postprocess/242_R1.fastq.
Removing temporary output file /home/PERSONALE/eugenio.fonzi2/ANALYSES_WES/prova/01_fastq/02_postprocess/242_R2.fastq.
Finished job 15.
9 of 86 steps (10%) done

Job 3: >> 242 : fastqc1 on trimmed fastq

Activating conda environment /home/PERSONALE/eugenio.fonzi2/WESPipeline/.snakemake/conda/e35b1969.

Job 118: >> 242 : Aligning to reference EXOME

Activating conda environment /home/PERSONALE/eugenio.fonzi2/WESPipeline/.snakemake/conda/e35b1969.

Job 7: >> 242 : fastqc2 on trimmed fastq

Activating conda environment /home/PERSONALE/eugenio.fonzi2/WESPipeline/.snakemake/conda/e35b1969.
Finished job 3.
10 of 86 steps (12%) done
Finished job 7.
11 of 86 steps (13%) done
Finished job 118.
12 of 86 steps (14%) done

Job 96: >> 242 : Aligning to reference NUCLEAR GENOME

Activating conda environment /home/PERSONALE/eugenio.fonzi2/WESPipeline/.snakemake/conda/e35b1969.

Job 116: >> 242 : sorting exome

Activating conda environment /home/PERSONALE/eugenio.fonzi2/WESPipeline/.snakemake/conda/e35b1969.
Finished job 96.
13 of 86 steps (15%) done

Job 82: >> 242 : sorting genome

Activating conda environment /home/PERSONALE/eugenio.fonzi2/WESPipeline/.snakemake/conda/e35b1969.
Removing temporary output file /home/PERSONALE/eugenio.fonzi2/ANALYSES_WES/prova/04_alignment_exome/01_intermediate/242.sam.
Finished job 116.
14 of 86 steps (16%) done

Job 114: >> 242 : extractUnmapped extract

Activating conda environment /home/PERSONALE/eugenio.fonzi2/WESPipeline/.snakemake/conda/e35b1969.
Removing temporary output file /home/PERSONALE/eugenio.fonzi2/ANALYSES_WES/prova/03_alignment_genome/01_intermediate/242.sam.
Finished job 82.
15 of 86 steps (17%) done

Job 57: >> 242 : marking genome

Activating conda environment /home/PERSONALE/eugenio.fonzi2/WESPipeline/.snakemake/conda/e35b1969.
Removing temporary output file /home/PERSONALE/eugenio.fonzi2/ANALYSES_WES/prova/04_alignment_exome/01_intermediate/242_sorted.bam.
Finished job 114.
16 of 86 steps (19%) done

Job 112: >> 242 : extractUnmapped convert

Activating conda environment /home/PERSONALE/eugenio.fonzi2/WESPipeline/.snakemake/conda/e35b1969.
Removing temporary output file /home/PERSONALE/eugenio.fonzi2/ANALYSES_WES/prova/04_alignment_exome/01_intermediate/242_unmapped.bam.
Finished job 112.
17 of 86 steps (20%) done

Job 94: >> 242 : Aligning to reference MITOCHONDRIAL GENOME

Activating conda environment /home/PERSONALE/eugenio.fonzi2/WESPipeline/.snakemake/conda/e35b1969.
Finished job 94.
18 of 86 steps (21%) done

Job 78: >> 242 : sorting MT

Activating conda environment /home/PERSONALE/eugenio.fonzi2/WESPipeline/.snakemake/conda/e35b1969.
Removing temporary output file /home/PERSONALE/eugenio.fonzi2/ANALYSES_WES/prova/05_alignment_MT/01_intermediate/242.sam.
Finished job 78.
19 of 86 steps (22%) done

Job 49: >> 242 : marking MT

Activating conda environment /home/PERSONALE/eugenio.fonzi2/WESPipeline/.snakemake/conda/e35b1969.
Removing temporary output file /home/PERSONALE/eugenio.fonzi2/ANALYSES_WES/prova/03_alignment_genome/01_intermediate/242_sorted.bam.
Finished job 57.
20 of 86 steps (23%) done

Job 58: >> 242 : indexing genome

Activating conda environment /home/PERSONALE/eugenio.fonzi2/WESPipeline/.snakemake/conda/e35b1969.
Removing temporary output file /home/PERSONALE/eugenio.fonzi2/ANALYSES_WES/prova/01_fastq/02_postprocess/3062_R1.fastq.
Removing temporary output file /home/PERSONALE/eugenio.fonzi2/ANALYSES_WES/prova/01_fastq/02_postprocess/3062_R2.fastq.
Finished job 14.
21 of 86 steps (24%) done

Job 1: >> 3062 : fastqc1 on trimmed fastq

Activating conda environment /home/PERSONALE/eugenio.fonzi2/WESPipeline/.snakemake/conda/e35b1969.

Job 117: >> 3062 : Aligning to reference EXOME

Activating conda environment /home/PERSONALE/eugenio.fonzi2/WESPipeline/.snakemake/conda/e35b1969.

Job 2: >> 3062 : fastqc2 on trimmed fastq

Activating conda environment /home/PERSONALE/eugenio.fonzi2/WESPipeline/.snakemake/conda/e35b1969.
Finished job 58.
22 of 86 steps (26%) done

Job 56: >> 242 : RTC genome

Activating conda environment /home/PERSONALE/eugenio.fonzi2/WESPipeline/.snakemake/conda/e35b1969.
Removing temporary output file /home/PERSONALE/eugenio.fonzi2/ANALYSES_WES/prova/05_alignment_MT/01_intermediate/242_sorted.bam.
Finished job 49.
23 of 86 steps (27%) done

Job 50: >> 242 : indexing MT

Activating conda environment /home/PERSONALE/eugenio.fonzi2/WESPipeline/.snakemake/conda/e35b1969.
Finished job 50.
24 of 86 steps (28%) done

Job 51: >> 242 : RTC MT

Activating conda environment /home/PERSONALE/eugenio.fonzi2/WESPipeline/.snakemake/conda/e35b1969.
Finished job 51.
25 of 86 steps (29%) done

Job 34: >> 242 : IndelRealigner MT

Activating conda environment /home/PERSONALE/eugenio.fonzi2/WESPipeline/.snakemake/conda/e35b1969.
Finished job 1.
26 of 86 steps (30%) done
Finished job 2.
27 of 86 steps (31%) done
Finished job 56.
28 of 86 steps (33%) done

Job 37: >> 242 : IndelRealigner genome

Activating conda environment /home/PERSONALE/eugenio.fonzi2/WESPipeline/.snakemake/conda/e35b1969.
Removing temporary output file /home/PERSONALE/eugenio.fonzi2/ANALYSES_WES/prova/05_alignment_MT/01_intermediate/242_marked.bam.
Removing temporary output file /home/PERSONALE/eugenio.fonzi2/ANALYSES_WES/prova/05_alignment_MT/01_intermediate/242_marked.bai.
Finished job 34.
29 of 86 steps (34%) done

Job 21: >> 242 : BaseRecal MT

Activating conda environment /home/PERSONALE/eugenio.fonzi2/WESPipeline/.snakemake/conda/e35b1969.
Finished job 21.
30 of 86 steps (35%) done

Job 22: >> 242 : PostRecalTable MT


Activating conda environment /home/PERSONALE/eugenio.fonzi2/WESPipeline/.snakemake/conda/e35b1969.
Job 107: >> 242 : PrintReads MT

Activating conda environment /home/PERSONALE/eugenio.fonzi2/WESPipeline/.snakemake/conda/e35b1969.
Finished job 22.
31 of 86 steps (36%) done

Job 10: >> 242 : AnalyzeCovariates MT

Activating conda environment /home/PERSONALE/eugenio.fonzi2/WESPipeline/.snakemake/conda/e35b1969.
Finished job 10.
32 of 86 steps (37%) done
Finished job 117.
33 of 86 steps (38%) done

Job 115: >> 3062 : sorting exome


Activating conda environment /home/PERSONALE/eugenio.fonzi2/WESPipeline/.snakemake/conda/e35b1969.
Job 95: >> 3062 : Aligning to reference NUCLEAR GENOME

Activating conda environment /home/PERSONALE/eugenio.fonzi2/WESPipeline/.snakemake/conda/e35b1969.
Removing temporary output file /home/PERSONALE/eugenio.fonzi2/ANALYSES_WES/prova/05_alignment_MT/01_intermediate/242_realigned.bai.
Removing temporary output file /home/PERSONALE/eugenio.fonzi2/ANALYSES_WES/prova/05_alignment_MT/01_intermediate/242_realigned.bam.
Finished job 107.
34 of 86 steps (40%) done

Job 102: >> 242 : Varscan on sample MT alignment

Activating conda environment /home/PERSONALE/eugenio.fonzi2/WESPipeline/.snakemake/conda/e35b1969.
Finished job 95.
35 of 86 steps (41%) done

Job 79: >> 3062 : sorting genome

Activating conda environment /home/PERSONALE/eugenio.fonzi2/WESPipeline/.snakemake/conda/e35b1969.
Finished job 102.
36 of 86 steps (42%) done
Removing temporary output file /home/PERSONALE/eugenio.fonzi2/ANALYSES_WES/prova/03_alignment_genome/01_intermediate/242_marked.bam.
Removing temporary output file /home/PERSONALE/eugenio.fonzi2/ANALYSES_WES/prova/03_alignment_genome/01_intermediate/242_marked.bai.
Finished job 37.
37 of 86 steps (43%) done

Job 25: >> 242 : BaseRecal genome

Activating conda environment /home/PERSONALE/eugenio.fonzi2/WESPipeline/.snakemake/conda/e35b1969.
Removing temporary output file /home/PERSONALE/eugenio.fonzi2/ANALYSES_WES/prova/04_alignment_exome/01_intermediate/3062.sam.
Finished job 115.
38 of 86 steps (44%) done

Job 113: >> 3062 : extractUnmapped extract

Activating conda environment /home/PERSONALE/eugenio.fonzi2/WESPipeline/.snakemake/conda/e35b1969.
Finished job 25.
39 of 86 steps (45%) done

Job 110: >> 242 : PrintReads genome


Activating conda environment /home/PERSONALE/eugenio.fonzi2/WESPipeline/.snakemake/conda/e35b1969.
Job 26: >> 242 : PostRecalTable genome

Activating conda environment /home/PERSONALE/eugenio.fonzi2/WESPipeline/.snakemake/conda/e35b1969.
Removing temporary output file /home/PERSONALE/eugenio.fonzi2/ANALYSES_WES/prova/03_alignment_genome/01_intermediate/3062.sam.
Finished job 79.
40 of 86 steps (47%) done

Job 52: >> 3062 : marking genome

Activating conda environment /home/PERSONALE/eugenio.fonzi2/WESPipeline/.snakemake/conda/e35b1969.
Removing temporary output file /home/PERSONALE/eugenio.fonzi2/ANALYSES_WES/prova/04_alignment_exome/01_intermediate/3062_sorted.bam.
Finished job 113.
41 of 86 steps (48%) done

Job 98: >> 3062 : extractUnmapped convert

Activating conda environment /home/PERSONALE/eugenio.fonzi2/WESPipeline/.snakemake/conda/e35b1969.
Removing temporary output file /home/PERSONALE/eugenio.fonzi2/ANALYSES_WES/prova/04_alignment_exome/01_intermediate/3062_unmapped.bam.
Finished job 98.
42 of 86 steps (49%) done

Job 88: >> 3062 : Aligning to reference MITOCHONDRIAL GENOME

Activating conda environment /home/PERSONALE/eugenio.fonzi2/WESPipeline/.snakemake/conda/e35b1969.
Finished job 88.
43 of 86 steps (50%) done

Job 64: >> 3062 : sorting MT

Activating conda environment /home/PERSONALE/eugenio.fonzi2/WESPipeline/.snakemake/conda/e35b1969.
Removing temporary output file /home/PERSONALE/eugenio.fonzi2/ANALYSES_WES/prova/05_alignment_MT/01_intermediate/3062.sam.
Finished job 64.
44 of 86 steps (51%) done

Job 42: >> 3062 : marking MT

Activating conda environment /home/PERSONALE/eugenio.fonzi2/WESPipeline/.snakemake/conda/e35b1969.
Removing temporary output file /home/PERSONALE/eugenio.fonzi2/ANALYSES_WES/prova/03_alignment_genome/01_intermediate/3062_sorted.bam.
Finished job 52.
45 of 86 steps (52%) done

Job 54: >> 3062 : indexing genome

Activating conda environment /home/PERSONALE/eugenio.fonzi2/WESPipeline/.snakemake/conda/e35b1969.
Finished job 54.
46 of 86 steps (53%) done

Job 53: >> 3062 : RTC genome

Activating conda environment /home/PERSONALE/eugenio.fonzi2/WESPipeline/.snakemake/conda/e35b1969.
Removing temporary output file /home/PERSONALE/eugenio.fonzi2/ANALYSES_WES/prova/05_alignment_MT/01_intermediate/3062_sorted.bam.
Finished job 42.
47 of 86 steps (55%) done

Job 41: >> 3062 : indexing MT

Activating conda environment /home/PERSONALE/eugenio.fonzi2/WESPipeline/.snakemake/conda/e35b1969.
Finished job 41.
48 of 86 steps (56%) done

Job 40: >> 3062 : RTC MT

Activating conda environment /home/PERSONALE/eugenio.fonzi2/WESPipeline/.snakemake/conda/e35b1969.
Finished job 40.
49 of 86 steps (57%) done

Job 29: >> 3062 : IndelRealigner MT

Activating conda environment /home/PERSONALE/eugenio.fonzi2/WESPipeline/.snakemake/conda/e35b1969.
Finished job 53.
50 of 86 steps (58%) done

Job 35: >> 3062 : IndelRealigner genome

Activating conda environment /home/PERSONALE/eugenio.fonzi2/WESPipeline/.snakemake/conda/e35b1969.
Removing temporary output file /home/PERSONALE/eugenio.fonzi2/ANALYSES_WES/prova/05_alignment_MT/01_intermediate/3062_marked.bai.
Removing temporary output file /home/PERSONALE/eugenio.fonzi2/ANALYSES_WES/prova/05_alignment_MT/01_intermediate/3062_marked.bam.
Finished job 29.
51 of 86 steps (59%) done

Job 18: >> 3062 : BaseRecal MT

Activating conda environment /home/PERSONALE/eugenio.fonzi2/WESPipeline/.snakemake/conda/e35b1969.
Finished job 18.
52 of 86 steps (60%) done

Job 17: >> 3062 : PostRecalTable MT


Activating conda environment /home/PERSONALE/eugenio.fonzi2/WESPipeline/.snakemake/conda/e35b1969.
Job 103: >> 3062 : PrintReads MT

Activating conda environment /home/PERSONALE/eugenio.fonzi2/WESPipeline/.snakemake/conda/e35b1969.
Finished job 17.
53 of 86 steps (62%) done

Job 5: >> 3062 : AnalyzeCovariates MT

Activating conda environment /home/PERSONALE/eugenio.fonzi2/WESPipeline/.snakemake/conda/e35b1969.
Finished job 5.
54 of 86 steps (63%) done
Finished job 110.
55 of 86 steps (64%) done

Job 108: >> 242 : Varscan on sample genomic alignment

Activating conda environment /home/PERSONALE/eugenio.fonzi2/WESPipeline/.snakemake/conda/e35b1969.
Removing temporary output file /home/PERSONALE/eugenio.fonzi2/ANALYSES_WES/prova/03_alignment_genome/01_intermediate/242_realigned.bam.
Removing temporary output file /home/PERSONALE/eugenio.fonzi2/ANALYSES_WES/prova/03_alignment_genome/01_intermediate/242_realigned.bai.
Finished job 26.
56 of 86 steps (65%) done

Job 13: >> 242 : AnalyzeCovariates genome

Activating conda environment /home/PERSONALE/eugenio.fonzi2/WESPipeline/.snakemake/conda/e35b1969.
Finished job 13.
57 of 86 steps (66%) done
Finished job 108.
58 of 86 steps (67%) done
Removing temporary output file /home/PERSONALE/eugenio.fonzi2/ANALYSES_WES/prova/03_alignment_genome/01_intermediate/3062_marked.bam.
Removing temporary output file /home/PERSONALE/eugenio.fonzi2/ANALYSES_WES/prova/03_alignment_genome/01_intermediate/3062_marked.bai.
Finished job 35.
59 of 86 steps (69%) done

Job 23: >> 3062 : BaseRecal genome

Activating conda environment /home/PERSONALE/eugenio.fonzi2/WESPipeline/.snakemake/conda/e35b1969.
Removing temporary output file /home/PERSONALE/eugenio.fonzi2/ANALYSES_WES/prova/05_alignment_MT/01_intermediate/3062_realigned.bai.
Removing temporary output file /home/PERSONALE/eugenio.fonzi2/ANALYSES_WES/prova/05_alignment_MT/01_intermediate/3062_realigned.bam.
Finished job 103.
60 of 86 steps (70%) done

Job 90: >> 51 : MuTect on MT alignment


Job 100: >> 3062 : Varscan on sample MT alignment
Activating conda environment /home/PERSONALE/eugenio.fonzi2/WESPipeline/.snakemake/conda/a055426f.

Activating conda environment /home/PERSONALE/eugenio.fonzi2/WESPipeline/.snakemake/conda/e35b1969.
Finished job 90.
61 of 86 steps (71%) done
Finished job 100.
62 of 86 steps (72%) done

Job 89: >> 51 : Varscan on patient MT alignment

Activating conda environment /home/PERSONALE/eugenio.fonzi2/WESPipeline/.snakemake/conda/e35b1969.
Removing temporary output file /home/PERSONALE/eugenio.fonzi2/ANALYSES_WES/prova/09_varscan_MT/01_mpileup/3062.mpileup.
Removing temporary output file /home/PERSONALE/eugenio.fonzi2/ANALYSES_WES/prova/09_varscan_MT/01_mpileup/242.mpileup.
Finished job 89.
63 of 86 steps (73%) done
Finished job 23.
64 of 86 steps (74%) done

Job 111: >> 3062 : PrintReads genome


Activating conda environment /home/PERSONALE/eugenio.fonzi2/WESPipeline/.snakemake/conda/e35b1969.
Job 24: >> 3062 : PostRecalTable genome

Activating conda environment /home/PERSONALE/eugenio.fonzi2/WESPipeline/.snakemake/conda/e35b1969.
Finished job 24.
65 of 86 steps (76%) done

Job 12: >> 3062 : AnalyzeCovariates genome

Activating conda environment /home/PERSONALE/eugenio.fonzi2/WESPipeline/.snakemake/conda/e35b1969.
Finished job 12.
66 of 86 steps (77%) done
Removing temporary output file /home/PERSONALE/eugenio.fonzi2/ANALYSES_WES/prova/03_alignment_genome/01_intermediate/3062_realigned.bai.
Removing temporary output file /home/PERSONALE/eugenio.fonzi2/ANALYSES_WES/prova/03_alignment_genome/01_intermediate/3062_realigned.bam.
Finished job 111.
67 of 86 steps (78%) done

Job 109: >> 3062 : Varscan on sample genomic alignment


Job 92: >> 51 : MuTect on genomic alignment
Activating conda environment /home/PERSONALE/eugenio.fonzi2/WESPipeline/.snakemake/conda/e35b1969.

Activating conda environment /home/PERSONALE/eugenio.fonzi2/WESPipeline/.snakemake/conda/a055426f.
Finished job 109.
68 of 86 steps (79%) done

Job 91: >> 51 : Varscan on patient genomic alignment

Activating conda environment /home/PERSONALE/eugenio.fonzi2/WESPipeline/.snakemake/conda/e35b1969.
Removing temporary output file /home/PERSONALE/eugenio.fonzi2/ANALYSES_WES/prova/08_varscan_genome/01_mpileup/242.mpileup.
Removing temporary output file /home/PERSONALE/eugenio.fonzi2/ANALYSES_WES/prova/08_varscan_genome/01_mpileup/3062.mpileup.
Finished job 91.
69 of 86 steps (80%) done
Finished job 92.
70 of 86 steps (81%) done

Job 66: >> 51 : Merge and Write Variants

Finished job 66.
71 of 86 steps (83%) done

Job 65: >> 51 : Varscan Filter Somatic SNV


Activating conda environment /home/PERSONALE/eugenio.fonzi2/WESPipeline/.snakemake/conda/e35b1969.
Job 67: >> 51 : Varscan Filter Somatic Indel

Activating conda environment /home/PERSONALE/eugenio.fonzi2/WESPipeline/.snakemake/conda/e35b1969.
Finished job 67.
72 of 86 steps (84%) done
Removing temporary output file /home/PERSONALE/eugenio.fonzi2/ANALYSES_WES/prova/10_variants_filter/51_varscan_indel_temp1.tsv.
Removing temporary output file /home/PERSONALE/eugenio.fonzi2/ANALYSES_WES/prova/10_variants_filter/51_varscan_snv_temp1.tsv.
Finished job 65.
73 of 86 steps (85%) done

Job 43: >> 51 : Keep Only Variants

Removing temporary output file /home/PERSONALE/eugenio.fonzi2/ANALYSES_WES/prova/10_variants_filter/51_varscan_snv_temp2.tsv.
Removing temporary output file /home/PERSONALE/eugenio.fonzi2/ANALYSES_WES/prova/10_variants_filter/51_varscan_indel_temp2.tsv.
Finished job 43.
74 of 86 steps (86%) done

Job 77: >> 51 : Split muTect Variants

Job 72: >> 51 : Split Varscan Variants

Finished job 77.
75 of 86 steps (87%) done
Finished job 72.
76 of 86 steps (88%) done

Job 46: >> 51 : annotating with ANNOVAR muTect genome variants

Job 44: >> 51 : annotating with ANNOVAR varscan MT variants

Job 47: >> 51 : annotating with ANNOVAR varscan genome variants

Job 45: >> 51 : annotating with ANNOVAR muTect MT variants

Error in rule annovar_MT_mutect:
    jobid: 45
    output: /home/PERSONALE/eugenio.fonzi2/ANALYSES_WES/prova/10_variants_filter/logs/51_mutect_mt_g.GRCh37_MT_multianno.txt
    log: /home/PERSONALE/eugenio.fonzi2/ANALYSES_WES/prova/10_variants_filter/logs/51_mutect_mt_g_annovar_err.log

RuleException:
CalledProcessError in line 1442 of /home/PERSONALE/eugenio.fonzi2/WESPipeline/Snakefile:
Command ' set -euo pipefail;  perl /home/PERSONALE/eugenio.fonzi2/softwares/annovar/table_annovar.pl /home/PERSONALE/eugenio.fonzi2/ANALYSES_WES/prova/10_variants_filter/51_mutect_annovar_mt.tsv /home/PERSONALE/eugenio.fonzi2/softwares/annovar/humandb -buildver GRCh37_MT -out /home/PERSONALE/eugenio.fonzi2/ANALYSES_WES/prova/10_variants_filter/logs/51_mutect_mt_g -remove -protocol ensGene -operation g 2> /home/PERSONALE/eugenio.fonzi2/ANALYSES_WES/prova/10_variants_filter/logs/51_mutect_mt_g_annovar_err.log ' returned non-zero exit status 2.
  File "/home/PERSONALE/eugenio.fonzi2/WESPipeline/Snakefile", line 1442, in __rule_annovar_MT_mutect
  File "/home/PERSONALE/eugenio.fonzi2/miniconda3/lib/python3.6/concurrent/futures/thread.py", line 56, in run
Error in rule annovar_MT_varscan:
    jobid: 44
Will exit after finishing currently running jobs.
    output: /home/PERSONALE/eugenio.fonzi2/ANALYSES_WES/prova/10_variants_filter/logs/51_varscan_mt_g.GRCh37_MT_multianno.txt
    log: /home/PERSONALE/eugenio.fonzi2/ANALYSES_WES/prova/10_variants_filter/logs/51_varscan_mt_g_annovar_err.log

RuleException:
CalledProcessError in line 1500 of /home/PERSONALE/eugenio.fonzi2/WESPipeline/Snakefile:
Command ' set -euo pipefail;  perl /home/PERSONALE/eugenio.fonzi2/softwares/annovar/table_annovar.pl /home/PERSONALE/eugenio.fonzi2/ANALYSES_WES/prova/10_variants_filter/51_varscan_annovar_mt.tsv /home/PERSONALE/eugenio.fonzi2/softwares/annovar/humandb -buildver GRCh37_MT -out /home/PERSONALE/eugenio.fonzi2/ANALYSES_WES/prova/10_variants_filter/logs/51_varscan_mt_g -remove -protocol ensGene -operation g 2> /home/PERSONALE/eugenio.fonzi2/ANALYSES_WES/prova/10_variants_filter/logs/51_varscan_mt_g_annovar_err.log ' returned non-zero exit status 2.
  File "/home/PERSONALE/eugenio.fonzi2/WESPipeline/Snakefile", line 1500, in __rule_annovar_MT_varscan
  File "/home/PERSONALE/eugenio.fonzi2/miniconda3/lib/python3.6/concurrent/futures/thread.py", line 56, in run
Will exit after finishing currently running jobs.
Finished job 46.
77 of 86 steps (90%) done
Finished job 47.
78 of 86 steps (91%) done
Will exit after finishing currently running jobs.
Exiting because a job execution failed. Look above for error message
Complete log: .snakemake/log/2017-12-22T132329.603378.snakemake.log
