Building DAG of jobs...
Provided cores: 32
Rules claiming more threads will be scaled down.
Job counts:
	count	jobs
	8	AnalyzeCovariates_MT
	8	AnalyzeCovariates_genome
	8	BaseRecal_MT
	8	BaseRecal_genome
	8	IndelRealigner_MT
	8	IndelRealigner_genome
	4	KeepOnlyVariants
	4	MergeMutectVarscan
	4	MergeWriteVariants
	4	MutectSplitVariants
	8	PostRecalTable_MT
	8	PostRecalTable_genome
	8	PrintReads_MT
	8	PrintReads_genome
	8	RTC_MT
	8	RTC_genome
	4	Remove_segdups
	4	VarscanSplitVariants
	1	all
	4	annovar_MT_mutect
	4	annovar_MT_varscan
	4	annovar_genome_mutect
	4	annovar_genome_varscan
	4	checkMAFs
	4	create_rsID_table
	8	downloadDecompressMergeFastq
	8	extractUnmapped_convert
	8	extractUnmapped_extract
	8	fastq_checkpoint
	8	fastqc_R1
	8	fastqc_R2
	8	fastqc_trimmed_R1
	8	fastqc_trimmed_R2
	4	filterExonicPolymorphic
	4	filterSomatic_Indel
	4	filterSomatic_SNV
	8	indexing_MT
	8	indexing_genome
	8	map_to_MT
	8	map_to_exome
	8	map_to_genome
	8	marking_MT
	8	marking_genome
	4	muTect_MT
	4	muTect_genome
	8	sorting_MT
	8	sorting_exome
	8	sorting_genome
	8	trim
	4	varscan_MT_patient
	8	varscan_MT_sample
	4	varscan_genome_patient
	8	varscan_genome_sample
	341

Job 112: >> 05 : downloading, decompressing and merging fastq 

Job 105: >> 07 : downloading, decompressing and merging fastq 

Job 118: >> 02 : downloading, decompressing and merging fastq 

Job 119: >> 08 : downloading, decompressing and merging fastq 

Job 125: >> 03 : downloading, decompressing and merging fastq 


Job 117: >> 04 : downloading, decompressing and merging fastq 


Job 111: >> 06 : downloading, decompressing and merging fastq 


Job 115: >> 01 : downloading, decompressing and merging fastq 

Finished job 111.
1 of 341 steps (0.29%) done

Job 62: >> 06 : Check fastq size 

Finished job 118.
2 of 341 steps (0.59%) done

Job 75: >> 02 : Check fastq size 

Finished job 62.
3 of 341 steps (0.88%) done

Job 74: >> 06 : Trimming


Job 26: >> 06 : fastqc1

Activating conda environment /home/PERSONALE/eugenio.fonzi2/WESPipeline/.snakemake/conda/e35b1969.

Job 8: >> 06 : fastqc2

Activating conda environment /home/PERSONALE/eugenio.fonzi2/WESPipeline/.snakemake/conda/e35b1969.
Finished job 75.
4 of 341 steps (1%) done

Job 23: >> 02 : fastqc2

Activating conda environment /home/PERSONALE/eugenio.fonzi2/WESPipeline/.snakemake/conda/e35b1969.

Job 54: >> 02 : Trimming


Job 27: >> 02 : fastqc1

Activating conda environment /home/PERSONALE/eugenio.fonzi2/WESPipeline/.snakemake/conda/e35b1969.
Finished job 117.
5 of 341 steps (1%) done

Job 73: >> 04 : Check fastq size 

Finished job 73.
6 of 341 steps (2%) done

Job 61: >> 04 : Trimming


Job 20: >> 04 : fastqc2

Activating conda environment /home/PERSONALE/eugenio.fonzi2/WESPipeline/.snakemake/conda/e35b1969.

Job 24: >> 04 : fastqc1

Activating conda environment /home/PERSONALE/eugenio.fonzi2/WESPipeline/.snakemake/conda/e35b1969.
Finished job 119.
7 of 341 steps (2%) done

Job 76: >> 08 : Check fastq size 

Finished job 76.
8 of 341 steps (2%) done

Job 65: >> 08 : Trimming


Job 35: >> 08 : fastqc1

Activating conda environment /home/PERSONALE/eugenio.fonzi2/WESPipeline/.snakemake/conda/e35b1969.

Job 25: >> 08 : fastqc2

Activating conda environment /home/PERSONALE/eugenio.fonzi2/WESPipeline/.snakemake/conda/e35b1969.
Finished job 26.
9 of 341 steps (3%) done
Finished job 23.
10 of 341 steps (3%) done
Finished job 8.
11 of 341 steps (3%) done
Finished job 24.
12 of 341 steps (4%) done
Finished job 20.
13 of 341 steps (4%) done
Finished job 27.
14 of 341 steps (4%) done
Finished job 35.
15 of 341 steps (4%) done
Finished job 25.
16 of 341 steps (5%) done
Finished job 125.
17 of 341 steps (5%) done

Job 87: >> 03 : Check fastq size 

Finished job 115.
18 of 341 steps (5%) done

Job 70: >> 01 : Check fastq size 

Finished job 87.
19 of 341 steps (6%) done
Finished job 112.
20 of 341 steps (6%) done

Job 92: >> 03 : Trimming


Job 63: >> 05 : Check fastq size 

Job 38: >> 03 : fastqc2

Activating conda environment /home/PERSONALE/eugenio.fonzi2/WESPipeline/.snakemake/conda/e35b1969.

Job 49: >> 03 : fastqc1

Activating conda environment /home/PERSONALE/eugenio.fonzi2/WESPipeline/.snakemake/conda/e35b1969.
Finished job 70.
21 of 341 steps (6%) done

Job 37: >> 01 : fastqc1

Activating conda environment /home/PERSONALE/eugenio.fonzi2/WESPipeline/.snakemake/conda/e35b1969.

Job 60: >> 01 : Trimming


Job 18: >> 01 : fastqc2

Activating conda environment /home/PERSONALE/eugenio.fonzi2/WESPipeline/.snakemake/conda/e35b1969.
Finished job 105.
22 of 341 steps (6%) done

Job 55: >> 07 : Check fastq size 

Finished job 63.
23 of 341 steps (7%) done

Job 64: >> 05 : Trimming

Job 9: >> 05 : fastqc1


Activating conda environment /home/PERSONALE/eugenio.fonzi2/WESPipeline/.snakemake/conda/e35b1969.
Job 10: >> 05 : fastqc2

Activating conda environment /home/PERSONALE/eugenio.fonzi2/WESPipeline/.snakemake/conda/e35b1969.
Finished job 55.
24 of 341 steps (7%) done

Job 48: >> 07 : fastqc1


Job 3: >> 07 : fastqc2
Activating conda environment /home/PERSONALE/eugenio.fonzi2/WESPipeline/.snakemake/conda/e35b1969.


Activating conda environment /home/PERSONALE/eugenio.fonzi2/WESPipeline/.snakemake/conda/e35b1969.
Job 53: >> 07 : Trimming

Finished job 38.
25 of 341 steps (7%) done
Finished job 37.
26 of 341 steps (8%) done
Finished job 10.
27 of 341 steps (8%) done
Finished job 49.
28 of 341 steps (8%) done
Finished job 3.
29 of 341 steps (9%) done
Finished job 48.
30 of 341 steps (9%) done
Finished job 9.
31 of 341 steps (9%) done
Finished job 18.
32 of 341 steps (9%) done
Removing temporary output file /home/PERSONALE/eugenio.fonzi2/ANALYSES_WES/171228_test_threads_8_patients_4/01_fastq/02_postprocess/02_R2.fastq.
Removing temporary output file /home/PERSONALE/eugenio.fonzi2/ANALYSES_WES/171228_test_threads_8_patients_4/01_fastq/02_postprocess/02_R1.fastq.
Finished job 54.
33 of 341 steps (10%) done

Job 282: >> 02 : Aligning to reference NUCLEAR GENOME


Activating conda environment /home/PERSONALE/eugenio.fonzi2/WESPipeline/.snakemake/conda/e35b1969.
Job 12: >> 02 : fastqc2 on trimmed fastq


Job 371: >> 02 : Aligning to reference EXOME
Activating conda environment /home/PERSONALE/eugenio.fonzi2/WESPipeline/.snakemake/conda/e35b1969.


Activating conda environment /home/PERSONALE/eugenio.fonzi2/WESPipeline/.snakemake/conda/e35b1969.
Job 2: >> 02 : fastqc1 on trimmed fastq

Activating conda environment /home/PERSONALE/eugenio.fonzi2/WESPipeline/.snakemake/conda/e35b1969.
Removing temporary output file /home/PERSONALE/eugenio.fonzi2/ANALYSES_WES/171228_test_threads_8_patients_4/01_fastq/02_postprocess/04_R1.fastq.
Removing temporary output file /home/PERSONALE/eugenio.fonzi2/ANALYSES_WES/171228_test_threads_8_patients_4/01_fastq/02_postprocess/04_R2.fastq.
Finished job 61.
34 of 341 steps (10%) done

Job 373: >> 04 : Aligning to reference EXOME

Activating conda environment /home/PERSONALE/eugenio.fonzi2/WESPipeline/.snakemake/conda/e35b1969.
Removing temporary output file /home/PERSONALE/eugenio.fonzi2/ANALYSES_WES/171228_test_threads_8_patients_4/01_fastq/02_postprocess/06_R1.fastq.
Removing temporary output file /home/PERSONALE/eugenio.fonzi2/ANALYSES_WES/171228_test_threads_8_patients_4/01_fastq/02_postprocess/06_R2.fastq.
Finished job 74.
35 of 341 steps (10%) done

Job 22: >> 06 : fastqc1 on trimmed fastq

Activating conda environment /home/PERSONALE/eugenio.fonzi2/WESPipeline/.snakemake/conda/e35b1969.
Removing temporary output file /home/PERSONALE/eugenio.fonzi2/ANALYSES_WES/171228_test_threads_8_patients_4/01_fastq/02_postprocess/08_R2.fastq.
Removing temporary output file /home/PERSONALE/eugenio.fonzi2/ANALYSES_WES/171228_test_threads_8_patients_4/01_fastq/02_postprocess/08_R1.fastq.
Finished job 65.
36 of 341 steps (11%) done

Job 32: >> 08 : fastqc1 on trimmed fastq

Activating conda environment /home/PERSONALE/eugenio.fonzi2/WESPipeline/.snakemake/conda/e35b1969.
Finished job 12.
37 of 341 steps (11%) done

Job 34: >> 04 : fastqc1 on trimmed fastq

Activating conda environment /home/PERSONALE/eugenio.fonzi2/WESPipeline/.snakemake/conda/e35b1969.
Finished job 2.
38 of 341 steps (11%) done

Job 13: >> 08 : fastqc2 on trimmed fastq

Activating conda environment /home/PERSONALE/eugenio.fonzi2/WESPipeline/.snakemake/conda/e35b1969.
Finished job 22.
39 of 341 steps (11%) done

Job 28: >> 06 : fastqc2 on trimmed fastq

Activating conda environment /home/PERSONALE/eugenio.fonzi2/WESPipeline/.snakemake/conda/e35b1969.
Finished job 32.
40 of 341 steps (12%) done

Job 7: >> 04 : fastqc2 on trimmed fastq

Activating conda environment /home/PERSONALE/eugenio.fonzi2/WESPipeline/.snakemake/conda/e35b1969.
Finished job 34.
41 of 341 steps (12%) done
Finished job 13.
42 of 341 steps (12%) done
Finished job 28.
43 of 341 steps (13%) done
Finished job 7.
44 of 341 steps (13%) done
Finished job 371.
45 of 341 steps (13%) done

Job 363: >> 02 : sorting exome


Job 366: >> 06 : Aligning to reference EXOME

Activating conda environment /home/PERSONALE/eugenio.fonzi2/WESPipeline/.snakemake/conda/e35b1969.
Activating conda environment /home/PERSONALE/eugenio.fonzi2/WESPipeline/.snakemake/conda/e35b1969.
Finished job 373.
46 of 341 steps (13%) done

Job 365: >> 04 : sorting exome


Activating conda environment /home/PERSONALE/eugenio.fonzi2/WESPipeline/.snakemake/conda/e35b1969.
Job 367: >> 08 : Aligning to reference EXOME

Activating conda environment /home/PERSONALE/eugenio.fonzi2/WESPipeline/.snakemake/conda/e35b1969.
Removing temporary output file /home/PERSONALE/eugenio.fonzi2/ANALYSES_WES/171228_test_threads_8_patients_4/02_fastq_trimmed/02_R1.fastq.
Removing temporary output file /home/PERSONALE/eugenio.fonzi2/ANALYSES_WES/171228_test_threads_8_patients_4/02_fastq_trimmed/02_R2.fastq.
Finished job 282.
47 of 341 steps (14%) done

Job 273: >> 06 : Aligning to reference NUCLEAR GENOME


Activating conda environment /home/PERSONALE/eugenio.fonzi2/WESPipeline/.snakemake/conda/e35b1969.
Job 233: >> 02 : sorting genome

Activating conda environment /home/PERSONALE/eugenio.fonzi2/WESPipeline/.snakemake/conda/e35b1969.
Finished job 366.
48 of 341 steps (14%) done

Job 277: >> 08 : Aligning to reference NUCLEAR GENOME


Activating conda environment /home/PERSONALE/eugenio.fonzi2/WESPipeline/.snakemake/conda/e35b1969.
Job 358: >> 06 : sorting exome

Activating conda environment /home/PERSONALE/eugenio.fonzi2/WESPipeline/.snakemake/conda/e35b1969.
Finished job 367.
49 of 341 steps (14%) done

Job 359: >> 08 : sorting exome

Activating conda environment /home/PERSONALE/eugenio.fonzi2/WESPipeline/.snakemake/conda/e35b1969.
Removing temporary output file /home/PERSONALE/eugenio.fonzi2/ANALYSES_WES/171228_test_threads_8_patients_4/04_alignment_exome/01_intermediate/02.sam.
Finished job 363.
50 of 341 steps (15%) done

Job 267: >> 04 : Aligning to reference NUCLEAR GENOME

Activating conda environment /home/PERSONALE/eugenio.fonzi2/WESPipeline/.snakemake/conda/e35b1969.
Removing temporary output file /home/PERSONALE/eugenio.fonzi2/ANALYSES_WES/171228_test_threads_8_patients_4/04_alignment_exome/01_intermediate/04.sam.
Finished job 365.
51 of 341 steps (15%) done

Job 357: >> 04 : extractUnmapped extract

Activating conda environment /home/PERSONALE/eugenio.fonzi2/WESPipeline/.snakemake/conda/e35b1969.
Removing temporary output file /home/PERSONALE/eugenio.fonzi2/ANALYSES_WES/171228_test_threads_8_patients_4/03_alignment_genome/01_intermediate/02.sam.
Finished job 233.
52 of 341 steps (15%) done

Job 177: >> 02 : marking genome

Activating conda environment /home/PERSONALE/eugenio.fonzi2/WESPipeline/.snakemake/conda/e35b1969.
Removing temporary output file /home/PERSONALE/eugenio.fonzi2/ANALYSES_WES/171228_test_threads_8_patients_4/04_alignment_exome/01_intermediate/04_sorted.bam.
Finished job 357.
53 of 341 steps (16%) done

Job 355: >> 02 : extractUnmapped extract

Activating conda environment /home/PERSONALE/eugenio.fonzi2/WESPipeline/.snakemake/conda/e35b1969.
Removing temporary output file /home/PERSONALE/eugenio.fonzi2/ANALYSES_WES/171228_test_threads_8_patients_4/04_alignment_exome/01_intermediate/06.sam.
Finished job 358.
54 of 341 steps (16%) done

Job 350: >> 06 : extractUnmapped extract

Activating conda environment /home/PERSONALE/eugenio.fonzi2/WESPipeline/.snakemake/conda/e35b1969.
Removing temporary output file /home/PERSONALE/eugenio.fonzi2/ANALYSES_WES/171228_test_threads_8_patients_4/02_fastq_trimmed/06_R2.fastq.
Removing temporary output file /home/PERSONALE/eugenio.fonzi2/ANALYSES_WES/171228_test_threads_8_patients_4/02_fastq_trimmed/06_R1.fastq.
Finished job 273.
55 of 341 steps (16%) done

Job 325: >> 04 : extractUnmapped convert


Job 224: >> 06 : sorting genome

Activating conda environment /home/PERSONALE/eugenio.fonzi2/WESPipeline/.snakemake/conda/e35b1969.
Activating conda environment /home/PERSONALE/eugenio.fonzi2/WESPipeline/.snakemake/conda/e35b1969.
Removing temporary output file /home/PERSONALE/eugenio.fonzi2/ANALYSES_WES/171228_test_threads_8_patients_4/04_alignment_exome/01_intermediate/08.sam.
Finished job 359.
56 of 341 steps (16%) done

Job 351: >> 08 : extractUnmapped extract

Activating conda environment /home/PERSONALE/eugenio.fonzi2/WESPipeline/.snakemake/conda/e35b1969.
Removing temporary output file /home/PERSONALE/eugenio.fonzi2/ANALYSES_WES/171228_test_threads_8_patients_4/02_fastq_trimmed/08_R1.fastq.
Removing temporary output file /home/PERSONALE/eugenio.fonzi2/ANALYSES_WES/171228_test_threads_8_patients_4/02_fastq_trimmed/08_R2.fastq.
Finished job 277.
57 of 341 steps (17%) done

Job 228: >> 08 : sorting genome

Activating conda environment /home/PERSONALE/eugenio.fonzi2/WESPipeline/.snakemake/conda/e35b1969.
Removing temporary output file /home/PERSONALE/eugenio.fonzi2/ANALYSES_WES/171228_test_threads_8_patients_4/04_alignment_exome/01_intermediate/04_unmapped.bam.
Finished job 325.
58 of 341 steps (17%) done

Job 291: >> 04 : Aligning to reference MITOCHONDRIAL GENOME

Activating conda environment /home/PERSONALE/eugenio.fonzi2/WESPipeline/.snakemake/conda/e35b1969.
Removing temporary output file /home/PERSONALE/eugenio.fonzi2/ANALYSES_WES/171228_test_threads_8_patients_4/04_alignment_exome/02_unmapped_fastq/04_R1.unmapped.fastq.
Removing temporary output file /home/PERSONALE/eugenio.fonzi2/ANALYSES_WES/171228_test_threads_8_patients_4/04_alignment_exome/02_unmapped_fastq/04_R2.unmapped.fastq.
Finished job 291.
59 of 341 steps (17%) done

Job 250: >> 04 : sorting MT

Activating conda environment /home/PERSONALE/eugenio.fonzi2/WESPipeline/.snakemake/conda/e35b1969.
Removing temporary output file /home/PERSONALE/eugenio.fonzi2/ANALYSES_WES/171228_test_threads_8_patients_4/02_fastq_trimmed/04_R2.fastq.
Removing temporary output file /home/PERSONALE/eugenio.fonzi2/ANALYSES_WES/171228_test_threads_8_patients_4/02_fastq_trimmed/04_R1.fastq.
Finished job 267.
60 of 341 steps (18%) done

Job 215: >> 04 : sorting genome

Activating conda environment /home/PERSONALE/eugenio.fonzi2/WESPipeline/.snakemake/conda/e35b1969.
Removing temporary output file /home/PERSONALE/eugenio.fonzi2/ANALYSES_WES/171228_test_threads_8_patients_4/04_alignment_exome/01_intermediate/02_sorted.bam.
Finished job 355.
61 of 341 steps (18%) done

Job 311: >> 02 : extractUnmapped convert

Activating conda environment /home/PERSONALE/eugenio.fonzi2/WESPipeline/.snakemake/conda/e35b1969.
Removing temporary output file /home/PERSONALE/eugenio.fonzi2/ANALYSES_WES/171228_test_threads_8_patients_4/03_alignment_genome/01_intermediate/02_sorted.bam.
Finished job 177.
62 of 341 steps (18%) done

Job 176: >> 02 : indexing genome

Activating conda environment /home/PERSONALE/eugenio.fonzi2/WESPipeline/.snakemake/conda/e35b1969.
Removing temporary output file /home/PERSONALE/eugenio.fonzi2/ANALYSES_WES/171228_test_threads_8_patients_4/05_alignment_MT/01_intermediate/04.sam.
Finished job 250.
63 of 341 steps (18%) done

Job 195: >> 04 : marking MT

Activating conda environment /home/PERSONALE/eugenio.fonzi2/WESPipeline/.snakemake/conda/e35b1969.
Removing temporary output file /home/PERSONALE/eugenio.fonzi2/ANALYSES_WES/171228_test_threads_8_patients_4/04_alignment_exome/01_intermediate/06_sorted.bam.
Finished job 350.
64 of 341 steps (19%) done

Job 306: >> 06 : extractUnmapped convert

Activating conda environment /home/PERSONALE/eugenio.fonzi2/WESPipeline/.snakemake/conda/e35b1969.
Removing temporary output file /home/PERSONALE/eugenio.fonzi2/ANALYSES_WES/171228_test_threads_8_patients_4/04_alignment_exome/01_intermediate/08_sorted.bam.
Finished job 351.
65 of 341 steps (19%) done

Job 307: >> 08 : extractUnmapped convert

Activating conda environment /home/PERSONALE/eugenio.fonzi2/WESPipeline/.snakemake/conda/e35b1969.
Finished job 176.
66 of 341 steps (19%) done

Job 178: >> 02 : RTC genome

Activating conda environment /home/PERSONALE/eugenio.fonzi2/WESPipeline/.snakemake/conda/e35b1969.
Removing temporary output file /home/PERSONALE/eugenio.fonzi2/ANALYSES_WES/171228_test_threads_8_patients_4/04_alignment_exome/01_intermediate/02_unmapped.bam.
Finished job 311.
67 of 341 steps (20%) done

Job 279: >> 02 : Aligning to reference MITOCHONDRIAL GENOME

Activating conda environment /home/PERSONALE/eugenio.fonzi2/WESPipeline/.snakemake/conda/e35b1969.
Removing temporary output file /home/PERSONALE/eugenio.fonzi2/ANALYSES_WES/171228_test_threads_8_patients_4/04_alignment_exome/01_intermediate/06_unmapped.bam.
Finished job 306.
68 of 341 steps (20%) done
Finished job 178.
69 of 341 steps (20%) done

Job 127: >> 02 : IndelRealigner genome


Job 272: >> 06 : Aligning to reference MITOCHONDRIAL GENOME

Activating conda environment /home/PERSONALE/eugenio.fonzi2/WESPipeline/.snakemake/conda/e35b1969.
Activating conda environment /home/PERSONALE/eugenio.fonzi2/WESPipeline/.snakemake/conda/e35b1969.
Removing temporary output file /home/PERSONALE/eugenio.fonzi2/ANALYSES_WES/171228_test_threads_8_patients_4/05_alignment_MT/01_intermediate/04_sorted.bam.
Finished job 195.
70 of 341 steps (21%) done

Job 196: >> 04 : indexing MT

Activating conda environment /home/PERSONALE/eugenio.fonzi2/WESPipeline/.snakemake/conda/e35b1969.
Removing temporary output file /home/PERSONALE/eugenio.fonzi2/ANALYSES_WES/171228_test_threads_8_patients_4/04_alignment_exome/01_intermediate/08_unmapped.bam.
Finished job 307.
71 of 341 steps (21%) done
Removing temporary output file /home/PERSONALE/eugenio.fonzi2/ANALYSES_WES/171228_test_threads_8_patients_4/03_alignment_genome/01_intermediate/06.sam.
Finished job 224.
72 of 341 steps (21%) done

Job 274: >> 08 : Aligning to reference MITOCHONDRIAL GENOME

Activating conda environment /home/PERSONALE/eugenio.fonzi2/WESPipeline/.snakemake/conda/e35b1969.
Removing temporary output file /home/PERSONALE/eugenio.fonzi2/ANALYSES_WES/171228_test_threads_8_patients_4/04_alignment_exome/02_unmapped_fastq/02_R2.unmapped.fastq.
Removing temporary output file /home/PERSONALE/eugenio.fonzi2/ANALYSES_WES/171228_test_threads_8_patients_4/04_alignment_exome/02_unmapped_fastq/02_R1.unmapped.fastq.
Finished job 279.
73 of 341 steps (21%) done
Finished job 196.
74 of 341 steps (22%) done

Job 230: >> 02 : sorting MT


Activating conda environment /home/PERSONALE/eugenio.fonzi2/WESPipeline/.snakemake/conda/e35b1969.
Job 151: >> 06 : marking genome

Activating conda environment /home/PERSONALE/eugenio.fonzi2/WESPipeline/.snakemake/conda/e35b1969.
Removing temporary output file /home/PERSONALE/eugenio.fonzi2/ANALYSES_WES/171228_test_threads_8_patients_4/04_alignment_exome/02_unmapped_fastq/06_R1.unmapped.fastq.
Removing temporary output file /home/PERSONALE/eugenio.fonzi2/ANALYSES_WES/171228_test_threads_8_patients_4/04_alignment_exome/02_unmapped_fastq/06_R2.unmapped.fastq.
Finished job 272.
75 of 341 steps (22%) done

Job 223: >> 06 : sorting MT


Job 194: >> 04 : RTC MT

Activating conda environment /home/PERSONALE/eugenio.fonzi2/WESPipeline/.snakemake/conda/e35b1969.
Activating conda environment /home/PERSONALE/eugenio.fonzi2/WESPipeline/.snakemake/conda/e35b1969.
Finished job 194.
76 of 341 steps (22%) done

Job 133: >> 04 : IndelRealigner MT

Activating conda environment /home/PERSONALE/eugenio.fonzi2/WESPipeline/.snakemake/conda/e35b1969.
Removing temporary output file /home/PERSONALE/eugenio.fonzi2/ANALYSES_WES/171228_test_threads_8_patients_4/03_alignment_genome/01_intermediate/08.sam.
Finished job 228.
77 of 341 steps (23%) done

Job 161: >> 08 : marking genome

Activating conda environment /home/PERSONALE/eugenio.fonzi2/WESPipeline/.snakemake/conda/e35b1969.
Removing temporary output file /home/PERSONALE/eugenio.fonzi2/ANALYSES_WES/171228_test_threads_8_patients_4/01_fastq/02_postprocess/03_R2.fastq.
Removing temporary output file /home/PERSONALE/eugenio.fonzi2/ANALYSES_WES/171228_test_threads_8_patients_4/01_fastq/02_postprocess/03_R1.fastq.
Finished job 92.
78 of 341 steps (23%) done

Job 368: >> 03 : Aligning to reference EXOME


Activating conda environment /home/PERSONALE/eugenio.fonzi2/WESPipeline/.snakemake/conda/e35b1969.
Job 43: >> 03 : fastqc2 on trimmed fastq


Activating conda environment /home/PERSONALE/eugenio.fonzi2/WESPipeline/.snakemake/conda/e35b1969.
Job 41: >> 03 : fastqc1 on trimmed fastq

Activating conda environment /home/PERSONALE/eugenio.fonzi2/WESPipeline/.snakemake/conda/e35b1969.
Removing temporary output file /home/PERSONALE/eugenio.fonzi2/ANALYSES_WES/171228_test_threads_8_patients_4/01_fastq/02_postprocess/05_R1.fastq.
Removing temporary output file /home/PERSONALE/eugenio.fonzi2/ANALYSES_WES/171228_test_threads_8_patients_4/01_fastq/02_postprocess/05_R2.fastq.
Finished job 64.
79 of 341 steps (23%) done

Job 14: >> 05 : fastqc2 on trimmed fastq


Activating conda environment /home/PERSONALE/eugenio.fonzi2/WESPipeline/.snakemake/conda/e35b1969.
Job 11: >> 05 : fastqc1 on trimmed fastq

Activating conda environment /home/PERSONALE/eugenio.fonzi2/WESPipeline/.snakemake/conda/e35b1969.
Removing temporary output file /home/PERSONALE/eugenio.fonzi2/ANALYSES_WES/171228_test_threads_8_patients_4/01_fastq/02_postprocess/07_R2.fastq.
Removing temporary output file /home/PERSONALE/eugenio.fonzi2/ANALYSES_WES/171228_test_threads_8_patients_4/01_fastq/02_postprocess/07_R1.fastq.
Finished job 53.
80 of 341 steps (23%) done

Job 1: >> 07 : fastqc2 on trimmed fastq


Activating conda environment /home/PERSONALE/eugenio.fonzi2/WESPipeline/.snakemake/conda/e35b1969.
Job 21: >> 07 : fastqc1 on trimmed fastq

Activating conda environment /home/PERSONALE/eugenio.fonzi2/WESPipeline/.snakemake/conda/e35b1969.
Removing temporary output file /home/PERSONALE/eugenio.fonzi2/ANALYSES_WES/171228_test_threads_8_patients_4/04_alignment_exome/02_unmapped_fastq/08_R1.unmapped.fastq.
Removing temporary output file /home/PERSONALE/eugenio.fonzi2/ANALYSES_WES/171228_test_threads_8_patients_4/04_alignment_exome/02_unmapped_fastq/08_R2.unmapped.fastq.
Finished job 274.
81 of 341 steps (24%) done

Job 225: >> 08 : sorting MT


Job 372: >> 07 : Aligning to reference EXOME

Activating conda environment /home/PERSONALE/eugenio.fonzi2/WESPipeline/.snakemake/conda/e35b1969.
Activating conda environment /home/PERSONALE/eugenio.fonzi2/WESPipeline/.snakemake/conda/e35b1969.
Removing temporary output file /home/PERSONALE/eugenio.fonzi2/ANALYSES_WES/171228_test_threads_8_patients_4/01_fastq/02_postprocess/01_R1.fastq.
Removing temporary output file /home/PERSONALE/eugenio.fonzi2/ANALYSES_WES/171228_test_threads_8_patients_4/01_fastq/02_postprocess/01_R2.fastq.
Finished job 60.
82 of 341 steps (24%) done

Job 6: >> 01 : fastqc2 on trimmed fastq


Activating conda environment /home/PERSONALE/eugenio.fonzi2/WESPipeline/.snakemake/conda/e35b1969.
Job 16: >> 01 : fastqc1 on trimmed fastq

Activating conda environment /home/PERSONALE/eugenio.fonzi2/WESPipeline/.snakemake/conda/e35b1969.
Removing temporary output file /home/PERSONALE/eugenio.fonzi2/ANALYSES_WES/171228_test_threads_8_patients_4/05_alignment_MT/01_intermediate/04_marked.bam.
Removing temporary output file /home/PERSONALE/eugenio.fonzi2/ANALYSES_WES/171228_test_threads_8_patients_4/05_alignment_MT/01_intermediate/04_marked.bai.
Finished job 133.
83 of 341 steps (24%) done
Removing temporary output file /home/PERSONALE/eugenio.fonzi2/ANALYSES_WES/171228_test_threads_8_patients_4/05_alignment_MT/01_intermediate/02.sam.
Finished job 230.
84 of 341 steps (25%) done

Job 168: >> 02 : marking MT

Activating conda environment /home/PERSONALE/eugenio.fonzi2/WESPipeline/.snakemake/conda/e35b1969.
Removing temporary output file /home/PERSONALE/eugenio.fonzi2/ANALYSES_WES/171228_test_threads_8_patients_4/05_alignment_MT/01_intermediate/06.sam.
Finished job 223.
85 of 341 steps (25%) done

Job 148: >> 06 : marking MT

Activating conda environment /home/PERSONALE/eugenio.fonzi2/WESPipeline/.snakemake/conda/e35b1969.
Finished job 41.
86 of 341 steps (25%) done
Finished job 43.
87 of 341 steps (26%) done
Removing temporary output file /home/PERSONALE/eugenio.fonzi2/ANALYSES_WES/171228_test_threads_8_patients_4/03_alignment_genome/01_intermediate/04.sam.
Finished job 215.
88 of 341 steps (26%) done

Job 141: >> 04 : marking genome

Activating conda environment /home/PERSONALE/eugenio.fonzi2/WESPipeline/.snakemake/conda/e35b1969.
Finished job 14.
89 of 341 steps (26%) done
Finished job 11.
90 of 341 steps (26%) done
Finished job 21.
91 of 341 steps (27%) done
Finished job 1.
92 of 341 steps (27%) done
Finished job 16.
93 of 341 steps (27%) done

Job 370: >> 01 : Aligning to reference EXOME

Activating conda environment /home/PERSONALE/eugenio.fonzi2/WESPipeline/.snakemake/conda/e35b1969.
Finished job 6.
94 of 341 steps (28%) done
Removing temporary output file /home/PERSONALE/eugenio.fonzi2/ANALYSES_WES/171228_test_threads_8_patients_4/05_alignment_MT/01_intermediate/08.sam.
Finished job 225.
95 of 341 steps (28%) done

Job 153: >> 08 : marking MT

Activating conda environment /home/PERSONALE/eugenio.fonzi2/WESPipeline/.snakemake/conda/e35b1969.
Removing temporary output file /home/PERSONALE/eugenio.fonzi2/ANALYSES_WES/171228_test_threads_8_patients_4/05_alignment_MT/01_intermediate/02_sorted.bam.
Finished job 168.
96 of 341 steps (28%) done

Job 169: >> 02 : indexing MT

Activating conda environment /home/PERSONALE/eugenio.fonzi2/WESPipeline/.snakemake/conda/e35b1969.
Removing temporary output file /home/PERSONALE/eugenio.fonzi2/ANALYSES_WES/171228_test_threads_8_patients_4/05_alignment_MT/01_intermediate/06_sorted.bam.
Finished job 148.
97 of 341 steps (28%) done

Job 147: >> 06 : indexing MT

Activating conda environment /home/PERSONALE/eugenio.fonzi2/WESPipeline/.snakemake/conda/e35b1969.
Finished job 169.
98 of 341 steps (29%) done
Finished job 147.
99 of 341 steps (29%) done
Removing temporary output file /home/PERSONALE/eugenio.fonzi2/ANALYSES_WES/171228_test_threads_8_patients_4/03_alignment_genome/01_intermediate/02_marked.bai.
Removing temporary output file /home/PERSONALE/eugenio.fonzi2/ANALYSES_WES/171228_test_threads_8_patients_4/03_alignment_genome/01_intermediate/02_marked.bam.
Finished job 127.
100 of 341 steps (29%) done
Removing temporary output file /home/PERSONALE/eugenio.fonzi2/ANALYSES_WES/171228_test_threads_8_patients_4/05_alignment_MT/01_intermediate/08_sorted.bam.
Finished job 153.
101 of 341 steps (30%) done

Job 152: >> 08 : indexing MT

Activating conda environment /home/PERSONALE/eugenio.fonzi2/WESPipeline/.snakemake/conda/e35b1969.
Finished job 152.
102 of 341 steps (30%) done
Removing temporary output file /home/PERSONALE/eugenio.fonzi2/ANALYSES_WES/171228_test_threads_8_patients_4/03_alignment_genome/01_intermediate/06_sorted.bam.
Finished job 151.
103 of 341 steps (30%) done

Job 150: >> 06 : indexing genome

Activating conda environment /home/PERSONALE/eugenio.fonzi2/WESPipeline/.snakemake/conda/e35b1969.
Removing temporary output file /home/PERSONALE/eugenio.fonzi2/ANALYSES_WES/171228_test_threads_8_patients_4/03_alignment_genome/01_intermediate/08_sorted.bam.
Finished job 161.
104 of 341 steps (30%) done

Job 162: >> 08 : indexing genome

Activating conda environment /home/PERSONALE/eugenio.fonzi2/WESPipeline/.snakemake/conda/e35b1969.
Finished job 150.
105 of 341 steps (31%) done
Finished job 162.
106 of 341 steps (31%) done
Removing temporary output file /home/PERSONALE/eugenio.fonzi2/ANALYSES_WES/171228_test_threads_8_patients_4/03_alignment_genome/01_intermediate/04_sorted.bam.
Finished job 141.
107 of 341 steps (31%) done

Job 369: >> 05 : Aligning to reference EXOME

Activating conda environment /home/PERSONALE/eugenio.fonzi2/WESPipeline/.snakemake/conda/e35b1969.
Finished job 368.
108 of 341 steps (32%) done

Job 143: >> 04 : indexing genome


Activating conda environment /home/PERSONALE/eugenio.fonzi2/WESPipeline/.snakemake/conda/e35b1969.
Job 360: >> 03 : sorting exome

Activating conda environment /home/PERSONALE/eugenio.fonzi2/WESPipeline/.snakemake/conda/e35b1969.
Finished job 372.
109 of 341 steps (32%) done

Job 281: >> 01 : Aligning to reference NUCLEAR GENOME


Activating conda environment /home/PERSONALE/eugenio.fonzi2/WESPipeline/.snakemake/conda/e35b1969.
Job 364: >> 07 : sorting exome

Activating conda environment /home/PERSONALE/eugenio.fonzi2/WESPipeline/.snakemake/conda/e35b1969.
Finished job 143.
110 of 341 steps (32%) done
Finished job 370.
111 of 341 steps (33%) done

Job 362: >> 01 : sorting exome


Activating conda environment /home/PERSONALE/eugenio.fonzi2/WESPipeline/.snakemake/conda/e35b1969.
Job 290: >> 07 : Aligning to reference NUCLEAR GENOME

Activating conda environment /home/PERSONALE/eugenio.fonzi2/WESPipeline/.snakemake/conda/e35b1969.
Finished job 369.
112 of 341 steps (33%) done

Job 361: >> 05 : sorting exome


Activating conda environment /home/PERSONALE/eugenio.fonzi2/WESPipeline/.snakemake/conda/e35b1969.
Job 283: >> 05 : Aligning to reference NUCLEAR GENOME

Activating conda environment /home/PERSONALE/eugenio.fonzi2/WESPipeline/.snakemake/conda/e35b1969.
Removing temporary output file /home/PERSONALE/eugenio.fonzi2/ANALYSES_WES/171228_test_threads_8_patients_4/04_alignment_exome/01_intermediate/03.sam.
Finished job 360.
113 of 341 steps (33%) done

Job 352: >> 03 : extractUnmapped extract

Activating conda environment /home/PERSONALE/eugenio.fonzi2/WESPipeline/.snakemake/conda/e35b1969.
Removing temporary output file /home/PERSONALE/eugenio.fonzi2/ANALYSES_WES/171228_test_threads_8_patients_4/04_alignment_exome/01_intermediate/07.sam.
Finished job 364.
114 of 341 steps (33%) done

Job 356: >> 07 : extractUnmapped extract

Activating conda environment /home/PERSONALE/eugenio.fonzi2/WESPipeline/.snakemake/conda/e35b1969.
Removing temporary output file /home/PERSONALE/eugenio.fonzi2/ANALYSES_WES/171228_test_threads_8_patients_4/04_alignment_exome/01_intermediate/01.sam.
Finished job 362.
115 of 341 steps (34%) done

Job 354: >> 01 : extractUnmapped extract

Activating conda environment /home/PERSONALE/eugenio.fonzi2/WESPipeline/.snakemake/conda/e35b1969.
Removing temporary output file /home/PERSONALE/eugenio.fonzi2/ANALYSES_WES/171228_test_threads_8_patients_4/02_fastq_trimmed/01_R1.fastq.
Removing temporary output file /home/PERSONALE/eugenio.fonzi2/ANALYSES_WES/171228_test_threads_8_patients_4/02_fastq_trimmed/01_R2.fastq.
Finished job 281.
116 of 341 steps (34%) done

Job 232: >> 01 : sorting genome


Activating conda environment /home/PERSONALE/eugenio.fonzi2/WESPipeline/.snakemake/conda/e35b1969.
Job 280: >> 03 : Aligning to reference NUCLEAR GENOME

Activating conda environment /home/PERSONALE/eugenio.fonzi2/WESPipeline/.snakemake/conda/e35b1969.
Removing temporary output file /home/PERSONALE/eugenio.fonzi2/ANALYSES_WES/171228_test_threads_8_patients_4/02_fastq_trimmed/07_R2.fastq.
Removing temporary output file /home/PERSONALE/eugenio.fonzi2/ANALYSES_WES/171228_test_threads_8_patients_4/02_fastq_trimmed/07_R1.fastq.
Finished job 290.
117 of 341 steps (34%) done

Job 249: >> 07 : sorting genome


Activating conda environment /home/PERSONALE/eugenio.fonzi2/WESPipeline/.snakemake/conda/e35b1969.
Job 90: >> 02 : BaseRecal genome

Activating conda environment /home/PERSONALE/eugenio.fonzi2/WESPipeline/.snakemake/conda/e35b1969.
Removing temporary output file /home/PERSONALE/eugenio.fonzi2/ANALYSES_WES/171228_test_threads_8_patients_4/04_alignment_exome/01_intermediate/03_sorted.bam.
Finished job 352.
118 of 341 steps (35%) done

Job 308: >> 03 : extractUnmapped convert

Activating conda environment /home/PERSONALE/eugenio.fonzi2/WESPipeline/.snakemake/conda/e35b1969.
Removing temporary output file /home/PERSONALE/eugenio.fonzi2/ANALYSES_WES/171228_test_threads_8_patients_4/04_alignment_exome/01_intermediate/05.sam.
Finished job 361.
119 of 341 steps (35%) done

Job 353: >> 05 : extractUnmapped extract

Activating conda environment /home/PERSONALE/eugenio.fonzi2/WESPipeline/.snakemake/conda/e35b1969.
Removing temporary output file /home/PERSONALE/eugenio.fonzi2/ANALYSES_WES/171228_test_threads_8_patients_4/04_alignment_exome/01_intermediate/07_sorted.bam.
Finished job 356.
120 of 341 steps (35%) done

Job 312: >> 07 : extractUnmapped convert

Activating conda environment /home/PERSONALE/eugenio.fonzi2/WESPipeline/.snakemake/conda/e35b1969.
Removing temporary output file /home/PERSONALE/eugenio.fonzi2/ANALYSES_WES/171228_test_threads_8_patients_4/04_alignment_exome/01_intermediate/01_sorted.bam.
Finished job 354.
121 of 341 steps (35%) done

Job 310: >> 01 : extractUnmapped convert

Activating conda environment /home/PERSONALE/eugenio.fonzi2/WESPipeline/.snakemake/conda/e35b1969.
Removing temporary output file /home/PERSONALE/eugenio.fonzi2/ANALYSES_WES/171228_test_threads_8_patients_4/04_alignment_exome/01_intermediate/03_unmapped.bam.
Finished job 308.
122 of 341 steps (36%) done
Removing temporary output file /home/PERSONALE/eugenio.fonzi2/ANALYSES_WES/171228_test_threads_8_patients_4/02_fastq_trimmed/05_R2.fastq.
Removing temporary output file /home/PERSONALE/eugenio.fonzi2/ANALYSES_WES/171228_test_threads_8_patients_4/02_fastq_trimmed/05_R1.fastq.
Finished job 283.
123 of 341 steps (36%) done

Job 234: >> 05 : sorting genome


Activating conda environment /home/PERSONALE/eugenio.fonzi2/WESPipeline/.snakemake/conda/e35b1969.
Job 275: >> 03 : Aligning to reference MITOCHONDRIAL GENOME

Activating conda environment /home/PERSONALE/eugenio.fonzi2/WESPipeline/.snakemake/conda/e35b1969.
Removing temporary output file /home/PERSONALE/eugenio.fonzi2/ANALYSES_WES/171228_test_threads_8_patients_4/04_alignment_exome/01_intermediate/07_unmapped.bam.
Finished job 312.
124 of 341 steps (36%) done
Removing temporary output file /home/PERSONALE/eugenio.fonzi2/ANALYSES_WES/171228_test_threads_8_patients_4/04_alignment_exome/02_unmapped_fastq/03_R1.unmapped.fastq.
Removing temporary output file /home/PERSONALE/eugenio.fonzi2/ANALYSES_WES/171228_test_threads_8_patients_4/04_alignment_exome/02_unmapped_fastq/03_R2.unmapped.fastq.
Finished job 275.
125 of 341 steps (37%) done

Job 284: >> 07 : Aligning to reference MITOCHONDRIAL GENOME


Activating conda environment /home/PERSONALE/eugenio.fonzi2/WESPipeline/.snakemake/conda/e35b1969.
Job 226: >> 03 : sorting MT

Activating conda environment /home/PERSONALE/eugenio.fonzi2/WESPipeline/.snakemake/conda/e35b1969.
Removing temporary output file /home/PERSONALE/eugenio.fonzi2/ANALYSES_WES/171228_test_threads_8_patients_4/04_alignment_exome/01_intermediate/01_unmapped.bam.
Finished job 310.
126 of 341 steps (37%) done
Finished job 90.
127 of 341 steps (37%) done

Job 278: >> 01 : Aligning to reference MITOCHONDRIAL GENOME

Activating conda environment /home/PERSONALE/eugenio.fonzi2/WESPipeline/.snakemake/conda/e35b1969.
Removing temporary output file /home/PERSONALE/eugenio.fonzi2/ANALYSES_WES/171228_test_threads_8_patients_4/04_alignment_exome/02_unmapped_fastq/07_R2.unmapped.fastq.
Removing temporary output file /home/PERSONALE/eugenio.fonzi2/ANALYSES_WES/171228_test_threads_8_patients_4/04_alignment_exome/02_unmapped_fastq/07_R1.unmapped.fastq.
Finished job 284.
128 of 341 steps (38%) done

Job 330: >> 02 : PrintReads genome


Activating conda environment /home/PERSONALE/eugenio.fonzi2/WESPipeline/.snakemake/conda/e35b1969.
Job 235: >> 07 : sorting MT

Activating conda environment /home/PERSONALE/eugenio.fonzi2/WESPipeline/.snakemake/conda/e35b1969.
Removing temporary output file /home/PERSONALE/eugenio.fonzi2/ANALYSES_WES/171228_test_threads_8_patients_4/04_alignment_exome/01_intermediate/05_sorted.bam.
Finished job 353.
129 of 341 steps (38%) done

Job 309: >> 05 : extractUnmapped convert

Activating conda environment /home/PERSONALE/eugenio.fonzi2/WESPipeline/.snakemake/conda/e35b1969.
Removing temporary output file /home/PERSONALE/eugenio.fonzi2/ANALYSES_WES/171228_test_threads_8_patients_4/03_alignment_genome/01_intermediate/01.sam.
Finished job 232.
130 of 341 steps (38%) done

Job 173: >> 01 : marking genome

Activating conda environment /home/PERSONALE/eugenio.fonzi2/WESPipeline/.snakemake/conda/e35b1969.
Removing temporary output file /home/PERSONALE/eugenio.fonzi2/ANALYSES_WES/171228_test_threads_8_patients_4/04_alignment_exome/02_unmapped_fastq/01_R2.unmapped.fastq.
Removing temporary output file /home/PERSONALE/eugenio.fonzi2/ANALYSES_WES/171228_test_threads_8_patients_4/04_alignment_exome/02_unmapped_fastq/01_R1.unmapped.fastq.
Finished job 278.
131 of 341 steps (38%) done

Job 229: >> 01 : sorting MT


Activating conda environment /home/PERSONALE/eugenio.fonzi2/WESPipeline/.snakemake/conda/e35b1969.
Job 91: >> 02 : PostRecalTable genome

Activating conda environment /home/PERSONALE/eugenio.fonzi2/WESPipeline/.snakemake/conda/e35b1969.
Removing temporary output file /home/PERSONALE/eugenio.fonzi2/ANALYSES_WES/171228_test_threads_8_patients_4/05_alignment_MT/01_intermediate/03.sam.
Finished job 226.
132 of 341 steps (39%) done

Job 156: >> 03 : marking MT

Activating conda environment /home/PERSONALE/eugenio.fonzi2/WESPipeline/.snakemake/conda/e35b1969.
Removing temporary output file /home/PERSONALE/eugenio.fonzi2/ANALYSES_WES/171228_test_threads_8_patients_4/03_alignment_genome/01_intermediate/07.sam.
Finished job 249.
133 of 341 steps (39%) done

Job 193: >> 07 : marking genome

Activating conda environment /home/PERSONALE/eugenio.fonzi2/WESPipeline/.snakemake/conda/e35b1969.
Removing temporary output file /home/PERSONALE/eugenio.fonzi2/ANALYSES_WES/171228_test_threads_8_patients_4/05_alignment_MT/01_intermediate/07.sam.
Finished job 235.
134 of 341 steps (39%) done

Job 184: >> 07 : marking MT

Activating conda environment /home/PERSONALE/eugenio.fonzi2/WESPipeline/.snakemake/conda/e35b1969.
Removing temporary output file /home/PERSONALE/eugenio.fonzi2/ANALYSES_WES/171228_test_threads_8_patients_4/05_alignment_MT/01_intermediate/03_sorted.bam.
Finished job 156.
135 of 341 steps (40%) done

Job 155: >> 03 : indexing MT

Activating conda environment /home/PERSONALE/eugenio.fonzi2/WESPipeline/.snakemake/conda/e35b1969.
Removing temporary output file /home/PERSONALE/eugenio.fonzi2/ANALYSES_WES/171228_test_threads_8_patients_4/04_alignment_exome/01_intermediate/05_unmapped.bam.
Finished job 309.
136 of 341 steps (40%) done
Finished job 155.
137 of 341 steps (40%) done
Removing temporary output file /home/PERSONALE/eugenio.fonzi2/ANALYSES_WES/171228_test_threads_8_patients_4/05_alignment_MT/01_intermediate/01.sam.
Finished job 229.
138 of 341 steps (40%) done

Job 166: >> 01 : marking MT

Activating conda environment /home/PERSONALE/eugenio.fonzi2/WESPipeline/.snakemake/conda/e35b1969.
Removing temporary output file /home/PERSONALE/eugenio.fonzi2/ANALYSES_WES/171228_test_threads_8_patients_4/02_fastq_trimmed/03_R2.fastq.
Removing temporary output file /home/PERSONALE/eugenio.fonzi2/ANALYSES_WES/171228_test_threads_8_patients_4/02_fastq_trimmed/03_R1.fastq.
Finished job 280.
139 of 341 steps (41%) done

Job 276: >> 05 : Aligning to reference MITOCHONDRIAL GENOME


Activating conda environment /home/PERSONALE/eugenio.fonzi2/WESPipeline/.snakemake/conda/e35b1969.
Job 231: >> 03 : sorting genome

Activating conda environment /home/PERSONALE/eugenio.fonzi2/WESPipeline/.snakemake/conda/e35b1969.
Removing temporary output file /home/PERSONALE/eugenio.fonzi2/ANALYSES_WES/171228_test_threads_8_patients_4/05_alignment_MT/01_intermediate/07_sorted.bam.
Finished job 184.
140 of 341 steps (41%) done

Job 182: >> 07 : indexing MT

Activating conda environment /home/PERSONALE/eugenio.fonzi2/WESPipeline/.snakemake/conda/e35b1969.
Removing temporary output file /home/PERSONALE/eugenio.fonzi2/ANALYSES_WES/171228_test_threads_8_patients_4/04_alignment_exome/02_unmapped_fastq/05_R1.unmapped.fastq.
Removing temporary output file /home/PERSONALE/eugenio.fonzi2/ANALYSES_WES/171228_test_threads_8_patients_4/04_alignment_exome/02_unmapped_fastq/05_R2.unmapped.fastq.
Finished job 276.
141 of 341 steps (41%) done
Finished job 182.
142 of 341 steps (42%) done

Job 227: >> 05 : sorting MT


Activating conda environment /home/PERSONALE/eugenio.fonzi2/WESPipeline/.snakemake/conda/e35b1969.
Job 142: >> 04 : RTC genome

Activating conda environment /home/PERSONALE/eugenio.fonzi2/WESPipeline/.snakemake/conda/e35b1969.
Removing temporary output file /home/PERSONALE/eugenio.fonzi2/ANALYSES_WES/171228_test_threads_8_patients_4/05_alignment_MT/01_intermediate/01_sorted.bam.
Finished job 166.
143 of 341 steps (42%) done

Job 165: >> 01 : indexing MT

Activating conda environment /home/PERSONALE/eugenio.fonzi2/WESPipeline/.snakemake/conda/e35b1969.
Finished job 142.
144 of 341 steps (42%) done

Job 163: >> 08 : RTC genome


Activating conda environment /home/PERSONALE/eugenio.fonzi2/WESPipeline/.snakemake/conda/e35b1969.
Job 106: >> 04 : IndelRealigner genome

Activating conda environment /home/PERSONALE/eugenio.fonzi2/WESPipeline/.snakemake/conda/e35b1969.
Finished job 165.
145 of 341 steps (43%) done
Finished job 163.
146 of 341 steps (43%) done

Job 149: >> 06 : RTC genome


Activating conda environment /home/PERSONALE/eugenio.fonzi2/WESPipeline/.snakemake/conda/e35b1969.
Job 121: >> 08 : IndelRealigner genome

Activating conda environment /home/PERSONALE/eugenio.fonzi2/WESPipeline/.snakemake/conda/e35b1969.
Removing temporary output file /home/PERSONALE/eugenio.fonzi2/ANALYSES_WES/171228_test_threads_8_patients_4/03_alignment_genome/01_intermediate/05.sam.
Finished job 234.
147 of 341 steps (43%) done

Job 181: >> 05 : marking genome

Activating conda environment /home/PERSONALE/eugenio.fonzi2/WESPipeline/.snakemake/conda/e35b1969.
Finished job 149.
148 of 341 steps (43%) done

Job 113: >> 06 : IndelRealigner genome


Activating conda environment /home/PERSONALE/eugenio.fonzi2/WESPipeline/.snakemake/conda/e35b1969.
Job 183: >> 07 : RTC MT

Activating conda environment /home/PERSONALE/eugenio.fonzi2/WESPipeline/.snakemake/conda/e35b1969.
Finished job 183.
149 of 341 steps (44%) done

Job 129: >> 07 : IndelRealigner MT

Activating conda environment /home/PERSONALE/eugenio.fonzi2/WESPipeline/.snakemake/conda/e35b1969.
Removing temporary output file /home/PERSONALE/eugenio.fonzi2/ANALYSES_WES/171228_test_threads_8_patients_4/05_alignment_MT/01_intermediate/05.sam.
Finished job 227.
150 of 341 steps (44%) done

Job 157: >> 03 : RTC MT

Activating conda environment /home/PERSONALE/eugenio.fonzi2/WESPipeline/.snakemake/conda/e35b1969.
Finished job 157.
151 of 341 steps (44%) done

Job 116: >> 03 : IndelRealigner MT


Activating conda environment /home/PERSONALE/eugenio.fonzi2/WESPipeline/.snakemake/conda/e35b1969.
Job 158: >> 05 : marking MT

Activating conda environment /home/PERSONALE/eugenio.fonzi2/WESPipeline/.snakemake/conda/e35b1969.
Removing temporary output file /home/PERSONALE/eugenio.fonzi2/ANALYSES_WES/171228_test_threads_8_patients_4/03_alignment_genome/01_intermediate/01_sorted.bam.
Finished job 173.
152 of 341 steps (45%) done

Job 174: >> 01 : indexing genome

Activating conda environment /home/PERSONALE/eugenio.fonzi2/WESPipeline/.snakemake/conda/e35b1969.
Finished job 174.
153 of 341 steps (45%) done
Removing temporary output file /home/PERSONALE/eugenio.fonzi2/ANALYSES_WES/171228_test_threads_8_patients_4/05_alignment_MT/01_intermediate/05_sorted.bam.
Finished job 158.
154 of 341 steps (45%) done

Job 175: >> 01 : RTC genome

Activating conda environment /home/PERSONALE/eugenio.fonzi2/WESPipeline/.snakemake/conda/e35b1969.
Removing temporary output file /home/PERSONALE/eugenio.fonzi2/ANALYSES_WES/171228_test_threads_8_patients_4/03_alignment_genome/01_intermediate/07_sorted.bam.
Finished job 193.
155 of 341 steps (45%) done

Job 191: >> 07 : indexing genome

Activating conda environment /home/PERSONALE/eugenio.fonzi2/WESPipeline/.snakemake/conda/e35b1969.
Removing temporary output file /home/PERSONALE/eugenio.fonzi2/ANALYSES_WES/171228_test_threads_8_patients_4/05_alignment_MT/01_intermediate/07_marked.bai.
Removing temporary output file /home/PERSONALE/eugenio.fonzi2/ANALYSES_WES/171228_test_threads_8_patients_4/05_alignment_MT/01_intermediate/07_marked.bam.
Finished job 129.
156 of 341 steps (46%) done

Job 160: >> 05 : indexing MT

Activating conda environment /home/PERSONALE/eugenio.fonzi2/WESPipeline/.snakemake/conda/e35b1969.
Finished job 160.
157 of 341 steps (46%) done
Finished job 175.
158 of 341 steps (46%) done

Job 95: >> 07 : BaseRecal MT


Activating conda environment /home/PERSONALE/eugenio.fonzi2/WESPipeline/.snakemake/conda/e35b1969.
Job 126: >> 01 : IndelRealigner genome

Activating conda environment /home/PERSONALE/eugenio.fonzi2/WESPipeline/.snakemake/conda/e35b1969.
Removing temporary output file /home/PERSONALE/eugenio.fonzi2/ANALYSES_WES/171228_test_threads_8_patients_4/05_alignment_MT/01_intermediate/03_marked.bai.
Removing temporary output file /home/PERSONALE/eugenio.fonzi2/ANALYSES_WES/171228_test_threads_8_patients_4/05_alignment_MT/01_intermediate/03_marked.bam.
Finished job 116.
159 of 341 steps (47%) done
Finished job 95.
160 of 341 steps (47%) done

Job 319: >> 07 : PrintReads MT

Activating conda environment /home/PERSONALE/eugenio.fonzi2/WESPipeline/.snakemake/conda/e35b1969.
Finished job 330.
161 of 341 steps (47%) done

Job 327: >> 02 : Varscan on sample genomic alignment


Activating conda environment /home/PERSONALE/eugenio.fonzi2/WESPipeline/.snakemake/conda/e35b1969.
Job 96: >> 07 : PostRecalTable MT

Activating conda environment /home/PERSONALE/eugenio.fonzi2/WESPipeline/.snakemake/conda/e35b1969.
Finished job 96.
162 of 341 steps (48%) done

Job 72: >> 03 : BaseRecal MT

Activating conda environment /home/PERSONALE/eugenio.fonzi2/WESPipeline/.snakemake/conda/e35b1969.
Finished job 72.
163 of 341 steps (48%) done

Job 343: >> 03 : PrintReads MT

Activating conda environment /home/PERSONALE/eugenio.fonzi2/WESPipeline/.snakemake/conda/e35b1969.
Finished job 191.
164 of 341 steps (48%) done

Job 44: >> 07 : AnalyzeCovariates MT

Activating conda environment /home/PERSONALE/eugenio.fonzi2/WESPipeline/.snakemake/conda/e35b1969.
Finished job 44.
165 of 341 steps (48%) done
Removing temporary output file /home/PERSONALE/eugenio.fonzi2/ANALYSES_WES/171228_test_threads_8_patients_4/03_alignment_genome/01_intermediate/04_marked.bam.
Removing temporary output file /home/PERSONALE/eugenio.fonzi2/ANALYSES_WES/171228_test_threads_8_patients_4/03_alignment_genome/01_intermediate/04_marked.bai.
Finished job 106.
166 of 341 steps (49%) done
Removing temporary output file /home/PERSONALE/eugenio.fonzi2/ANALYSES_WES/171228_test_threads_8_patients_4/03_alignment_genome/01_intermediate/08_marked.bam.
Removing temporary output file /home/PERSONALE/eugenio.fonzi2/ANALYSES_WES/171228_test_threads_8_patients_4/03_alignment_genome/01_intermediate/08_marked.bai.
Finished job 121.
167 of 341 steps (49%) done
Removing temporary output file /home/PERSONALE/eugenio.fonzi2/ANALYSES_WES/171228_test_threads_8_patients_4/03_alignment_genome/01_intermediate/06_marked.bai.
Removing temporary output file /home/PERSONALE/eugenio.fonzi2/ANALYSES_WES/171228_test_threads_8_patients_4/03_alignment_genome/01_intermediate/06_marked.bam.
Finished job 113.
168 of 341 steps (49%) done
Removing temporary output file /home/PERSONALE/eugenio.fonzi2/ANALYSES_WES/171228_test_threads_8_patients_4/03_alignment_genome/01_intermediate/03.sam.
Finished job 231.
169 of 341 steps (50%) done

Job 170: >> 03 : marking genome

Activating conda environment /home/PERSONALE/eugenio.fonzi2/WESPipeline/.snakemake/conda/e35b1969.
Removing temporary output file /home/PERSONALE/eugenio.fonzi2/ANALYSES_WES/171228_test_threads_8_patients_4/03_alignment_genome/01_intermediate/02_realigned.bai.
Removing temporary output file /home/PERSONALE/eugenio.fonzi2/ANALYSES_WES/171228_test_threads_8_patients_4/03_alignment_genome/01_intermediate/02_realigned.bam.
Finished job 91.
170 of 341 steps (50%) done

Job 192: >> 07 : RTC genome


Activating conda environment /home/PERSONALE/eugenio.fonzi2/WESPipeline/.snakemake/conda/e35b1969.
Job 40: >> 02 : AnalyzeCovariates genome

Activating conda environment /home/PERSONALE/eugenio.fonzi2/WESPipeline/.snakemake/conda/e35b1969.
Finished job 40.
171 of 341 steps (50%) done
Finished job 192.
172 of 341 steps (50%) done

Job 132: >> 07 : IndelRealigner genome


Activating conda environment /home/PERSONALE/eugenio.fonzi2/WESPipeline/.snakemake/conda/e35b1969.
Job 79: >> 08 : BaseRecal genome

Activating conda environment /home/PERSONALE/eugenio.fonzi2/WESPipeline/.snakemake/conda/e35b1969.
Removing temporary output file /home/PERSONALE/eugenio.fonzi2/ANALYSES_WES/171228_test_threads_8_patients_4/03_alignment_genome/01_intermediate/05_sorted.bam.
Finished job 181.
173 of 341 steps (51%) done

Job 180: >> 05 : indexing genome

Activating conda environment /home/PERSONALE/eugenio.fonzi2/WESPipeline/.snakemake/conda/e35b1969.
Finished job 327.
174 of 341 steps (51%) done
Finished job 180.
175 of 341 steps (51%) done
Removing temporary output file /home/PERSONALE/eugenio.fonzi2/ANALYSES_WES/171228_test_threads_8_patients_4/05_alignment_MT/01_intermediate/07_realigned.bam.
Removing temporary output file /home/PERSONALE/eugenio.fonzi2/ANALYSES_WES/171228_test_threads_8_patients_4/05_alignment_MT/01_intermediate/07_realigned.bai.
Finished job 319.
176 of 341 steps (52%) done

Job 320: >> 07 : Varscan on sample MT alignment


Activating conda environment /home/PERSONALE/eugenio.fonzi2/WESPipeline/.snakemake/conda/e35b1969.
Job 179: >> 05 : RTC genome

Activating conda environment /home/PERSONALE/eugenio.fonzi2/WESPipeline/.snakemake/conda/e35b1969.
Finished job 343.
177 of 341 steps (52%) done

Job 67: >> 06 : BaseRecal genome


Activating conda environment /home/PERSONALE/eugenio.fonzi2/WESPipeline/.snakemake/conda/e35b1969.
Job 344: >> 03 : Varscan on sample MT alignment

Activating conda environment /home/PERSONALE/eugenio.fonzi2/WESPipeline/.snakemake/conda/e35b1969.
Finished job 320.
178 of 341 steps (52%) done
Finished job 344.
179 of 341 steps (52%) done
Finished job 179.
180 of 341 steps (53%) done

Job 57: >> 04 : BaseRecal genome


Activating conda environment /home/PERSONALE/eugenio.fonzi2/WESPipeline/.snakemake/conda/e35b1969.
Job 128: >> 05 : IndelRealigner genome

Activating conda environment /home/PERSONALE/eugenio.fonzi2/WESPipeline/.snakemake/conda/e35b1969.
Removing temporary output file /home/PERSONALE/eugenio.fonzi2/ANALYSES_WES/171228_test_threads_8_patients_4/03_alignment_genome/01_intermediate/01_marked.bam.
Removing temporary output file /home/PERSONALE/eugenio.fonzi2/ANALYSES_WES/171228_test_threads_8_patients_4/03_alignment_genome/01_intermediate/01_marked.bai.
Finished job 126.
181 of 341 steps (53%) done
Finished job 79.
182 of 341 steps (53%) done

Job 88: >> 01 : BaseRecal genome

Activating conda environment /home/PERSONALE/eugenio.fonzi2/WESPipeline/.snakemake/conda/e35b1969.
Removing temporary output file /home/PERSONALE/eugenio.fonzi2/ANALYSES_WES/171228_test_threads_8_patients_4/03_alignment_genome/01_intermediate/03_sorted.bam.
Finished job 170.
183 of 341 steps (54%) done

Job 171: >> 03 : indexing genome

Activating conda environment /home/PERSONALE/eugenio.fonzi2/WESPipeline/.snakemake/conda/e35b1969.
Finished job 171.
184 of 341 steps (54%) done
Finished job 67.
185 of 341 steps (54%) done

Job 172: >> 03 : RTC genome

Activating conda environment /home/PERSONALE/eugenio.fonzi2/WESPipeline/.snakemake/conda/e35b1969.
Removing temporary output file /home/PERSONALE/eugenio.fonzi2/ANALYSES_WES/171228_test_threads_8_patients_4/03_alignment_genome/01_intermediate/07_marked.bai.
Removing temporary output file /home/PERSONALE/eugenio.fonzi2/ANALYSES_WES/171228_test_threads_8_patients_4/03_alignment_genome/01_intermediate/07_marked.bam.
Finished job 132.
186 of 341 steps (55%) done
Finished job 57.
187 of 341 steps (55%) done

Job 99: >> 07 : BaseRecal genome

Activating conda environment /home/PERSONALE/eugenio.fonzi2/WESPipeline/.snakemake/conda/e35b1969.
Finished job 172.
188 of 341 steps (55%) done

Job 316: >> 08 : PrintReads genome


Job 124: >> 03 : IndelRealigner genome
Activating conda environment /home/PERSONALE/eugenio.fonzi2/WESPipeline/.snakemake/conda/e35b1969.

Activating conda environment /home/PERSONALE/eugenio.fonzi2/WESPipeline/.snakemake/conda/e35b1969.
Removing temporary output file /home/PERSONALE/eugenio.fonzi2/ANALYSES_WES/171228_test_threads_8_patients_4/03_alignment_genome/01_intermediate/05_marked.bai.
Removing temporary output file /home/PERSONALE/eugenio.fonzi2/ANALYSES_WES/171228_test_threads_8_patients_4/03_alignment_genome/01_intermediate/05_marked.bam.
Finished job 128.
189 of 341 steps (55%) done
Finished job 88.
190 of 341 steps (56%) done

Job 94: >> 05 : BaseRecal genome

Activating conda environment /home/PERSONALE/eugenio.fonzi2/WESPipeline/.snakemake/conda/e35b1969.
Finished job 99.
191 of 341 steps (56%) done

Job 314: >> 07 : PrintReads genome

Activating conda environment /home/PERSONALE/eugenio.fonzi2/WESPipeline/.snakemake/conda/e35b1969.
Removing temporary output file /home/PERSONALE/eugenio.fonzi2/ANALYSES_WES/171228_test_threads_8_patients_4/03_alignment_genome/01_intermediate/03_marked.bam.
Removing temporary output file /home/PERSONALE/eugenio.fonzi2/ANALYSES_WES/171228_test_threads_8_patients_4/03_alignment_genome/01_intermediate/03_marked.bai.
Finished job 124.
192 of 341 steps (56%) done

Job 98: >> 07 : PostRecalTable genome

Activating conda environment /home/PERSONALE/eugenio.fonzi2/WESPipeline/.snakemake/conda/e35b1969.
Finished job 316.
193 of 341 steps (57%) done

Job 323: >> 08 : Varscan on sample genomic alignment

Activating conda environment /home/PERSONALE/eugenio.fonzi2/WESPipeline/.snakemake/conda/e35b1969.
Finished job 94.
194 of 341 steps (57%) done

Job 341: >> 05 : PrintReads genome

Activating conda environment /home/PERSONALE/eugenio.fonzi2/WESPipeline/.snakemake/conda/e35b1969.
Finished job 323.
195 of 341 steps (57%) done

Job 93: >> 05 : PostRecalTable genome

Activating conda environment /home/PERSONALE/eugenio.fonzi2/WESPipeline/.snakemake/conda/e35b1969.
Finished job 314.
196 of 341 steps (57%) done

Job 286: >> fourth : MuTect on genomic alignment


Job 324: >> 07 : Varscan on sample genomic alignment
Activating conda environment /home/PERSONALE/eugenio.fonzi2/WESPipeline/.snakemake/conda/a055426f.

Activating conda environment /home/PERSONALE/eugenio.fonzi2/WESPipeline/.snakemake/conda/e35b1969.
Finished job 341.
197 of 341 steps (58%) done

Job 337: >> 05 : Varscan on sample genomic alignment


Job 331: >> 01 : PrintReads genome
Activating conda environment /home/PERSONALE/eugenio.fonzi2/WESPipeline/.snakemake/conda/e35b1969.

Activating conda environment /home/PERSONALE/eugenio.fonzi2/WESPipeline/.snakemake/conda/e35b1969.
Finished job 324.
198 of 341 steps (58%) done

Job 289: >> fourth : Varscan on patient genomic alignment

Activating conda environment /home/PERSONALE/eugenio.fonzi2/WESPipeline/.snakemake/conda/e35b1969.
Removing temporary output file /home/PERSONALE/eugenio.fonzi2/ANALYSES_WES/171228_test_threads_8_patients_4/03_alignment_genome/01_intermediate/07_realigned.bai.
Removing temporary output file /home/PERSONALE/eugenio.fonzi2/ANALYSES_WES/171228_test_threads_8_patients_4/03_alignment_genome/01_intermediate/07_realigned.bam.
Finished job 98.
199 of 341 steps (58%) done

Job 89: >> 01 : PostRecalTable genome


Activating conda environment /home/PERSONALE/eugenio.fonzi2/WESPipeline/.snakemake/conda/e35b1969.
Job 46: >> 07 : AnalyzeCovariates genome

Activating conda environment /home/PERSONALE/eugenio.fonzi2/WESPipeline/.snakemake/conda/e35b1969.
Finished job 46.
200 of 341 steps (59%) done
Finished job 337.
201 of 341 steps (59%) done
Removing temporary output file /home/PERSONALE/eugenio.fonzi2/ANALYSES_WES/171228_test_threads_8_patients_4/03_alignment_genome/01_intermediate/05_realigned.bam.
Removing temporary output file /home/PERSONALE/eugenio.fonzi2/ANALYSES_WES/171228_test_threads_8_patients_4/03_alignment_genome/01_intermediate/05_realigned.bai.
Finished job 93.
202 of 341 steps (59%) done

Job 85: >> 03 : BaseRecal genome


Activating conda environment /home/PERSONALE/eugenio.fonzi2/WESPipeline/.snakemake/conda/e35b1969.
Job 42: >> 05 : AnalyzeCovariates genome

Activating conda environment /home/PERSONALE/eugenio.fonzi2/WESPipeline/.snakemake/conda/e35b1969.
Finished job 42.
203 of 341 steps (60%) done
Removing temporary output file /home/PERSONALE/eugenio.fonzi2/ANALYSES_WES/171228_test_threads_8_patients_4/08_varscan_genome/01_mpileup/08.mpileup.
Removing temporary output file /home/PERSONALE/eugenio.fonzi2/ANALYSES_WES/171228_test_threads_8_patients_4/08_varscan_genome/01_mpileup/07.mpileup.
Finished job 289.
204 of 341 steps (60%) done
Finished job 85.
205 of 341 steps (60%) done

Job 347: >> 03 : PrintReads genome

Activating conda environment /home/PERSONALE/eugenio.fonzi2/WESPipeline/.snakemake/conda/e35b1969.
Finished job 331.
206 of 341 steps (60%) done

Job 86: >> 03 : PostRecalTable genome


Activating conda environment /home/PERSONALE/eugenio.fonzi2/WESPipeline/.snakemake/conda/e35b1969.
Job 326: >> 01 : Varscan on sample genomic alignment


Activating conda environment /home/PERSONALE/eugenio.fonzi2/WESPipeline/.snakemake/conda/e35b1969.
Job 294: >> first : MuTect on genomic alignment

Activating conda environment /home/PERSONALE/eugenio.fonzi2/WESPipeline/.snakemake/conda/a055426f.
Removing temporary output file /home/PERSONALE/eugenio.fonzi2/ANALYSES_WES/171228_test_threads_8_patients_4/03_alignment_genome/02_bqsr/07.bam.
Removing temporary output file /home/PERSONALE/eugenio.fonzi2/ANALYSES_WES/171228_test_threads_8_patients_4/03_alignment_genome/02_bqsr/07.bai.
Removing temporary output file /home/PERSONALE/eugenio.fonzi2/ANALYSES_WES/171228_test_threads_8_patients_4/03_alignment_genome/02_bqsr/08.bam.
Removing temporary output file /home/PERSONALE/eugenio.fonzi2/ANALYSES_WES/171228_test_threads_8_patients_4/03_alignment_genome/02_bqsr/08.bai.
Finished job 286.
207 of 341 steps (61%) done
Finished job 326.
208 of 341 steps (61%) done

Job 292: >> first : Varscan on patient genomic alignment

Activating conda environment /home/PERSONALE/eugenio.fonzi2/WESPipeline/.snakemake/conda/e35b1969.
Removing temporary output file /home/PERSONALE/eugenio.fonzi2/ANALYSES_WES/171228_test_threads_8_patients_4/03_alignment_genome/01_intermediate/01_realigned.bam.
Removing temporary output file /home/PERSONALE/eugenio.fonzi2/ANALYSES_WES/171228_test_threads_8_patients_4/03_alignment_genome/01_intermediate/01_realigned.bai.
Finished job 89.
209 of 341 steps (61%) done

Job 80: >> 08 : PostRecalTable genome


Activating conda environment /home/PERSONALE/eugenio.fonzi2/WESPipeline/.snakemake/conda/e35b1969.
Job 39: >> 01 : AnalyzeCovariates genome

Activating conda environment /home/PERSONALE/eugenio.fonzi2/WESPipeline/.snakemake/conda/e35b1969.
Finished job 39.
210 of 341 steps (62%) done
Finished job 347.
211 of 341 steps (62%) done

Job 348: >> 03 : Varscan on sample genomic alignment


Activating conda environment /home/PERSONALE/eugenio.fonzi2/WESPipeline/.snakemake/conda/e35b1969.
Job 340: >> 06 : PrintReads genome

Activating conda environment /home/PERSONALE/eugenio.fonzi2/WESPipeline/.snakemake/conda/e35b1969.
Removing temporary output file /home/PERSONALE/eugenio.fonzi2/ANALYSES_WES/171228_test_threads_8_patients_4/08_varscan_genome/01_mpileup/01.mpileup.
Removing temporary output file /home/PERSONALE/eugenio.fonzi2/ANALYSES_WES/171228_test_threads_8_patients_4/08_varscan_genome/01_mpileup/02.mpileup.
Finished job 292.
212 of 341 steps (62%) done
Removing temporary output file /home/PERSONALE/eugenio.fonzi2/ANALYSES_WES/171228_test_threads_8_patients_4/03_alignment_genome/01_intermediate/03_realigned.bam.
Removing temporary output file /home/PERSONALE/eugenio.fonzi2/ANALYSES_WES/171228_test_threads_8_patients_4/03_alignment_genome/01_intermediate/03_realigned.bai.
Finished job 86.
213 of 341 steps (62%) done

Job 66: >> 06 : PostRecalTable genome


Activating conda environment /home/PERSONALE/eugenio.fonzi2/WESPipeline/.snakemake/conda/e35b1969.
Job 36: >> 03 : AnalyzeCovariates genome

Activating conda environment /home/PERSONALE/eugenio.fonzi2/WESPipeline/.snakemake/conda/e35b1969.
Finished job 36.
214 of 341 steps (63%) done
Finished job 348.
215 of 341 steps (63%) done
Removing temporary output file /home/PERSONALE/eugenio.fonzi2/ANALYSES_WES/171228_test_threads_8_patients_4/03_alignment_genome/01_intermediate/08_realigned.bam.
Removing temporary output file /home/PERSONALE/eugenio.fonzi2/ANALYSES_WES/171228_test_threads_8_patients_4/03_alignment_genome/01_intermediate/08_realigned.bai.
Finished job 80.
216 of 341 steps (63%) done

Job 30: >> 08 : AnalyzeCovariates genome


Activating conda environment /home/PERSONALE/eugenio.fonzi2/WESPipeline/.snakemake/conda/e35b1969.
Job 346: >> 04 : PrintReads genome

Activating conda environment /home/PERSONALE/eugenio.fonzi2/WESPipeline/.snakemake/conda/e35b1969.
Finished job 30.
217 of 341 steps (64%) done
Removing temporary output file /home/PERSONALE/eugenio.fonzi2/ANALYSES_WES/171228_test_threads_8_patients_4/03_alignment_genome/02_bqsr/02.bai.
Removing temporary output file /home/PERSONALE/eugenio.fonzi2/ANALYSES_WES/171228_test_threads_8_patients_4/03_alignment_genome/02_bqsr/02.bam.
Removing temporary output file /home/PERSONALE/eugenio.fonzi2/ANALYSES_WES/171228_test_threads_8_patients_4/03_alignment_genome/02_bqsr/01.bam.
Removing temporary output file /home/PERSONALE/eugenio.fonzi2/ANALYSES_WES/171228_test_threads_8_patients_4/03_alignment_genome/02_bqsr/01.bai.
Finished job 294.
218 of 341 steps (64%) done

Job 56: >> 04 : PostRecalTable genome

Activating conda environment /home/PERSONALE/eugenio.fonzi2/WESPipeline/.snakemake/conda/e35b1969.
Finished job 340.
219 of 341 steps (64%) done

Job 336: >> 06 : Varscan on sample genomic alignment


Activating conda environment /home/PERSONALE/eugenio.fonzi2/WESPipeline/.snakemake/conda/e35b1969.
Job 299: >> third : MuTect on genomic alignment

Activating conda environment /home/PERSONALE/eugenio.fonzi2/WESPipeline/.snakemake/conda/a055426f.
Finished job 336.
220 of 341 steps (65%) done

Job 297: >> third : Varscan on patient genomic alignment

Activating conda environment /home/PERSONALE/eugenio.fonzi2/WESPipeline/.snakemake/conda/e35b1969.
Finished job 346.
221 of 341 steps (65%) done

Job 71: >> 03 : PostRecalTable MT


Activating conda environment /home/PERSONALE/eugenio.fonzi2/WESPipeline/.snakemake/conda/e35b1969.
Job 302: >> second : MuTect on genomic alignment


Activating conda environment /home/PERSONALE/eugenio.fonzi2/WESPipeline/.snakemake/conda/a055426f.
Job 349: >> 04 : Varscan on sample genomic alignment

Activating conda environment /home/PERSONALE/eugenio.fonzi2/WESPipeline/.snakemake/conda/e35b1969.
Removing temporary output file /home/PERSONALE/eugenio.fonzi2/ANALYSES_WES/171228_test_threads_8_patients_4/05_alignment_MT/01_intermediate/03_realigned.bai.
Removing temporary output file /home/PERSONALE/eugenio.fonzi2/ANALYSES_WES/171228_test_threads_8_patients_4/05_alignment_MT/01_intermediate/03_realigned.bam.
Finished job 71.
222 of 341 steps (65%) done

Job 19: >> 03 : AnalyzeCovariates MT


Activating conda environment /home/PERSONALE/eugenio.fonzi2/WESPipeline/.snakemake/conda/e35b1969.
Job 159: >> 05 : RTC MT

Activating conda environment /home/PERSONALE/eugenio.fonzi2/WESPipeline/.snakemake/conda/e35b1969.
Finished job 159.
223 of 341 steps (65%) done

Job 164: >> 01 : RTC MT


Activating conda environment /home/PERSONALE/eugenio.fonzi2/WESPipeline/.snakemake/conda/e35b1969.
Job 120: >> 05 : IndelRealigner MT

Activating conda environment /home/PERSONALE/eugenio.fonzi2/WESPipeline/.snakemake/conda/e35b1969.
Finished job 164.
224 of 341 steps (66%) done

Job 101: >> 04 : BaseRecal MT


Activating conda environment /home/PERSONALE/eugenio.fonzi2/WESPipeline/.snakemake/conda/e35b1969.
Job 122: >> 01 : IndelRealigner MT

Activating conda environment /home/PERSONALE/eugenio.fonzi2/WESPipeline/.snakemake/conda/e35b1969.
Finished job 19.
225 of 341 steps (66%) done
Finished job 101.
226 of 341 steps (66%) done

Job 342: >> 04 : PrintReads MT

Activating conda environment /home/PERSONALE/eugenio.fonzi2/WESPipeline/.snakemake/conda/e35b1969.
Removing temporary output file /home/PERSONALE/eugenio.fonzi2/ANALYSES_WES/171228_test_threads_8_patients_4/03_alignment_genome/01_intermediate/06_realigned.bam.
Removing temporary output file /home/PERSONALE/eugenio.fonzi2/ANALYSES_WES/171228_test_threads_8_patients_4/03_alignment_genome/01_intermediate/06_realigned.bai.
Finished job 66.
227 of 341 steps (67%) done

Job 100: >> 04 : PostRecalTable MT


Activating conda environment /home/PERSONALE/eugenio.fonzi2/WESPipeline/.snakemake/conda/e35b1969.
Job 15: >> 06 : AnalyzeCovariates genome

Activating conda environment /home/PERSONALE/eugenio.fonzi2/WESPipeline/.snakemake/conda/e35b1969.
Finished job 100.
228 of 341 steps (67%) done

Job 47: >> 04 : AnalyzeCovariates MT


Activating conda environment /home/PERSONALE/eugenio.fonzi2/WESPipeline/.snakemake/conda/e35b1969.
Job 146: >> 06 : RTC MT

Activating conda environment /home/PERSONALE/eugenio.fonzi2/WESPipeline/.snakemake/conda/e35b1969.
Finished job 146.
229 of 341 steps (67%) done

Job 110: >> 06 : IndelRealigner MT

Activating conda environment /home/PERSONALE/eugenio.fonzi2/WESPipeline/.snakemake/conda/e35b1969.
Finished job 15.
230 of 341 steps (67%) done

Job 154: >> 08 : RTC MT

Activating conda environment /home/PERSONALE/eugenio.fonzi2/WESPipeline/.snakemake/conda/e35b1969.
Removing temporary output file /home/PERSONALE/eugenio.fonzi2/ANALYSES_WES/171228_test_threads_8_patients_4/05_alignment_MT/01_intermediate/01_marked.bai.
Removing temporary output file /home/PERSONALE/eugenio.fonzi2/ANALYSES_WES/171228_test_threads_8_patients_4/05_alignment_MT/01_intermediate/01_marked.bam.
Finished job 122.
231 of 341 steps (68%) done
Finished job 154.
232 of 341 steps (68%) done

Job 114: >> 08 : IndelRealigner MT


Activating conda environment /home/PERSONALE/eugenio.fonzi2/WESPipeline/.snakemake/conda/e35b1969.
Job 82: >> 01 : BaseRecal MT

Activating conda environment /home/PERSONALE/eugenio.fonzi2/WESPipeline/.snakemake/conda/e35b1969.
Removing temporary output file /home/PERSONALE/eugenio.fonzi2/ANALYSES_WES/171228_test_threads_8_patients_4/05_alignment_MT/01_intermediate/05_marked.bam.
Removing temporary output file /home/PERSONALE/eugenio.fonzi2/ANALYSES_WES/171228_test_threads_8_patients_4/05_alignment_MT/01_intermediate/05_marked.bai.
Finished job 120.
233 of 341 steps (68%) done
Finished job 47.
234 of 341 steps (69%) done
Finished job 82.
235 of 341 steps (69%) done

Job 329: >> 01 : PrintReads MT

Activating conda environment /home/PERSONALE/eugenio.fonzi2/WESPipeline/.snakemake/conda/e35b1969.
Removing temporary output file /home/PERSONALE/eugenio.fonzi2/ANALYSES_WES/171228_test_threads_8_patients_4/05_alignment_MT/01_intermediate/04_realigned.bai.
Removing temporary output file /home/PERSONALE/eugenio.fonzi2/ANALYSES_WES/171228_test_threads_8_patients_4/05_alignment_MT/01_intermediate/04_realigned.bam.
Finished job 342.
236 of 341 steps (69%) done

Job 81: >> 01 : PostRecalTable MT


Activating conda environment /home/PERSONALE/eugenio.fonzi2/WESPipeline/.snakemake/conda/e35b1969.
Job 345: >> 04 : Varscan on sample MT alignment


Activating conda environment /home/PERSONALE/eugenio.fonzi2/WESPipeline/.snakemake/conda/e35b1969.
Job 300: >> second : MuTect on MT alignment

Activating conda environment /home/PERSONALE/eugenio.fonzi2/WESPipeline/.snakemake/conda/a055426f.
Finished job 81.
237 of 341 steps (70%) done

Job 78: >> 05 : BaseRecal MT

Activating conda environment /home/PERSONALE/eugenio.fonzi2/WESPipeline/.snakemake/conda/e35b1969.
Removing temporary output file /home/PERSONALE/eugenio.fonzi2/ANALYSES_WES/171228_test_threads_8_patients_4/05_alignment_MT/02_bqsr/03.bai.
Removing temporary output file /home/PERSONALE/eugenio.fonzi2/ANALYSES_WES/171228_test_threads_8_patients_4/05_alignment_MT/02_bqsr/03.bam.
Finished job 300.
238 of 341 steps (70%) done

Job 31: >> 01 : AnalyzeCovariates MT

Activating conda environment /home/PERSONALE/eugenio.fonzi2/WESPipeline/.snakemake/conda/e35b1969.
Finished job 349.
239 of 341 steps (70%) done

Job 303: >> second : Varscan on patient genomic alignment

Activating conda environment /home/PERSONALE/eugenio.fonzi2/WESPipeline/.snakemake/conda/e35b1969.
Finished job 78.
240 of 341 steps (70%) done

Job 339: >> 05 : PrintReads MT

Activating conda environment /home/PERSONALE/eugenio.fonzi2/WESPipeline/.snakemake/conda/e35b1969.
Finished job 31.
241 of 341 steps (71%) done
Removing temporary output file /home/PERSONALE/eugenio.fonzi2/ANALYSES_WES/171228_test_threads_8_patients_4/05_alignment_MT/02_bqsr/04.bam.
Removing temporary output file /home/PERSONALE/eugenio.fonzi2/ANALYSES_WES/171228_test_threads_8_patients_4/05_alignment_MT/02_bqsr/04.bai.
Finished job 345.
242 of 341 steps (71%) done

Job 301: >> second : Varscan on patient MT alignment

Activating conda environment /home/PERSONALE/eugenio.fonzi2/WESPipeline/.snakemake/conda/e35b1969.
Removing temporary output file /home/PERSONALE/eugenio.fonzi2/ANALYSES_WES/171228_test_threads_8_patients_4/09_varscan_MT/01_mpileup/03.mpileup.
Removing temporary output file /home/PERSONALE/eugenio.fonzi2/ANALYSES_WES/171228_test_threads_8_patients_4/09_varscan_MT/01_mpileup/04.mpileup.
Finished job 301.
243 of 341 steps (71%) done
Removing temporary output file /home/PERSONALE/eugenio.fonzi2/ANALYSES_WES/171228_test_threads_8_patients_4/05_alignment_MT/01_intermediate/06_marked.bai.
Removing temporary output file /home/PERSONALE/eugenio.fonzi2/ANALYSES_WES/171228_test_threads_8_patients_4/05_alignment_MT/01_intermediate/06_marked.bam.
Finished job 110.
244 of 341 steps (72%) done
Removing temporary output file /home/PERSONALE/eugenio.fonzi2/ANALYSES_WES/171228_test_threads_8_patients_4/05_alignment_MT/01_intermediate/08_marked.bai.
Removing temporary output file /home/PERSONALE/eugenio.fonzi2/ANALYSES_WES/171228_test_threads_8_patients_4/05_alignment_MT/01_intermediate/08_marked.bam.
Finished job 114.
245 of 341 steps (72%) done
Removing temporary output file /home/PERSONALE/eugenio.fonzi2/ANALYSES_WES/171228_test_threads_8_patients_4/03_alignment_genome/01_intermediate/04_realigned.bam.
Removing temporary output file /home/PERSONALE/eugenio.fonzi2/ANALYSES_WES/171228_test_threads_8_patients_4/03_alignment_genome/01_intermediate/04_realigned.bai.
Finished job 56.
246 of 341 steps (72%) done

Job 77: >> 05 : PostRecalTable MT


Activating conda environment /home/PERSONALE/eugenio.fonzi2/WESPipeline/.snakemake/conda/e35b1969.
Job 4: >> 04 : AnalyzeCovariates genome

Activating conda environment /home/PERSONALE/eugenio.fonzi2/WESPipeline/.snakemake/conda/e35b1969.
Finished job 77.
247 of 341 steps (72%) done

Job 58: >> 06 : BaseRecal MT


Activating conda environment /home/PERSONALE/eugenio.fonzi2/WESPipeline/.snakemake/conda/e35b1969.
Job 29: >> 05 : AnalyzeCovariates MT

Activating conda environment /home/PERSONALE/eugenio.fonzi2/WESPipeline/.snakemake/conda/e35b1969.
Finished job 4.
248 of 341 steps (73%) done
Finished job 58.
249 of 341 steps (73%) done

Job 338: >> 06 : PrintReads MT

Activating conda environment /home/PERSONALE/eugenio.fonzi2/WESPipeline/.snakemake/conda/e35b1969.
Finished job 29.
250 of 341 steps (73%) done
Removing temporary output file /home/PERSONALE/eugenio.fonzi2/ANALYSES_WES/171228_test_threads_8_patients_4/08_varscan_genome/01_mpileup/06.mpileup.
Removing temporary output file /home/PERSONALE/eugenio.fonzi2/ANALYSES_WES/171228_test_threads_8_patients_4/08_varscan_genome/01_mpileup/05.mpileup.
Finished job 297.
251 of 341 steps (74%) done
Removing temporary output file /home/PERSONALE/eugenio.fonzi2/ANALYSES_WES/171228_test_threads_8_patients_4/05_alignment_MT/01_intermediate/01_realigned.bam.
Removing temporary output file /home/PERSONALE/eugenio.fonzi2/ANALYSES_WES/171228_test_threads_8_patients_4/05_alignment_MT/01_intermediate/01_realigned.bai.
Finished job 329.
252 of 341 steps (74%) done

Job 333: >> 01 : Varscan on sample MT alignment


Activating conda environment /home/PERSONALE/eugenio.fonzi2/WESPipeline/.snakemake/conda/e35b1969.
Job 59: >> 06 : PostRecalTable MT

Activating conda environment /home/PERSONALE/eugenio.fonzi2/WESPipeline/.snakemake/conda/e35b1969.
Finished job 59.
253 of 341 steps (74%) done

Job 5: >> 06 : AnalyzeCovariates MT


Activating conda environment /home/PERSONALE/eugenio.fonzi2/WESPipeline/.snakemake/conda/e35b1969.
Job 68: >> 08 : BaseRecal MT

Activating conda environment /home/PERSONALE/eugenio.fonzi2/WESPipeline/.snakemake/conda/e35b1969.
Finished job 68.
254 of 341 steps (74%) done

Job 318: >> 08 : PrintReads MT

Activating conda environment /home/PERSONALE/eugenio.fonzi2/WESPipeline/.snakemake/conda/e35b1969.
Finished job 5.
255 of 341 steps (75%) done
Finished job 333.
256 of 341 steps (75%) done
Removing temporary output file /home/PERSONALE/eugenio.fonzi2/ANALYSES_WES/171228_test_threads_8_patients_4/05_alignment_MT/01_intermediate/05_realigned.bai.
Removing temporary output file /home/PERSONALE/eugenio.fonzi2/ANALYSES_WES/171228_test_threads_8_patients_4/05_alignment_MT/01_intermediate/05_realigned.bam.
Finished job 339.
257 of 341 steps (75%) done

Job 69: >> 08 : PostRecalTable MT


Activating conda environment /home/PERSONALE/eugenio.fonzi2/WESPipeline/.snakemake/conda/e35b1969.
Job 335: >> 05 : Varscan on sample MT alignment

Activating conda environment /home/PERSONALE/eugenio.fonzi2/WESPipeline/.snakemake/conda/e35b1969.
Finished job 69.
258 of 341 steps (76%) done

Job 17: >> 08 : AnalyzeCovariates MT


Job 167: >> 02 : RTC MT

Activating conda environment /home/PERSONALE/eugenio.fonzi2/WESPipeline/.snakemake/conda/e35b1969.
Activating conda environment /home/PERSONALE/eugenio.fonzi2/WESPipeline/.snakemake/conda/e35b1969.
Finished job 167.
259 of 341 steps (76%) done

Job 123: >> 02 : IndelRealigner MT

Activating conda environment /home/PERSONALE/eugenio.fonzi2/WESPipeline/.snakemake/conda/e35b1969.
Finished job 17.
260 of 341 steps (76%) done
Finished job 335.
261 of 341 steps (77%) done
Removing temporary output file /home/PERSONALE/eugenio.fonzi2/ANALYSES_WES/171228_test_threads_8_patients_4/05_alignment_MT/01_intermediate/06_realigned.bam.
Removing temporary output file /home/PERSONALE/eugenio.fonzi2/ANALYSES_WES/171228_test_threads_8_patients_4/05_alignment_MT/01_intermediate/06_realigned.bai.
Finished job 338.
262 of 341 steps (77%) done

Job 334: >> 06 : Varscan on sample MT alignment


Activating conda environment /home/PERSONALE/eugenio.fonzi2/WESPipeline/.snakemake/conda/e35b1969.
Job 298: >> third : MuTect on MT alignment

Activating conda environment /home/PERSONALE/eugenio.fonzi2/WESPipeline/.snakemake/conda/a055426f.
Removing temporary output file /home/PERSONALE/eugenio.fonzi2/ANALYSES_WES/171228_test_threads_8_patients_4/05_alignment_MT/02_bqsr/05.bai.
Removing temporary output file /home/PERSONALE/eugenio.fonzi2/ANALYSES_WES/171228_test_threads_8_patients_4/05_alignment_MT/02_bqsr/05.bam.
Finished job 298.
263 of 341 steps (77%) done
Removing temporary output file /home/PERSONALE/eugenio.fonzi2/ANALYSES_WES/171228_test_threads_8_patients_4/05_alignment_MT/02_bqsr/06.bam.
Removing temporary output file /home/PERSONALE/eugenio.fonzi2/ANALYSES_WES/171228_test_threads_8_patients_4/05_alignment_MT/02_bqsr/06.bai.
Finished job 334.
264 of 341 steps (77%) done

Job 296: >> third : Varscan on patient MT alignment

Activating conda environment /home/PERSONALE/eugenio.fonzi2/WESPipeline/.snakemake/conda/e35b1969.
Removing temporary output file /home/PERSONALE/eugenio.fonzi2/ANALYSES_WES/171228_test_threads_8_patients_4/09_varscan_MT/01_mpileup/06.mpileup.
Removing temporary output file /home/PERSONALE/eugenio.fonzi2/ANALYSES_WES/171228_test_threads_8_patients_4/09_varscan_MT/01_mpileup/05.mpileup.
Finished job 296.
265 of 341 steps (78%) done
Removing temporary output file /home/PERSONALE/eugenio.fonzi2/ANALYSES_WES/171228_test_threads_8_patients_4/05_alignment_MT/01_intermediate/02_marked.bam.
Removing temporary output file /home/PERSONALE/eugenio.fonzi2/ANALYSES_WES/171228_test_threads_8_patients_4/05_alignment_MT/01_intermediate/02_marked.bai.
Finished job 123.
266 of 341 steps (78%) done

Job 83: >> 02 : BaseRecal MT

Activating conda environment /home/PERSONALE/eugenio.fonzi2/WESPipeline/.snakemake/conda/e35b1969.
Finished job 83.
267 of 341 steps (78%) done

Job 328: >> 02 : PrintReads MT


Activating conda environment /home/PERSONALE/eugenio.fonzi2/WESPipeline/.snakemake/conda/e35b1969.
Job 84: >> 02 : PostRecalTable MT

Activating conda environment /home/PERSONALE/eugenio.fonzi2/WESPipeline/.snakemake/conda/e35b1969.
Finished job 84.
268 of 341 steps (79%) done

Job 33: >> 02 : AnalyzeCovariates MT

Activating conda environment /home/PERSONALE/eugenio.fonzi2/WESPipeline/.snakemake/conda/e35b1969.
Finished job 33.
269 of 341 steps (79%) done
Removing temporary output file /home/PERSONALE/eugenio.fonzi2/ANALYSES_WES/171228_test_threads_8_patients_4/05_alignment_MT/01_intermediate/08_realigned.bai.
Removing temporary output file /home/PERSONALE/eugenio.fonzi2/ANALYSES_WES/171228_test_threads_8_patients_4/05_alignment_MT/01_intermediate/08_realigned.bam.
Finished job 318.
270 of 341 steps (79%) done

Job 287: >> fourth : MuTect on MT alignment


Activating conda environment /home/PERSONALE/eugenio.fonzi2/WESPipeline/.snakemake/conda/a055426f.
Job 322: >> 08 : Varscan on sample MT alignment

Activating conda environment /home/PERSONALE/eugenio.fonzi2/WESPipeline/.snakemake/conda/e35b1969.
Removing temporary output file /home/PERSONALE/eugenio.fonzi2/ANALYSES_WES/171228_test_threads_8_patients_4/05_alignment_MT/02_bqsr/07.bai.
Removing temporary output file /home/PERSONALE/eugenio.fonzi2/ANALYSES_WES/171228_test_threads_8_patients_4/05_alignment_MT/02_bqsr/07.bam.
Finished job 287.
271 of 341 steps (79%) done
Removing temporary output file /home/PERSONALE/eugenio.fonzi2/ANALYSES_WES/171228_test_threads_8_patients_4/05_alignment_MT/02_bqsr/08.bai.
Removing temporary output file /home/PERSONALE/eugenio.fonzi2/ANALYSES_WES/171228_test_threads_8_patients_4/05_alignment_MT/02_bqsr/08.bam.
Finished job 322.
272 of 341 steps (80%) done

Job 288: >> fourth : Varscan on patient MT alignment

Activating conda environment /home/PERSONALE/eugenio.fonzi2/WESPipeline/.snakemake/conda/e35b1969.
Removing temporary output file /home/PERSONALE/eugenio.fonzi2/ANALYSES_WES/171228_test_threads_8_patients_4/09_varscan_MT/01_mpileup/07.mpileup.
Removing temporary output file /home/PERSONALE/eugenio.fonzi2/ANALYSES_WES/171228_test_threads_8_patients_4/09_varscan_MT/01_mpileup/08.mpileup.
Finished job 288.
273 of 341 steps (80%) done

Job 245: >> fourth : Merge and Write Variants

Finished job 245.
274 of 341 steps (80%) done

Job 246: >> fourth : Varscan Filter Somatic SNV


Activating conda environment /home/PERSONALE/eugenio.fonzi2/WESPipeline/.snakemake/conda/e35b1969.
Job 247: >> fourth : Varscan Filter Somatic Indel

Activating conda environment /home/PERSONALE/eugenio.fonzi2/WESPipeline/.snakemake/conda/e35b1969.
Finished job 247.
275 of 341 steps (81%) done
Removing temporary output file /home/PERSONALE/eugenio.fonzi2/ANALYSES_WES/171228_test_threads_8_patients_4/10_variants_filter/fourth_varscan_indel_temp1.tsv.
Removing temporary output file /home/PERSONALE/eugenio.fonzi2/ANALYSES_WES/171228_test_threads_8_patients_4/10_variants_filter/fourth_varscan_snv_temp1.tsv.
Finished job 246.
276 of 341 steps (81%) done

Job 186: >> fourth : Keep Only Variants

Removing temporary output file /home/PERSONALE/eugenio.fonzi2/ANALYSES_WES/171228_test_threads_8_patients_4/10_variants_filter/fourth_varscan_snv_temp2.tsv.
Removing temporary output file /home/PERSONALE/eugenio.fonzi2/ANALYSES_WES/171228_test_threads_8_patients_4/10_variants_filter/fourth_varscan_indel_temp2.tsv.
Finished job 186.
277 of 341 steps (81%) done

Job 248: >> fourth : Split muTect Variants

Job 241: >> fourth : Split Varscan Variants

Finished job 241.
278 of 341 steps (82%) done
Finished job 248.
279 of 341 steps (82%) done

Job 189: >> fourth : annotating with ANNOVAR varscan genome variants

Job 188: >> fourth : annotating with ANNOVAR muTect MT variants

Job 185: >> fourth : annotating with ANNOVAR varscan MT variants

Job 187: >> fourth : annotating with ANNOVAR muTect genome variants

Finished job 188.
280 of 341 steps (82%) done
Finished job 185.
281 of 341 steps (82%) done
Finished job 189.
282 of 341 steps (83%) done
Finished job 187.
283 of 341 steps (83%) done

Job 130: >> fourth : merging muTect and Varscan Variants

Finished job 130.
284 of 341 steps (83%) done

Job 190: >> fourth : create rsID table

Finished job 190.
285 of 341 steps (84%) done

Job 131: >> fourth : filtering exonic/non-synonymous/non-polymorphic

Activating conda environment /home/PERSONALE/eugenio.fonzi2/WESPipeline/.snakemake/conda/28d822a6.
Removing temporary output file /home/PERSONALE/eugenio.fonzi2/ANALYSES_WES/171228_test_threads_8_patients_4/10_variants_filter/fourth_rsID.tsv.
Finished job 131.
286 of 341 steps (84%) done

Job 97: >> fourth : checking MAFs

Removing temporary output file fourth_rsID_maf.tsv.
Finished job 97.
287 of 341 steps (84%) done

Job 45: >> fourth : Removing segdups variants

Finished job 45.
288 of 341 steps (84%) done
Removing temporary output file /home/PERSONALE/eugenio.fonzi2/ANALYSES_WES/171228_test_threads_8_patients_4/08_varscan_genome/01_mpileup/03.mpileup.
Removing temporary output file /home/PERSONALE/eugenio.fonzi2/ANALYSES_WES/171228_test_threads_8_patients_4/08_varscan_genome/01_mpileup/04.mpileup.
Finished job 303.
289 of 341 steps (85%) done
Removing temporary output file /home/PERSONALE/eugenio.fonzi2/ANALYSES_WES/171228_test_threads_8_patients_4/05_alignment_MT/01_intermediate/02_realigned.bam.
Removing temporary output file /home/PERSONALE/eugenio.fonzi2/ANALYSES_WES/171228_test_threads_8_patients_4/05_alignment_MT/01_intermediate/02_realigned.bai.
Finished job 328.
290 of 341 steps (85%) done

Job 293: >> first : MuTect on MT alignment


Activating conda environment /home/PERSONALE/eugenio.fonzi2/WESPipeline/.snakemake/conda/a055426f.
Job 332: >> 02 : Varscan on sample MT alignment

Activating conda environment /home/PERSONALE/eugenio.fonzi2/WESPipeline/.snakemake/conda/e35b1969.
Removing temporary output file /home/PERSONALE/eugenio.fonzi2/ANALYSES_WES/171228_test_threads_8_patients_4/05_alignment_MT/02_bqsr/01.bam.
Removing temporary output file /home/PERSONALE/eugenio.fonzi2/ANALYSES_WES/171228_test_threads_8_patients_4/05_alignment_MT/02_bqsr/01.bai.
Finished job 293.
291 of 341 steps (85%) done
Removing temporary output file /home/PERSONALE/eugenio.fonzi2/ANALYSES_WES/171228_test_threads_8_patients_4/05_alignment_MT/02_bqsr/02.bam.
Removing temporary output file /home/PERSONALE/eugenio.fonzi2/ANALYSES_WES/171228_test_threads_8_patients_4/05_alignment_MT/02_bqsr/02.bai.
Finished job 332.
292 of 341 steps (86%) done

Job 295: >> first : Varscan on patient MT alignment

Activating conda environment /home/PERSONALE/eugenio.fonzi2/WESPipeline/.snakemake/conda/e35b1969.
Removing temporary output file /home/PERSONALE/eugenio.fonzi2/ANALYSES_WES/171228_test_threads_8_patients_4/09_varscan_MT/01_mpileup/02.mpileup.
Removing temporary output file /home/PERSONALE/eugenio.fonzi2/ANALYSES_WES/171228_test_threads_8_patients_4/09_varscan_MT/01_mpileup/01.mpileup.
Finished job 295.
293 of 341 steps (86%) done

Job 252: >> first : Merge and Write Variants

Finished job 252.
294 of 341 steps (86%) done

Job 253: >> first : Varscan Filter Somatic SNV


Activating conda environment /home/PERSONALE/eugenio.fonzi2/WESPipeline/.snakemake/conda/e35b1969.
Job 251: >> first : Varscan Filter Somatic Indel

Activating conda environment /home/PERSONALE/eugenio.fonzi2/WESPipeline/.snakemake/conda/e35b1969.
Finished job 251.
295 of 341 steps (87%) done
Removing temporary output file /home/PERSONALE/eugenio.fonzi2/ANALYSES_WES/171228_test_threads_8_patients_4/10_variants_filter/first_varscan_indel_temp1.tsv.
Removing temporary output file /home/PERSONALE/eugenio.fonzi2/ANALYSES_WES/171228_test_threads_8_patients_4/10_variants_filter/first_varscan_snv_temp1.tsv.
Finished job 253.
296 of 341 steps (87%) done

Job 197: >> first : Keep Only Variants

Removing temporary output file /home/PERSONALE/eugenio.fonzi2/ANALYSES_WES/171228_test_threads_8_patients_4/10_variants_filter/first_varscan_indel_temp2.tsv.
Removing temporary output file /home/PERSONALE/eugenio.fonzi2/ANALYSES_WES/171228_test_threads_8_patients_4/10_variants_filter/first_varscan_snv_temp2.tsv.
Finished job 197.
297 of 341 steps (87%) done

Job 254: >> first : Split muTect Variants

Job 255: >> first : Split Varscan Variants

Finished job 254.
298 of 341 steps (87%) done

Job 200: >> first : annotating with ANNOVAR muTect MT variants

Job 198: >> first : annotating with ANNOVAR muTect genome variants

Finished job 255.
299 of 341 steps (88%) done

Job 201: >> first : annotating with ANNOVAR varscan MT variants

Job 199: >> first : annotating with ANNOVAR varscan genome variants

Finished job 200.
300 of 341 steps (88%) done
Finished job 201.
301 of 341 steps (88%) done
Finished job 198.
302 of 341 steps (89%) done
Finished job 199.
303 of 341 steps (89%) done

Job 134: >> first : merging muTect and Varscan Variants

Finished job 134.
304 of 341 steps (89%) done

Job 202: >> first : create rsID table

Finished job 202.
305 of 341 steps (89%) done

Job 135: >> first : filtering exonic/non-synonymous/non-polymorphic

Activating conda environment /home/PERSONALE/eugenio.fonzi2/WESPipeline/.snakemake/conda/28d822a6.
Removing temporary output file /home/PERSONALE/eugenio.fonzi2/ANALYSES_WES/171228_test_threads_8_patients_4/10_variants_filter/first_rsID.tsv.
Finished job 135.
306 of 341 steps (90%) done

Job 102: >> first : checking MAFs

Removing temporary output file first_rsID_maf.tsv.
Finished job 102.
307 of 341 steps (90%) done

Job 50: >> first : Removing segdups variants

Finished job 50.
308 of 341 steps (90%) done
Removing temporary output file /home/PERSONALE/eugenio.fonzi2/ANALYSES_WES/171228_test_threads_8_patients_4/03_alignment_genome/02_bqsr/06.bai.
Removing temporary output file /home/PERSONALE/eugenio.fonzi2/ANALYSES_WES/171228_test_threads_8_patients_4/03_alignment_genome/02_bqsr/06.bam.
Removing temporary output file /home/PERSONALE/eugenio.fonzi2/ANALYSES_WES/171228_test_threads_8_patients_4/03_alignment_genome/02_bqsr/05.bam.
Removing temporary output file /home/PERSONALE/eugenio.fonzi2/ANALYSES_WES/171228_test_threads_8_patients_4/03_alignment_genome/02_bqsr/05.bai.
Finished job 299.
309 of 341 steps (91%) done

Job 257: >> third : Merge and Write Variants

Finished job 257.
310 of 341 steps (91%) done

Job 258: >> third : Varscan Filter Somatic SNV


Activating conda environment /home/PERSONALE/eugenio.fonzi2/WESPipeline/.snakemake/conda/e35b1969.
Job 256: >> third : Varscan Filter Somatic Indel

Activating conda environment /home/PERSONALE/eugenio.fonzi2/WESPipeline/.snakemake/conda/e35b1969.
Finished job 256.
311 of 341 steps (91%) done
Removing temporary output file /home/PERSONALE/eugenio.fonzi2/ANALYSES_WES/171228_test_threads_8_patients_4/10_variants_filter/third_varscan_snv_temp1.tsv.
Removing temporary output file /home/PERSONALE/eugenio.fonzi2/ANALYSES_WES/171228_test_threads_8_patients_4/10_variants_filter/third_varscan_indel_temp1.tsv.
Finished job 258.
312 of 341 steps (91%) done

Job 204: >> third : Keep Only Variants

Removing temporary output file /home/PERSONALE/eugenio.fonzi2/ANALYSES_WES/171228_test_threads_8_patients_4/10_variants_filter/third_varscan_indel_temp2.tsv.
Removing temporary output file /home/PERSONALE/eugenio.fonzi2/ANALYSES_WES/171228_test_threads_8_patients_4/10_variants_filter/third_varscan_snv_temp2.tsv.
Finished job 204.
313 of 341 steps (92%) done

Job 260: >> third : Split Varscan Variants

Job 259: >> third : Split muTect Variants

Finished job 259.
314 of 341 steps (92%) done
Finished job 260.
315 of 341 steps (92%) done

Job 207: >> third : annotating with ANNOVAR varscan MT variants

Job 208: >> third : annotating with ANNOVAR muTect genome variants

Job 205: >> third : annotating with ANNOVAR muTect MT variants

Job 206: >> third : annotating with ANNOVAR varscan genome variants

Finished job 207.
316 of 341 steps (93%) done
Finished job 205.
317 of 341 steps (93%) done
Finished job 208.
318 of 341 steps (93%) done
Finished job 206.
319 of 341 steps (94%) done

Job 137: >> third : merging muTect and Varscan Variants

Finished job 137.
320 of 341 steps (94%) done

Job 203: >> third : create rsID table

Finished job 203.
321 of 341 steps (94%) done

Job 136: >> third : filtering exonic/non-synonymous/non-polymorphic

Activating conda environment /home/PERSONALE/eugenio.fonzi2/WESPipeline/.snakemake/conda/28d822a6.
Removing temporary output file /home/PERSONALE/eugenio.fonzi2/ANALYSES_WES/171228_test_threads_8_patients_4/10_variants_filter/third_rsID.tsv.
Finished job 136.
322 of 341 steps (94%) done

Job 103: >> third : checking MAFs

Removing temporary output file third_rsID_maf.tsv.
Finished job 103.
323 of 341 steps (95%) done

Job 51: >> third : Removing segdups variants

Finished job 51.
324 of 341 steps (95%) done
Removing temporary output file /home/PERSONALE/eugenio.fonzi2/ANALYSES_WES/171228_test_threads_8_patients_4/03_alignment_genome/02_bqsr/04.bam.
Removing temporary output file /home/PERSONALE/eugenio.fonzi2/ANALYSES_WES/171228_test_threads_8_patients_4/03_alignment_genome/02_bqsr/04.bai.
Removing temporary output file /home/PERSONALE/eugenio.fonzi2/ANALYSES_WES/171228_test_threads_8_patients_4/03_alignment_genome/02_bqsr/03.bam.
Removing temporary output file /home/PERSONALE/eugenio.fonzi2/ANALYSES_WES/171228_test_threads_8_patients_4/03_alignment_genome/02_bqsr/03.bai.
Finished job 302.
325 of 341 steps (95%) done

Job 263: >> second : Merge and Write Variants

Finished job 263.
326 of 341 steps (96%) done

Job 265: >> second : Varscan Filter Somatic SNV


Job 264: >> second : Varscan Filter Somatic Indel
Activating conda environment /home/PERSONALE/eugenio.fonzi2/WESPipeline/.snakemake/conda/e35b1969.

Activating conda environment /home/PERSONALE/eugenio.fonzi2/WESPipeline/.snakemake/conda/e35b1969.
Finished job 264.
327 of 341 steps (96%) done
Removing temporary output file /home/PERSONALE/eugenio.fonzi2/ANALYSES_WES/171228_test_threads_8_patients_4/10_variants_filter/second_varscan_snv_temp1.tsv.
Removing temporary output file /home/PERSONALE/eugenio.fonzi2/ANALYSES_WES/171228_test_threads_8_patients_4/10_variants_filter/second_varscan_indel_temp1.tsv.
Finished job 265.
328 of 341 steps (96%) done

Job 212: >> second : Keep Only Variants

Removing temporary output file /home/PERSONALE/eugenio.fonzi2/ANALYSES_WES/171228_test_threads_8_patients_4/10_variants_filter/second_varscan_indel_temp2.tsv.
Removing temporary output file /home/PERSONALE/eugenio.fonzi2/ANALYSES_WES/171228_test_threads_8_patients_4/10_variants_filter/second_varscan_snv_temp2.tsv.
Finished job 212.
329 of 341 steps (96%) done

Job 262: >> second : Split muTect Variants

Job 261: >> second : Split Varscan Variants

Finished job 262.
330 of 341 steps (97%) done
Finished job 261.
331 of 341 steps (97%) done

Job 213: >> second : annotating with ANNOVAR muTect MT variants

Job 214: >> second : annotating with ANNOVAR varscan genome variants

Job 211: >> second : annotating with ANNOVAR muTect genome variants

Job 210: >> second : annotating with ANNOVAR varscan MT variants

Finished job 213.
332 of 341 steps (97%) done
Finished job 210.
333 of 341 steps (98%) done
Finished job 211.
334 of 341 steps (98%) done
Finished job 214.
335 of 341 steps (98%) done

Job 139: >> second : merging muTect and Varscan Variants

Finished job 139.
336 of 341 steps (99%) done

Job 209: >> second : create rsID table

Finished job 209.
337 of 341 steps (99%) done

Job 138: >> second : filtering exonic/non-synonymous/non-polymorphic

Activating conda environment /home/PERSONALE/eugenio.fonzi2/WESPipeline/.snakemake/conda/28d822a6.
Removing temporary output file /home/PERSONALE/eugenio.fonzi2/ANALYSES_WES/171228_test_threads_8_patients_4/10_variants_filter/second_rsID.tsv.
Finished job 138.
338 of 341 steps (99%) done

Job 104: >> second : checking MAFs

Removing temporary output file second_rsID_maf.tsv.
Finished job 104.
339 of 341 steps (99%) done

Job 52: >> second : Removing segdups variants

Finished job 52.
340 of 341 steps (100%) done

Job 0:  THE END 

Finished job 0.
341 of 341 steps (100%) done
