Building DAG of jobs...
Provided cores: 32
Rules claiming more threads will be scaled down.
Job counts:
	count	jobs
	10	AnalyzeCovariates_MT
	10	AnalyzeCovariates_genome
	10	BaseRecal_MT
	10	BaseRecal_genome
	10	IndelRealigner_MT
	10	IndelRealigner_genome
	5	KeepOnlyVariants
	5	MergeMutectVarscan
	5	MergeWriteVariants
	5	MutectSplitVariants
	10	PostRecalTable_MT
	10	PostRecalTable_genome
	10	PrintReads_MT
	10	PrintReads_genome
	10	RTC_MT
	10	RTC_genome
	5	Remove_segdups
	5	VarscanSplitVariants
	1	all
	5	annovar_MT_mutect
	5	annovar_MT_varscan
	5	annovar_genome_mutect
	5	annovar_genome_varscan
	5	checkMAFs
	5	create_rsID_table
	10	downloadDecompressMergeFastq
	10	extractUnmapped_convert
	10	extractUnmapped_extract
	10	fastq_checkpoint
	10	fastqc_R1
	10	fastqc_R2
	10	fastqc_trimmed_R1
	10	fastqc_trimmed_R2
	5	filterExonicPolymorphic
	5	filterSomatic_Indel
	5	filterSomatic_SNV
	10	indexing_MT
	10	indexing_genome
	10	map_to_MT
	10	map_to_exome
	10	map_to_genome
	10	marking_MT
	10	marking_genome
	5	muTect_MT
	5	muTect_genome
	10	sorting_MT
	10	sorting_exome
	10	sorting_genome
	10	trim_02
	5	varscan_MT_patient
	10	varscan_MT_sample
	5	varscan_genome_patient
	10	varscan_genome_sample
	426

Job 135: >> 224 : downloading, decompressing and merging fastq 

Job 131: >> 245 : downloading, decompressing and merging fastq 

Job 146: >> 3108 : downloading, decompressing and merging fastq 

Job 148: >> 246 : downloading, decompressing and merging fastq 

Job 136: >> 3010 : downloading, decompressing and merging fastq 

Job 145: >> 242 : downloading, decompressing and merging fastq 

Job 151: >> 3154 : downloading, decompressing and merging fastq 

Job 140: >> 2973 : downloading, decompressing and merging fastq 

Job 142: >> 239 : downloading, decompressing and merging fastq 

Job 137: >> 3062 : downloading, decompressing and merging fastq 

Finished job 145.
1 of 426 steps (0.23%) done

Job 85: >> 242 : Check fastq size 

Finished job 85.
2 of 426 steps (0.47%) done

Job 69: >> 242 : Trimming


Job 28: >> 242 : fastqc2

Activating conda environment /home/PERSONALE/eugenio.fonzi2/WESPipeline/.snakemake/conda/e35b1969.

Job 17: >> 242 : fastqc1

Activating conda environment /home/PERSONALE/eugenio.fonzi2/WESPipeline/.snakemake/conda/e35b1969.
Finished job 17.
3 of 426 steps (0.70%) done
Finished job 28.
4 of 426 steps (0.94%) done
Finished job 135.
5 of 426 steps (1%) done
Finished job 151.
6 of 426 steps (1%) done

Job 70: >> 224 : Check fastq size 

Job 98: >> 3154 : Check fastq size 

Failed to set marker file for job started ([Errno 28] No space left on device). Snakemake will work, but cannot ensure that output files are complete in case of a kill signal or power loss. Please ensure write permissions for the directory /home/PERSONALE/eugenio.fonzi2/WESPipeline/.snakemake
Finished job 136.
7 of 426 steps (2%) done

Job 71: >> 3010 : Check fastq size 

Failed to set marker file for job started ([Errno 28] No space left on device). Snakemake will work, but cannot ensure that output files are complete in case of a kill signal or power loss. Please ensure write permissions for the directory /home/PERSONALE/eugenio.fonzi2/WESPipeline/.snakemake
Finished job 146.
8 of 426 steps (2%) done
Finished job 137.
9 of 426 steps (2%) done
Finished job 142.
10 of 426 steps (2%) done
Finished job 131.
11 of 426 steps (3%) done
Finished job 140.
12 of 426 steps (3%) done
Finished job 148.
13 of 426 steps (3%) done

Job 79: >> 239 : Check fastq size 

Job 66: >> 245 : Check fastq size 

Job 72: >> 3062 : Check fastq size 

Finished job 70.
14 of 426 steps (3%) done
Finished job 71.
15 of 426 steps (4%) done
Finished job 79.
16 of 426 steps (4%) done
Finished job 66.
17 of 426 steps (4%) done

Job 76: >> 2973 : Check fastq size 

Finished job 98.
18 of 426 steps (4%) done
Finished job 72.
19 of 426 steps (4%) done

Job 87: >> 3108 : Check fastq size 

Failed to set marker file for job started ([Errno 28] No space left on device). Snakemake will work, but cannot ensure that output files are complete in case of a kill signal or power loss. Please ensure write permissions for the directory /home/PERSONALE/eugenio.fonzi2/WESPipeline/.snakemake

Job 92: >> 246 : Check fastq size 

Failed to set marker file for job started ([Errno 28] No space left on device). Snakemake will work, but cannot ensure that output files are complete in case of a kill signal or power loss. Please ensure write permissions for the directory /home/PERSONALE/eugenio.fonzi2/WESPipeline/.snakemake

Job 93: >> 245 : Trimming

Failed to set marker file for job started ([Errno 28] No space left on device). Snakemake will work, but cannot ensure that output files are complete in case of a kill signal or power loss. Please ensure write permissions for the directory /home/PERSONALE/eugenio.fonzi2/WESPipeline/.snakemake

Job 4: >> 224 : fastqc1

Activating conda environment /home/PERSONALE/eugenio.fonzi2/WESPipeline/.snakemake/conda/e35b1969.

Job 5: >> 3010 : fastqc2

Activating conda environment /home/PERSONALE/eugenio.fonzi2/WESPipeline/.snakemake/conda/e35b1969.

Job 42: >> 239 : fastqc1

Activating conda environment /home/PERSONALE/eugenio.fonzi2/WESPipeline/.snakemake/conda/e35b1969.

Job 26: >> 224 : fastqc2

Activating conda environment /home/PERSONALE/eugenio.fonzi2/WESPipeline/.snakemake/conda/e35b1969.

Job 6: >> 3062 : fastqc2

Activating conda environment /home/PERSONALE/eugenio.fonzi2/WESPipeline/.snakemake/conda/e35b1969.

Job 96: >> 3154 : Trimming

Finished job 93.
20 of 426 steps (5%) done
Finished job 96.
21 of 426 steps (5%) done

Job 95: >> 239 : Trimming


Job 27: >> 3010 : fastqc1

Activating conda environment /home/PERSONALE/eugenio.fonzi2/WESPipeline/.snakemake/conda/e35b1969.

Job 89: >> 3062 : Trimming

Job 38: >> 3154 : fastqc2


Activating conda environment /home/PERSONALE/eugenio.fonzi2/WESPipeline/.snakemake/conda/e35b1969.
Job 58: >> 245 : fastqc2


Job 1: >> 245 : fastqc1
Activating conda environment /home/PERSONALE/eugenio.fonzi2/WESPipeline/.snakemake/conda/e35b1969.


Job 13: >> 3062 : fastqc1
Activating conda environment /home/PERSONALE/eugenio.fonzi2/WESPipeline/.snakemake/conda/e35b1969.


Activating conda environment /home/PERSONALE/eugenio.fonzi2/WESPipeline/.snakemake/conda/e35b1969.
Job 63: >> 3154 : fastqc1


Activating conda environment /home/PERSONALE/eugenio.fonzi2/WESPipeline/.snakemake/conda/e35b1969.
Job 84: >> 3010 : Trimming

Job 86: >> 224 : Trimming

Finished job 95.
22 of 426 steps (5%) done
Finished job 89.
23 of 426 steps (5%) done
Finished job 86.
24 of 426 steps (6%) done

Job 11: >> 239 : fastqc2

Activating conda environment /home/PERSONALE/eugenio.fonzi2/WESPipeline/.snakemake/conda/e35b1969.
Finished job 84.
25 of 426 steps (6%) done
Finished job 76.
26 of 426 steps (6%) done
Finished job 87.
27 of 426 steps (6%) done
Finished job 92.
28 of 426 steps (7%) done

Job 34: >> 239 : fastqc2 on trimmed fastq


Activating conda environment /home/PERSONALE/eugenio.fonzi2/WESPipeline/.snakemake/conda/e35b1969.
Job 458: >> 3062 : Aligning to reference EXOME


Activating conda environment /home/PERSONALE/eugenio.fonzi2/WESPipeline/.snakemake/conda/e35b1969.
Job 456: >> 3154 : Aligning to reference EXOME

Activating conda environment /home/PERSONALE/eugenio.fonzi2/WESPipeline/.snakemake/conda/e35b1969.

Job 73: >> 3108 : Trimming

Job 88: >> 2973 : Trimming

Waiting at most 5 seconds for missing files.
Error in rule map_to_exome:
Error in rule map_to_exome:
    jobid: 456
    jobid: 458
    output: /home/PERSONALE/eugenio.fonzi2/ANALYSES_WES/171222_test_8_bwa_threads/04_alignment_exome/01_intermediate/3154.sam
    output: /home/PERSONALE/eugenio.fonzi2/ANALYSES_WES/171222_test_8_bwa_threads/04_alignment_exome/01_intermediate/3062.sam
    log: /home/PERSONALE/eugenio.fonzi2/ANALYSES_WES/171222_test_8_bwa_threads/04_alignment_exome/logs/3154_alignment.log
    log: /home/PERSONALE/eugenio.fonzi2/ANALYSES_WES/171222_test_8_bwa_threads/04_alignment_exome/logs/3062_alignment.log


RuleException:
CalledProcessError in line 813 of /home/PERSONALE/eugenio.fonzi2/WESPipeline/snakefile_01.py:
Command 'source activate /home/PERSONALE/eugenio.fonzi2/WESPipeline/.snakemake/conda/e35b1969; set -euo pipefail;  bwa mem -M -t 8 -R '@RG\tID:3154\tSM:3154\tPL:illumina\tLB:nextera\tPU:PE' /home/PERSONALE/eugenio.fonzi2/data_ref/nextera.fasta /home/PERSONALE/eugenio.fonzi2/ANALYSES_WES/171222_test_8_bwa_threads/02_fastq_trimmed/3154_R1.fastq /home/PERSONALE/eugenio.fonzi2/ANALYSES_WES/171222_test_8_bwa_threads/02_fastq_trimmed/3154_R2.fastq > /home/PERSONALE/eugenio.fonzi2/ANALYSES_WES/171222_test_8_bwa_threads/04_alignment_exome/01_intermediate/3154.sam 2> /home/PERSONALE/eugenio.fonzi2/ANALYSES_WES/171222_test_8_bwa_threads/04_alignment_exome/logs/3154_alignment.log ' returned non-zero exit status 1.
  File "/home/PERSONALE/eugenio.fonzi2/WESPipeline/snakefile_01.py", line 813, in __rule_map_to_exome
  File "/home/PERSONALE/eugenio.fonzi2/miniconda3/lib/python3.6/concurrent/futures/thread.py", line 56, in run
RuleException:
CalledProcessError in line 813 of /home/PERSONALE/eugenio.fonzi2/WESPipeline/snakefile_01.py:
Command 'source activate /home/PERSONALE/eugenio.fonzi2/WESPipeline/.snakemake/conda/e35b1969; set -euo pipefail;  bwa mem -M -t 8 -R '@RG\tID:3062\tSM:3062\tPL:illumina\tLB:nextera\tPU:PE' /home/PERSONALE/eugenio.fonzi2/data_ref/nextera.fasta /home/PERSONALE/eugenio.fonzi2/ANALYSES_WES/171222_test_8_bwa_threads/02_fastq_trimmed/3062_R1.fastq /home/PERSONALE/eugenio.fonzi2/ANALYSES_WES/171222_test_8_bwa_threads/02_fastq_trimmed/3062_R2.fastq > /home/PERSONALE/eugenio.fonzi2/ANALYSES_WES/171222_test_8_bwa_threads/04_alignment_exome/01_intermediate/3062.sam 2> /home/PERSONALE/eugenio.fonzi2/ANALYSES_WES/171222_test_8_bwa_threads/04_alignment_exome/logs/3062_alignment.log ' returned non-zero exit status 1.
  File "/home/PERSONALE/eugenio.fonzi2/WESPipeline/snakefile_01.py", line 813, in __rule_map_to_exome
  File "/home/PERSONALE/eugenio.fonzi2/miniconda3/lib/python3.6/concurrent/futures/thread.py", line 56, in run
Removing output files of failed job fastqc_R1 since they might be corrupted:
/home/PERSONALE/eugenio.fonzi2/ANALYSES_WES/171222_test_8_bwa_threads/01_fastq/03_fastqc/224_R1_fastqc.zip
Waiting at most 5 seconds for missing files.
Removing output files of failed job fastqc_R2 since they might be corrupted:
/home/PERSONALE/eugenio.fonzi2/ANALYSES_WES/171222_test_8_bwa_threads/01_fastq/03_fastqc/3010_R2_fastqc.zip
Waiting at most 5 seconds for missing files.
Removing output files of failed job fastqc_R1 since they might be corrupted:
/home/PERSONALE/eugenio.fonzi2/ANALYSES_WES/171222_test_8_bwa_threads/01_fastq/03_fastqc/239_R1_fastqc.zip
Waiting at most 5 seconds for missing files.
Removing output files of failed job fastqc_R2 since they might be corrupted:
/home/PERSONALE/eugenio.fonzi2/ANALYSES_WES/171222_test_8_bwa_threads/01_fastq/03_fastqc/224_R2_fastqc.zip
Waiting at most 5 seconds for missing files.
Removing output files of failed job fastqc_R2 since they might be corrupted:
/home/PERSONALE/eugenio.fonzi2/ANALYSES_WES/171222_test_8_bwa_threads/01_fastq/03_fastqc/3062_R2_fastqc.zip
Finished job 73.
29 of 426 steps (7%) done
Finished job 88.
30 of 426 steps (7%) done
Waiting at most 5 seconds for missing files.
Removing output files of failed job fastqc_R1 since they might be corrupted:
/home/PERSONALE/eugenio.fonzi2/ANALYSES_WES/171222_test_8_bwa_threads/01_fastq/03_fastqc/3062_R1_fastqc.zip
Waiting at most 5 seconds for missing files.
Removing output files of failed job fastqc_R1 since they might be corrupted:
/home/PERSONALE/eugenio.fonzi2/ANALYSES_WES/171222_test_8_bwa_threads/01_fastq/03_fastqc/3010_R1_fastqc.zip
Waiting at most 5 seconds for missing files.
Removing output files of failed job fastqc_R2 since they might be corrupted:
/home/PERSONALE/eugenio.fonzi2/ANALYSES_WES/171222_test_8_bwa_threads/01_fastq/03_fastqc/3154_R2_fastqc.zip
Waiting at most 5 seconds for missing files.
Removing output files of failed job fastqc_R1 since they might be corrupted:
/home/PERSONALE/eugenio.fonzi2/ANALYSES_WES/171222_test_8_bwa_threads/01_fastq/03_fastqc/3154_R1_fastqc.zip
Waiting at most 5 seconds for missing files.
Removing output files of failed job fastqc_R1 since they might be corrupted:
/home/PERSONALE/eugenio.fonzi2/ANALYSES_WES/171222_test_8_bwa_threads/01_fastq/03_fastqc/245_R1_fastqc.zip
Waiting at most 5 seconds for missing files.
Removing output files of failed job fastqc_R2 since they might be corrupted:
/home/PERSONALE/eugenio.fonzi2/ANALYSES_WES/171222_test_8_bwa_threads/01_fastq/03_fastqc/245_R2_fastqc.zip
Waiting at most 5 seconds for missing files.
Removing output files of failed job fastqc_R2 since they might be corrupted:
/home/PERSONALE/eugenio.fonzi2/ANALYSES_WES/171222_test_8_bwa_threads/01_fastq/03_fastqc/239_R2_fastqc.zip
Waiting at most 5 seconds for missing files.
Removing output files of failed job fastqc_trimmed_R2 since they might be corrupted:
/home/PERSONALE/eugenio.fonzi2/ANALYSES_WES/171222_test_8_bwa_threads/02_fastq_trimmed/01_fastqc/239_R2_fastqc.zip
Removing output files of failed job map_to_exome since they might be corrupted:
/home/PERSONALE/eugenio.fonzi2/ANALYSES_WES/171222_test_8_bwa_threads/04_alignment_exome/01_intermediate/3154.sam
Removing output files of failed job map_to_exome since they might be corrupted:
/home/PERSONALE/eugenio.fonzi2/ANALYSES_WES/171222_test_8_bwa_threads/04_alignment_exome/01_intermediate/3062.sam
Will exit after finishing currently running jobs.
Will exit after finishing currently running jobs.
Will exit after finishing currently running jobs.
Will exit after finishing currently running jobs.
Will exit after finishing currently running jobs.
Will exit after finishing currently running jobs.
Will exit after finishing currently running jobs.
Will exit after finishing currently running jobs.
Will exit after finishing currently running jobs.
Will exit after finishing currently running jobs.
Will exit after finishing currently running jobs.
Will exit after finishing currently running jobs.
Will exit after finishing currently running jobs.
Will exit after finishing currently running jobs.
Will exit after finishing currently running jobs.
Will exit after finishing currently running jobs.
Will exit after finishing currently running jobs.
Removing temporary output file /home/PERSONALE/eugenio.fonzi2/ANALYSES_WES/171222_test_8_bwa_threads/01_fastq/02_postprocess/242_R1.fastq.
Removing temporary output file /home/PERSONALE/eugenio.fonzi2/ANALYSES_WES/171222_test_8_bwa_threads/01_fastq/02_postprocess/242_R2.fastq.
Finished job 69.
31 of 426 steps (7%) done
Will exit after finishing currently running jobs.
Exiting because a job execution failed. Look above for error message
Complete log: .snakemake/log/2017-12-23T191649.369144.snakemake.log
