Building DAG of jobs...
Provided cores: 32
Rules claiming more threads will be scaled down.
Job counts:
	count	jobs
	8	AnalyzeCovariates_MT
	8	AnalyzeCovariates_genome
	8	BaseRecal_MT
	8	BaseRecal_genome
	8	IndelRealigner_MT
	8	IndelRealigner_genome
	4	KeepOnlyVariants
	4	MergeMutectVarscan
	4	MergeWriteVariants
	4	MutectSplitVariants
	8	PostRecalTable_MT
	8	PostRecalTable_genome
	8	PrintReads_MT
	8	PrintReads_genome
	8	RTC_MT
	8	RTC_genome
	4	Remove_segdups
	4	VarscanSplitVariants
	1	all
	4	annovar_MT_mutect
	4	annovar_MT_varscan
	4	annovar_genome_mutect
	4	annovar_genome_varscan
	4	checkMAFs
	4	create_rsID_table
	8	downloadDecompressMergeFastq
	8	extractUnmapped_convert
	8	extractUnmapped_extract
	8	fastq_checkpoint
	8	fastqc_R1
	8	fastqc_R2
	8	fastqc_trimmed_R1
	8	fastqc_trimmed_R2
	4	filterExonicPolymorphic
	4	filterSomatic_Indel
	4	filterSomatic_SNV
	8	indexing_MT
	8	indexing_genome
	8	map_to_MT
	8	map_to_exome
	8	map_to_genome
	8	marking_MT
	8	marking_genome
	4	muTect_MT
	4	muTect_genome
	8	sorting_MT
	8	sorting_exome
	8	sorting_genome
	8	trim
	4	varscan_MT_patient
	8	varscan_MT_sample
	4	varscan_genome_patient
	8	varscan_genome_sample
	341

Job 118: >> 07 : downloading, decompressing and merging fastq 

Job 114: >> 03 : downloading, decompressing and merging fastq 

Job 113: >> 01 : downloading, decompressing and merging fastq 

Job 106: >> 06 : downloading, decompressing and merging fastq 

Job 117: >> 05 : downloading, decompressing and merging fastq 


Job 105: >> 04 : downloading, decompressing and merging fastq 


Job 112: >> 02 : downloading, decompressing and merging fastq 

Job 122: >> 08 : downloading, decompressing and merging fastq 

Finished job 106.
1 of 341 steps (0.29%) done

Job 55: >> 06 : Check fastq size 

Finished job 105.
2 of 341 steps (0.59%) done

Job 54: >> 04 : Check fastq size 

Finished job 122.
3 of 341 steps (0.88%) done

Job 79: >> 08 : Check fastq size 

Finished job 55.
4 of 341 steps (1%) done

Job 30: >> 06 : fastqc1

Activating conda environment /home/PERSONALE/eugenio.fonzi2/WESPipeline/.snakemake/conda/e35b1969.

Job 64: >> 06 : Trimming


Job 3: >> 06 : fastqc2

Activating conda environment /home/PERSONALE/eugenio.fonzi2/WESPipeline/.snakemake/conda/e35b1969.
Finished job 54.
5 of 341 steps (1%) done

Job 2: >> 04 : fastqc2

Activating conda environment /home/PERSONALE/eugenio.fonzi2/WESPipeline/.snakemake/conda/e35b1969.

Job 62: >> 04 : Trimming


Job 29: >> 04 : fastqc1

Activating conda environment /home/PERSONALE/eugenio.fonzi2/WESPipeline/.snakemake/conda/e35b1969.
Finished job 79.
6 of 341 steps (2%) done

Job 41: >> 08 : fastqc1

Activating conda environment /home/PERSONALE/eugenio.fonzi2/WESPipeline/.snakemake/conda/e35b1969.

Job 56: >> 08 : Trimming


Job 27: >> 08 : fastqc2

Activating conda environment /home/PERSONALE/eugenio.fonzi2/WESPipeline/.snakemake/conda/e35b1969.
Finished job 112.
7 of 341 steps (2%) done

Job 63: >> 02 : Check fastq size 

Finished job 63.
8 of 341 steps (2%) done

Job 9: >> 02 : fastqc1

Activating conda environment /home/PERSONALE/eugenio.fonzi2/WESPipeline/.snakemake/conda/e35b1969.

Job 59: >> 02 : Trimming


Job 12: >> 02 : fastqc2

Activating conda environment /home/PERSONALE/eugenio.fonzi2/WESPipeline/.snakemake/conda/e35b1969.
Finished job 2.
9 of 341 steps (3%) done
Finished job 41.
10 of 341 steps (3%) done
Finished job 29.
11 of 341 steps (3%) done
Finished job 3.
12 of 341 steps (4%) done
Finished job 30.
13 of 341 steps (4%) done
Finished job 27.
14 of 341 steps (4%) done
Finished job 12.
15 of 341 steps (4%) done
Finished job 9.
16 of 341 steps (5%) done
Finished job 114.
17 of 341 steps (5%) done

Job 66: >> 03 : Check fastq size 

Finished job 66.
18 of 341 steps (5%) done

Job 22: >> 03 : fastqc1

Activating conda environment /home/PERSONALE/eugenio.fonzi2/WESPipeline/.snakemake/conda/e35b1969.

Job 53: >> 03 : Trimming


Job 14: >> 03 : fastqc2

Activating conda environment /home/PERSONALE/eugenio.fonzi2/WESPipeline/.snakemake/conda/e35b1969.
Finished job 117.
19 of 341 steps (6%) done

Job 71: >> 05 : Check fastq size 

Finished job 113.
20 of 341 steps (6%) done

Job 65: >> 01 : Check fastq size 

Finished job 71.
21 of 341 steps (6%) done

Job 17: >> 05 : fastqc1

Activating conda environment /home/PERSONALE/eugenio.fonzi2/WESPipeline/.snakemake/conda/e35b1969.

Job 80: >> 05 : Trimming


Job 47: >> 05 : fastqc2

Activating conda environment /home/PERSONALE/eugenio.fonzi2/WESPipeline/.snakemake/conda/e35b1969.
Finished job 65.
22 of 341 steps (6%) done

Job 11: >> 01 : fastqc1


Activating conda environment /home/PERSONALE/eugenio.fonzi2/WESPipeline/.snakemake/conda/e35b1969.
Job 20: >> 01 : fastqc2


Activating conda environment /home/PERSONALE/eugenio.fonzi2/WESPipeline/.snakemake/conda/e35b1969.
Job 81: >> 01 : Trimming

Finished job 14.
23 of 341 steps (7%) done
Finished job 47.
24 of 341 steps (7%) done
Finished job 11.
25 of 341 steps (7%) done
Finished job 17.
26 of 341 steps (8%) done
Finished job 118.
27 of 341 steps (8%) done

Job 72: >> 07 : Check fastq size 

Finished job 72.
28 of 341 steps (8%) done

Job 18: >> 07 : fastqc2


Activating conda environment /home/PERSONALE/eugenio.fonzi2/WESPipeline/.snakemake/conda/e35b1969.
Job 98: >> 07 : Trimming

Job 19: >> 07 : fastqc1

Activating conda environment /home/PERSONALE/eugenio.fonzi2/WESPipeline/.snakemake/conda/e35b1969.
Finished job 22.
29 of 341 steps (9%) done
Finished job 20.
30 of 341 steps (9%) done
Finished job 18.
31 of 341 steps (9%) done
Finished job 19.
32 of 341 steps (9%) done
Removing temporary output file /home/PERSONALE/eugenio.fonzi2/ANALYSES_WES/171228_test_threads_6_patients_4/01_fastq/02_postprocess/08_R1.fastq.
Removing temporary output file /home/PERSONALE/eugenio.fonzi2/ANALYSES_WES/171228_test_threads_6_patients_4/01_fastq/02_postprocess/08_R2.fastq.
Finished job 56.
33 of 341 steps (10%) done

Job 303: >> 08 : Aligning to reference NUCLEAR GENOME


Activating conda environment /home/PERSONALE/eugenio.fonzi2/WESPipeline/.snakemake/conda/e35b1969.
Job 368: >> 08 : Aligning to reference EXOME


Job 4: >> 08 : fastqc1 on trimmed fastq
Activating conda environment /home/PERSONALE/eugenio.fonzi2/WESPipeline/.snakemake/conda/e35b1969.


Activating conda environment /home/PERSONALE/eugenio.fonzi2/WESPipeline/.snakemake/conda/e35b1969.
Job 13: >> 08 : fastqc2 on trimmed fastq

Activating conda environment /home/PERSONALE/eugenio.fonzi2/WESPipeline/.snakemake/conda/e35b1969.
Removing temporary output file /home/PERSONALE/eugenio.fonzi2/ANALYSES_WES/171228_test_threads_6_patients_4/01_fastq/02_postprocess/04_R2.fastq.
Removing temporary output file /home/PERSONALE/eugenio.fonzi2/ANALYSES_WES/171228_test_threads_6_patients_4/01_fastq/02_postprocess/04_R1.fastq.
Finished job 62.
34 of 341 steps (10%) done

Job 276: >> 04 : Aligning to reference NUCLEAR GENOME


Activating conda environment /home/PERSONALE/eugenio.fonzi2/WESPipeline/.snakemake/conda/e35b1969.
Job 367: >> 04 : Aligning to reference EXOME

Activating conda environment /home/PERSONALE/eugenio.fonzi2/WESPipeline/.snakemake/conda/e35b1969.
Removing temporary output file /home/PERSONALE/eugenio.fonzi2/ANALYSES_WES/171228_test_threads_6_patients_4/01_fastq/02_postprocess/02_R2.fastq.
Removing temporary output file /home/PERSONALE/eugenio.fonzi2/ANALYSES_WES/171228_test_threads_6_patients_4/01_fastq/02_postprocess/02_R1.fastq.
Finished job 59.
35 of 341 steps (10%) done

Job 8: >> 04 : fastqc1 on trimmed fastq

Activating conda environment /home/PERSONALE/eugenio.fonzi2/WESPipeline/.snakemake/conda/e35b1969.
Removing temporary output file /home/PERSONALE/eugenio.fonzi2/ANALYSES_WES/171228_test_threads_6_patients_4/01_fastq/02_postprocess/06_R1.fastq.
Removing temporary output file /home/PERSONALE/eugenio.fonzi2/ANALYSES_WES/171228_test_threads_6_patients_4/01_fastq/02_postprocess/06_R2.fastq.
Finished job 64.
36 of 341 steps (11%) done

Job 10: >> 06 : fastqc1 on trimmed fastq

Activating conda environment /home/PERSONALE/eugenio.fonzi2/WESPipeline/.snakemake/conda/e35b1969.
Finished job 13.
37 of 341 steps (11%) done

Job 25: >> 02 : fastqc1 on trimmed fastq

Activating conda environment /home/PERSONALE/eugenio.fonzi2/WESPipeline/.snakemake/conda/e35b1969.
Finished job 4.
38 of 341 steps (11%) done

Job 6: >> 02 : fastqc2 on trimmed fastq

Activating conda environment /home/PERSONALE/eugenio.fonzi2/WESPipeline/.snakemake/conda/e35b1969.
Finished job 8.
39 of 341 steps (11%) done

Job 35: >> 04 : fastqc2 on trimmed fastq

Activating conda environment /home/PERSONALE/eugenio.fonzi2/WESPipeline/.snakemake/conda/e35b1969.
Finished job 25.
40 of 341 steps (12%) done

Job 21: >> 06 : fastqc2 on trimmed fastq

Activating conda environment /home/PERSONALE/eugenio.fonzi2/WESPipeline/.snakemake/conda/e35b1969.
Finished job 6.
41 of 341 steps (12%) done
Finished job 10.
42 of 341 steps (12%) done
Finished job 35.
43 of 341 steps (13%) done
Finished job 21.
44 of 341 steps (13%) done
Finished job 368.
45 of 341 steps (13%) done

Job 373: >> 06 : Aligning to reference EXOME


Activating conda environment /home/PERSONALE/eugenio.fonzi2/WESPipeline/.snakemake/conda/e35b1969.
Job 360: >> 08 : sorting exome

Activating conda environment /home/PERSONALE/eugenio.fonzi2/WESPipeline/.snakemake/conda/e35b1969.
Finished job 367.
46 of 341 steps (13%) done

Job 359: >> 04 : sorting exome


Activating conda environment /home/PERSONALE/eugenio.fonzi2/WESPipeline/.snakemake/conda/e35b1969.
Job 371: >> 02 : Aligning to reference EXOME

Activating conda environment /home/PERSONALE/eugenio.fonzi2/WESPipeline/.snakemake/conda/e35b1969.
Removing temporary output file /home/PERSONALE/eugenio.fonzi2/ANALYSES_WES/171228_test_threads_6_patients_4/02_fastq_trimmed/08_R2.fastq.
Removing temporary output file /home/PERSONALE/eugenio.fonzi2/ANALYSES_WES/171228_test_threads_6_patients_4/02_fastq_trimmed/08_R1.fastq.
Finished job 303.
47 of 341 steps (14%) done

Job 290: >> 02 : Aligning to reference NUCLEAR GENOME


Activating conda environment /home/PERSONALE/eugenio.fonzi2/WESPipeline/.snakemake/conda/e35b1969.
Job 265: >> 08 : sorting genome

Activating conda environment /home/PERSONALE/eugenio.fonzi2/WESPipeline/.snakemake/conda/e35b1969.
Removing temporary output file /home/PERSONALE/eugenio.fonzi2/ANALYSES_WES/171228_test_threads_6_patients_4/02_fastq_trimmed/04_R2.fastq.
Removing temporary output file /home/PERSONALE/eugenio.fonzi2/ANALYSES_WES/171228_test_threads_6_patients_4/02_fastq_trimmed/04_R1.fastq.
Finished job 276.
48 of 341 steps (14%) done

Job 227: >> 04 : sorting genome


Job 287: >> 06 : Aligning to reference NUCLEAR GENOME

Activating conda environment /home/PERSONALE/eugenio.fonzi2/WESPipeline/.snakemake/conda/e35b1969.
Activating conda environment /home/PERSONALE/eugenio.fonzi2/WESPipeline/.snakemake/conda/e35b1969.
Finished job 373.
49 of 341 steps (14%) done

Job 365: >> 06 : sorting exome

Activating conda environment /home/PERSONALE/eugenio.fonzi2/WESPipeline/.snakemake/conda/e35b1969.
Removing temporary output file /home/PERSONALE/eugenio.fonzi2/ANALYSES_WES/171228_test_threads_6_patients_4/04_alignment_exome/01_intermediate/08.sam.
Finished job 360.
50 of 341 steps (15%) done

Job 352: >> 08 : extractUnmapped extract

Activating conda environment /home/PERSONALE/eugenio.fonzi2/WESPipeline/.snakemake/conda/e35b1969.
Removing temporary output file /home/PERSONALE/eugenio.fonzi2/ANALYSES_WES/171228_test_threads_6_patients_4/04_alignment_exome/01_intermediate/04.sam.
Finished job 359.
51 of 341 steps (15%) done

Job 351: >> 04 : extractUnmapped extract

Activating conda environment /home/PERSONALE/eugenio.fonzi2/WESPipeline/.snakemake/conda/e35b1969.
Finished job 371.
52 of 341 steps (15%) done

Job 363: >> 02 : sorting exome

Activating conda environment /home/PERSONALE/eugenio.fonzi2/WESPipeline/.snakemake/conda/e35b1969.
Removing temporary output file /home/PERSONALE/eugenio.fonzi2/ANALYSES_WES/171228_test_threads_6_patients_4/04_alignment_exome/01_intermediate/08_sorted.bam.
Finished job 352.
53 of 341 steps (16%) done

Job 308: >> 08 : extractUnmapped convert

Activating conda environment /home/PERSONALE/eugenio.fonzi2/WESPipeline/.snakemake/conda/e35b1969.
Removing temporary output file /home/PERSONALE/eugenio.fonzi2/ANALYSES_WES/171228_test_threads_6_patients_4/04_alignment_exome/01_intermediate/04_sorted.bam.
Finished job 351.
54 of 341 steps (16%) done

Job 307: >> 04 : extractUnmapped convert

Activating conda environment /home/PERSONALE/eugenio.fonzi2/WESPipeline/.snakemake/conda/e35b1969.
Removing temporary output file /home/PERSONALE/eugenio.fonzi2/ANALYSES_WES/171228_test_threads_6_patients_4/03_alignment_genome/01_intermediate/08.sam.
Finished job 265.
55 of 341 steps (16%) done

Job 213: >> 08 : marking genome

Activating conda environment /home/PERSONALE/eugenio.fonzi2/WESPipeline/.snakemake/conda/e35b1969.
Removing temporary output file /home/PERSONALE/eugenio.fonzi2/ANALYSES_WES/171228_test_threads_6_patients_4/03_alignment_genome/01_intermediate/04.sam.
Finished job 227.
56 of 341 steps (16%) done

Job 158: >> 04 : marking genome

Activating conda environment /home/PERSONALE/eugenio.fonzi2/WESPipeline/.snakemake/conda/e35b1969.
Removing temporary output file /home/PERSONALE/eugenio.fonzi2/ANALYSES_WES/171228_test_threads_6_patients_4/04_alignment_exome/01_intermediate/08_unmapped.bam.
Finished job 308.
57 of 341 steps (17%) done

Job 274: >> 08 : Aligning to reference MITOCHONDRIAL GENOME

Activating conda environment /home/PERSONALE/eugenio.fonzi2/WESPipeline/.snakemake/conda/e35b1969.
Removing temporary output file /home/PERSONALE/eugenio.fonzi2/ANALYSES_WES/171228_test_threads_6_patients_4/04_alignment_exome/01_intermediate/04_unmapped.bam.
Finished job 307.
58 of 341 steps (17%) done

Job 273: >> 04 : Aligning to reference MITOCHONDRIAL GENOME

Activating conda environment /home/PERSONALE/eugenio.fonzi2/WESPipeline/.snakemake/conda/e35b1969.
Removing temporary output file /home/PERSONALE/eugenio.fonzi2/ANALYSES_WES/171228_test_threads_6_patients_4/04_alignment_exome/02_unmapped_fastq/08_R1.unmapped.fastq.
Removing temporary output file /home/PERSONALE/eugenio.fonzi2/ANALYSES_WES/171228_test_threads_6_patients_4/04_alignment_exome/02_unmapped_fastq/08_R2.unmapped.fastq.
Finished job 274.
59 of 341 steps (17%) done

Job 225: >> 08 : sorting MT

Activating conda environment /home/PERSONALE/eugenio.fonzi2/WESPipeline/.snakemake/conda/e35b1969.
Removing temporary output file /home/PERSONALE/eugenio.fonzi2/ANALYSES_WES/171228_test_threads_6_patients_4/04_alignment_exome/01_intermediate/06.sam.
Finished job 365.
60 of 341 steps (18%) done

Job 357: >> 06 : extractUnmapped extract

Activating conda environment /home/PERSONALE/eugenio.fonzi2/WESPipeline/.snakemake/conda/e35b1969.
Removing temporary output file /home/PERSONALE/eugenio.fonzi2/ANALYSES_WES/171228_test_threads_6_patients_4/04_alignment_exome/02_unmapped_fastq/04_R1.unmapped.fastq.
Removing temporary output file /home/PERSONALE/eugenio.fonzi2/ANALYSES_WES/171228_test_threads_6_patients_4/04_alignment_exome/02_unmapped_fastq/04_R2.unmapped.fastq.
Finished job 273.
61 of 341 steps (18%) done

Job 224: >> 04 : sorting MT

Activating conda environment /home/PERSONALE/eugenio.fonzi2/WESPipeline/.snakemake/conda/e35b1969.
Removing temporary output file /home/PERSONALE/eugenio.fonzi2/ANALYSES_WES/171228_test_threads_6_patients_4/04_alignment_exome/01_intermediate/02.sam.
Finished job 363.
62 of 341 steps (18%) done

Job 355: >> 02 : extractUnmapped extract

Activating conda environment /home/PERSONALE/eugenio.fonzi2/WESPipeline/.snakemake/conda/e35b1969.
Removing temporary output file /home/PERSONALE/eugenio.fonzi2/ANALYSES_WES/171228_test_threads_6_patients_4/05_alignment_MT/01_intermediate/08.sam.
Finished job 225.
63 of 341 steps (18%) done

Job 154: >> 08 : marking MT

Activating conda environment /home/PERSONALE/eugenio.fonzi2/WESPipeline/.snakemake/conda/e35b1969.
Removing temporary output file /home/PERSONALE/eugenio.fonzi2/ANALYSES_WES/171228_test_threads_6_patients_4/02_fastq_trimmed/06_R2.fastq.
Removing temporary output file /home/PERSONALE/eugenio.fonzi2/ANALYSES_WES/171228_test_threads_6_patients_4/02_fastq_trimmed/06_R1.fastq.
Finished job 287.
64 of 341 steps (19%) done

Job 247: >> 06 : sorting genome

Activating conda environment /home/PERSONALE/eugenio.fonzi2/WESPipeline/.snakemake/conda/e35b1969.
Removing temporary output file /home/PERSONALE/eugenio.fonzi2/ANALYSES_WES/171228_test_threads_6_patients_4/02_fastq_trimmed/02_R2.fastq.
Removing temporary output file /home/PERSONALE/eugenio.fonzi2/ANALYSES_WES/171228_test_threads_6_patients_4/02_fastq_trimmed/02_R1.fastq.
Finished job 290.
65 of 341 steps (19%) done

Job 250: >> 02 : sorting genome

Activating conda environment /home/PERSONALE/eugenio.fonzi2/WESPipeline/.snakemake/conda/e35b1969.
Removing temporary output file /home/PERSONALE/eugenio.fonzi2/ANALYSES_WES/171228_test_threads_6_patients_4/05_alignment_MT/01_intermediate/04.sam.
Finished job 224.
66 of 341 steps (19%) done

Job 149: >> 04 : marking MT

Activating conda environment /home/PERSONALE/eugenio.fonzi2/WESPipeline/.snakemake/conda/e35b1969.
Removing temporary output file /home/PERSONALE/eugenio.fonzi2/ANALYSES_WES/171228_test_threads_6_patients_4/05_alignment_MT/01_intermediate/08_sorted.bam.
Finished job 154.
67 of 341 steps (20%) done

Job 152: >> 08 : indexing MT

Activating conda environment /home/PERSONALE/eugenio.fonzi2/WESPipeline/.snakemake/conda/e35b1969.
Removing temporary output file /home/PERSONALE/eugenio.fonzi2/ANALYSES_WES/171228_test_threads_6_patients_4/03_alignment_genome/01_intermediate/08_sorted.bam.
Finished job 213.
68 of 341 steps (20%) done

Job 212: >> 08 : indexing genome

Activating conda environment /home/PERSONALE/eugenio.fonzi2/WESPipeline/.snakemake/conda/e35b1969.
Finished job 152.
69 of 341 steps (20%) done

Job 153: >> 08 : RTC MT

Activating conda environment /home/PERSONALE/eugenio.fonzi2/WESPipeline/.snakemake/conda/e35b1969.
Finished job 153.
70 of 341 steps (21%) done

Job 116: >> 08 : IndelRealigner MT

Activating conda environment /home/PERSONALE/eugenio.fonzi2/WESPipeline/.snakemake/conda/e35b1969.
Removing temporary output file /home/PERSONALE/eugenio.fonzi2/ANALYSES_WES/171228_test_threads_6_patients_4/03_alignment_genome/01_intermediate/04_sorted.bam.
Finished job 158.
71 of 341 steps (21%) done

Job 159: >> 04 : indexing genome

Activating conda environment /home/PERSONALE/eugenio.fonzi2/WESPipeline/.snakemake/conda/e35b1969.
Removing temporary output file /home/PERSONALE/eugenio.fonzi2/ANALYSES_WES/171228_test_threads_6_patients_4/05_alignment_MT/01_intermediate/04_sorted.bam.
Finished job 149.
72 of 341 steps (21%) done

Job 151: >> 04 : indexing MT

Activating conda environment /home/PERSONALE/eugenio.fonzi2/WESPipeline/.snakemake/conda/e35b1969.
Finished job 212.
73 of 341 steps (21%) done

Job 214: >> 08 : RTC genome

Activating conda environment /home/PERSONALE/eugenio.fonzi2/WESPipeline/.snakemake/conda/e35b1969.
Finished job 151.
74 of 341 steps (22%) done

Job 150: >> 04 : RTC MT

Activating conda environment /home/PERSONALE/eugenio.fonzi2/WESPipeline/.snakemake/conda/e35b1969.
Finished job 150.
75 of 341 steps (22%) done

Job 115: >> 04 : IndelRealigner MT

Activating conda environment /home/PERSONALE/eugenio.fonzi2/WESPipeline/.snakemake/conda/e35b1969.
Finished job 159.
76 of 341 steps (22%) done

Job 160: >> 04 : RTC genome

Activating conda environment /home/PERSONALE/eugenio.fonzi2/WESPipeline/.snakemake/conda/e35b1969.
Removing temporary output file /home/PERSONALE/eugenio.fonzi2/ANALYSES_WES/171228_test_threads_6_patients_4/01_fastq/02_postprocess/03_R2.fastq.
Removing temporary output file /home/PERSONALE/eugenio.fonzi2/ANALYSES_WES/171228_test_threads_6_patients_4/01_fastq/02_postprocess/03_R1.fastq.
Finished job 53.
77 of 341 steps (23%) done

Job 1: >> 03 : fastqc1 on trimmed fastq


Activating conda environment /home/PERSONALE/eugenio.fonzi2/WESPipeline/.snakemake/conda/e35b1969.
Job 369: >> 03 : Aligning to reference EXOME


Activating conda environment /home/PERSONALE/eugenio.fonzi2/WESPipeline/.snakemake/conda/e35b1969.
Job 33: >> 03 : fastqc2 on trimmed fastq

Activating conda environment /home/PERSONALE/eugenio.fonzi2/WESPipeline/.snakemake/conda/e35b1969.
Finished job 214.
78 of 341 steps (23%) done

Job 277: >> 03 : Aligning to reference NUCLEAR GENOME


Activating conda environment /home/PERSONALE/eugenio.fonzi2/WESPipeline/.snakemake/conda/e35b1969.
Job 139: >> 08 : IndelRealigner genome

Activating conda environment /home/PERSONALE/eugenio.fonzi2/WESPipeline/.snakemake/conda/e35b1969.
Removing temporary output file /home/PERSONALE/eugenio.fonzi2/ANALYSES_WES/171228_test_threads_6_patients_4/04_alignment_exome/01_intermediate/06_sorted.bam.
Finished job 357.
79 of 341 steps (23%) done

Job 349: >> 06 : extractUnmapped convert

Activating conda environment /home/PERSONALE/eugenio.fonzi2/WESPipeline/.snakemake/conda/e35b1969.
Removing temporary output file /home/PERSONALE/eugenio.fonzi2/ANALYSES_WES/171228_test_threads_6_patients_4/01_fastq/02_postprocess/05_R1.fastq.
Removing temporary output file /home/PERSONALE/eugenio.fonzi2/ANALYSES_WES/171228_test_threads_6_patients_4/01_fastq/02_postprocess/05_R2.fastq.
Finished job 80.
80 of 341 steps (23%) done

Job 45: >> 05 : fastqc2 on trimmed fastq


Activating conda environment /home/PERSONALE/eugenio.fonzi2/WESPipeline/.snakemake/conda/e35b1969.
Job 28: >> 05 : fastqc1 on trimmed fastq

Activating conda environment /home/PERSONALE/eugenio.fonzi2/WESPipeline/.snakemake/conda/e35b1969.
Removing temporary output file /home/PERSONALE/eugenio.fonzi2/ANALYSES_WES/171228_test_threads_6_patients_4/01_fastq/02_postprocess/01_R2.fastq.
Removing temporary output file /home/PERSONALE/eugenio.fonzi2/ANALYSES_WES/171228_test_threads_6_patients_4/01_fastq/02_postprocess/01_R1.fastq.
Finished job 81.
81 of 341 steps (24%) done

Job 36: >> 01 : fastqc2 on trimmed fastq


Activating conda environment /home/PERSONALE/eugenio.fonzi2/WESPipeline/.snakemake/conda/e35b1969.
Job 31: >> 01 : fastqc1 on trimmed fastq

Activating conda environment /home/PERSONALE/eugenio.fonzi2/WESPipeline/.snakemake/conda/e35b1969.
Removing temporary output file /home/PERSONALE/eugenio.fonzi2/ANALYSES_WES/171228_test_threads_6_patients_4/04_alignment_exome/01_intermediate/02_sorted.bam.
Finished job 355.
82 of 341 steps (24%) done

Job 331: >> 02 : extractUnmapped convert

Activating conda environment /home/PERSONALE/eugenio.fonzi2/WESPipeline/.snakemake/conda/e35b1969.
Finished job 160.
83 of 341 steps (24%) done

Job 372: >> 01 : Aligning to reference EXOME

Activating conda environment /home/PERSONALE/eugenio.fonzi2/WESPipeline/.snakemake/conda/e35b1969.
Removing temporary output file /home/PERSONALE/eugenio.fonzi2/ANALYSES_WES/171228_test_threads_6_patients_4/05_alignment_MT/01_intermediate/08_marked.bai.
Removing temporary output file /home/PERSONALE/eugenio.fonzi2/ANALYSES_WES/171228_test_threads_6_patients_4/05_alignment_MT/01_intermediate/08_marked.bam.
Finished job 116.
84 of 341 steps (25%) done

Job 120: >> 04 : IndelRealigner genome

Activating conda environment /home/PERSONALE/eugenio.fonzi2/WESPipeline/.snakemake/conda/e35b1969.
Finished job 33.
85 of 341 steps (25%) done
Removing temporary output file /home/PERSONALE/eugenio.fonzi2/ANALYSES_WES/171228_test_threads_6_patients_4/04_alignment_exome/01_intermediate/06_unmapped.bam.
Finished job 349.
86 of 341 steps (25%) done
Finished job 1.
87 of 341 steps (26%) done
Removing temporary output file /home/PERSONALE/eugenio.fonzi2/ANALYSES_WES/171228_test_threads_6_patients_4/01_fastq/02_postprocess/07_R2.fastq.
Removing temporary output file /home/PERSONALE/eugenio.fonzi2/ANALYSES_WES/171228_test_threads_6_patients_4/01_fastq/02_postprocess/07_R1.fastq.
Finished job 98.
88 of 341 steps (26%) done

Job 51: >> 07 : fastqc2 on trimmed fastq


Activating conda environment /home/PERSONALE/eugenio.fonzi2/WESPipeline/.snakemake/conda/e35b1969.
Job 48: >> 07 : fastqc1 on trimmed fastq

Activating conda environment /home/PERSONALE/eugenio.fonzi2/WESPipeline/.snakemake/conda/e35b1969.
Removing temporary output file /home/PERSONALE/eugenio.fonzi2/ANALYSES_WES/171228_test_threads_6_patients_4/05_alignment_MT/01_intermediate/04_marked.bam.
Removing temporary output file /home/PERSONALE/eugenio.fonzi2/ANALYSES_WES/171228_test_threads_6_patients_4/05_alignment_MT/01_intermediate/04_marked.bai.
Finished job 115.
89 of 341 steps (26%) done
Finished job 28.
90 of 341 steps (26%) done
Removing temporary output file /home/PERSONALE/eugenio.fonzi2/ANALYSES_WES/171228_test_threads_6_patients_4/04_alignment_exome/01_intermediate/02_unmapped.bam.
Finished job 331.
91 of 341 steps (27%) done
Finished job 45.
92 of 341 steps (27%) done

Job 370: >> 07 : Aligning to reference EXOME

Activating conda environment /home/PERSONALE/eugenio.fonzi2/WESPipeline/.snakemake/conda/e35b1969.
Finished job 36.
93 of 341 steps (27%) done
Finished job 31.
94 of 341 steps (28%) done
Finished job 48.
95 of 341 steps (28%) done
Finished job 51.
96 of 341 steps (28%) done
Removing temporary output file /home/PERSONALE/eugenio.fonzi2/ANALYSES_WES/171228_test_threads_6_patients_4/03_alignment_genome/01_intermediate/06.sam.
Finished job 247.
97 of 341 steps (28%) done
Removing temporary output file /home/PERSONALE/eugenio.fonzi2/ANALYSES_WES/171228_test_threads_6_patients_4/03_alignment_genome/01_intermediate/02.sam.
Finished job 250.
98 of 341 steps (29%) done

Job 366: >> 05 : Aligning to reference EXOME

Activating conda environment /home/PERSONALE/eugenio.fonzi2/WESPipeline/.snakemake/conda/e35b1969.
Removing temporary output file /home/PERSONALE/eugenio.fonzi2/ANALYSES_WES/171228_test_threads_6_patients_4/03_alignment_genome/01_intermediate/08_marked.bai.
Removing temporary output file /home/PERSONALE/eugenio.fonzi2/ANALYSES_WES/171228_test_threads_6_patients_4/03_alignment_genome/01_intermediate/08_marked.bam.
Finished job 139.
99 of 341 steps (29%) done

Job 178: >> 06 : marking genome

Activating conda environment /home/PERSONALE/eugenio.fonzi2/WESPipeline/.snakemake/conda/e35b1969.
Removing temporary output file /home/PERSONALE/eugenio.fonzi2/ANALYSES_WES/171228_test_threads_6_patients_4/03_alignment_genome/01_intermediate/04_marked.bam.
Removing temporary output file /home/PERSONALE/eugenio.fonzi2/ANALYSES_WES/171228_test_threads_6_patients_4/03_alignment_genome/01_intermediate/04_marked.bai.
Finished job 120.
100 of 341 steps (29%) done

Job 187: >> 02 : marking genome

Activating conda environment /home/PERSONALE/eugenio.fonzi2/WESPipeline/.snakemake/conda/e35b1969.
Finished job 369.
101 of 341 steps (30%) done

Job 361: >> 03 : sorting exome

Activating conda environment /home/PERSONALE/eugenio.fonzi2/WESPipeline/.snakemake/conda/e35b1969.
Finished job 372.
102 of 341 steps (30%) done

Job 272: >> 01 : Aligning to reference NUCLEAR GENOME


Activating conda environment /home/PERSONALE/eugenio.fonzi2/WESPipeline/.snakemake/conda/e35b1969.
Job 364: >> 01 : sorting exome

Activating conda environment /home/PERSONALE/eugenio.fonzi2/WESPipeline/.snakemake/conda/e35b1969.
Finished job 370.
103 of 341 steps (30%) done

Job 362: >> 07 : sorting exome


Activating conda environment /home/PERSONALE/eugenio.fonzi2/WESPipeline/.snakemake/conda/e35b1969.
Job 288: >> 07 : Aligning to reference NUCLEAR GENOME

Activating conda environment /home/PERSONALE/eugenio.fonzi2/WESPipeline/.snakemake/conda/e35b1969.
Removing temporary output file /home/PERSONALE/eugenio.fonzi2/ANALYSES_WES/171228_test_threads_6_patients_4/03_alignment_genome/01_intermediate/06_sorted.bam.
Finished job 178.
104 of 341 steps (30%) done

Job 176: >> 06 : indexing genome

Activating conda environment /home/PERSONALE/eugenio.fonzi2/WESPipeline/.snakemake/conda/e35b1969.
Removing temporary output file /home/PERSONALE/eugenio.fonzi2/ANALYSES_WES/171228_test_threads_6_patients_4/03_alignment_genome/01_intermediate/02_sorted.bam.
Finished job 187.
105 of 341 steps (31%) done

Job 186: >> 02 : indexing genome

Activating conda environment /home/PERSONALE/eugenio.fonzi2/WESPipeline/.snakemake/conda/e35b1969.
Finished job 176.
106 of 341 steps (31%) done
Finished job 186.
107 of 341 steps (31%) done
Finished job 366.
108 of 341 steps (32%) done

Job 358: >> 05 : sorting exome


Activating conda environment /home/PERSONALE/eugenio.fonzi2/WESPipeline/.snakemake/conda/e35b1969.
Job 301: >> 05 : Aligning to reference NUCLEAR GENOME

Activating conda environment /home/PERSONALE/eugenio.fonzi2/WESPipeline/.snakemake/conda/e35b1969.
Removing temporary output file /home/PERSONALE/eugenio.fonzi2/ANALYSES_WES/171228_test_threads_6_patients_4/02_fastq_trimmed/03_R2.fastq.
Removing temporary output file /home/PERSONALE/eugenio.fonzi2/ANALYSES_WES/171228_test_threads_6_patients_4/02_fastq_trimmed/03_R1.fastq.
Finished job 277.
109 of 341 steps (32%) done

Job 302: >> 06 : Aligning to reference MITOCHONDRIAL GENOME


Activating conda environment /home/PERSONALE/eugenio.fonzi2/WESPipeline/.snakemake/conda/e35b1969.
Job 228: >> 03 : sorting genome

Activating conda environment /home/PERSONALE/eugenio.fonzi2/WESPipeline/.snakemake/conda/e35b1969.
Removing temporary output file /home/PERSONALE/eugenio.fonzi2/ANALYSES_WES/171228_test_threads_6_patients_4/04_alignment_exome/02_unmapped_fastq/06_R2.unmapped.fastq.
Removing temporary output file /home/PERSONALE/eugenio.fonzi2/ANALYSES_WES/171228_test_threads_6_patients_4/04_alignment_exome/02_unmapped_fastq/06_R1.unmapped.fastq.
Finished job 302.
110 of 341 steps (32%) done

Job 264: >> 06 : sorting MT


Activating conda environment /home/PERSONALE/eugenio.fonzi2/WESPipeline/.snakemake/conda/e35b1969.
Job 291: >> 02 : Aligning to reference MITOCHONDRIAL GENOME

Activating conda environment /home/PERSONALE/eugenio.fonzi2/WESPipeline/.snakemake/conda/e35b1969.
Removing temporary output file /home/PERSONALE/eugenio.fonzi2/ANALYSES_WES/171228_test_threads_6_patients_4/04_alignment_exome/01_intermediate/03.sam.
Finished job 361.
111 of 341 steps (33%) done

Job 353: >> 03 : extractUnmapped extract

Activating conda environment /home/PERSONALE/eugenio.fonzi2/WESPipeline/.snakemake/conda/e35b1969.
Removing temporary output file /home/PERSONALE/eugenio.fonzi2/ANALYSES_WES/171228_test_threads_6_patients_4/04_alignment_exome/01_intermediate/01.sam.
Finished job 364.
112 of 341 steps (33%) done

Job 356: >> 01 : extractUnmapped extract

Activating conda environment /home/PERSONALE/eugenio.fonzi2/WESPipeline/.snakemake/conda/e35b1969.
Removing temporary output file /home/PERSONALE/eugenio.fonzi2/ANALYSES_WES/171228_test_threads_6_patients_4/04_alignment_exome/02_unmapped_fastq/02_R1.unmapped.fastq.
Removing temporary output file /home/PERSONALE/eugenio.fonzi2/ANALYSES_WES/171228_test_threads_6_patients_4/04_alignment_exome/02_unmapped_fastq/02_R2.unmapped.fastq.
Finished job 291.
113 of 341 steps (33%) done

Job 103: >> 08 : BaseRecal genome


Activating conda environment /home/PERSONALE/eugenio.fonzi2/WESPipeline/.snakemake/conda/e35b1969.
Job 251: >> 02 : sorting MT

Activating conda environment /home/PERSONALE/eugenio.fonzi2/WESPipeline/.snakemake/conda/e35b1969.
Removing temporary output file /home/PERSONALE/eugenio.fonzi2/ANALYSES_WES/171228_test_threads_6_patients_4/05_alignment_MT/01_intermediate/06.sam.
Finished job 264.
114 of 341 steps (33%) done

Job 209: >> 06 : marking MT

Activating conda environment /home/PERSONALE/eugenio.fonzi2/WESPipeline/.snakemake/conda/e35b1969.
Removing temporary output file /home/PERSONALE/eugenio.fonzi2/ANALYSES_WES/171228_test_threads_6_patients_4/04_alignment_exome/01_intermediate/07.sam.
Finished job 362.
115 of 341 steps (34%) done

Job 354: >> 07 : extractUnmapped extract

Activating conda environment /home/PERSONALE/eugenio.fonzi2/WESPipeline/.snakemake/conda/e35b1969.
Removing temporary output file /home/PERSONALE/eugenio.fonzi2/ANALYSES_WES/171228_test_threads_6_patients_4/05_alignment_MT/01_intermediate/06_sorted.bam.
Finished job 209.
116 of 341 steps (34%) done

Job 210: >> 06 : indexing MT

Activating conda environment /home/PERSONALE/eugenio.fonzi2/WESPipeline/.snakemake/conda/e35b1969.
Removing temporary output file /home/PERSONALE/eugenio.fonzi2/ANALYSES_WES/171228_test_threads_6_patients_4/05_alignment_MT/01_intermediate/02.sam.
Finished job 251.
117 of 341 steps (34%) done

Job 188: >> 02 : marking MT

Activating conda environment /home/PERSONALE/eugenio.fonzi2/WESPipeline/.snakemake/conda/e35b1969.
Finished job 210.
118 of 341 steps (35%) done
Removing temporary output file /home/PERSONALE/eugenio.fonzi2/ANALYSES_WES/171228_test_threads_6_patients_4/05_alignment_MT/01_intermediate/02_sorted.bam.
Finished job 188.
119 of 341 steps (35%) done

Job 189: >> 02 : indexing MT

Activating conda environment /home/PERSONALE/eugenio.fonzi2/WESPipeline/.snakemake/conda/e35b1969.
Removing temporary output file /home/PERSONALE/eugenio.fonzi2/ANALYSES_WES/171228_test_threads_6_patients_4/04_alignment_exome/01_intermediate/05.sam.
Finished job 358.
120 of 341 steps (35%) done

Job 350: >> 05 : extractUnmapped extract

Activating conda environment /home/PERSONALE/eugenio.fonzi2/WESPipeline/.snakemake/conda/e35b1969.
Finished job 189.
121 of 341 steps (35%) done
Removing temporary output file /home/PERSONALE/eugenio.fonzi2/ANALYSES_WES/171228_test_threads_6_patients_4/04_alignment_exome/01_intermediate/03_sorted.bam.
Finished job 353.
122 of 341 steps (36%) done

Job 309: >> 03 : extractUnmapped convert

Activating conda environment /home/PERSONALE/eugenio.fonzi2/WESPipeline/.snakemake/conda/e35b1969.
Removing temporary output file /home/PERSONALE/eugenio.fonzi2/ANALYSES_WES/171228_test_threads_6_patients_4/04_alignment_exome/01_intermediate/01_sorted.bam.
Finished job 356.
123 of 341 steps (36%) done

Job 348: >> 01 : extractUnmapped convert

Activating conda environment /home/PERSONALE/eugenio.fonzi2/WESPipeline/.snakemake/conda/e35b1969.
Removing temporary output file /home/PERSONALE/eugenio.fonzi2/ANALYSES_WES/171228_test_threads_6_patients_4/02_fastq_trimmed/01_R1.fastq.
Removing temporary output file /home/PERSONALE/eugenio.fonzi2/ANALYSES_WES/171228_test_threads_6_patients_4/02_fastq_trimmed/01_R2.fastq.
Finished job 272.
124 of 341 steps (36%) done

Job 223: >> 01 : sorting genome


Activating conda environment /home/PERSONALE/eugenio.fonzi2/WESPipeline/.snakemake/conda/e35b1969.
Job 76: >> 04 : BaseRecal genome

Activating conda environment /home/PERSONALE/eugenio.fonzi2/WESPipeline/.snakemake/conda/e35b1969.
Removing temporary output file /home/PERSONALE/eugenio.fonzi2/ANALYSES_WES/171228_test_threads_6_patients_4/03_alignment_genome/01_intermediate/03.sam.
Finished job 228.
125 of 341 steps (37%) done
Removing temporary output file /home/PERSONALE/eugenio.fonzi2/ANALYSES_WES/171228_test_threads_6_patients_4/04_alignment_exome/01_intermediate/07_sorted.bam.
Finished job 354.
126 of 341 steps (37%) done

Job 330: >> 07 : extractUnmapped convert


Activating conda environment /home/PERSONALE/eugenio.fonzi2/WESPipeline/.snakemake/conda/e35b1969.
Job 163: >> 03 : marking genome

Activating conda environment /home/PERSONALE/eugenio.fonzi2/WESPipeline/.snakemake/conda/e35b1969.
Finished job 103.
127 of 341 steps (37%) done

Job 339: >> 08 : PrintReads genome

Activating conda environment /home/PERSONALE/eugenio.fonzi2/WESPipeline/.snakemake/conda/e35b1969.
Removing temporary output file /home/PERSONALE/eugenio.fonzi2/ANALYSES_WES/171228_test_threads_6_patients_4/04_alignment_exome/01_intermediate/03_unmapped.bam.
Finished job 309.
128 of 341 steps (38%) done
Removing temporary output file /home/PERSONALE/eugenio.fonzi2/ANALYSES_WES/171228_test_threads_6_patients_4/02_fastq_trimmed/07_R1.fastq.
Removing temporary output file /home/PERSONALE/eugenio.fonzi2/ANALYSES_WES/171228_test_threads_6_patients_4/02_fastq_trimmed/07_R2.fastq.
Finished job 288.
129 of 341 steps (38%) done

Job 248: >> 07 : sorting genome


Activating conda environment /home/PERSONALE/eugenio.fonzi2/WESPipeline/.snakemake/conda/e35b1969.
Job 275: >> 03 : Aligning to reference MITOCHONDRIAL GENOME

Activating conda environment /home/PERSONALE/eugenio.fonzi2/WESPipeline/.snakemake/conda/e35b1969.
Removing temporary output file /home/PERSONALE/eugenio.fonzi2/ANALYSES_WES/171228_test_threads_6_patients_4/04_alignment_exome/01_intermediate/01_unmapped.bam.
Finished job 348.
130 of 341 steps (38%) done
Removing temporary output file /home/PERSONALE/eugenio.fonzi2/ANALYSES_WES/171228_test_threads_6_patients_4/04_alignment_exome/02_unmapped_fastq/03_R1.unmapped.fastq.
Removing temporary output file /home/PERSONALE/eugenio.fonzi2/ANALYSES_WES/171228_test_threads_6_patients_4/04_alignment_exome/02_unmapped_fastq/03_R2.unmapped.fastq.
Finished job 275.
131 of 341 steps (38%) done
Removing temporary output file /home/PERSONALE/eugenio.fonzi2/ANALYSES_WES/171228_test_threads_6_patients_4/04_alignment_exome/01_intermediate/05_sorted.bam.
Finished job 350.
132 of 341 steps (39%) done

Job 304: >> 05 : extractUnmapped convert


Activating conda environment /home/PERSONALE/eugenio.fonzi2/WESPipeline/.snakemake/conda/e35b1969.
Job 300: >> 01 : Aligning to reference MITOCHONDRIAL GENOME


Activating conda environment /home/PERSONALE/eugenio.fonzi2/WESPipeline/.snakemake/conda/e35b1969.
Job 226: >> 03 : sorting MT

Activating conda environment /home/PERSONALE/eugenio.fonzi2/WESPipeline/.snakemake/conda/e35b1969.
Removing temporary output file /home/PERSONALE/eugenio.fonzi2/ANALYSES_WES/171228_test_threads_6_patients_4/04_alignment_exome/01_intermediate/07_unmapped.bam.
Finished job 330.
133 of 341 steps (39%) done
Removing temporary output file /home/PERSONALE/eugenio.fonzi2/ANALYSES_WES/171228_test_threads_6_patients_4/02_fastq_trimmed/05_R1.fastq.
Removing temporary output file /home/PERSONALE/eugenio.fonzi2/ANALYSES_WES/171228_test_threads_6_patients_4/02_fastq_trimmed/05_R2.fastq.
Finished job 301.
134 of 341 steps (39%) done

Job 289: >> 07 : Aligning to reference MITOCHONDRIAL GENOME


Activating conda environment /home/PERSONALE/eugenio.fonzi2/WESPipeline/.snakemake/conda/e35b1969.
Job 263: >> 05 : sorting genome

Activating conda environment /home/PERSONALE/eugenio.fonzi2/WESPipeline/.snakemake/conda/e35b1969.
Removing temporary output file /home/PERSONALE/eugenio.fonzi2/ANALYSES_WES/171228_test_threads_6_patients_4/04_alignment_exome/02_unmapped_fastq/01_R1.unmapped.fastq.
Removing temporary output file /home/PERSONALE/eugenio.fonzi2/ANALYSES_WES/171228_test_threads_6_patients_4/04_alignment_exome/02_unmapped_fastq/01_R2.unmapped.fastq.
Finished job 300.
135 of 341 steps (40%) done

Job 104: >> 08 : PostRecalTable genome


Job 262: >> 01 : sorting MT

Activating conda environment /home/PERSONALE/eugenio.fonzi2/WESPipeline/.snakemake/conda/e35b1969.
Activating conda environment /home/PERSONALE/eugenio.fonzi2/WESPipeline/.snakemake/conda/e35b1969.
Removing temporary output file /home/PERSONALE/eugenio.fonzi2/ANALYSES_WES/171228_test_threads_6_patients_4/05_alignment_MT/01_intermediate/03.sam.
Finished job 226.
136 of 341 steps (40%) done

Job 156: >> 03 : marking MT

Activating conda environment /home/PERSONALE/eugenio.fonzi2/WESPipeline/.snakemake/conda/e35b1969.
Removing temporary output file /home/PERSONALE/eugenio.fonzi2/ANALYSES_WES/171228_test_threads_6_patients_4/04_alignment_exome/01_intermediate/05_unmapped.bam.
Finished job 304.
137 of 341 steps (40%) done
Removing temporary output file /home/PERSONALE/eugenio.fonzi2/ANALYSES_WES/171228_test_threads_6_patients_4/04_alignment_exome/02_unmapped_fastq/07_R1.unmapped.fastq.
Removing temporary output file /home/PERSONALE/eugenio.fonzi2/ANALYSES_WES/171228_test_threads_6_patients_4/04_alignment_exome/02_unmapped_fastq/07_R2.unmapped.fastq.
Finished job 289.
138 of 341 steps (40%) done

Job 249: >> 07 : sorting MT


Activating conda environment /home/PERSONALE/eugenio.fonzi2/WESPipeline/.snakemake/conda/e35b1969.
Job 267: >> 05 : Aligning to reference MITOCHONDRIAL GENOME

Activating conda environment /home/PERSONALE/eugenio.fonzi2/WESPipeline/.snakemake/conda/e35b1969.
Finished job 76.
139 of 341 steps (41%) done

Job 311: >> 04 : PrintReads genome

Activating conda environment /home/PERSONALE/eugenio.fonzi2/WESPipeline/.snakemake/conda/e35b1969.
Removing temporary output file /home/PERSONALE/eugenio.fonzi2/ANALYSES_WES/171228_test_threads_6_patients_4/05_alignment_MT/01_intermediate/03_sorted.bam.
Finished job 156.
140 of 341 steps (41%) done

Job 155: >> 03 : indexing MT

Activating conda environment /home/PERSONALE/eugenio.fonzi2/WESPipeline/.snakemake/conda/e35b1969.
Removing temporary output file /home/PERSONALE/eugenio.fonzi2/ANALYSES_WES/171228_test_threads_6_patients_4/05_alignment_MT/01_intermediate/01.sam.
Finished job 262.
141 of 341 steps (41%) done

Job 203: >> 01 : marking MT

Activating conda environment /home/PERSONALE/eugenio.fonzi2/WESPipeline/.snakemake/conda/e35b1969.
Removing temporary output file /home/PERSONALE/eugenio.fonzi2/ANALYSES_WES/171228_test_threads_6_patients_4/03_alignment_genome/01_intermediate/03_sorted.bam.
Finished job 163.
142 of 341 steps (42%) done

Job 161: >> 03 : indexing genome

Activating conda environment /home/PERSONALE/eugenio.fonzi2/WESPipeline/.snakemake/conda/e35b1969.
Removing temporary output file /home/PERSONALE/eugenio.fonzi2/ANALYSES_WES/171228_test_threads_6_patients_4/04_alignment_exome/02_unmapped_fastq/05_R1.unmapped.fastq.
Removing temporary output file /home/PERSONALE/eugenio.fonzi2/ANALYSES_WES/171228_test_threads_6_patients_4/04_alignment_exome/02_unmapped_fastq/05_R2.unmapped.fastq.
Finished job 267.
143 of 341 steps (42%) done
Finished job 155.
144 of 341 steps (42%) done

Job 75: >> 04 : PostRecalTable genome


Activating conda environment /home/PERSONALE/eugenio.fonzi2/WESPipeline/.snakemake/conda/e35b1969.
Job 215: >> 05 : sorting MT

Activating conda environment /home/PERSONALE/eugenio.fonzi2/WESPipeline/.snakemake/conda/e35b1969.
Finished job 161.
145 of 341 steps (43%) done
Removing temporary output file /home/PERSONALE/eugenio.fonzi2/ANALYSES_WES/171228_test_threads_6_patients_4/03_alignment_genome/01_intermediate/01.sam.
Finished job 223.
146 of 341 steps (43%) done

Job 147: >> 01 : marking genome

Activating conda environment /home/PERSONALE/eugenio.fonzi2/WESPipeline/.snakemake/conda/e35b1969.
Removing temporary output file /home/PERSONALE/eugenio.fonzi2/ANALYSES_WES/171228_test_threads_6_patients_4/05_alignment_MT/01_intermediate/01_sorted.bam.
Finished job 203.
147 of 341 steps (43%) done

Job 204: >> 01 : indexing MT

Activating conda environment /home/PERSONALE/eugenio.fonzi2/WESPipeline/.snakemake/conda/e35b1969.
Removing temporary output file /home/PERSONALE/eugenio.fonzi2/ANALYSES_WES/171228_test_threads_6_patients_4/05_alignment_MT/01_intermediate/07.sam.
Finished job 249.
148 of 341 steps (43%) done

Job 182: >> 07 : marking MT

Activating conda environment /home/PERSONALE/eugenio.fonzi2/WESPipeline/.snakemake/conda/e35b1969.
Finished job 204.
149 of 341 steps (44%) done
Finished job 339.
150 of 341 steps (44%) done

Job 162: >> 03 : RTC genome


Activating conda environment /home/PERSONALE/eugenio.fonzi2/WESPipeline/.snakemake/conda/e35b1969.
Job 332: >> 08 : Varscan on sample genomic alignment

Activating conda environment /home/PERSONALE/eugenio.fonzi2/WESPipeline/.snakemake/conda/e35b1969.
Removing temporary output file /home/PERSONALE/eugenio.fonzi2/ANALYSES_WES/171228_test_threads_6_patients_4/05_alignment_MT/01_intermediate/07_sorted.bam.
Finished job 182.
151 of 341 steps (44%) done

Job 183: >> 07 : indexing MT

Activating conda environment /home/PERSONALE/eugenio.fonzi2/WESPipeline/.snakemake/conda/e35b1969.
Finished job 162.
152 of 341 steps (45%) done

Job 185: >> 02 : RTC genome


Activating conda environment /home/PERSONALE/eugenio.fonzi2/WESPipeline/.snakemake/conda/e35b1969.
Job 121: >> 03 : IndelRealigner genome

Activating conda environment /home/PERSONALE/eugenio.fonzi2/WESPipeline/.snakemake/conda/e35b1969.
Removing temporary output file /home/PERSONALE/eugenio.fonzi2/ANALYSES_WES/171228_test_threads_6_patients_4/03_alignment_genome/01_intermediate/07.sam.
Finished job 248.
153 of 341 steps (45%) done

Job 179: >> 07 : marking genome

Activating conda environment /home/PERSONALE/eugenio.fonzi2/WESPipeline/.snakemake/conda/e35b1969.
Finished job 183.
154 of 341 steps (45%) done
Removing temporary output file /home/PERSONALE/eugenio.fonzi2/ANALYSES_WES/171228_test_threads_6_patients_4/05_alignment_MT/01_intermediate/05.sam.
Finished job 215.
155 of 341 steps (45%) done

Job 141: >> 05 : marking MT

Activating conda environment /home/PERSONALE/eugenio.fonzi2/WESPipeline/.snakemake/conda/e35b1969.
Finished job 185.
156 of 341 steps (46%) done

Job 130: >> 02 : IndelRealigner genome


Activating conda environment /home/PERSONALE/eugenio.fonzi2/WESPipeline/.snakemake/conda/e35b1969.
Job 177: >> 06 : RTC genome

Activating conda environment /home/PERSONALE/eugenio.fonzi2/WESPipeline/.snakemake/conda/e35b1969.
Finished job 177.
157 of 341 steps (46%) done

Job 184: >> 07 : RTC MT


Activating conda environment /home/PERSONALE/eugenio.fonzi2/WESPipeline/.snakemake/conda/e35b1969.
Job 127: >> 06 : IndelRealigner genome

Activating conda environment /home/PERSONALE/eugenio.fonzi2/WESPipeline/.snakemake/conda/e35b1969.
Finished job 184.
158 of 341 steps (46%) done

Job 129: >> 07 : IndelRealigner MT

Activating conda environment /home/PERSONALE/eugenio.fonzi2/WESPipeline/.snakemake/conda/e35b1969.
Removing temporary output file /home/PERSONALE/eugenio.fonzi2/ANALYSES_WES/171228_test_threads_6_patients_4/05_alignment_MT/01_intermediate/05_sorted.bam.
Finished job 141.
159 of 341 steps (47%) done

Job 143: >> 05 : indexing MT

Activating conda environment /home/PERSONALE/eugenio.fonzi2/WESPipeline/.snakemake/conda/e35b1969.
Finished job 143.
160 of 341 steps (47%) done

Job 142: >> 05 : RTC MT

Activating conda environment /home/PERSONALE/eugenio.fonzi2/WESPipeline/.snakemake/conda/e35b1969.
Finished job 142.
161 of 341 steps (47%) done

Job 107: >> 05 : IndelRealigner MT

Activating conda environment /home/PERSONALE/eugenio.fonzi2/WESPipeline/.snakemake/conda/e35b1969.
Removing temporary output file /home/PERSONALE/eugenio.fonzi2/ANALYSES_WES/171228_test_threads_6_patients_4/03_alignment_genome/01_intermediate/05.sam.
Finished job 263.
162 of 341 steps (48%) done

Job 207: >> 05 : marking genome

Activating conda environment /home/PERSONALE/eugenio.fonzi2/WESPipeline/.snakemake/conda/e35b1969.
Finished job 332.
163 of 341 steps (48%) done

Job 157: >> 03 : RTC MT

Activating conda environment /home/PERSONALE/eugenio.fonzi2/WESPipeline/.snakemake/conda/e35b1969.
Finished job 157.
164 of 341 steps (48%) done

Job 119: >> 03 : IndelRealigner MT

Activating conda environment /home/PERSONALE/eugenio.fonzi2/WESPipeline/.snakemake/conda/e35b1969.
Removing temporary output file /home/PERSONALE/eugenio.fonzi2/ANALYSES_WES/171228_test_threads_6_patients_4/05_alignment_MT/01_intermediate/07_marked.bam.
Removing temporary output file /home/PERSONALE/eugenio.fonzi2/ANALYSES_WES/171228_test_threads_6_patients_4/05_alignment_MT/01_intermediate/07_marked.bai.
Finished job 129.
165 of 341 steps (48%) done

Job 88: >> 07 : BaseRecal MT

Activating conda environment /home/PERSONALE/eugenio.fonzi2/WESPipeline/.snakemake/conda/e35b1969.
Finished job 88.
166 of 341 steps (49%) done

Job 337: >> 07 : PrintReads MT

Activating conda environment /home/PERSONALE/eugenio.fonzi2/WESPipeline/.snakemake/conda/e35b1969.
Finished job 311.
167 of 341 steps (49%) done

Job 319: >> 04 : Varscan on sample genomic alignment

Activating conda environment /home/PERSONALE/eugenio.fonzi2/WESPipeline/.snakemake/conda/e35b1969.
Removing temporary output file /home/PERSONALE/eugenio.fonzi2/ANALYSES_WES/171228_test_threads_6_patients_4/03_alignment_genome/01_intermediate/08_realigned.bai.
Removing temporary output file /home/PERSONALE/eugenio.fonzi2/ANALYSES_WES/171228_test_threads_6_patients_4/03_alignment_genome/01_intermediate/08_realigned.bam.
Finished job 104.
168 of 341 steps (49%) done

Job 89: >> 07 : PostRecalTable MT


Activating conda environment /home/PERSONALE/eugenio.fonzi2/WESPipeline/.snakemake/conda/e35b1969.
Job 52: >> 08 : AnalyzeCovariates genome

Activating conda environment /home/PERSONALE/eugenio.fonzi2/WESPipeline/.snakemake/conda/e35b1969.
Finished job 89.
169 of 341 steps (50%) done

Job 205: >> 01 : RTC MT


Activating conda environment /home/PERSONALE/eugenio.fonzi2/WESPipeline/.snakemake/conda/e35b1969.
Job 39: >> 07 : AnalyzeCovariates MT

Activating conda environment /home/PERSONALE/eugenio.fonzi2/WESPipeline/.snakemake/conda/e35b1969.
Finished job 205.
170 of 341 steps (50%) done

Job 68: >> 04 : BaseRecal MT


Activating conda environment /home/PERSONALE/eugenio.fonzi2/WESPipeline/.snakemake/conda/e35b1969.
Job 136: >> 01 : IndelRealigner MT

Activating conda environment /home/PERSONALE/eugenio.fonzi2/WESPipeline/.snakemake/conda/e35b1969.
Finished job 52.
171 of 341 steps (50%) done
Removing temporary output file /home/PERSONALE/eugenio.fonzi2/ANALYSES_WES/171228_test_threads_6_patients_4/05_alignment_MT/01_intermediate/05_marked.bam.
Removing temporary output file /home/PERSONALE/eugenio.fonzi2/ANALYSES_WES/171228_test_threads_6_patients_4/05_alignment_MT/01_intermediate/05_marked.bai.
Finished job 107.
172 of 341 steps (50%) done
Finished job 39.
173 of 341 steps (51%) done
Finished job 68.
174 of 341 steps (51%) done

Job 57: >> 05 : BaseRecal MT

Activating conda environment /home/PERSONALE/eugenio.fonzi2/WESPipeline/.snakemake/conda/e35b1969.
Finished job 57.
175 of 341 steps (51%) done

Job 345: >> 05 : PrintReads MT

Activating conda environment /home/PERSONALE/eugenio.fonzi2/WESPipeline/.snakemake/conda/e35b1969.
Removing temporary output file /home/PERSONALE/eugenio.fonzi2/ANALYSES_WES/171228_test_threads_6_patients_4/03_alignment_genome/01_intermediate/01_sorted.bam.
Finished job 147.
176 of 341 steps (52%) done

Job 148: >> 01 : indexing genome

Activating conda environment /home/PERSONALE/eugenio.fonzi2/WESPipeline/.snakemake/conda/e35b1969.
Removing temporary output file /home/PERSONALE/eugenio.fonzi2/ANALYSES_WES/171228_test_threads_6_patients_4/05_alignment_MT/01_intermediate/03_marked.bai.
Removing temporary output file /home/PERSONALE/eugenio.fonzi2/ANALYSES_WES/171228_test_threads_6_patients_4/05_alignment_MT/01_intermediate/03_marked.bam.
Finished job 119.
177 of 341 steps (52%) done

Job 74: >> 03 : BaseRecal MT

Activating conda environment /home/PERSONALE/eugenio.fonzi2/WESPipeline/.snakemake/conda/e35b1969.
Finished job 74.
178 of 341 steps (52%) done

Job 320: >> 03 : PrintReads MT

Activating conda environment /home/PERSONALE/eugenio.fonzi2/WESPipeline/.snakemake/conda/e35b1969.
Removing temporary output file /home/PERSONALE/eugenio.fonzi2/ANALYSES_WES/171228_test_threads_6_patients_4/03_alignment_genome/01_intermediate/02_marked.bai.
Removing temporary output file /home/PERSONALE/eugenio.fonzi2/ANALYSES_WES/171228_test_threads_6_patients_4/03_alignment_genome/01_intermediate/02_marked.bam.
Finished job 130.
179 of 341 steps (52%) done
Finished job 148.
180 of 341 steps (53%) done
Removing temporary output file /home/PERSONALE/eugenio.fonzi2/ANALYSES_WES/171228_test_threads_6_patients_4/03_alignment_genome/01_intermediate/06_marked.bai.
Removing temporary output file /home/PERSONALE/eugenio.fonzi2/ANALYSES_WES/171228_test_threads_6_patients_4/03_alignment_genome/01_intermediate/06_marked.bam.
Finished job 127.
181 of 341 steps (53%) done
Removing temporary output file /home/PERSONALE/eugenio.fonzi2/ANALYSES_WES/171228_test_threads_6_patients_4/03_alignment_genome/01_intermediate/07_sorted.bam.
Finished job 179.
182 of 341 steps (53%) done

Job 181: >> 07 : indexing genome

Activating conda environment /home/PERSONALE/eugenio.fonzi2/WESPipeline/.snakemake/conda/e35b1969.
Removing temporary output file /home/PERSONALE/eugenio.fonzi2/ANALYSES_WES/171228_test_threads_6_patients_4/05_alignment_MT/01_intermediate/01_marked.bam.
Removing temporary output file /home/PERSONALE/eugenio.fonzi2/ANALYSES_WES/171228_test_threads_6_patients_4/05_alignment_MT/01_intermediate/01_marked.bai.
Finished job 136.
183 of 341 steps (54%) done
Removing temporary output file /home/PERSONALE/eugenio.fonzi2/ANALYSES_WES/171228_test_threads_6_patients_4/03_alignment_genome/01_intermediate/03_marked.bai.
Removing temporary output file /home/PERSONALE/eugenio.fonzi2/ANALYSES_WES/171228_test_threads_6_patients_4/03_alignment_genome/01_intermediate/03_marked.bam.
Finished job 121.
184 of 341 steps (54%) done
Finished job 181.
185 of 341 steps (54%) done

Job 77: >> 03 : BaseRecal genome

Activating conda environment /home/PERSONALE/eugenio.fonzi2/WESPipeline/.snakemake/conda/e35b1969.
Finished job 319.
186 of 341 steps (55%) done
Removing temporary output file /home/PERSONALE/eugenio.fonzi2/ANALYSES_WES/171228_test_threads_6_patients_4/05_alignment_MT/01_intermediate/07_realigned.bam.
Removing temporary output file /home/PERSONALE/eugenio.fonzi2/ANALYSES_WES/171228_test_threads_6_patients_4/05_alignment_MT/01_intermediate/07_realigned.bai.
Finished job 337.
187 of 341 steps (55%) done

Job 146: >> 01 : RTC genome


Activating conda environment /home/PERSONALE/eugenio.fonzi2/WESPipeline/.snakemake/conda/e35b1969.
Job 334: >> 07 : Varscan on sample MT alignment

Activating conda environment /home/PERSONALE/eugenio.fonzi2/WESPipeline/.snakemake/conda/e35b1969.
Finished job 334.
188 of 341 steps (55%) done
Finished job 345.
189 of 341 steps (55%) done

Job 341: >> 05 : Varscan on sample MT alignment


Activating conda environment /home/PERSONALE/eugenio.fonzi2/WESPipeline/.snakemake/conda/e35b1969.
Job 180: >> 07 : RTC genome

Activating conda environment /home/PERSONALE/eugenio.fonzi2/WESPipeline/.snakemake/conda/e35b1969.
Finished job 146.
190 of 341 steps (56%) done

Job 111: >> 01 : IndelRealigner genome

Activating conda environment /home/PERSONALE/eugenio.fonzi2/WESPipeline/.snakemake/conda/e35b1969.
Removing temporary output file /home/PERSONALE/eugenio.fonzi2/ANALYSES_WES/171228_test_threads_6_patients_4/03_alignment_genome/01_intermediate/05_sorted.bam.
Finished job 207.
191 of 341 steps (56%) done

Job 206: >> 05 : indexing genome

Activating conda environment /home/PERSONALE/eugenio.fonzi2/WESPipeline/.snakemake/conda/e35b1969.
Finished job 320.
192 of 341 steps (56%) done

Job 316: >> 03 : Varscan on sample MT alignment


Activating conda environment /home/PERSONALE/eugenio.fonzi2/WESPipeline/.snakemake/conda/e35b1969.
Job 84: >> 06 : BaseRecal genome

Activating conda environment /home/PERSONALE/eugenio.fonzi2/WESPipeline/.snakemake/conda/e35b1969.
Finished job 341.
193 of 341 steps (57%) done
Finished job 316.
194 of 341 steps (57%) done

Job 91: >> 02 : BaseRecal genome

Activating conda environment /home/PERSONALE/eugenio.fonzi2/WESPipeline/.snakemake/conda/e35b1969.
Finished job 180.
195 of 341 steps (57%) done

Job 128: >> 07 : IndelRealigner genome

Activating conda environment /home/PERSONALE/eugenio.fonzi2/WESPipeline/.snakemake/conda/e35b1969.
Finished job 206.
196 of 341 steps (57%) done

Job 208: >> 05 : RTC genome

Activating conda environment /home/PERSONALE/eugenio.fonzi2/WESPipeline/.snakemake/conda/e35b1969.
Removing temporary output file /home/PERSONALE/eugenio.fonzi2/ANALYSES_WES/171228_test_threads_6_patients_4/03_alignment_genome/01_intermediate/04_realigned.bai.
Removing temporary output file /home/PERSONALE/eugenio.fonzi2/ANALYSES_WES/171228_test_threads_6_patients_4/03_alignment_genome/01_intermediate/04_realigned.bam.
Finished job 75.
197 of 341 steps (58%) done

Job 73: >> 03 : PostRecalTable MT

Activating conda environment /home/PERSONALE/eugenio.fonzi2/WESPipeline/.snakemake/conda/e35b1969.
Removing temporary output file /home/PERSONALE/eugenio.fonzi2/ANALYSES_WES/171228_test_threads_6_patients_4/05_alignment_MT/01_intermediate/03_realigned.bai.
Removing temporary output file /home/PERSONALE/eugenio.fonzi2/ANALYSES_WES/171228_test_threads_6_patients_4/05_alignment_MT/01_intermediate/03_realigned.bam.
Finished job 73.
198 of 341 steps (58%) done

Job 96: >> 01 : BaseRecal MT

Activating conda environment /home/PERSONALE/eugenio.fonzi2/WESPipeline/.snakemake/conda/e35b1969.
Finished job 96.
199 of 341 steps (58%) done

Job 326: >> 01 : PrintReads MT

Activating conda environment /home/PERSONALE/eugenio.fonzi2/WESPipeline/.snakemake/conda/e35b1969.
Finished job 208.
200 of 341 steps (59%) done

Job 24: >> 04 : AnalyzeCovariates genome


Activating conda environment /home/PERSONALE/eugenio.fonzi2/WESPipeline/.snakemake/conda/e35b1969.
Job 23: >> 03 : AnalyzeCovariates MT


Activating conda environment /home/PERSONALE/eugenio.fonzi2/WESPipeline/.snakemake/conda/e35b1969.
Job 137: >> 05 : IndelRealigner genome

Activating conda environment /home/PERSONALE/eugenio.fonzi2/WESPipeline/.snakemake/conda/e35b1969.
Finished job 23.
201 of 341 steps (59%) done
Finished job 24.
202 of 341 steps (59%) done
Finished job 77.
203 of 341 steps (60%) done

Job 310: >> 03 : PrintReads genome

Activating conda environment /home/PERSONALE/eugenio.fonzi2/WESPipeline/.snakemake/conda/e35b1969.
Finished job 326.
204 of 341 steps (60%) done

Job 78: >> 03 : PostRecalTable genome


Activating conda environment /home/PERSONALE/eugenio.fonzi2/WESPipeline/.snakemake/conda/e35b1969.
Job 328: >> 01 : Varscan on sample MT alignment

Activating conda environment /home/PERSONALE/eugenio.fonzi2/WESPipeline/.snakemake/conda/e35b1969.
Finished job 328.
205 of 341 steps (60%) done
Finished job 84.
206 of 341 steps (60%) done

Job 346: >> 06 : PrintReads genome

Activating conda environment /home/PERSONALE/eugenio.fonzi2/WESPipeline/.snakemake/conda/e35b1969.
Finished job 91.
207 of 341 steps (61%) done

Job 85: >> 06 : PostRecalTable genome

Activating conda environment /home/PERSONALE/eugenio.fonzi2/WESPipeline/.snakemake/conda/e35b1969.
Removing temporary output file /home/PERSONALE/eugenio.fonzi2/ANALYSES_WES/171228_test_threads_6_patients_4/03_alignment_genome/01_intermediate/01_marked.bam.
Removing temporary output file /home/PERSONALE/eugenio.fonzi2/ANALYSES_WES/171228_test_threads_6_patients_4/03_alignment_genome/01_intermediate/01_marked.bai.
Finished job 111.
208 of 341 steps (61%) done

Job 61: >> 01 : BaseRecal genome

Activating conda environment /home/PERSONALE/eugenio.fonzi2/WESPipeline/.snakemake/conda/e35b1969.
Removing temporary output file /home/PERSONALE/eugenio.fonzi2/ANALYSES_WES/171228_test_threads_6_patients_4/03_alignment_genome/01_intermediate/07_marked.bam.
Removing temporary output file /home/PERSONALE/eugenio.fonzi2/ANALYSES_WES/171228_test_threads_6_patients_4/03_alignment_genome/01_intermediate/07_marked.bai.
Finished job 128.
209 of 341 steps (61%) done
Removing temporary output file /home/PERSONALE/eugenio.fonzi2/ANALYSES_WES/171228_test_threads_6_patients_4/03_alignment_genome/01_intermediate/05_marked.bai.
Removing temporary output file /home/PERSONALE/eugenio.fonzi2/ANALYSES_WES/171228_test_threads_6_patients_4/03_alignment_genome/01_intermediate/05_marked.bam.
Finished job 137.
210 of 341 steps (62%) done
Finished job 61.
211 of 341 steps (62%) done

Job 87: >> 07 : BaseRecal genome

Activating conda environment /home/PERSONALE/eugenio.fonzi2/WESPipeline/.snakemake/conda/e35b1969.
Finished job 346.
212 of 341 steps (62%) done

Job 342: >> 06 : Varscan on sample genomic alignment


Activating conda environment /home/PERSONALE/eugenio.fonzi2/WESPipeline/.snakemake/conda/e35b1969.
Job 324: >> 01 : PrintReads genome

Activating conda environment /home/PERSONALE/eugenio.fonzi2/WESPipeline/.snakemake/conda/e35b1969.
Finished job 310.
213 of 341 steps (62%) done

Job 318: >> 03 : Varscan on sample genomic alignment


Activating conda environment /home/PERSONALE/eugenio.fonzi2/WESPipeline/.snakemake/conda/e35b1969.
Job 278: >> second : MuTect on genomic alignment

Activating conda environment /home/PERSONALE/eugenio.fonzi2/WESPipeline/.snakemake/conda/a055426f.
Finished job 342.
214 of 341 steps (63%) done

Job 60: >> 01 : PostRecalTable genome

Activating conda environment /home/PERSONALE/eugenio.fonzi2/WESPipeline/.snakemake/conda/e35b1969.
Removing temporary output file /home/PERSONALE/eugenio.fonzi2/ANALYSES_WES/171228_test_threads_6_patients_4/03_alignment_genome/01_intermediate/06_realigned.bam.
Removing temporary output file /home/PERSONALE/eugenio.fonzi2/ANALYSES_WES/171228_test_threads_6_patients_4/03_alignment_genome/01_intermediate/06_realigned.bai.
Finished job 85.
215 of 341 steps (63%) done

Job 100: >> 05 : BaseRecal genome

Activating conda environment /home/PERSONALE/eugenio.fonzi2/WESPipeline/.snakemake/conda/e35b1969.
Finished job 87.
216 of 341 steps (63%) done

Job 338: >> 07 : PrintReads genome

Activating conda environment /home/PERSONALE/eugenio.fonzi2/WESPipeline/.snakemake/conda/e35b1969.
Finished job 318.
217 of 341 steps (64%) done

Job 280: >> second : Varscan on patient genomic alignment

Activating conda environment /home/PERSONALE/eugenio.fonzi2/WESPipeline/.snakemake/conda/e35b1969.
Removing temporary output file /home/PERSONALE/eugenio.fonzi2/ANALYSES_WES/171228_test_threads_6_patients_4/03_alignment_genome/01_intermediate/03_realigned.bam.
Removing temporary output file /home/PERSONALE/eugenio.fonzi2/ANALYSES_WES/171228_test_threads_6_patients_4/03_alignment_genome/01_intermediate/03_realigned.bai.
Finished job 78.
218 of 341 steps (64%) done

Job 86: >> 07 : PostRecalTable genome

Activating conda environment /home/PERSONALE/eugenio.fonzi2/WESPipeline/.snakemake/conda/e35b1969.
Finished job 100.
219 of 341 steps (64%) done

Job 347: >> 05 : PrintReads genome

Activating conda environment /home/PERSONALE/eugenio.fonzi2/WESPipeline/.snakemake/conda/e35b1969.
Finished job 324.
220 of 341 steps (65%) done

Job 26: >> 03 : AnalyzeCovariates genome


Activating conda environment /home/PERSONALE/eugenio.fonzi2/WESPipeline/.snakemake/conda/e35b1969.
Job 322: >> 01 : Varscan on sample genomic alignment


Activating conda environment /home/PERSONALE/eugenio.fonzi2/WESPipeline/.snakemake/conda/e35b1969.
Job 37: >> 06 : AnalyzeCovariates genome

Activating conda environment /home/PERSONALE/eugenio.fonzi2/WESPipeline/.snakemake/conda/e35b1969.
Finished job 26.
221 of 341 steps (65%) done
Finished job 37.
222 of 341 steps (65%) done
Removing temporary output file /home/PERSONALE/eugenio.fonzi2/ANALYSES_WES/171228_test_threads_6_patients_4/08_varscan_genome/01_mpileup/03.mpileup.
Removing temporary output file /home/PERSONALE/eugenio.fonzi2/ANALYSES_WES/171228_test_threads_6_patients_4/08_varscan_genome/01_mpileup/04.mpileup.
Finished job 280.
223 of 341 steps (65%) done

Job 99: >> 05 : PostRecalTable genome

Activating conda environment /home/PERSONALE/eugenio.fonzi2/WESPipeline/.snakemake/conda/e35b1969.
Finished job 322.
224 of 341 steps (66%) done
Finished job 338.
225 of 341 steps (66%) done

Job 333: >> 07 : Varscan on sample genomic alignment


Activating conda environment /home/PERSONALE/eugenio.fonzi2/WESPipeline/.snakemake/conda/e35b1969.
Job 295: >> fourth : MuTect on genomic alignment

Activating conda environment /home/PERSONALE/eugenio.fonzi2/WESPipeline/.snakemake/conda/a055426f.
Removing temporary output file /home/PERSONALE/eugenio.fonzi2/ANALYSES_WES/171228_test_threads_6_patients_4/03_alignment_genome/01_intermediate/01_realigned.bam.
Removing temporary output file /home/PERSONALE/eugenio.fonzi2/ANALYSES_WES/171228_test_threads_6_patients_4/03_alignment_genome/01_intermediate/01_realigned.bai.
Finished job 60.
226 of 341 steps (66%) done

Job 7: >> 01 : AnalyzeCovariates genome


Activating conda environment /home/PERSONALE/eugenio.fonzi2/WESPipeline/.snakemake/conda/e35b1969.
Job 325: >> 02 : PrintReads genome

Activating conda environment /home/PERSONALE/eugenio.fonzi2/WESPipeline/.snakemake/conda/e35b1969.
Finished job 7.
227 of 341 steps (67%) done
Finished job 347.
228 of 341 steps (67%) done

Job 90: >> 02 : PostRecalTable genome


Activating conda environment /home/PERSONALE/eugenio.fonzi2/WESPipeline/.snakemake/conda/e35b1969.
Job 299: >> third : MuTect on genomic alignment


Activating conda environment /home/PERSONALE/eugenio.fonzi2/WESPipeline/.snakemake/conda/a055426f.
Job 343: >> 05 : Varscan on sample genomic alignment

Activating conda environment /home/PERSONALE/eugenio.fonzi2/WESPipeline/.snakemake/conda/e35b1969.
Finished job 333.
229 of 341 steps (67%) done

Job 292: >> fourth : Varscan on patient genomic alignment

Activating conda environment /home/PERSONALE/eugenio.fonzi2/WESPipeline/.snakemake/conda/e35b1969.
Removing temporary output file /home/PERSONALE/eugenio.fonzi2/ANALYSES_WES/171228_test_threads_6_patients_4/03_alignment_genome/02_bqsr/03.bai.
Removing temporary output file /home/PERSONALE/eugenio.fonzi2/ANALYSES_WES/171228_test_threads_6_patients_4/03_alignment_genome/02_bqsr/03.bam.
Removing temporary output file /home/PERSONALE/eugenio.fonzi2/ANALYSES_WES/171228_test_threads_6_patients_4/03_alignment_genome/02_bqsr/04.bam.
Removing temporary output file /home/PERSONALE/eugenio.fonzi2/ANALYSES_WES/171228_test_threads_6_patients_4/03_alignment_genome/02_bqsr/04.bai.
Finished job 278.
230 of 341 steps (67%) done
Removing temporary output file /home/PERSONALE/eugenio.fonzi2/ANALYSES_WES/171228_test_threads_6_patients_4/03_alignment_genome/01_intermediate/07_realigned.bam.
Removing temporary output file /home/PERSONALE/eugenio.fonzi2/ANALYSES_WES/171228_test_threads_6_patients_4/03_alignment_genome/01_intermediate/07_realigned.bai.
Finished job 86.
231 of 341 steps (68%) done

Job 97: >> 01 : PostRecalTable MT


Job 38: >> 07 : AnalyzeCovariates genome
Activating conda environment /home/PERSONALE/eugenio.fonzi2/WESPipeline/.snakemake/conda/e35b1969.

Activating conda environment /home/PERSONALE/eugenio.fonzi2/WESPipeline/.snakemake/conda/e35b1969.
Removing temporary output file /home/PERSONALE/eugenio.fonzi2/ANALYSES_WES/171228_test_threads_6_patients_4/05_alignment_MT/01_intermediate/01_realigned.bam.
Removing temporary output file /home/PERSONALE/eugenio.fonzi2/ANALYSES_WES/171228_test_threads_6_patients_4/05_alignment_MT/01_intermediate/01_realigned.bai.
Finished job 97.
232 of 341 steps (68%) done

Job 58: >> 05 : PostRecalTable MT


Activating conda environment /home/PERSONALE/eugenio.fonzi2/WESPipeline/.snakemake/conda/e35b1969.
Job 46: >> 01 : AnalyzeCovariates MT

Activating conda environment /home/PERSONALE/eugenio.fonzi2/WESPipeline/.snakemake/conda/e35b1969.
Finished job 38.
233 of 341 steps (68%) done
Removing temporary output file /home/PERSONALE/eugenio.fonzi2/ANALYSES_WES/171228_test_threads_6_patients_4/05_alignment_MT/01_intermediate/05_realigned.bam.
Removing temporary output file /home/PERSONALE/eugenio.fonzi2/ANALYSES_WES/171228_test_threads_6_patients_4/05_alignment_MT/01_intermediate/05_realigned.bai.
Finished job 58.
234 of 341 steps (69%) done

Job 5: >> 05 : AnalyzeCovariates MT


Job 321: >> 04 : PrintReads MT

Activating conda environment /home/PERSONALE/eugenio.fonzi2/WESPipeline/.snakemake/conda/e35b1969.
Activating conda environment /home/PERSONALE/eugenio.fonzi2/WESPipeline/.snakemake/conda/e35b1969.
Finished job 46.
235 of 341 steps (69%) done
Finished job 5.
236 of 341 steps (69%) done
Finished job 343.
237 of 341 steps (70%) done

Job 297: >> third : Varscan on patient genomic alignment

Activating conda environment /home/PERSONALE/eugenio.fonzi2/WESPipeline/.snakemake/conda/e35b1969.
Finished job 321.
238 of 341 steps (70%) done

Job 67: >> 04 : PostRecalTable MT


Activating conda environment /home/PERSONALE/eugenio.fonzi2/WESPipeline/.snakemake/conda/e35b1969.
Job 317: >> 04 : Varscan on sample MT alignment


Activating conda environment /home/PERSONALE/eugenio.fonzi2/WESPipeline/.snakemake/conda/e35b1969.
Job 281: >> second : MuTect on MT alignment

Activating conda environment /home/PERSONALE/eugenio.fonzi2/WESPipeline/.snakemake/conda/a055426f.
Removing temporary output file /home/PERSONALE/eugenio.fonzi2/ANALYSES_WES/171228_test_threads_6_patients_4/05_alignment_MT/01_intermediate/04_realigned.bai.
Removing temporary output file /home/PERSONALE/eugenio.fonzi2/ANALYSES_WES/171228_test_threads_6_patients_4/05_alignment_MT/01_intermediate/04_realigned.bam.
Finished job 67.
239 of 341 steps (70%) done

Job 15: >> 04 : AnalyzeCovariates MT


Activating conda environment /home/PERSONALE/eugenio.fonzi2/WESPipeline/.snakemake/conda/e35b1969.
Job 69: >> 08 : BaseRecal MT

Activating conda environment /home/PERSONALE/eugenio.fonzi2/WESPipeline/.snakemake/conda/e35b1969.
Removing temporary output file /home/PERSONALE/eugenio.fonzi2/ANALYSES_WES/171228_test_threads_6_patients_4/05_alignment_MT/02_bqsr/03.bam.
Removing temporary output file /home/PERSONALE/eugenio.fonzi2/ANALYSES_WES/171228_test_threads_6_patients_4/05_alignment_MT/02_bqsr/03.bai.
Finished job 281.
240 of 341 steps (70%) done
Finished job 69.
241 of 341 steps (71%) done

Job 336: >> 08 : PrintReads MT

Activating conda environment /home/PERSONALE/eugenio.fonzi2/WESPipeline/.snakemake/conda/e35b1969.
Finished job 15.
242 of 341 steps (71%) done
Removing temporary output file /home/PERSONALE/eugenio.fonzi2/ANALYSES_WES/171228_test_threads_6_patients_4/05_alignment_MT/02_bqsr/04.bam.
Removing temporary output file /home/PERSONALE/eugenio.fonzi2/ANALYSES_WES/171228_test_threads_6_patients_4/05_alignment_MT/02_bqsr/04.bai.
Finished job 317.
243 of 341 steps (71%) done

Job 279: >> second : Varscan on patient MT alignment

Activating conda environment /home/PERSONALE/eugenio.fonzi2/WESPipeline/.snakemake/conda/e35b1969.
Removing temporary output file /home/PERSONALE/eugenio.fonzi2/ANALYSES_WES/171228_test_threads_6_patients_4/09_varscan_MT/01_mpileup/03.mpileup.
Removing temporary output file /home/PERSONALE/eugenio.fonzi2/ANALYSES_WES/171228_test_threads_6_patients_4/09_varscan_MT/01_mpileup/04.mpileup.
Finished job 279.
244 of 341 steps (72%) done

Job 231: >> second : Merge and Write Variants

Finished job 231.
245 of 341 steps (72%) done

Job 230: >> second : Varscan Filter Somatic SNV


Job 229: >> second : Varscan Filter Somatic Indel

Activating conda environment /home/PERSONALE/eugenio.fonzi2/WESPipeline/.snakemake/conda/e35b1969.
Activating conda environment /home/PERSONALE/eugenio.fonzi2/WESPipeline/.snakemake/conda/e35b1969.
Finished job 229.
246 of 341 steps (72%) done
Removing temporary output file /home/PERSONALE/eugenio.fonzi2/ANALYSES_WES/171228_test_threads_6_patients_4/10_variants_filter/second_varscan_snv_temp1.tsv.
Removing temporary output file /home/PERSONALE/eugenio.fonzi2/ANALYSES_WES/171228_test_threads_6_patients_4/10_variants_filter/second_varscan_indel_temp1.tsv.
Finished job 230.
247 of 341 steps (72%) done

Job 165: >> second : Keep Only Variants

Removing temporary output file /home/PERSONALE/eugenio.fonzi2/ANALYSES_WES/171228_test_threads_6_patients_4/10_variants_filter/second_varscan_indel_temp2.tsv.
Removing temporary output file /home/PERSONALE/eugenio.fonzi2/ANALYSES_WES/171228_test_threads_6_patients_4/10_variants_filter/second_varscan_snv_temp2.tsv.
Finished job 165.
248 of 341 steps (73%) done

Job 237: >> second : Split Varscan Variants

Job 241: >> second : Split muTect Variants

Finished job 237.
249 of 341 steps (73%) done

Job 166: >> second : annotating with ANNOVAR varscan genome variants

Job 168: >> second : annotating with ANNOVAR varscan MT variants

Finished job 241.
250 of 341 steps (73%) done

Job 169: >> second : annotating with ANNOVAR muTect genome variants

Job 167: >> second : annotating with ANNOVAR muTect MT variants

Finished job 168.
251 of 341 steps (74%) done
Finished job 167.
252 of 341 steps (74%) done
Finished job 325.
253 of 341 steps (74%) done

Job 70: >> 08 : PostRecalTable MT


Activating conda environment /home/PERSONALE/eugenio.fonzi2/WESPipeline/.snakemake/conda/e35b1969.
Job 323: >> 02 : Varscan on sample genomic alignment


Activating conda environment /home/PERSONALE/eugenio.fonzi2/WESPipeline/.snakemake/conda/e35b1969.
Job 284: >> first : MuTect on genomic alignment

Activating conda environment /home/PERSONALE/eugenio.fonzi2/WESPipeline/.snakemake/conda/a055426f.
Finished job 70.
254 of 341 steps (74%) done

Job 211: >> 06 : RTC MT

Activating conda environment /home/PERSONALE/eugenio.fonzi2/WESPipeline/.snakemake/conda/e35b1969.
Finished job 211.
255 of 341 steps (75%) done

Job 138: >> 06 : IndelRealigner MT


Activating conda environment /home/PERSONALE/eugenio.fonzi2/WESPipeline/.snakemake/conda/e35b1969.
Job 16: >> 08 : AnalyzeCovariates MT

Activating conda environment /home/PERSONALE/eugenio.fonzi2/WESPipeline/.snakemake/conda/e35b1969.
Finished job 169.
256 of 341 steps (75%) done
Finished job 166.
257 of 341 steps (75%) done

Job 190: >> 02 : RTC MT

Activating conda environment /home/PERSONALE/eugenio.fonzi2/WESPipeline/.snakemake/conda/e35b1969.
Finished job 190.
258 of 341 steps (76%) done

Job 124: >> second : merging muTect and Varscan Variants

Job 131: >> 02 : IndelRealigner MT

Activating conda environment /home/PERSONALE/eugenio.fonzi2/WESPipeline/.snakemake/conda/e35b1969.
Finished job 124.
259 of 341 steps (76%) done

Job 164: >> second : create rsID table

Finished job 164.
260 of 341 steps (76%) done

Job 123: >> second : filtering exonic/non-synonymous/non-polymorphic

Activating conda environment /home/PERSONALE/eugenio.fonzi2/WESPipeline/.snakemake/conda/28d822a6.
Removing temporary output file /home/PERSONALE/eugenio.fonzi2/ANALYSES_WES/171228_test_threads_6_patients_4/10_variants_filter/second_rsID.tsv.
Finished job 123.
261 of 341 steps (77%) done

Job 82: >> second : checking MAFs

Removing temporary output file second_rsID_maf.tsv.
Finished job 82.
262 of 341 steps (77%) done

Job 32: >> second : Removing segdups variants

Finished job 32.
263 of 341 steps (77%) done
Finished job 16.
264 of 341 steps (77%) done
Removing temporary output file /home/PERSONALE/eugenio.fonzi2/ANALYSES_WES/171228_test_threads_6_patients_4/05_alignment_MT/01_intermediate/06_marked.bam.
Removing temporary output file /home/PERSONALE/eugenio.fonzi2/ANALYSES_WES/171228_test_threads_6_patients_4/05_alignment_MT/01_intermediate/06_marked.bai.
Finished job 138.
265 of 341 steps (78%) done

Job 101: >> 06 : BaseRecal MT

Activating conda environment /home/PERSONALE/eugenio.fonzi2/WESPipeline/.snakemake/conda/e35b1969.
Finished job 101.
266 of 341 steps (78%) done

Job 344: >> 06 : PrintReads MT

Activating conda environment /home/PERSONALE/eugenio.fonzi2/WESPipeline/.snakemake/conda/e35b1969.
Removing temporary output file /home/PERSONALE/eugenio.fonzi2/ANALYSES_WES/171228_test_threads_6_patients_4/05_alignment_MT/01_intermediate/02_marked.bam.
Removing temporary output file /home/PERSONALE/eugenio.fonzi2/ANALYSES_WES/171228_test_threads_6_patients_4/05_alignment_MT/01_intermediate/02_marked.bai.
Finished job 131.
267 of 341 steps (78%) done
Removing temporary output file /home/PERSONALE/eugenio.fonzi2/ANALYSES_WES/171228_test_threads_6_patients_4/08_varscan_genome/01_mpileup/08.mpileup.
Removing temporary output file /home/PERSONALE/eugenio.fonzi2/ANALYSES_WES/171228_test_threads_6_patients_4/08_varscan_genome/01_mpileup/07.mpileup.
Finished job 292.
268 of 341 steps (79%) done
Removing temporary output file /home/PERSONALE/eugenio.fonzi2/ANALYSES_WES/171228_test_threads_6_patients_4/05_alignment_MT/01_intermediate/08_realigned.bai.
Removing temporary output file /home/PERSONALE/eugenio.fonzi2/ANALYSES_WES/171228_test_threads_6_patients_4/05_alignment_MT/01_intermediate/08_realigned.bam.
Finished job 336.
269 of 341 steps (79%) done

Job 335: >> 08 : Varscan on sample MT alignment


Job 102: >> 06 : PostRecalTable MT

Activating conda environment /home/PERSONALE/eugenio.fonzi2/WESPipeline/.snakemake/conda/e35b1969.
Activating conda environment /home/PERSONALE/eugenio.fonzi2/WESPipeline/.snakemake/conda/e35b1969.

Job 294: >> fourth : MuTect on MT alignment

Activating conda environment /home/PERSONALE/eugenio.fonzi2/WESPipeline/.snakemake/conda/a055426f.
Removing temporary output file /home/PERSONALE/eugenio.fonzi2/ANALYSES_WES/171228_test_threads_6_patients_4/05_alignment_MT/02_bqsr/07.bam.
Removing temporary output file /home/PERSONALE/eugenio.fonzi2/ANALYSES_WES/171228_test_threads_6_patients_4/05_alignment_MT/02_bqsr/07.bai.
Finished job 294.
270 of 341 steps (79%) done
Finished job 102.
271 of 341 steps (79%) done

Job 92: >> 02 : BaseRecal MT


Activating conda environment /home/PERSONALE/eugenio.fonzi2/WESPipeline/.snakemake/conda/e35b1969.
Job 50: >> 06 : AnalyzeCovariates MT

Activating conda environment /home/PERSONALE/eugenio.fonzi2/WESPipeline/.snakemake/conda/e35b1969.
Finished job 92.
272 of 341 steps (80%) done

Job 327: >> 02 : PrintReads MT

Activating conda environment /home/PERSONALE/eugenio.fonzi2/WESPipeline/.snakemake/conda/e35b1969.
Finished job 50.
273 of 341 steps (80%) done
Removing temporary output file /home/PERSONALE/eugenio.fonzi2/ANALYSES_WES/171228_test_threads_6_patients_4/05_alignment_MT/02_bqsr/08.bai.
Removing temporary output file /home/PERSONALE/eugenio.fonzi2/ANALYSES_WES/171228_test_threads_6_patients_4/05_alignment_MT/02_bqsr/08.bam.
Finished job 335.
274 of 341 steps (80%) done

Job 293: >> fourth : Varscan on patient MT alignment

Activating conda environment /home/PERSONALE/eugenio.fonzi2/WESPipeline/.snakemake/conda/e35b1969.
Removing temporary output file /home/PERSONALE/eugenio.fonzi2/ANALYSES_WES/171228_test_threads_6_patients_4/09_varscan_MT/01_mpileup/07.mpileup.
Removing temporary output file /home/PERSONALE/eugenio.fonzi2/ANALYSES_WES/171228_test_threads_6_patients_4/09_varscan_MT/01_mpileup/08.mpileup.
Finished job 293.
275 of 341 steps (81%) done
Finished job 323.
276 of 341 steps (81%) done

Job 283: >> first : Varscan on patient genomic alignment

Activating conda environment /home/PERSONALE/eugenio.fonzi2/WESPipeline/.snakemake/conda/e35b1969.
Removing temporary output file /home/PERSONALE/eugenio.fonzi2/ANALYSES_WES/171228_test_threads_6_patients_4/03_alignment_genome/01_intermediate/05_realigned.bam.
Removing temporary output file /home/PERSONALE/eugenio.fonzi2/ANALYSES_WES/171228_test_threads_6_patients_4/03_alignment_genome/01_intermediate/05_realigned.bai.
Finished job 99.
277 of 341 steps (81%) done

Job 93: >> 02 : PostRecalTable MT


Activating conda environment /home/PERSONALE/eugenio.fonzi2/WESPipeline/.snakemake/conda/e35b1969.
Job 49: >> 05 : AnalyzeCovariates genome

Activating conda environment /home/PERSONALE/eugenio.fonzi2/WESPipeline/.snakemake/conda/e35b1969.
Finished job 93.
278 of 341 steps (82%) done

Job 42: >> 02 : AnalyzeCovariates MT

Activating conda environment /home/PERSONALE/eugenio.fonzi2/WESPipeline/.snakemake/conda/e35b1969.
Finished job 49.
279 of 341 steps (82%) done
Finished job 42.
280 of 341 steps (82%) done
Removing temporary output file /home/PERSONALE/eugenio.fonzi2/ANALYSES_WES/171228_test_threads_6_patients_4/05_alignment_MT/01_intermediate/06_realigned.bam.
Removing temporary output file /home/PERSONALE/eugenio.fonzi2/ANALYSES_WES/171228_test_threads_6_patients_4/05_alignment_MT/01_intermediate/06_realigned.bai.
Finished job 344.
281 of 341 steps (82%) done

Job 340: >> 06 : Varscan on sample MT alignment


Activating conda environment /home/PERSONALE/eugenio.fonzi2/WESPipeline/.snakemake/conda/e35b1969.
Job 298: >> third : MuTect on MT alignment

Activating conda environment /home/PERSONALE/eugenio.fonzi2/WESPipeline/.snakemake/conda/a055426f.
Removing temporary output file /home/PERSONALE/eugenio.fonzi2/ANALYSES_WES/171228_test_threads_6_patients_4/05_alignment_MT/02_bqsr/05.bam.
Removing temporary output file /home/PERSONALE/eugenio.fonzi2/ANALYSES_WES/171228_test_threads_6_patients_4/05_alignment_MT/02_bqsr/05.bai.
Finished job 298.
282 of 341 steps (83%) done
Removing temporary output file /home/PERSONALE/eugenio.fonzi2/ANALYSES_WES/171228_test_threads_6_patients_4/05_alignment_MT/02_bqsr/06.bam.
Removing temporary output file /home/PERSONALE/eugenio.fonzi2/ANALYSES_WES/171228_test_threads_6_patients_4/05_alignment_MT/02_bqsr/06.bai.
Finished job 340.
283 of 341 steps (83%) done

Job 296: >> third : Varscan on patient MT alignment

Activating conda environment /home/PERSONALE/eugenio.fonzi2/WESPipeline/.snakemake/conda/e35b1969.
Removing temporary output file /home/PERSONALE/eugenio.fonzi2/ANALYSES_WES/171228_test_threads_6_patients_4/09_varscan_MT/01_mpileup/06.mpileup.
Removing temporary output file /home/PERSONALE/eugenio.fonzi2/ANALYSES_WES/171228_test_threads_6_patients_4/09_varscan_MT/01_mpileup/05.mpileup.
Finished job 296.
284 of 341 steps (83%) done
Removing temporary output file /home/PERSONALE/eugenio.fonzi2/ANALYSES_WES/171228_test_threads_6_patients_4/03_alignment_genome/01_intermediate/02_realigned.bai.
Removing temporary output file /home/PERSONALE/eugenio.fonzi2/ANALYSES_WES/171228_test_threads_6_patients_4/03_alignment_genome/01_intermediate/02_realigned.bam.
Finished job 90.
285 of 341 steps (84%) done

Job 40: >> 02 : AnalyzeCovariates genome

Activating conda environment /home/PERSONALE/eugenio.fonzi2/WESPipeline/.snakemake/conda/e35b1969.
Finished job 40.
286 of 341 steps (84%) done
Removing temporary output file /home/PERSONALE/eugenio.fonzi2/ANALYSES_WES/171228_test_threads_6_patients_4/05_alignment_MT/01_intermediate/02_realigned.bam.
Removing temporary output file /home/PERSONALE/eugenio.fonzi2/ANALYSES_WES/171228_test_threads_6_patients_4/05_alignment_MT/01_intermediate/02_realigned.bai.
Finished job 327.
287 of 341 steps (84%) done

Job 285: >> first : MuTect on MT alignment


Activating conda environment /home/PERSONALE/eugenio.fonzi2/WESPipeline/.snakemake/conda/a055426f.
Job 329: >> 02 : Varscan on sample MT alignment

Activating conda environment /home/PERSONALE/eugenio.fonzi2/WESPipeline/.snakemake/conda/e35b1969.
Removing temporary output file /home/PERSONALE/eugenio.fonzi2/ANALYSES_WES/171228_test_threads_6_patients_4/05_alignment_MT/02_bqsr/01.bai.
Removing temporary output file /home/PERSONALE/eugenio.fonzi2/ANALYSES_WES/171228_test_threads_6_patients_4/05_alignment_MT/02_bqsr/01.bam.
Finished job 285.
288 of 341 steps (84%) done
Removing temporary output file /home/PERSONALE/eugenio.fonzi2/ANALYSES_WES/171228_test_threads_6_patients_4/05_alignment_MT/02_bqsr/02.bam.
Removing temporary output file /home/PERSONALE/eugenio.fonzi2/ANALYSES_WES/171228_test_threads_6_patients_4/05_alignment_MT/02_bqsr/02.bai.
Finished job 329.
289 of 341 steps (85%) done

Job 286: >> first : Varscan on patient MT alignment

Activating conda environment /home/PERSONALE/eugenio.fonzi2/WESPipeline/.snakemake/conda/e35b1969.
Removing temporary output file /home/PERSONALE/eugenio.fonzi2/ANALYSES_WES/171228_test_threads_6_patients_4/09_varscan_MT/01_mpileup/01.mpileup.
Removing temporary output file /home/PERSONALE/eugenio.fonzi2/ANALYSES_WES/171228_test_threads_6_patients_4/09_varscan_MT/01_mpileup/02.mpileup.
Finished job 286.
290 of 341 steps (85%) done
Removing temporary output file /home/PERSONALE/eugenio.fonzi2/ANALYSES_WES/171228_test_threads_6_patients_4/08_varscan_genome/01_mpileup/06.mpileup.
Removing temporary output file /home/PERSONALE/eugenio.fonzi2/ANALYSES_WES/171228_test_threads_6_patients_4/08_varscan_genome/01_mpileup/05.mpileup.
Finished job 297.
291 of 341 steps (85%) done
Removing temporary output file /home/PERSONALE/eugenio.fonzi2/ANALYSES_WES/171228_test_threads_6_patients_4/03_alignment_genome/02_bqsr/07.bai.
Removing temporary output file /home/PERSONALE/eugenio.fonzi2/ANALYSES_WES/171228_test_threads_6_patients_4/03_alignment_genome/02_bqsr/07.bam.
Removing temporary output file /home/PERSONALE/eugenio.fonzi2/ANALYSES_WES/171228_test_threads_6_patients_4/03_alignment_genome/02_bqsr/08.bam.
Removing temporary output file /home/PERSONALE/eugenio.fonzi2/ANALYSES_WES/171228_test_threads_6_patients_4/03_alignment_genome/02_bqsr/08.bai.
Finished job 295.
292 of 341 steps (86%) done

Job 256: >> fourth : Merge and Write Variants

Finished job 256.
293 of 341 steps (86%) done

Job 254: >> fourth : Varscan Filter Somatic Indel


Activating conda environment /home/PERSONALE/eugenio.fonzi2/WESPipeline/.snakemake/conda/e35b1969.
Job 255: >> fourth : Varscan Filter Somatic SNV

Activating conda environment /home/PERSONALE/eugenio.fonzi2/WESPipeline/.snakemake/conda/e35b1969.
Finished job 254.
294 of 341 steps (86%) done
Removing temporary output file /home/PERSONALE/eugenio.fonzi2/ANALYSES_WES/171228_test_threads_6_patients_4/10_variants_filter/fourth_varscan_snv_temp1.tsv.
Removing temporary output file /home/PERSONALE/eugenio.fonzi2/ANALYSES_WES/171228_test_threads_6_patients_4/10_variants_filter/fourth_varscan_indel_temp1.tsv.
Finished job 255.
295 of 341 steps (87%) done

Job 194: >> fourth : Keep Only Variants

Removing temporary output file /home/PERSONALE/eugenio.fonzi2/ANALYSES_WES/171228_test_threads_6_patients_4/10_variants_filter/fourth_varscan_indel_temp2.tsv.
Removing temporary output file /home/PERSONALE/eugenio.fonzi2/ANALYSES_WES/171228_test_threads_6_patients_4/10_variants_filter/fourth_varscan_snv_temp2.tsv.
Finished job 194.
296 of 341 steps (87%) done

Job 252: >> fourth : Split Varscan Variants

Job 253: >> fourth : Split muTect Variants

Finished job 253.
297 of 341 steps (87%) done
Finished job 252.
298 of 341 steps (87%) done

Job 191: >> fourth : annotating with ANNOVAR varscan MT variants

Job 195: >> fourth : annotating with ANNOVAR muTect MT variants

Job 192: >> fourth : annotating with ANNOVAR muTect genome variants

Job 193: >> fourth : annotating with ANNOVAR varscan genome variants

Finished job 191.
299 of 341 steps (88%) done
Finished job 195.
300 of 341 steps (88%) done
Finished job 192.
301 of 341 steps (88%) done
Finished job 193.
302 of 341 steps (89%) done

Job 132: >> fourth : merging muTect and Varscan Variants

Finished job 132.
303 of 341 steps (89%) done

Job 196: >> fourth : create rsID table

Finished job 196.
304 of 341 steps (89%) done

Job 133: >> fourth : filtering exonic/non-synonymous/non-polymorphic

Activating conda environment /home/PERSONALE/eugenio.fonzi2/WESPipeline/.snakemake/conda/28d822a6.
Removing temporary output file /home/PERSONALE/eugenio.fonzi2/ANALYSES_WES/171228_test_threads_6_patients_4/10_variants_filter/fourth_rsID.tsv.
Finished job 133.
305 of 341 steps (89%) done

Job 94: >> fourth : checking MAFs

Removing temporary output file fourth_rsID_maf.tsv.
Finished job 94.
306 of 341 steps (90%) done

Job 43: >> fourth : Removing segdups variants

Finished job 43.
307 of 341 steps (90%) done
Removing temporary output file /home/PERSONALE/eugenio.fonzi2/ANALYSES_WES/171228_test_threads_6_patients_4/08_varscan_genome/01_mpileup/01.mpileup.
Removing temporary output file /home/PERSONALE/eugenio.fonzi2/ANALYSES_WES/171228_test_threads_6_patients_4/08_varscan_genome/01_mpileup/02.mpileup.
Finished job 283.
308 of 341 steps (90%) done
Removing temporary output file /home/PERSONALE/eugenio.fonzi2/ANALYSES_WES/171228_test_threads_6_patients_4/03_alignment_genome/02_bqsr/06.bam.
Removing temporary output file /home/PERSONALE/eugenio.fonzi2/ANALYSES_WES/171228_test_threads_6_patients_4/03_alignment_genome/02_bqsr/06.bai.
Removing temporary output file /home/PERSONALE/eugenio.fonzi2/ANALYSES_WES/171228_test_threads_6_patients_4/03_alignment_genome/02_bqsr/05.bai.
Removing temporary output file /home/PERSONALE/eugenio.fonzi2/ANALYSES_WES/171228_test_threads_6_patients_4/03_alignment_genome/02_bqsr/05.bam.
Finished job 299.
309 of 341 steps (91%) done

Job 258: >> third : Merge and Write Variants

Finished job 258.
310 of 341 steps (91%) done

Job 259: >> third : Varscan Filter Somatic Indel


Activating conda environment /home/PERSONALE/eugenio.fonzi2/WESPipeline/.snakemake/conda/e35b1969.
Job 260: >> third : Varscan Filter Somatic SNV

Activating conda environment /home/PERSONALE/eugenio.fonzi2/WESPipeline/.snakemake/conda/e35b1969.
Finished job 259.
311 of 341 steps (91%) done
Removing temporary output file /home/PERSONALE/eugenio.fonzi2/ANALYSES_WES/171228_test_threads_6_patients_4/10_variants_filter/third_varscan_indel_temp1.tsv.
Removing temporary output file /home/PERSONALE/eugenio.fonzi2/ANALYSES_WES/171228_test_threads_6_patients_4/10_variants_filter/third_varscan_snv_temp1.tsv.
Finished job 260.
312 of 341 steps (91%) done

Job 199: >> third : Keep Only Variants

Removing temporary output file /home/PERSONALE/eugenio.fonzi2/ANALYSES_WES/171228_test_threads_6_patients_4/10_variants_filter/third_varscan_indel_temp2.tsv.
Removing temporary output file /home/PERSONALE/eugenio.fonzi2/ANALYSES_WES/171228_test_threads_6_patients_4/10_variants_filter/third_varscan_snv_temp2.tsv.
Finished job 199.
313 of 341 steps (92%) done

Job 257: >> third : Split Varscan Variants

Job 261: >> third : Split muTect Variants

Finished job 257.
314 of 341 steps (92%) done
Finished job 261.
315 of 341 steps (92%) done

Job 202: >> third : annotating with ANNOVAR varscan MT variants

Job 201: >> third : annotating with ANNOVAR muTect MT variants

Job 198: >> third : annotating with ANNOVAR varscan genome variants

Job 200: >> third : annotating with ANNOVAR muTect genome variants

Finished job 202.
316 of 341 steps (93%) done
Finished job 201.
317 of 341 steps (93%) done
Finished job 200.
318 of 341 steps (93%) done
Finished job 198.
319 of 341 steps (94%) done

Job 135: >> third : merging muTect and Varscan Variants

Finished job 135.
320 of 341 steps (94%) done

Job 197: >> third : create rsID table

Finished job 197.
321 of 341 steps (94%) done

Job 134: >> third : filtering exonic/non-synonymous/non-polymorphic

Activating conda environment /home/PERSONALE/eugenio.fonzi2/WESPipeline/.snakemake/conda/28d822a6.
Removing temporary output file /home/PERSONALE/eugenio.fonzi2/ANALYSES_WES/171228_test_threads_6_patients_4/10_variants_filter/third_rsID.tsv.
Finished job 134.
322 of 341 steps (94%) done

Job 95: >> third : checking MAFs

Removing temporary output file third_rsID_maf.tsv.
Finished job 95.
323 of 341 steps (95%) done

Job 44: >> third : Removing segdups variants

Finished job 44.
324 of 341 steps (95%) done
Removing temporary output file /home/PERSONALE/eugenio.fonzi2/ANALYSES_WES/171228_test_threads_6_patients_4/03_alignment_genome/02_bqsr/01.bam.
Removing temporary output file /home/PERSONALE/eugenio.fonzi2/ANALYSES_WES/171228_test_threads_6_patients_4/03_alignment_genome/02_bqsr/01.bai.
Removing temporary output file /home/PERSONALE/eugenio.fonzi2/ANALYSES_WES/171228_test_threads_6_patients_4/03_alignment_genome/02_bqsr/02.bam.
Removing temporary output file /home/PERSONALE/eugenio.fonzi2/ANALYSES_WES/171228_test_threads_6_patients_4/03_alignment_genome/02_bqsr/02.bai.
Finished job 284.
325 of 341 steps (95%) done

Job 243: >> first : Merge and Write Variants

Finished job 243.
326 of 341 steps (96%) done

Job 245: >> first : Varscan Filter Somatic Indel


Job 244: >> first : Varscan Filter Somatic SNV
Activating conda environment /home/PERSONALE/eugenio.fonzi2/WESPipeline/.snakemake/conda/e35b1969.

Activating conda environment /home/PERSONALE/eugenio.fonzi2/WESPipeline/.snakemake/conda/e35b1969.
Finished job 245.
327 of 341 steps (96%) done
Removing temporary output file /home/PERSONALE/eugenio.fonzi2/ANALYSES_WES/171228_test_threads_6_patients_4/10_variants_filter/first_varscan_indel_temp1.tsv.
Removing temporary output file /home/PERSONALE/eugenio.fonzi2/ANALYSES_WES/171228_test_threads_6_patients_4/10_variants_filter/first_varscan_snv_temp1.tsv.
Finished job 244.
328 of 341 steps (96%) done

Job 171: >> first : Keep Only Variants

Removing temporary output file /home/PERSONALE/eugenio.fonzi2/ANALYSES_WES/171228_test_threads_6_patients_4/10_variants_filter/first_varscan_snv_temp2.tsv.
Removing temporary output file /home/PERSONALE/eugenio.fonzi2/ANALYSES_WES/171228_test_threads_6_patients_4/10_variants_filter/first_varscan_indel_temp2.tsv.
Finished job 171.
329 of 341 steps (96%) done

Job 242: >> first : Split muTect Variants

Job 246: >> first : Split Varscan Variants

Finished job 242.
330 of 341 steps (97%) done
Finished job 246.
331 of 341 steps (97%) done

Job 172: >> first : annotating with ANNOVAR varscan genome variants

Job 173: >> first : annotating with ANNOVAR varscan MT variants

Job 174: >> first : annotating with ANNOVAR muTect MT variants

Job 170: >> first : annotating with ANNOVAR muTect genome variants

Finished job 174.
332 of 341 steps (97%) done
Finished job 173.
333 of 341 steps (98%) done
Finished job 170.
334 of 341 steps (98%) done
Finished job 172.
335 of 341 steps (98%) done

Job 125: >> first : merging muTect and Varscan Variants

Finished job 125.
336 of 341 steps (99%) done

Job 175: >> first : create rsID table

Finished job 175.
337 of 341 steps (99%) done

Job 126: >> first : filtering exonic/non-synonymous/non-polymorphic

Activating conda environment /home/PERSONALE/eugenio.fonzi2/WESPipeline/.snakemake/conda/28d822a6.
Removing temporary output file /home/PERSONALE/eugenio.fonzi2/ANALYSES_WES/171228_test_threads_6_patients_4/10_variants_filter/first_rsID.tsv.
Finished job 126.
338 of 341 steps (99%) done

Job 83: >> first : checking MAFs

Removing temporary output file first_rsID_maf.tsv.
Finished job 83.
339 of 341 steps (99%) done

Job 34: >> first : Removing segdups variants

Finished job 34.
340 of 341 steps (100%) done

Job 0:  THE END 

Finished job 0.
341 of 341 steps (100%) done
