Building DAG of jobs...
Provided cores: 32
Rules claiming more threads will be scaled down.
Job counts:
	count	jobs
	1	all
	4	one
	4	two
	9

rule one:
    output: /home/PERSONALE/eugenio.fonzi2/ANALYSES_WES/provina1/12.txt
    jobid: 5
    wildcards: sample=12

rule one:
    output: /home/PERSONALE/eugenio.fonzi2/ANALYSES_WES/provina1/34.txt
    jobid: 7
    wildcards: sample=34

rule one:
    output: /home/PERSONALE/eugenio.fonzi2/ANALYSES_WES/provina1/56.txt
    jobid: 6
    wildcards: sample=56

rule one:
    output: /home/PERSONALE/eugenio.fonzi2/ANALYSES_WES/provina1/78.txt
    jobid: 8
    wildcards: sample=78

Finished job 5.
1 of 9 steps (11%) done

rule two:
    input: /home/PERSONALE/eugenio.fonzi2/ANALYSES_WES/provina1/12.txt
    output: /home/PERSONALE/eugenio.fonzi2/ANALYSES_WES/provina1/12.tsv
    jobid: 1
    wildcards: sample=12

Finished job 1.
2 of 9 steps (22%) done
Finished job 7.
3 of 9 steps (33%) done

rule two:
    input: /home/PERSONALE/eugenio.fonzi2/ANALYSES_WES/provina1/34.txt
    output: /home/PERSONALE/eugenio.fonzi2/ANALYSES_WES/provina1/34.tsv
    jobid: 3
    wildcards: sample=34

Finished job 8.
4 of 9 steps (44%) done

rule two:
    input: /home/PERSONALE/eugenio.fonzi2/ANALYSES_WES/provina1/78.txt
    output: /home/PERSONALE/eugenio.fonzi2/ANALYSES_WES/provina1/78.tsv
    jobid: 4
    wildcards: sample=78

Finished job 3.
5 of 9 steps (56%) done
Finished job 4.
6 of 9 steps (67%) done
Finished job 6.
7 of 9 steps (78%) done

rule two:
    input: /home/PERSONALE/eugenio.fonzi2/ANALYSES_WES/provina1/56.txt
    output: /home/PERSONALE/eugenio.fonzi2/ANALYSES_WES/provina1/56.tsv
    jobid: 2
    wildcards: sample=56

Finished job 2.
8 of 9 steps (89%) done

localrule all:
    input: /home/PERSONALE/eugenio.fonzi2/ANALYSES_WES/provina1/12.tsv, /home/PERSONALE/eugenio.fonzi2/ANALYSES_WES/provina1/34.tsv, /home/PERSONALE/eugenio.fonzi2/ANALYSES_WES/provina1/56.tsv, /home/PERSONALE/eugenio.fonzi2/ANALYSES_WES/provina1/78.tsv
    jobid: 0

Finished job 0.
9 of 9 steps (100%) done
