Building DAG of jobs...
Provided cores: 32
Rules claiming more threads will be scaled down.
Job counts:
	count	jobs
	2	AnalyzeCovariates_MT
	2	AnalyzeCovariates_genome
	2	BaseRecal_MT
	2	BaseRecal_genome
	2	IndelRealigner_MT
	2	IndelRealigner_genome
	1	KeepOnlyVariants
	1	MergeMutectVarscan
	1	MergeWriteVariants
	1	MutectSplitVariants
	2	PostRecalTable_MT
	2	PostRecalTable_genome
	2	PrintReads_MT
	2	PrintReads_genome
	2	RTC_MT
	2	RTC_genome
	1	Remove_segdups
	1	VarscanSplitVariants
	1	all
	1	annovar_MT_mutect
	1	annovar_MT_varscan
	1	annovar_genome_mutect
	1	annovar_genome_varscan
	1	checkMAFs
	1	create_rsID_table
	2	extractUnmapped_convert
	2	extractUnmapped_extract
	1	filterExonicPolymorphic
	1	filterSomatic_Indel
	1	filterSomatic_SNV
	2	indexing_MT
	2	indexing_genome
	2	map_to_MT
	2	map_to_exome
	2	map_to_genome
	2	marking_MT
	2	marking_genome
	1	muTect_MT
	1	muTect_genome
	2	sorting_MT
	2	sorting_exome
	2	sorting_genome
	1	varscan_MT_patient
	2	varscan_MT_sample
	1	varscan_genome_patient
	2	varscan_genome_sample
	72

Job 89: >> 3062 : Aligning to reference NUCLEAR GENOME


Job 96: >> 242 : Aligning to reference NUCLEAR GENOME


Job 118: >> 242 : Aligning to reference EXOME


Job 117: >> 3062 : Aligning to reference EXOME

Activating conda environment /home/PERSONALE/eugenio.fonzi2/WESPipeline/.snakemake/conda/e35b1969.
Activating conda environment /home/PERSONALE/eugenio.fonzi2/WESPipeline/.snakemake/conda/e35b1969.
Activating conda environment /home/PERSONALE/eugenio.fonzi2/WESPipeline/.snakemake/conda/e35b1969.
Activating conda environment /home/PERSONALE/eugenio.fonzi2/WESPipeline/.snakemake/conda/e35b1969.
