Building DAG of jobs...
Provided cores: 32
Rules claiming more threads will be scaled down.
Job counts:
	count	jobs
	2	AnalyzeCovariates_MT
	2	AnalyzeCovariates_genome
	2	BaseRecal_MT
	2	BaseRecal_genome
	2	IndelRealigner_MT
	2	IndelRealigner_genome
	1	KeepOnlyVariants
	1	MergeMutectVarscan
	1	MergeWriteVariants
	1	MutectSplitVariants
	2	PostRecalTable_MT
	2	PostRecalTable_genome
	2	PrintReads_MT
	2	PrintReads_genome
	2	RTC_MT
	2	RTC_genome
	1	Remove_segdups
	1	VarscanSplitVariants
	1	all
	1	annovar_MT_mutect
	1	annovar_MT_varscan
	1	annovar_genome_mutect
	1	annovar_genome_varscan
	1	checkMAFs
	1	create_rsID_table
	2	downloadDecompressMergeFastq
	2	extractUnmapped_convert
	2	extractUnmapped_extract
	2	fastq_checkpoint
	2	fastqc_R1
	2	fastqc_R2
	2	fastqc_trimmed_R1
	2	fastqc_trimmed_R2
	1	filterExonicPolymorphic
	1	filterSomatic_Indel
	1	filterSomatic_SNV
	1	hg_index_bwa
	1	index_cosmic
	1	index_indelref
	2	indexing_MT
	2	indexing_genome
	2	map_to_MT
	2	map_to_exome
	2	map_to_genome
	2	marking_MT
	2	marking_genome
	1	muTect_MT
	1	muTect_genome
	2	sorting_MT
	2	sorting_exome
	2	sorting_genome
	2	trim
	1	varscan_MT_patient
	2	varscan_MT_sample
	1	varscan_genome_patient
	2	varscan_genome_sample
	89

Job 90: indexing hg19 with bwa


Job 35: >> 3062 : downloading, decompressing and merging fastq 

Activating conda environment /home/PERSONALE/eugenio.fonzi2/WESPipeline/.snakemake/conda/e35b1969.

Job 32: >> 242 : downloading, decompressing and merging fastq 

Finished job 32.
1 of 89 steps (1%) done

Job 19: >> 242 : Check fastq size 

Finished job 19.
2 of 89 steps (2%) done

Job 5: >> 242 : fastqc2

Activating conda environment /home/PERSONALE/eugenio.fonzi2/WESPipeline/.snakemake/conda/e35b1969.

Job 7: >> 242 : fastqc1

Activating conda environment /home/PERSONALE/eugenio.fonzi2/WESPipeline/.snakemake/conda/e35b1969.

Job 14: >> 242 : Trimming

Finished job 7.
3 of 89 steps (3%) done
Finished job 5.
4 of 89 steps (4%) done
Finished job 35.
5 of 89 steps (6%) done

Job 22: >> 3062 : Check fastq size 

Finished job 22.
6 of 89 steps (7%) done

Job 9: >> 3062 : fastqc1

Activating conda environment /home/PERSONALE/eugenio.fonzi2/WESPipeline/.snakemake/conda/e35b1969.

Job 12: >> 3062 : fastqc2

Activating conda environment /home/PERSONALE/eugenio.fonzi2/WESPipeline/.snakemake/conda/e35b1969.

Job 18: >> 3062 : Trimming

Finished job 9.
7 of 89 steps (8%) done
Finished job 12.
8 of 89 steps (9%) done
Removing temporary output file /home/PERSONALE/eugenio.fonzi2/ANALYSES_WES/provissima/01_fastq/02_postprocess/242_R2.fastq.
Removing temporary output file /home/PERSONALE/eugenio.fonzi2/ANALYSES_WES/provissima/01_fastq/02_postprocess/242_R1.fastq.
Finished job 14.
9 of 89 steps (10%) done

Job 10: >> 242 : fastqc2 on trimmed fastq

Activating conda environment /home/PERSONALE/eugenio.fonzi2/WESPipeline/.snakemake/conda/e35b1969.

Job 1: >> 242 : fastqc1 on trimmed fastq

Activating conda environment /home/PERSONALE/eugenio.fonzi2/WESPipeline/.snakemake/conda/e35b1969.
Finished job 1.
10 of 89 steps (11%) done
Finished job 10.
11 of 89 steps (12%) done
Removing temporary output file /home/PERSONALE/eugenio.fonzi2/ANALYSES_WES/provissima/01_fastq/02_postprocess/3062_R2.fastq.
Removing temporary output file /home/PERSONALE/eugenio.fonzi2/ANALYSES_WES/provissima/01_fastq/02_postprocess/3062_R1.fastq.
Finished job 18.
12 of 89 steps (13%) done

Job 4: >> 3062 : fastqc2 on trimmed fastq

Activating conda environment /home/PERSONALE/eugenio.fonzi2/WESPipeline/.snakemake/conda/e35b1969.

Job 6: >> 3062 : fastqc1 on trimmed fastq

Activating conda environment /home/PERSONALE/eugenio.fonzi2/WESPipeline/.snakemake/conda/e35b1969.
Finished job 6.
13 of 89 steps (15%) done
Finished job 4.
14 of 89 steps (16%) done
Finished job 90.
15 of 89 steps (17%) done

Job 117: >> 3062 : Aligning to reference EXOME

Activating conda environment /home/PERSONALE/eugenio.fonzi2/WESPipeline/.snakemake/conda/e35b1969.

Job 97: Performing ValidateVariants on cosmic to index it

Activating conda environment /home/PERSONALE/eugenio.fonzi2/WESPipeline/.snakemake/conda/e35b1969.

Job 96: >> 242 : Aligning to reference NUCLEAR GENOME

Activating conda environment /home/PERSONALE/eugenio.fonzi2/WESPipeline/.snakemake/conda/e35b1969.

Job 89: >> 3062 : Aligning to reference NUCLEAR GENOME

Activating conda environment /home/PERSONALE/eugenio.fonzi2/WESPipeline/.snakemake/conda/e35b1969.

Job 118: >> 242 : Aligning to reference EXOME

Activating conda environment /home/PERSONALE/eugenio.fonzi2/WESPipeline/.snakemake/conda/e35b1969.

Job 73: Performing ValidateVariants on Mills_and_1000G_gold_standard.indels.b37 to index it

Activating conda environment /home/PERSONALE/eugenio.fonzi2/WESPipeline/.snakemake/conda/e35b1969.
Finished job 97.
16 of 89 steps (18%) done
Finished job 73.
17 of 89 steps (19%) done
Finished job 118.
18 of 89 steps (20%) done

Job 116: >> 242 : sorting exome

Activating conda environment /home/PERSONALE/eugenio.fonzi2/WESPipeline/.snakemake/conda/e35b1969.
