Building DAG of jobs...
Provided cores: 32
Rules claiming more threads will be scaled down.
Job counts:
	count	jobs
	4	AnalyzeCovariates_MT
	4	AnalyzeCovariates_genome
	4	BaseRecal_MT
	4	BaseRecal_genome
	4	IndelRealigner_MT
	4	IndelRealigner_genome
	2	KeepOnlyVariants
	2	MergeMutectVarscan
	2	MergeWriteVariants
	2	MutectSplitVariants
	4	PostRecalTable_MT
	4	PostRecalTable_genome
	4	PrintReads_MT
	4	PrintReads_genome
	4	RTC_MT
	4	RTC_genome
	2	Remove_segdups
	2	VarscanSplitVariants
	1	all
	2	annovar_MT_mutect
	2	annovar_MT_varscan
	2	annovar_genome_mutect
	2	annovar_genome_varscan
	2	checkMAFs
	2	create_rsID_table
	4	downloadDecompressMergeFastq
	4	extractUnmapped_convert
	4	extractUnmapped_extract
	4	fastqc_R1
	4	fastqc_R2
	4	fastqc_trimmed_R1
	4	fastqc_trimmed_R2
	2	filterExonicPolymorphic
	2	filterSomatic_Indel
	2	filterSomatic_SNV
	1	get_truseq_rapid_fasta
	1	index_picard_truseq_rapid
	1	index_samtools_truseq_rapid
	4	indexing_MT
	4	indexing_genome
	4	map_to_MT
	4	map_to_exome
	4	map_to_genome
	4	marking_MT
	4	marking_genome
	2	muTect_MT
	2	muTect_genome
	4	sorting_MT
	4	sorting_exome
	4	sorting_genome
	4	trim
	1	truseq_rapid_index_bwa
	2	varscan_MT_patient
	4	varscan_MT_sample
	2	varscan_genome_patient
	4	varscan_genome_sample
	171

Job 27: >> 426 : downloading, decompressing and merging fastq 

Job 202: generating truseq_rapid fasta

Activating conda environment /home/PERSONALE/eugenio.fonzi2/WESPipeline/.snakemake/conda/e35b1969.

Job 45: >> 416 : downloading, decompressing and merging fastq 

Job 37: >> 449 : downloading, decompressing and merging fastq 

Job 32: >> 461 : downloading, decompressing and merging fastq 

Error in rule downloadDecompressMergeFastq:
Error in rule downloadDecompressMergeFastq:
    jobid: 27
    jobid: 32
Error in rule downloadDecompressMergeFastq:
    output: /home/PERSONALE/eugenio.fonzi2/ANALYSES_WES/180103_test_adapters_YES_on_impossible/01_fastq/02_postprocess/426_R1.fastq, /home/PERSONALE/eugenio.fonzi2/ANALYSES_WES/180103_test_adapters_YES_on_impossible/01_fastq/02_postprocess/426_R2.fastq
    output: /home/PERSONALE/eugenio.fonzi2/ANALYSES_WES/180103_test_adapters_YES_on_impossible/01_fastq/02_postprocess/461_R1.fastq, /home/PERSONALE/eugenio.fonzi2/ANALYSES_WES/180103_test_adapters_YES_on_impossible/01_fastq/02_postprocess/461_R2.fastq
    jobid: 45
    log: /home/PERSONALE/eugenio.fonzi2/ANALYSES_WES/180103_test_adapters_YES_on_impossible/01_fastq/logs/426_cadaver.log
    log: /home/PERSONALE/eugenio.fonzi2/ANALYSES_WES/180103_test_adapters_YES_on_impossible/01_fastq/logs/461_cadaver.log
    output: /home/PERSONALE/eugenio.fonzi2/ANALYSES_WES/180103_test_adapters_YES_on_impossible/01_fastq/02_postprocess/416_R1.fastq, /home/PERSONALE/eugenio.fonzi2/ANALYSES_WES/180103_test_adapters_YES_on_impossible/01_fastq/02_postprocess/416_R2.fastq


    log: /home/PERSONALE/eugenio.fonzi2/ANALYSES_WES/180103_test_adapters_YES_on_impossible/01_fastq/logs/416_cadaver.log

RuleException:
CalledProcessError in line 410 of /home/PERSONALE/eugenio.fonzi2/WESPipeline/snakefile_03.py:
Command ' set -euo pipefail;  /home/PERSONALE/eugenio.fonzi2/miniconda3/bin/python /home/PERSONALE/eugenio.fonzi2/WESPipeline/scripts/.snakemake.j4vw382p.downloadDecompressMergeFastq_01.py ' returned non-zero exit status 1.
  File "/home/PERSONALE/eugenio.fonzi2/WESPipeline/snakefile_03.py", line 410, in __rule_downloadDecompressMergeFastq
  File "/home/PERSONALE/eugenio.fonzi2/miniconda3/lib/python3.6/concurrent/futures/thread.py", line 56, in run
RuleException:
CalledProcessError in line 410 of /home/PERSONALE/eugenio.fonzi2/WESPipeline/snakefile_03.py:
Command ' set -euo pipefail;  /home/PERSONALE/eugenio.fonzi2/miniconda3/bin/python /home/PERSONALE/eugenio.fonzi2/WESPipeline/scripts/.snakemake.qayh_h50.downloadDecompressMergeFastq_01.py ' returned non-zero exit status 1.
  File "/home/PERSONALE/eugenio.fonzi2/WESPipeline/snakefile_03.py", line 410, in __rule_downloadDecompressMergeFastq
  File "/home/PERSONALE/eugenio.fonzi2/miniconda3/lib/python3.6/concurrent/futures/thread.py", line 56, in run
RuleException:
CalledProcessError in line 410 of /home/PERSONALE/eugenio.fonzi2/WESPipeline/snakefile_03.py:
Command ' set -euo pipefail;  /home/PERSONALE/eugenio.fonzi2/miniconda3/bin/python /home/PERSONALE/eugenio.fonzi2/WESPipeline/scripts/.snakemake.o9b_8j3u.downloadDecompressMergeFastq_01.py ' returned non-zero exit status 1.
  File "/home/PERSONALE/eugenio.fonzi2/WESPipeline/snakefile_03.py", line 410, in __rule_downloadDecompressMergeFastq
  File "/home/PERSONALE/eugenio.fonzi2/miniconda3/lib/python3.6/concurrent/futures/thread.py", line 56, in run
Will exit after finishing currently running jobs.
Will exit after finishing currently running jobs.
Will exit after finishing currently running jobs.
Finished job 202.
1 of 171 steps (0.58%) done
Will exit after finishing currently running jobs.
Finished job 37.
2 of 171 steps (1%) done
Will exit after finishing currently running jobs.
Exiting because a job execution failed. Look above for error message
Complete log: .snakemake/log/2018-01-03T232024.190306.snakemake.log
