Building DAG of jobs...
Provided cores: 32
Rules claiming more threads will be scaled down.
Job counts:
	count	jobs
	6	AnalyzeCovariates_MT
	6	AnalyzeCovariates_genome
	6	BaseRecal_MT
	6	BaseRecal_genome
	6	IndelRealigner_MT
	6	IndelRealigner_genome
	3	KeepOnlyVariants
	3	MergeMutectVarscan
	3	MergeWriteVariants
	3	MutectSplitVariants
	6	PostRecalTable_MT
	6	PostRecalTable_genome
	6	PrintReads_MT
	6	PrintReads_genome
	6	RTC_MT
	6	RTC_genome
	3	Remove_segdups
	3	VarscanSplitVariants
	1	all
	3	annovar_MT_mutect
	3	annovar_MT_varscan
	3	annovar_genome_mutect
	3	annovar_genome_varscan
	3	checkMAFs
	3	create_rsID_table
	6	downloadDecompressMergeFastq
	6	extractUnmapped_convert
	6	extractUnmapped_extract
	6	fastqc_R1
	6	fastqc_R2
	6	fastqc_trimmed_R1
	6	fastqc_trimmed_R2
	3	filterExonicPolymorphic
	3	filterSomatic_Indel
	3	filterSomatic_SNV
	6	indexing_MT
	6	indexing_genome
	6	map_to_MT
	6	map_to_exome
	6	map_to_genome
	6	marking_MT
	6	marking_genome
	3	muTect_MT
	3	muTect_genome
	6	sorting_MT
	6	sorting_exome
	6	sorting_genome
	6	trim
	3	varscan_MT_patient
	6	varscan_MT_sample
	3	varscan_genome_patient
	6	varscan_genome_sample
	250

Job 40: >> B2044S : downloading, decompressing and merging fastq 

Job 57: >> 1905 : downloading, decompressing and merging fastq 


Job 55: >> 218 : downloading, decompressing and merging fastq 

Job 44: >> B2044D : downloading, decompressing and merging fastq 


Job 45: >> 3165 : downloading, decompressing and merging fastq 


Job 62: >> 273 : downloading, decompressing and merging fastq 

Finished job 55.
1 of 250 steps (0.40%) done

Job 14: >> 218 : fastqc1

Activating conda environment /home/PERSONALE/eugenio.fonzi2/WESPipeline/.snakemake/conda/e35b1969.

Job 20: >> 218 : fastqc2

Activating conda environment /home/PERSONALE/eugenio.fonzi2/WESPipeline/.snakemake/conda/e35b1969.

Job 56: >> 218 : Trimming

Finished job 57.
2 of 250 steps (0.80%) done

Job 24: >> 1905 : fastqc1

Activating conda environment /home/PERSONALE/eugenio.fonzi2/WESPipeline/.snakemake/conda/e35b1969.

Job 41: >> 1905 : Trimming


Job 17: >> 1905 : fastqc2

Activating conda environment /home/PERSONALE/eugenio.fonzi2/WESPipeline/.snakemake/conda/e35b1969.
Finished job 14.
3 of 250 steps (1%) done
Finished job 20.
4 of 250 steps (2%) done
Finished job 24.
5 of 250 steps (2%) done
Finished job 17.
6 of 250 steps (2%) done
Finished job 40.
7 of 250 steps (3%) done

Job 58: >> B2044S : Trimming


Job 5: >> B2044S : fastqc1

Activating conda environment /home/PERSONALE/eugenio.fonzi2/WESPipeline/.snakemake/conda/e35b1969.

Job 1: >> B2044S : fastqc2

Activating conda environment /home/PERSONALE/eugenio.fonzi2/WESPipeline/.snakemake/conda/e35b1969.
Finished job 1.
8 of 250 steps (3%) done
Finished job 5.
9 of 250 steps (4%) done
Finished job 62.
10 of 250 steps (4%) done

Job 31: >> 273 : fastqc1

Activating conda environment /home/PERSONALE/eugenio.fonzi2/WESPipeline/.snakemake/conda/e35b1969.

Job 25: >> 273 : fastqc2

Activating conda environment /home/PERSONALE/eugenio.fonzi2/WESPipeline/.snakemake/conda/e35b1969.

Job 46: >> 273 : Trimming

Finished job 31.
11 of 250 steps (4%) done
Finished job 25.
12 of 250 steps (5%) done
Finished job 44.
13 of 250 steps (5%) done

Job 43: >> B2044D : Trimming


Job 32: >> B2044D : fastqc2

Activating conda environment /home/PERSONALE/eugenio.fonzi2/WESPipeline/.snakemake/conda/e35b1969.

Job 6: >> B2044D : fastqc1

Activating conda environment /home/PERSONALE/eugenio.fonzi2/WESPipeline/.snakemake/conda/e35b1969.
Finished job 32.
14 of 250 steps (6%) done
Finished job 6.
15 of 250 steps (6%) done
Finished job 45.
16 of 250 steps (6%) done

Job 42: >> 3165 : Trimming


Job 7: >> 3165 : fastqc2

Activating conda environment /home/PERSONALE/eugenio.fonzi2/WESPipeline/.snakemake/conda/e35b1969.

Job 15: >> 3165 : fastqc1

Activating conda environment /home/PERSONALE/eugenio.fonzi2/WESPipeline/.snakemake/conda/e35b1969.
Finished job 7.
17 of 250 steps (7%) done
Finished job 15.
18 of 250 steps (7%) done
Finished job 56.
19 of 250 steps (8%) done

Job 230: >> 218 : Aligning to reference NUCLEAR GENOME

Activating conda environment /home/PERSONALE/eugenio.fonzi2/WESPipeline/.snakemake/conda/e35b1969.

Job 23: >> 218 : fastqc1 on trimmed fastq

Activating conda environment /home/PERSONALE/eugenio.fonzi2/WESPipeline/.snakemake/conda/e35b1969.

Job 280: >> 218 : Aligning to reference EXOME

Activating conda environment /home/PERSONALE/eugenio.fonzi2/WESPipeline/.snakemake/conda/e35b1969.

Job 16: >> 218 : fastqc2 on trimmed fastq

Activating conda environment /home/PERSONALE/eugenio.fonzi2/WESPipeline/.snakemake/conda/e35b1969.
Finished job 23.
20 of 250 steps (8%) done
Finished job 16.
21 of 250 steps (8%) done
Finished job 41.
22 of 250 steps (9%) done

Job 2: >> 1905 : fastqc1 on trimmed fastq

Activating conda environment /home/PERSONALE/eugenio.fonzi2/WESPipeline/.snakemake/conda/e35b1969.

Job 30: >> 1905 : fastqc2 on trimmed fastq

Activating conda environment /home/PERSONALE/eugenio.fonzi2/WESPipeline/.snakemake/conda/e35b1969.

Job 216: >> 1905 : Aligning to reference NUCLEAR GENOME

Activating conda environment /home/PERSONALE/eugenio.fonzi2/WESPipeline/.snakemake/conda/e35b1969.

Job 284: >> 1905 : Aligning to reference EXOME

Activating conda environment /home/PERSONALE/eugenio.fonzi2/WESPipeline/.snakemake/conda/e35b1969.
Finished job 30.
23 of 250 steps (9%) done
Finished job 2.
24 of 250 steps (10%) done
Finished job 280.
25 of 250 steps (10%) done

Job 274: >> 218 : sorting exome

Activating conda environment /home/PERSONALE/eugenio.fonzi2/WESPipeline/.snakemake/conda/e35b1969.
Finished job 284.
26 of 250 steps (10%) done

Job 278: >> 1905 : sorting exome

Activating conda environment /home/PERSONALE/eugenio.fonzi2/WESPipeline/.snakemake/conda/e35b1969.
Finished job 58.
27 of 250 steps (11%) done

Job 281: >> B2044S : Aligning to reference EXOME


Activating conda environment /home/PERSONALE/eugenio.fonzi2/WESPipeline/.snakemake/conda/e35b1969.
Job 215: >> B2044S : Aligning to reference NUCLEAR GENOME


Activating conda environment /home/PERSONALE/eugenio.fonzi2/WESPipeline/.snakemake/conda/e35b1969.
Job 33: >> B2044S : fastqc2 on trimmed fastq


Activating conda environment /home/PERSONALE/eugenio.fonzi2/WESPipeline/.snakemake/conda/e35b1969.
Job 18: >> B2044S : fastqc1 on trimmed fastq

Activating conda environment /home/PERSONALE/eugenio.fonzi2/WESPipeline/.snakemake/conda/e35b1969.
Removing temporary output file /home/PERSONALE/eugenio.fonzi2/ANALYSES_WES/180105_test_adapters_YES_on_contaminated/04_alignment_exome/01_intermediate/218.sam.
Finished job 274.
28 of 250 steps (11%) done

Job 268: >> 218 : extractUnmapped extract

Activating conda environment /home/PERSONALE/eugenio.fonzi2/WESPipeline/.snakemake/conda/e35b1969.
Removing temporary output file /home/PERSONALE/eugenio.fonzi2/ANALYSES_WES/180105_test_adapters_YES_on_contaminated/02_fastq_trimmed/218_R2.fastq.
Removing temporary output file /home/PERSONALE/eugenio.fonzi2/ANALYSES_WES/180105_test_adapters_YES_on_contaminated/02_fastq_trimmed/218_R1.fastq.
Finished job 230.
29 of 250 steps (12%) done

Job 200: >> 218 : sorting genome

Activating conda environment /home/PERSONALE/eugenio.fonzi2/WESPipeline/.snakemake/conda/e35b1969.
Finished job 18.
30 of 250 steps (12%) done
Finished job 33.
31 of 250 steps (12%) done
Removing temporary output file /home/PERSONALE/eugenio.fonzi2/ANALYSES_WES/180105_test_adapters_YES_on_contaminated/02_fastq_trimmed/1905_R1.fastq.
Removing temporary output file /home/PERSONALE/eugenio.fonzi2/ANALYSES_WES/180105_test_adapters_YES_on_contaminated/02_fastq_trimmed/1905_R2.fastq.
Finished job 216.
32 of 250 steps (13%) done

Job 184: >> 1905 : sorting genome

Activating conda environment /home/PERSONALE/eugenio.fonzi2/WESPipeline/.snakemake/conda/e35b1969.
Removing temporary output file /home/PERSONALE/eugenio.fonzi2/ANALYSES_WES/180105_test_adapters_YES_on_contaminated/04_alignment_exome/01_intermediate/1905.sam.
Finished job 278.
33 of 250 steps (13%) done

Job 272: >> 1905 : extractUnmapped extract

Activating conda environment /home/PERSONALE/eugenio.fonzi2/WESPipeline/.snakemake/conda/e35b1969.
Removing temporary output file /home/PERSONALE/eugenio.fonzi2/ANALYSES_WES/180105_test_adapters_YES_on_contaminated/04_alignment_exome/01_intermediate/218_sorted.bam.
Finished job 268.
34 of 250 steps (14%) done

Job 234: >> 218 : extractUnmapped convert

Activating conda environment /home/PERSONALE/eugenio.fonzi2/WESPipeline/.snakemake/conda/e35b1969.
Removing temporary output file /home/PERSONALE/eugenio.fonzi2/ANALYSES_WES/180105_test_adapters_YES_on_contaminated/04_alignment_exome/01_intermediate/218_unmapped.bam.
Finished job 234.
35 of 250 steps (14%) done

Job 208: >> 218 : Aligning to reference MITOCHONDRIAL GENOME

Activating conda environment /home/PERSONALE/eugenio.fonzi2/WESPipeline/.snakemake/conda/e35b1969.
Removing temporary output file /home/PERSONALE/eugenio.fonzi2/ANALYSES_WES/180105_test_adapters_YES_on_contaminated/04_alignment_exome/01_intermediate/1905_sorted.bam.
Finished job 272.
36 of 250 steps (14%) done

Job 266: >> 1905 : extractUnmapped convert

Activating conda environment /home/PERSONALE/eugenio.fonzi2/WESPipeline/.snakemake/conda/e35b1969.
Removing temporary output file /home/PERSONALE/eugenio.fonzi2/ANALYSES_WES/180105_test_adapters_YES_on_contaminated/04_alignment_exome/02_unmapped_fastq/218_R2.unmapped.fastq.
Removing temporary output file /home/PERSONALE/eugenio.fonzi2/ANALYSES_WES/180105_test_adapters_YES_on_contaminated/04_alignment_exome/02_unmapped_fastq/218_R1.unmapped.fastq.
Finished job 208.
37 of 250 steps (15%) done

Job 168: >> 218 : sorting MT

Activating conda environment /home/PERSONALE/eugenio.fonzi2/WESPipeline/.snakemake/conda/e35b1969.
Finished job 281.
38 of 250 steps (15%) done

Job 275: >> B2044S : sorting exome

Activating conda environment /home/PERSONALE/eugenio.fonzi2/WESPipeline/.snakemake/conda/e35b1969.
Removing temporary output file /home/PERSONALE/eugenio.fonzi2/ANALYSES_WES/180105_test_adapters_YES_on_contaminated/05_alignment_MT/01_intermediate/218.sam.
Finished job 168.
39 of 250 steps (16%) done

Job 111: >> 218 : marking MT

Activating conda environment /home/PERSONALE/eugenio.fonzi2/WESPipeline/.snakemake/conda/e35b1969.
Removing temporary output file /home/PERSONALE/eugenio.fonzi2/ANALYSES_WES/180105_test_adapters_YES_on_contaminated/03_alignment_genome/01_intermediate/218.sam.
Finished job 200.
40 of 250 steps (16%) done

Job 157: >> 218 : marking genome

Activating conda environment /home/PERSONALE/eugenio.fonzi2/WESPipeline/.snakemake/conda/e35b1969.
Removing temporary output file /home/PERSONALE/eugenio.fonzi2/ANALYSES_WES/180105_test_adapters_YES_on_contaminated/05_alignment_MT/01_intermediate/218_sorted.bam.
Finished job 111.
41 of 250 steps (16%) done

Job 112: >> 218 : indexing MT

Activating conda environment /home/PERSONALE/eugenio.fonzi2/WESPipeline/.snakemake/conda/e35b1969.
Finished job 112.
42 of 250 steps (17%) done

Job 110: >> 218 : RTC MT

Activating conda environment /home/PERSONALE/eugenio.fonzi2/WESPipeline/.snakemake/conda/e35b1969.
Finished job 110.
43 of 250 steps (17%) done

Job 85: >> 218 : IndelRealigner MT

Activating conda environment /home/PERSONALE/eugenio.fonzi2/WESPipeline/.snakemake/conda/e35b1969.
Removing temporary output file /home/PERSONALE/eugenio.fonzi2/ANALYSES_WES/180105_test_adapters_YES_on_contaminated/03_alignment_genome/01_intermediate/1905.sam.
Finished job 184.
44 of 250 steps (18%) done

Job 128: >> 1905 : marking genome

Activating conda environment /home/PERSONALE/eugenio.fonzi2/WESPipeline/.snakemake/conda/e35b1969.
Removing temporary output file /home/PERSONALE/eugenio.fonzi2/ANALYSES_WES/180105_test_adapters_YES_on_contaminated/04_alignment_exome/01_intermediate/1905_unmapped.bam.
Finished job 266.
45 of 250 steps (18%) done

Job 229: >> 1905 : Aligning to reference MITOCHONDRIAL GENOME

Activating conda environment /home/PERSONALE/eugenio.fonzi2/WESPipeline/.snakemake/conda/e35b1969.
Removing temporary output file /home/PERSONALE/eugenio.fonzi2/ANALYSES_WES/180105_test_adapters_YES_on_contaminated/04_alignment_exome/02_unmapped_fastq/1905_R2.unmapped.fastq.
Removing temporary output file /home/PERSONALE/eugenio.fonzi2/ANALYSES_WES/180105_test_adapters_YES_on_contaminated/04_alignment_exome/02_unmapped_fastq/1905_R1.unmapped.fastq.
Finished job 229.
46 of 250 steps (18%) done

Job 199: >> 1905 : sorting MT

Activating conda environment /home/PERSONALE/eugenio.fonzi2/WESPipeline/.snakemake/conda/e35b1969.
Removing temporary output file /home/PERSONALE/eugenio.fonzi2/ANALYSES_WES/180105_test_adapters_YES_on_contaminated/05_alignment_MT/01_intermediate/218_marked.bam.
Removing temporary output file /home/PERSONALE/eugenio.fonzi2/ANALYSES_WES/180105_test_adapters_YES_on_contaminated/05_alignment_MT/01_intermediate/218_marked.bai.
Finished job 85.
47 of 250 steps (19%) done

Job 52: >> 218 : BaseRecal MT

Activating conda environment /home/PERSONALE/eugenio.fonzi2/WESPipeline/.snakemake/conda/e35b1969.
Finished job 52.
48 of 250 steps (19%) done

Job 51: >> 218 : PostRecalTable MT


Activating conda environment /home/PERSONALE/eugenio.fonzi2/WESPipeline/.snakemake/conda/e35b1969.
Job 257: >> 218 : PrintReads MT

Activating conda environment /home/PERSONALE/eugenio.fonzi2/WESPipeline/.snakemake/conda/e35b1969.
Finished job 51.
49 of 250 steps (20%) done

Job 12: >> 218 : AnalyzeCovariates MT

Activating conda environment /home/PERSONALE/eugenio.fonzi2/WESPipeline/.snakemake/conda/e35b1969.
Finished job 12.
50 of 250 steps (20%) done
Removing temporary output file /home/PERSONALE/eugenio.fonzi2/ANALYSES_WES/180105_test_adapters_YES_on_contaminated/02_fastq_trimmed/B2044S_R2.fastq.
Removing temporary output file /home/PERSONALE/eugenio.fonzi2/ANALYSES_WES/180105_test_adapters_YES_on_contaminated/02_fastq_trimmed/B2044S_R1.fastq.
Finished job 215.
51 of 250 steps (20%) done

Job 183: >> B2044S : sorting genome

Activating conda environment /home/PERSONALE/eugenio.fonzi2/WESPipeline/.snakemake/conda/e35b1969.
Removing temporary output file /home/PERSONALE/eugenio.fonzi2/ANALYSES_WES/180105_test_adapters_YES_on_contaminated/05_alignment_MT/01_intermediate/1905.sam.
Finished job 199.
52 of 250 steps (21%) done

Job 154: >> 1905 : marking MT

Activating conda environment /home/PERSONALE/eugenio.fonzi2/WESPipeline/.snakemake/conda/e35b1969.
Removing temporary output file /home/PERSONALE/eugenio.fonzi2/ANALYSES_WES/180105_test_adapters_YES_on_contaminated/05_alignment_MT/01_intermediate/1905_sorted.bam.
Finished job 154.
53 of 250 steps (21%) done

Job 153: >> 1905 : indexing MT

Activating conda environment /home/PERSONALE/eugenio.fonzi2/WESPipeline/.snakemake/conda/e35b1969.
Finished job 153.
54 of 250 steps (22%) done

Job 155: >> 1905 : RTC MT

Activating conda environment /home/PERSONALE/eugenio.fonzi2/WESPipeline/.snakemake/conda/e35b1969.
Finished job 155.
55 of 250 steps (22%) done

Job 100: >> 1905 : IndelRealigner MT

Activating conda environment /home/PERSONALE/eugenio.fonzi2/WESPipeline/.snakemake/conda/e35b1969.
Removing temporary output file /home/PERSONALE/eugenio.fonzi2/ANALYSES_WES/180105_test_adapters_YES_on_contaminated/05_alignment_MT/01_intermediate/218_realigned.bai.
Removing temporary output file /home/PERSONALE/eugenio.fonzi2/ANALYSES_WES/180105_test_adapters_YES_on_contaminated/05_alignment_MT/01_intermediate/218_realigned.bam.
Finished job 257.
56 of 250 steps (22%) done

Job 259: >> 218 : Varscan on sample MT alignment

Activating conda environment /home/PERSONALE/eugenio.fonzi2/WESPipeline/.snakemake/conda/e35b1969.
Finished job 259.
57 of 250 steps (23%) done
Removing temporary output file /home/PERSONALE/eugenio.fonzi2/ANALYSES_WES/180105_test_adapters_YES_on_contaminated/03_alignment_genome/01_intermediate/218_sorted.bam.
Finished job 157.
58 of 250 steps (23%) done

Job 158: >> 218 : indexing genome

Activating conda environment /home/PERSONALE/eugenio.fonzi2/WESPipeline/.snakemake/conda/e35b1969.
Finished job 158.
59 of 250 steps (24%) done

Job 156: >> 218 : RTC genome

Activating conda environment /home/PERSONALE/eugenio.fonzi2/WESPipeline/.snakemake/conda/e35b1969.
Removing temporary output file /home/PERSONALE/eugenio.fonzi2/ANALYSES_WES/180105_test_adapters_YES_on_contaminated/05_alignment_MT/01_intermediate/1905_marked.bai.
Removing temporary output file /home/PERSONALE/eugenio.fonzi2/ANALYSES_WES/180105_test_adapters_YES_on_contaminated/05_alignment_MT/01_intermediate/1905_marked.bam.
Finished job 100.
60 of 250 steps (24%) done

Job 75: >> 1905 : BaseRecal MT

Activating conda environment /home/PERSONALE/eugenio.fonzi2/WESPipeline/.snakemake/conda/e35b1969.
Finished job 75.
61 of 250 steps (24%) done

Job 76: >> 1905 : PostRecalTable MT


Activating conda environment /home/PERSONALE/eugenio.fonzi2/WESPipeline/.snakemake/conda/e35b1969.
Job 258: >> 1905 : PrintReads MT

Activating conda environment /home/PERSONALE/eugenio.fonzi2/WESPipeline/.snakemake/conda/e35b1969.
Finished job 76.
62 of 250 steps (25%) done

Job 38: >> 1905 : AnalyzeCovariates MT

Activating conda environment /home/PERSONALE/eugenio.fonzi2/WESPipeline/.snakemake/conda/e35b1969.
Finished job 38.
63 of 250 steps (25%) done
Removing temporary output file /home/PERSONALE/eugenio.fonzi2/ANALYSES_WES/180105_test_adapters_YES_on_contaminated/03_alignment_genome/01_intermediate/1905_sorted.bam.
Finished job 128.
64 of 250 steps (26%) done

Job 126: >> 1905 : indexing genome

Activating conda environment /home/PERSONALE/eugenio.fonzi2/WESPipeline/.snakemake/conda/e35b1969.
Finished job 156.
65 of 250 steps (26%) done

Job 101: >> 218 : IndelRealigner genome

Activating conda environment /home/PERSONALE/eugenio.fonzi2/WESPipeline/.snakemake/conda/e35b1969.
Removing temporary output file /home/PERSONALE/eugenio.fonzi2/ANALYSES_WES/180105_test_adapters_YES_on_contaminated/04_alignment_exome/01_intermediate/B2044S.sam.
Finished job 275.
66 of 250 steps (26%) done

Job 269: >> B2044S : extractUnmapped extract

Activating conda environment /home/PERSONALE/eugenio.fonzi2/WESPipeline/.snakemake/conda/e35b1969.
Finished job 126.
67 of 250 steps (27%) done

Job 127: >> 1905 : RTC genome

Activating conda environment /home/PERSONALE/eugenio.fonzi2/WESPipeline/.snakemake/conda/e35b1969.
Finished job 127.
68 of 250 steps (27%) done

Job 91: >> 1905 : IndelRealigner genome

Activating conda environment /home/PERSONALE/eugenio.fonzi2/WESPipeline/.snakemake/conda/e35b1969.
Removing temporary output file /home/PERSONALE/eugenio.fonzi2/ANALYSES_WES/180105_test_adapters_YES_on_contaminated/05_alignment_MT/01_intermediate/1905_realigned.bai.
Removing temporary output file /home/PERSONALE/eugenio.fonzi2/ANALYSES_WES/180105_test_adapters_YES_on_contaminated/05_alignment_MT/01_intermediate/1905_realigned.bam.
Finished job 258.
69 of 250 steps (28%) done

Job 224: >> 38 : MuTect on MT alignment


Activating conda environment /home/PERSONALE/eugenio.fonzi2/WESPipeline/.snakemake/conda/a055426f.
Job 260: >> 1905 : Varscan on sample MT alignment

Activating conda environment /home/PERSONALE/eugenio.fonzi2/WESPipeline/.snakemake/conda/e35b1969.
Removing temporary output file /home/PERSONALE/eugenio.fonzi2/ANALYSES_WES/180105_test_adapters_YES_on_contaminated/05_alignment_MT/02_bqsr/218.bai.
Removing temporary output file /home/PERSONALE/eugenio.fonzi2/ANALYSES_WES/180105_test_adapters_YES_on_contaminated/05_alignment_MT/02_bqsr/218.bam.
Finished job 224.
70 of 250 steps (28%) done
Removing temporary output file /home/PERSONALE/eugenio.fonzi2/ANALYSES_WES/180105_test_adapters_YES_on_contaminated/05_alignment_MT/02_bqsr/1905.bam.
Removing temporary output file /home/PERSONALE/eugenio.fonzi2/ANALYSES_WES/180105_test_adapters_YES_on_contaminated/05_alignment_MT/02_bqsr/1905.bai.
Finished job 260.
71 of 250 steps (28%) done

Job 225: >> 38 : Varscan on patient MT alignment

Activating conda environment /home/PERSONALE/eugenio.fonzi2/WESPipeline/.snakemake/conda/e35b1969.
Removing temporary output file /home/PERSONALE/eugenio.fonzi2/ANALYSES_WES/180105_test_adapters_YES_on_contaminated/09_varscan_MT/01_mpileup/218.mpileup.
Removing temporary output file /home/PERSONALE/eugenio.fonzi2/ANALYSES_WES/180105_test_adapters_YES_on_contaminated/09_varscan_MT/01_mpileup/1905.mpileup.
Finished job 225.
72 of 250 steps (29%) done
Removing temporary output file /home/PERSONALE/eugenio.fonzi2/ANALYSES_WES/180105_test_adapters_YES_on_contaminated/04_alignment_exome/01_intermediate/B2044S_sorted.bam.
Finished job 269.
73 of 250 steps (29%) done

Job 235: >> B2044S : extractUnmapped convert

Activating conda environment /home/PERSONALE/eugenio.fonzi2/WESPipeline/.snakemake/conda/e35b1969.
Removing temporary output file /home/PERSONALE/eugenio.fonzi2/ANALYSES_WES/180105_test_adapters_YES_on_contaminated/03_alignment_genome/01_intermediate/B2044S.sam.
Finished job 183.
74 of 250 steps (30%) done

Job 124: >> B2044S : marking genome

Activating conda environment /home/PERSONALE/eugenio.fonzi2/WESPipeline/.snakemake/conda/e35b1969.
Error in rule extractUnmapped_convert:
    jobid: 235
    output: /home/PERSONALE/eugenio.fonzi2/ANALYSES_WES/180105_test_adapters_YES_on_contaminated/04_alignment_exome/02_unmapped_fastq/B2044S_R1.unmapped.fastq, /home/PERSONALE/eugenio.fonzi2/ANALYSES_WES/180105_test_adapters_YES_on_contaminated/04_alignment_exome/02_unmapped_fastq/B2044S_R2.unmapped.fastq, /home/PERSONALE/eugenio.fonzi2/ANALYSES_WES/180105_test_adapters_YES_on_contaminated/04_alignment_exome/02_unmapped_fastq/B2044S_unpaired.unmapped.fastq
    log: /home/PERSONALE/eugenio.fonzi2/ANALYSES_WES/180105_test_adapters_YES_on_contaminated/04_alignment_exome/logs/B2044S_unmapped_fastq.log

RuleException:
CalledProcessError in line 886 of /home/PERSONALE/eugenio.fonzi2/WESPipeline/snakefile_03.py:
Command 'source activate /home/PERSONALE/eugenio.fonzi2/WESPipeline/.snakemake/conda/e35b1969; set -euo pipefail;  java -jar -Xmx4g /home/PERSONALE/eugenio.fonzi2/softwares/picard-tools-1.119/SamToFastq.jar I=/home/PERSONALE/eugenio.fonzi2/ANALYSES_WES/180105_test_adapters_YES_on_contaminated/04_alignment_exome/01_intermediate/B2044S_unmapped.bam F=/home/PERSONALE/eugenio.fonzi2/ANALYSES_WES/180105_test_adapters_YES_on_contaminated/04_alignment_exome/02_unmapped_fastq/B2044S_R1.unmapped.fastq F2=/home/PERSONALE/eugenio.fonzi2/ANALYSES_WES/180105_test_adapters_YES_on_contaminated/04_alignment_exome/02_unmapped_fastq/B2044S_R2.unmapped.fastq FU=/home/PERSONALE/eugenio.fonzi2/ANALYSES_WES/180105_test_adapters_YES_on_contaminated/04_alignment_exome/02_unmapped_fastq/B2044S_unpaired.unmapped.fastq VALIDATION_STRINGENCY=LENIENT 2> /home/PERSONALE/eugenio.fonzi2/ANALYSES_WES/180105_test_adapters_YES_on_contaminated/04_alignment_exome/logs/B2044S_unmapped_fastq.log ' returned non-zero exit status 1.
  File "/home/PERSONALE/eugenio.fonzi2/WESPipeline/snakefile_03.py", line 886, in __rule_extractUnmapped_convert
  File "/home/PERSONALE/eugenio.fonzi2/miniconda3/lib/python3.6/concurrent/futures/thread.py", line 56, in run
Removing output files of failed job extractUnmapped_convert since they might be corrupted:
/home/PERSONALE/eugenio.fonzi2/ANALYSES_WES/180105_test_adapters_YES_on_contaminated/04_alignment_exome/02_unmapped_fastq/B2044S_R1.unmapped.fastq, /home/PERSONALE/eugenio.fonzi2/ANALYSES_WES/180105_test_adapters_YES_on_contaminated/04_alignment_exome/02_unmapped_fastq/B2044S_R2.unmapped.fastq, /home/PERSONALE/eugenio.fonzi2/ANALYSES_WES/180105_test_adapters_YES_on_contaminated/04_alignment_exome/02_unmapped_fastq/B2044S_unpaired.unmapped.fastq
Will exit after finishing currently running jobs.
Removing temporary output file /home/PERSONALE/eugenio.fonzi2/ANALYSES_WES/180105_test_adapters_YES_on_contaminated/03_alignment_genome/01_intermediate/218_marked.bam.
Removing temporary output file /home/PERSONALE/eugenio.fonzi2/ANALYSES_WES/180105_test_adapters_YES_on_contaminated/03_alignment_genome/01_intermediate/218_marked.bai.
Finished job 101.
75 of 250 steps (30%) done
Will exit after finishing currently running jobs.
Removing temporary output file /home/PERSONALE/eugenio.fonzi2/ANALYSES_WES/180105_test_adapters_YES_on_contaminated/03_alignment_genome/01_intermediate/1905_marked.bai.
Removing temporary output file /home/PERSONALE/eugenio.fonzi2/ANALYSES_WES/180105_test_adapters_YES_on_contaminated/03_alignment_genome/01_intermediate/1905_marked.bam.
Finished job 91.
76 of 250 steps (30%) done
Will exit after finishing currently running jobs.
Removing temporary output file /home/PERSONALE/eugenio.fonzi2/ANALYSES_WES/180105_test_adapters_YES_on_contaminated/03_alignment_genome/01_intermediate/B2044S_sorted.bam.
Finished job 124.
77 of 250 steps (31%) done
Will exit after finishing currently running jobs.
Finished job 43.
78 of 250 steps (31%) done
Will exit after finishing currently running jobs.
Finished job 46.
79 of 250 steps (32%) done
Will exit after finishing currently running jobs.
Terminating processes on user request.
Error in rule trim:
    jobid: 42
    output: /home/PERSONALE/eugenio.fonzi2/ANALYSES_WES/180105_test_adapters_YES_on_contaminated/02_fastq_trimmed/3165_R1.fastq, /home/PERSONALE/eugenio.fonzi2/ANALYSES_WES/180105_test_adapters_YES_on_contaminated/02_fastq_trimmed/3165_R2.fastq

RuleException:
CalledProcessError in line 496 of /home/PERSONALE/eugenio.fonzi2/WESPipeline/snakefile_03.py:
Command ' set -euo pipefail;  /home/PERSONALE/eugenio.fonzi2/softwares/adapter_removal_1.5.4/AdapterRemoval --file1 /home/PERSONALE/eugenio.fonzi2/ANALYSES_WES/180105_test_adapters_YES_on_contaminated/01_fastq/02_postprocess/3165_R1.fastq --file2 /home/PERSONALE/eugenio.fonzi2/ANALYSES_WES/180105_test_adapters_YES_on_contaminated/01_fastq/02_postprocess/3165_R2.fastq --pcr1 CTGTCTCTTATACACATCTCCGAGCCCACGAGAC --pcr2 TCGTCGGCAGCGTCAGATGTGTATAAGAGACAG --stats --trimns --trimqualities --minquality 20 --minlength 80 --output1 /home/PERSONALE/eugenio.fonzi2/ANALYSES_WES/180105_test_adapters_YES_on_contaminated/02_fastq_trimmed/3165_R1.fastq --output2 /home/PERSONALE/eugenio.fonzi2/ANALYSES_WES/180105_test_adapters_YES_on_contaminated/02_fastq_trimmed/3165_R2.fastq ' died with <Signals.SIGINT: 2>.
  File "/home/PERSONALE/eugenio.fonzi2/WESPipeline/snakefile_03.py", line 496, in __rule_trim
  File "/home/PERSONALE/eugenio.fonzi2/miniconda3/lib/python3.6/concurrent/futures/thread.py", line 56, in run
Removing output files of failed job trim since they might be corrupted:
/home/PERSONALE/eugenio.fonzi2/ANALYSES_WES/180105_test_adapters_YES_on_contaminated/02_fastq_trimmed/3165_R1.fastq, /home/PERSONALE/eugenio.fonzi2/ANALYSES_WES/180105_test_adapters_YES_on_contaminated/02_fastq_trimmed/3165_R2.fastq
Complete log: .snakemake/log/2018-01-05T053143.510200.snakemake.log
