Building DAG of jobs...
Provided cores: 32
Rules claiming more threads will be scaled down.
Job counts:
	count	jobs
	2	AnalyzeCovariates_MT
	2	AnalyzeCovariates_genome
	2	BaseRecal_MT
	2	BaseRecal_genome
	2	IndelRealigner_MT
	2	IndelRealigner_genome
	1	KeepOnlyVariants
	1	MergeMutectVarscan
	1	MergeWriteVariants
	1	MutectSplitVariants
	2	PostRecalTable_MT
	2	PostRecalTable_genome
	2	PrintReads_MT
	2	PrintReads_genome
	2	RTC_MT
	2	RTC_genome
	1	Remove_segdups
	1	VarscanSplitVariants
	1	all
	1	annovar_MT_mutect
	1	annovar_MT_varscan
	1	annovar_genome_mutect
	1	annovar_genome_varscan
	1	checkMAFs
	1	create_rsID_table
	2	extractUnmapped_convert
	2	extractUnmapped_extract
	1	filterExonicPolymorphic
	1	filterSomatic_Indel
	1	filterSomatic_SNV
	2	indexing_MT
	2	indexing_genome
	2	map_to_MT
	2	marking_MT
	2	marking_genome
	1	muTect_MT
	1	muTect_genome
	2	sorting_MT
	2	sorting_exome
	2	sorting_genome
	1	varscan_MT_patient
	2	varscan_MT_sample
	1	varscan_genome_patient
	2	varscan_genome_sample
	68

Job 114: >> 218 : sorting exome


Job 57: >> 218 : sorting genome


Job 113: >> 1905 : sorting exome


Job 63: >> 1905 : sorting genome

Activating conda environment /home/PERSONALE/eugenio.fonzi2/WESPipeline/.snakemake/conda/e35b1969.
Activating conda environment /home/PERSONALE/eugenio.fonzi2/WESPipeline/.snakemake/conda/e35b1969.
Activating conda environment /home/PERSONALE/eugenio.fonzi2/WESPipeline/.snakemake/conda/e35b1969.
Activating conda environment /home/PERSONALE/eugenio.fonzi2/WESPipeline/.snakemake/conda/e35b1969.
Removing temporary output file /home/PERSONALE/eugenio.fonzi2/ANALYSES_WES/unmapped_test/04_alignment_exome/01_intermediate/218.sam.
Finished job 114.
1 of 68 steps (1%) done

Job 112: >> 218 : extractUnmapped extract

Activating conda environment /home/PERSONALE/eugenio.fonzi2/WESPipeline/.snakemake/conda/e35b1969.
Removing temporary output file /home/PERSONALE/eugenio.fonzi2/ANALYSES_WES/unmapped_test/03_alignment_genome/01_intermediate/218.sam.
Finished job 57.
2 of 68 steps (3%) done

Job 39: >> 218 : marking genome

Activating conda environment /home/PERSONALE/eugenio.fonzi2/WESPipeline/.snakemake/conda/e35b1969.
Removing temporary output file /home/PERSONALE/eugenio.fonzi2/ANALYSES_WES/unmapped_test/04_alignment_exome/01_intermediate/1905.sam.
Finished job 113.
3 of 68 steps (4%) done
Removing temporary output file /home/PERSONALE/eugenio.fonzi2/ANALYSES_WES/unmapped_test/03_alignment_genome/01_intermediate/1905.sam.
Finished job 63.
4 of 68 steps (6%) done

Job 111: >> 1905 : extractUnmapped extract

Activating conda environment /home/PERSONALE/eugenio.fonzi2/WESPipeline/.snakemake/conda/e35b1969.

Job 44: >> 1905 : marking genome

Activating conda environment /home/PERSONALE/eugenio.fonzi2/WESPipeline/.snakemake/conda/e35b1969.
Removing temporary output file /home/PERSONALE/eugenio.fonzi2/ANALYSES_WES/unmapped_test/04_alignment_exome/01_intermediate/218_sorted.bam.
Finished job 112.
5 of 68 steps (7%) done

Job 98: >> 218 : extractUnmapped convert

Activating conda environment /home/PERSONALE/eugenio.fonzi2/WESPipeline/.snakemake/conda/e35b1969.
Finished job 98.
6 of 68 steps (9%) done

Job 89: >> 218 : Aligning to reference MITOCHONDRIAL GENOME

Activating conda environment /home/PERSONALE/eugenio.fonzi2/WESPipeline/.snakemake/conda/e35b1969.
Removing temporary output file /home/PERSONALE/eugenio.fonzi2/ANALYSES_WES/unmapped_test/04_alignment_exome/01_intermediate/1905_sorted.bam.
Finished job 111.
7 of 68 steps (10%) done

Job 96: >> 1905 : extractUnmapped convert

Activating conda environment /home/PERSONALE/eugenio.fonzi2/WESPipeline/.snakemake/conda/e35b1969.
Finished job 89.
8 of 68 steps (12%) done

Job 67: >> 218 : sorting MT

Activating conda environment /home/PERSONALE/eugenio.fonzi2/WESPipeline/.snakemake/conda/e35b1969.
Finished job 96.
9 of 68 steps (13%) done

Job 88: >> 1905 : Aligning to reference MITOCHONDRIAL GENOME

Activating conda environment /home/PERSONALE/eugenio.fonzi2/WESPipeline/.snakemake/conda/e35b1969.
Removing temporary output file /home/PERSONALE/eugenio.fonzi2/ANALYSES_WES/unmapped_test/03_alignment_genome/01_intermediate/218_sorted.bam.
Finished job 39.
10 of 68 steps (15%) done

Job 38: >> 218 : indexing genome

Activating conda environment /home/PERSONALE/eugenio.fonzi2/WESPipeline/.snakemake/conda/e35b1969.
Finished job 88.
11 of 68 steps (16%) done

Job 66: >> 1905 : sorting MT

Activating conda environment /home/PERSONALE/eugenio.fonzi2/WESPipeline/.snakemake/conda/e35b1969.
Removing temporary output file /home/PERSONALE/eugenio.fonzi2/ANALYSES_WES/unmapped_test/05_alignment_MT/01_intermediate/218.sam.
Finished job 67.
12 of 68 steps (18%) done

Job 48: >> 218 : marking MT

Activating conda environment /home/PERSONALE/eugenio.fonzi2/WESPipeline/.snakemake/conda/e35b1969.
Removing temporary output file /home/PERSONALE/eugenio.fonzi2/ANALYSES_WES/unmapped_test/03_alignment_genome/01_intermediate/1905_sorted.bam.
Finished job 44.
13 of 68 steps (19%) done

Job 42: >> 1905 : indexing genome

Activating conda environment /home/PERSONALE/eugenio.fonzi2/WESPipeline/.snakemake/conda/e35b1969.
Finished job 38.
14 of 68 steps (21%) done

Job 40: >> 218 : RTC genome

Activating conda environment /home/PERSONALE/eugenio.fonzi2/WESPipeline/.snakemake/conda/e35b1969.
Finished job 42.
15 of 68 steps (22%) done

Job 43: >> 1905 : RTC genome

Activating conda environment /home/PERSONALE/eugenio.fonzi2/WESPipeline/.snakemake/conda/e35b1969.
Finished job 40.
16 of 68 steps (24%) done

Job 28: >> 218 : IndelRealigner genome

Activating conda environment /home/PERSONALE/eugenio.fonzi2/WESPipeline/.snakemake/conda/e35b1969.
Removing temporary output file /home/PERSONALE/eugenio.fonzi2/ANALYSES_WES/unmapped_test/05_alignment_MT/01_intermediate/218_sorted.bam.
Finished job 48.
17 of 68 steps (25%) done

Job 50: >> 218 : indexing MT

Activating conda environment /home/PERSONALE/eugenio.fonzi2/WESPipeline/.snakemake/conda/e35b1969.
Finished job 50.
18 of 68 steps (26%) done

Job 49: >> 218 : RTC MT

Activating conda environment /home/PERSONALE/eugenio.fonzi2/WESPipeline/.snakemake/conda/e35b1969.
Finished job 49.
19 of 68 steps (28%) done

Job 34: >> 218 : IndelRealigner MT

Activating conda environment /home/PERSONALE/eugenio.fonzi2/WESPipeline/.snakemake/conda/e35b1969.
Removing temporary output file /home/PERSONALE/eugenio.fonzi2/ANALYSES_WES/unmapped_test/05_alignment_MT/01_intermediate/1905.sam.
Finished job 66.
20 of 68 steps (29%) done

Job 47: >> 1905 : marking MT

Activating conda environment /home/PERSONALE/eugenio.fonzi2/WESPipeline/.snakemake/conda/e35b1969.
Finished job 43.
21 of 68 steps (31%) done

Job 30: >> 1905 : IndelRealigner genome

Activating conda environment /home/PERSONALE/eugenio.fonzi2/WESPipeline/.snakemake/conda/e35b1969.
Removing temporary output file /home/PERSONALE/eugenio.fonzi2/ANALYSES_WES/unmapped_test/05_alignment_MT/01_intermediate/1905_sorted.bam.
Finished job 47.
22 of 68 steps (32%) done

Job 45: >> 1905 : indexing MT

Activating conda environment /home/PERSONALE/eugenio.fonzi2/WESPipeline/.snakemake/conda/e35b1969.
Finished job 45.
23 of 68 steps (34%) done

Job 46: >> 1905 : RTC MT

Activating conda environment /home/PERSONALE/eugenio.fonzi2/WESPipeline/.snakemake/conda/e35b1969.
Finished job 46.
24 of 68 steps (35%) done

Job 32: >> 1905 : IndelRealigner MT

Activating conda environment /home/PERSONALE/eugenio.fonzi2/WESPipeline/.snakemake/conda/e35b1969.
Removing temporary output file /home/PERSONALE/eugenio.fonzi2/ANALYSES_WES/unmapped_test/05_alignment_MT/01_intermediate/218_marked.bam.
Removing temporary output file /home/PERSONALE/eugenio.fonzi2/ANALYSES_WES/unmapped_test/05_alignment_MT/01_intermediate/218_marked.bai.
Finished job 34.
25 of 68 steps (37%) done

Job 25: >> 218 : BaseRecal MT

Activating conda environment /home/PERSONALE/eugenio.fonzi2/WESPipeline/.snakemake/conda/e35b1969.
Finished job 25.
26 of 68 steps (38%) done

Job 24: >> 218 : PostRecalTable MT

Activating conda environment /home/PERSONALE/eugenio.fonzi2/WESPipeline/.snakemake/conda/e35b1969.

Job 110: >> 218 : PrintReads MT

Activating conda environment /home/PERSONALE/eugenio.fonzi2/WESPipeline/.snakemake/conda/e35b1969.
Finished job 24.
27 of 68 steps (40%) done

Job 12: >> 218 : AnalyzeCovariates MT

Activating conda environment /home/PERSONALE/eugenio.fonzi2/WESPipeline/.snakemake/conda/e35b1969.
Finished job 12.
28 of 68 steps (41%) done
Removing temporary output file /home/PERSONALE/eugenio.fonzi2/ANALYSES_WES/unmapped_test/05_alignment_MT/01_intermediate/1905_marked.bai.
Removing temporary output file /home/PERSONALE/eugenio.fonzi2/ANALYSES_WES/unmapped_test/05_alignment_MT/01_intermediate/1905_marked.bam.
Finished job 32.
29 of 68 steps (43%) done

Job 21: >> 1905 : BaseRecal MT

Activating conda environment /home/PERSONALE/eugenio.fonzi2/WESPipeline/.snakemake/conda/e35b1969.
Finished job 21.
30 of 68 steps (44%) done

Job 22: >> 1905 : PostRecalTable MT


Job 109: >> 1905 : PrintReads MT

Activating conda environment /home/PERSONALE/eugenio.fonzi2/WESPipeline/.snakemake/conda/e35b1969.
Activating conda environment /home/PERSONALE/eugenio.fonzi2/WESPipeline/.snakemake/conda/e35b1969.
Finished job 22.
31 of 68 steps (46%) done

Job 6: >> 1905 : AnalyzeCovariates MT

Activating conda environment /home/PERSONALE/eugenio.fonzi2/WESPipeline/.snakemake/conda/e35b1969.
Finished job 6.
32 of 68 steps (47%) done
Removing temporary output file /home/PERSONALE/eugenio.fonzi2/ANALYSES_WES/unmapped_test/05_alignment_MT/01_intermediate/218_realigned.bai.
Removing temporary output file /home/PERSONALE/eugenio.fonzi2/ANALYSES_WES/unmapped_test/05_alignment_MT/01_intermediate/218_realigned.bam.
Finished job 110.
33 of 68 steps (49%) done

Job 108: >> 218 : Varscan on sample MT alignment

Activating conda environment /home/PERSONALE/eugenio.fonzi2/WESPipeline/.snakemake/conda/e35b1969.
Finished job 108.
34 of 68 steps (50%) done
Removing temporary output file /home/PERSONALE/eugenio.fonzi2/ANALYSES_WES/unmapped_test/05_alignment_MT/01_intermediate/1905_realigned.bam.
Removing temporary output file /home/PERSONALE/eugenio.fonzi2/ANALYSES_WES/unmapped_test/05_alignment_MT/01_intermediate/1905_realigned.bai.
Finished job 109.
35 of 68 steps (51%) done

Job 107: >> 1905 : Varscan on sample MT alignment


Activating conda environment /home/PERSONALE/eugenio.fonzi2/WESPipeline/.snakemake/conda/e35b1969.
Job 94: >> 38 : MuTect on MT alignment

Activating conda environment /home/PERSONALE/eugenio.fonzi2/WESPipeline/.snakemake/conda/a055426f.
Removing temporary output file /home/PERSONALE/eugenio.fonzi2/ANALYSES_WES/unmapped_test/05_alignment_MT/02_bqsr/218.bai.
Removing temporary output file /home/PERSONALE/eugenio.fonzi2/ANALYSES_WES/unmapped_test/05_alignment_MT/02_bqsr/218.bam.
Finished job 94.
36 of 68 steps (53%) done
Removing temporary output file /home/PERSONALE/eugenio.fonzi2/ANALYSES_WES/unmapped_test/03_alignment_genome/01_intermediate/218_marked.bai.
Removing temporary output file /home/PERSONALE/eugenio.fonzi2/ANALYSES_WES/unmapped_test/03_alignment_genome/01_intermediate/218_marked.bam.
Finished job 28.
37 of 68 steps (54%) done

Job 16: >> 218 : BaseRecal genome

Activating conda environment /home/PERSONALE/eugenio.fonzi2/WESPipeline/.snakemake/conda/e35b1969.
Removing temporary output file /home/PERSONALE/eugenio.fonzi2/ANALYSES_WES/unmapped_test/05_alignment_MT/02_bqsr/1905.bam.
Removing temporary output file /home/PERSONALE/eugenio.fonzi2/ANALYSES_WES/unmapped_test/05_alignment_MT/02_bqsr/1905.bai.
Finished job 107.
38 of 68 steps (56%) done

Job 93: >> 38 : Varscan on patient MT alignment

Activating conda environment /home/PERSONALE/eugenio.fonzi2/WESPipeline/.snakemake/conda/e35b1969.
Removing temporary output file /home/PERSONALE/eugenio.fonzi2/ANALYSES_WES/unmapped_test/09_varscan_MT/01_mpileup/1905.mpileup.
Removing temporary output file /home/PERSONALE/eugenio.fonzi2/ANALYSES_WES/unmapped_test/09_varscan_MT/01_mpileup/218.mpileup.
Finished job 93.
39 of 68 steps (57%) done
Removing temporary output file /home/PERSONALE/eugenio.fonzi2/ANALYSES_WES/unmapped_test/03_alignment_genome/01_intermediate/1905_marked.bai.
Removing temporary output file /home/PERSONALE/eugenio.fonzi2/ANALYSES_WES/unmapped_test/03_alignment_genome/01_intermediate/1905_marked.bam.
Finished job 30.
40 of 68 steps (59%) done

Job 19: >> 1905 : BaseRecal genome

Activating conda environment /home/PERSONALE/eugenio.fonzi2/WESPipeline/.snakemake/conda/e35b1969.
Finished job 16.
41 of 68 steps (60%) done

Job 17: >> 218 : PostRecalTable genome


Activating conda environment /home/PERSONALE/eugenio.fonzi2/WESPipeline/.snakemake/conda/e35b1969.
Job 99: >> 218 : PrintReads genome

Activating conda environment /home/PERSONALE/eugenio.fonzi2/WESPipeline/.snakemake/conda/e35b1969.
Finished job 19.
42 of 68 steps (62%) done

Job 100: >> 1905 : PrintReads genome


Activating conda environment /home/PERSONALE/eugenio.fonzi2/WESPipeline/.snakemake/conda/e35b1969.
Job 18: >> 1905 : PostRecalTable genome

Activating conda environment /home/PERSONALE/eugenio.fonzi2/WESPipeline/.snakemake/conda/e35b1969.
Finished job 99.
43 of 68 steps (63%) done

Job 105: >> 218 : Varscan on sample genomic alignment

Activating conda environment /home/PERSONALE/eugenio.fonzi2/WESPipeline/.snakemake/conda/e35b1969.
Finished job 100.
44 of 68 steps (65%) done

Job 91: >> 38 : MuTect on genomic alignment


Activating conda environment /home/PERSONALE/eugenio.fonzi2/WESPipeline/.snakemake/conda/a055426f.
Job 104: >> 1905 : Varscan on sample genomic alignment

Activating conda environment /home/PERSONALE/eugenio.fonzi2/WESPipeline/.snakemake/conda/e35b1969.
Finished job 104.
45 of 68 steps (66%) done
Finished job 105.
46 of 68 steps (68%) done

Job 92: >> 38 : Varscan on patient genomic alignment

Activating conda environment /home/PERSONALE/eugenio.fonzi2/WESPipeline/.snakemake/conda/e35b1969.
Removing temporary output file /home/PERSONALE/eugenio.fonzi2/ANALYSES_WES/unmapped_test/03_alignment_genome/01_intermediate/218_realigned.bai.
Removing temporary output file /home/PERSONALE/eugenio.fonzi2/ANALYSES_WES/unmapped_test/03_alignment_genome/01_intermediate/218_realigned.bam.
Finished job 17.
47 of 68 steps (69%) done

Job 3: >> 218 : AnalyzeCovariates genome

Activating conda environment /home/PERSONALE/eugenio.fonzi2/WESPipeline/.snakemake/conda/e35b1969.
Finished job 3.
48 of 68 steps (71%) done
Removing temporary output file /home/PERSONALE/eugenio.fonzi2/ANALYSES_WES/unmapped_test/03_alignment_genome/01_intermediate/1905_realigned.bai.
Removing temporary output file /home/PERSONALE/eugenio.fonzi2/ANALYSES_WES/unmapped_test/03_alignment_genome/01_intermediate/1905_realigned.bam.
Finished job 18.
49 of 68 steps (72%) done

Job 4: >> 1905 : AnalyzeCovariates genome

Activating conda environment /home/PERSONALE/eugenio.fonzi2/WESPipeline/.snakemake/conda/e35b1969.
Finished job 4.
50 of 68 steps (74%) done
Removing temporary output file /home/PERSONALE/eugenio.fonzi2/ANALYSES_WES/unmapped_test/08_varscan_genome/01_mpileup/1905.mpileup.
Removing temporary output file /home/PERSONALE/eugenio.fonzi2/ANALYSES_WES/unmapped_test/08_varscan_genome/01_mpileup/218.mpileup.
Finished job 92.
51 of 68 steps (75%) done
Removing temporary output file /home/PERSONALE/eugenio.fonzi2/ANALYSES_WES/unmapped_test/03_alignment_genome/02_bqsr/218.bai.
Removing temporary output file /home/PERSONALE/eugenio.fonzi2/ANALYSES_WES/unmapped_test/03_alignment_genome/02_bqsr/218.bam.
Removing temporary output file /home/PERSONALE/eugenio.fonzi2/ANALYSES_WES/unmapped_test/03_alignment_genome/02_bqsr/1905.bai.
Removing temporary output file /home/PERSONALE/eugenio.fonzi2/ANALYSES_WES/unmapped_test/03_alignment_genome/02_bqsr/1905.bam.
Finished job 91.
52 of 68 steps (76%) done

Job 79: >> 38 : Merge and Write Variants

Finished job 79.
53 of 68 steps (78%) done

Job 80: >> 38 : Varscan Filter Somatic Indel


Activating conda environment /home/PERSONALE/eugenio.fonzi2/WESPipeline/.snakemake/conda/e35b1969.
Job 78: >> 38 : Varscan Filter Somatic SNV

Activating conda environment /home/PERSONALE/eugenio.fonzi2/WESPipeline/.snakemake/conda/e35b1969.
Finished job 80.
54 of 68 steps (79%) done
Removing temporary output file /home/PERSONALE/eugenio.fonzi2/ANALYSES_WES/unmapped_test/10_variants_filter/38_varscan_snv_temp1.tsv.
Removing temporary output file /home/PERSONALE/eugenio.fonzi2/ANALYSES_WES/unmapped_test/10_variants_filter/38_varscan_indel_temp1.tsv.
Finished job 78.
55 of 68 steps (81%) done

Job 55: >> 38 : Keep Only Variants

Removing temporary output file /home/PERSONALE/eugenio.fonzi2/ANALYSES_WES/unmapped_test/10_variants_filter/38_varscan_snv_temp2.tsv.
Removing temporary output file /home/PERSONALE/eugenio.fonzi2/ANALYSES_WES/unmapped_test/10_variants_filter/38_varscan_indel_temp2.tsv.
Finished job 55.
56 of 68 steps (82%) done

Job 77: >> 38 : Split muTect Variants

Job 73: >> 38 : Split Varscan Variants

Finished job 77.
57 of 68 steps (84%) done

Job 56: >> 38 : annotating with ANNOVAR muTect MT variants

Job 53: >> 38 : annotating with ANNOVAR muTect genome variants

Finished job 73.
58 of 68 steps (85%) done

Job 52: >> 38 : annotating with ANNOVAR varscan MT variants

Job 54: >> 38 : annotating with ANNOVAR varscan genome variants

Finished job 56.
59 of 68 steps (87%) done
Finished job 52.
60 of 68 steps (88%) done
Finished job 53.
61 of 68 steps (90%) done
Finished job 54.
62 of 68 steps (91%) done

Job 36: >> 38 : merging muTect and Varscan Variants

Finished job 36.
63 of 68 steps (93%) done

Job 51: >> 38 : create rsID table

Finished job 51.
64 of 68 steps (94%) done

Job 35: >> 38 : filtering exonic/non-synonymous/non-polymorphic

Activating conda environment /home/PERSONALE/eugenio.fonzi2/WESPipeline/.snakemake/conda/28d822a6.
Removing temporary output file /home/PERSONALE/eugenio.fonzi2/ANALYSES_WES/unmapped_test/10_variants_filter/38_rsID.tsv.
Finished job 35.
65 of 68 steps (96%) done

Job 26: >> 38 : checking MAFs

Removing temporary output file 38_rsID_maf.tsv.
Finished job 26.
66 of 68 steps (97%) done

Job 13: >> 38 : Removing segdups variants

Finished job 13.
67 of 68 steps (99%) done

Job 0:  THE END 

Finished job 0.
68 of 68 steps (100%) done
