Building DAG of jobs...
Provided cores: 1
Rules claiming more threads will be scaled down.
Job counts:
	count	jobs
	1	all
	5	four
	10	one
	10	three
	5	two
	31

rule one:
    output: /home/PERSONALE/eugenio.fonzi2/ANALYSES_WES/provina3/2306.pipi1
    jobid: 20
    wildcards: sample=2306

Finished job 20.
1 of 31 steps (3%) done

rule two:
    output: /home/PERSONALE/eugenio.fonzi2/ANALYSES_WES/provina3/48.cacca1
    jobid: 30
    wildcards: patient=48

Finished job 30.
2 of 31 steps (6%) done

rule one:
    output: /home/PERSONALE/eugenio.fonzi2/ANALYSES_WES/provina3/242.pipi1
    jobid: 22
    wildcards: sample=242

Finished job 22.
3 of 31 steps (10%) done

rule one:
    output: /home/PERSONALE/eugenio.fonzi2/ANALYSES_WES/provina3/2973.pipi1
    jobid: 28
    wildcards: sample=2973

Finished job 28.
4 of 31 steps (13%) done

rule one:
    output: /home/PERSONALE/eugenio.fonzi2/ANALYSES_WES/provina3/239.pipi1
    jobid: 17
    wildcards: sample=239

Finished job 17.
5 of 31 steps (16%) done

rule two:
    output: /home/PERSONALE/eugenio.fonzi2/ANALYSES_WES/provina3/42.cacca1
    jobid: 21
    wildcards: patient=42

Finished job 21.
6 of 31 steps (19%) done

rule one:
    output: /home/PERSONALE/eugenio.fonzi2/ANALYSES_WES/provina3/222.pipi1
    jobid: 24
    wildcards: sample=222

Finished job 24.
7 of 31 steps (23%) done

rule one:
    output: /home/PERSONALE/eugenio.fonzi2/ANALYSES_WES/provina3/241.pipi1
    jobid: 19
    wildcards: sample=241

Finished job 19.
8 of 31 steps (26%) done

rule two:
    output: /home/PERSONALE/eugenio.fonzi2/ANALYSES_WES/provina3/40.cacca1
    jobid: 18
    wildcards: patient=40

Finished job 18.
9 of 31 steps (29%) done

rule one:
    output: /home/PERSONALE/eugenio.fonzi2/ANALYSES_WES/provina3/3062.pipi1
    jobid: 29
    wildcards: sample=3062

Finished job 29.
10 of 31 steps (32%) done

rule two:
    output: /home/PERSONALE/eugenio.fonzi2/ANALYSES_WES/provina3/51.cacca1
    jobid: 23
    wildcards: patient=51

Finished job 23.
11 of 31 steps (35%) done

rule one:
    output: /home/PERSONALE/eugenio.fonzi2/ANALYSES_WES/provina3/1905a.pipi1
    jobid: 26
    wildcards: sample=1905a

Finished job 26.
12 of 31 steps (39%) done

rule one:
    output: /home/PERSONALE/eugenio.fonzi2/ANALYSES_WES/provina3/224.pipi1
    jobid: 25
    wildcards: sample=224

Finished job 25.
13 of 31 steps (42%) done

rule one:
    output: /home/PERSONALE/eugenio.fonzi2/ANALYSES_WES/provina3/3010.pipi1
    jobid: 27
    wildcards: sample=3010

Finished job 27.
14 of 31 steps (45%) done

rule two:
    output: /home/PERSONALE/eugenio.fonzi2/ANALYSES_WES/provina3/50.cacca1
    jobid: 16
    wildcards: patient=50

Finished job 16.
15 of 31 steps (48%) done

rule four:
    input: /home/PERSONALE/eugenio.fonzi2/ANALYSES_WES/provina3/40.cacca1
    output: /home/PERSONALE/eugenio.fonzi2/ANALYSES_WES/provina3/40.cacca2
    jobid: 3
    wildcards: patient=40

Finished job 3.
16 of 31 steps (52%) done

rule three:
    input: /home/PERSONALE/eugenio.fonzi2/ANALYSES_WES/provina3/3010.pipi1
    output: /home/PERSONALE/eugenio.fonzi2/ANALYSES_WES/provina3/3010.pipi2
    jobid: 12
    wildcards: sample=3010

Finished job 12.
17 of 31 steps (55%) done

rule three:
    input: /home/PERSONALE/eugenio.fonzi2/ANALYSES_WES/provina3/1905a.pipi1
    output: /home/PERSONALE/eugenio.fonzi2/ANALYSES_WES/provina3/1905a.pipi2
    jobid: 11
    wildcards: sample=1905a

Finished job 11.
18 of 31 steps (58%) done

rule four:
    input: /home/PERSONALE/eugenio.fonzi2/ANALYSES_WES/provina3/50.cacca1
    output: /home/PERSONALE/eugenio.fonzi2/ANALYSES_WES/provina3/50.cacca2
    jobid: 1
    wildcards: patient=50

Finished job 1.
19 of 31 steps (61%) done

rule three:
    input: /home/PERSONALE/eugenio.fonzi2/ANALYSES_WES/provina3/3062.pipi1
    output: /home/PERSONALE/eugenio.fonzi2/ANALYSES_WES/provina3/3062.pipi2
    jobid: 14
    wildcards: sample=3062

Finished job 14.
20 of 31 steps (65%) done

rule three:
    input: /home/PERSONALE/eugenio.fonzi2/ANALYSES_WES/provina3/2973.pipi1
    output: /home/PERSONALE/eugenio.fonzi2/ANALYSES_WES/provina3/2973.pipi2
    jobid: 13
    wildcards: sample=2973

Finished job 13.
21 of 31 steps (68%) done

rule three:
    input: /home/PERSONALE/eugenio.fonzi2/ANALYSES_WES/provina3/242.pipi1
    output: /home/PERSONALE/eugenio.fonzi2/ANALYSES_WES/provina3/242.pipi2
    jobid: 7
    wildcards: sample=242

Finished job 7.
22 of 31 steps (71%) done

rule three:
    input: /home/PERSONALE/eugenio.fonzi2/ANALYSES_WES/provina3/222.pipi1
    output: /home/PERSONALE/eugenio.fonzi2/ANALYSES_WES/provina3/222.pipi2
    jobid: 9
    wildcards: sample=222

Finished job 9.
23 of 31 steps (74%) done

rule three:
    input: /home/PERSONALE/eugenio.fonzi2/ANALYSES_WES/provina3/239.pipi1
    output: /home/PERSONALE/eugenio.fonzi2/ANALYSES_WES/provina3/239.pipi2
    jobid: 2
    wildcards: sample=239

Finished job 2.
24 of 31 steps (77%) done

rule four:
    input: /home/PERSONALE/eugenio.fonzi2/ANALYSES_WES/provina3/42.cacca1
    output: /home/PERSONALE/eugenio.fonzi2/ANALYSES_WES/provina3/42.cacca2
    jobid: 6
    wildcards: patient=42

Finished job 6.
25 of 31 steps (81%) done

rule three:
    input: /home/PERSONALE/eugenio.fonzi2/ANALYSES_WES/provina3/224.pipi1
    output: /home/PERSONALE/eugenio.fonzi2/ANALYSES_WES/provina3/224.pipi2
    jobid: 10
    wildcards: sample=224

Finished job 10.
26 of 31 steps (84%) done

rule three:
    input: /home/PERSONALE/eugenio.fonzi2/ANALYSES_WES/provina3/2306.pipi1
    output: /home/PERSONALE/eugenio.fonzi2/ANALYSES_WES/provina3/2306.pipi2
    jobid: 5
    wildcards: sample=2306

Finished job 5.
27 of 31 steps (87%) done

rule four:
    input: /home/PERSONALE/eugenio.fonzi2/ANALYSES_WES/provina3/51.cacca1
    output: /home/PERSONALE/eugenio.fonzi2/ANALYSES_WES/provina3/51.cacca2
    jobid: 8
    wildcards: patient=51

Finished job 8.
28 of 31 steps (90%) done

rule four:
    input: /home/PERSONALE/eugenio.fonzi2/ANALYSES_WES/provina3/48.cacca1
    output: /home/PERSONALE/eugenio.fonzi2/ANALYSES_WES/provina3/48.cacca2
    jobid: 15
    wildcards: patient=48

Finished job 15.
29 of 31 steps (94%) done

rule three:
    input: /home/PERSONALE/eugenio.fonzi2/ANALYSES_WES/provina3/241.pipi1
    output: /home/PERSONALE/eugenio.fonzi2/ANALYSES_WES/provina3/241.pipi2
    jobid: 4
    wildcards: sample=241

Finished job 4.
30 of 31 steps (97%) done

localrule all:
    input: /home/PERSONALE/eugenio.fonzi2/ANALYSES_WES/provina3/242.pipi2, /home/PERSONALE/eugenio.fonzi2/ANALYSES_WES/provina3/2973.pipi2, /home/PERSONALE/eugenio.fonzi2/ANALYSES_WES/provina3/222.pipi2, /home/PERSONALE/eugenio.fonzi2/ANALYSES_WES/provina3/224.pipi2, /home/PERSONALE/eugenio.fonzi2/ANALYSES_WES/provina3/3062.pipi2, /home/PERSONALE/eugenio.fonzi2/ANALYSES_WES/provina3/1905a.pipi2, /home/PERSONALE/eugenio.fonzi2/ANALYSES_WES/provina3/241.pipi2, /home/PERSONALE/eugenio.fonzi2/ANALYSES_WES/provina3/239.pipi2, /home/PERSONALE/eugenio.fonzi2/ANALYSES_WES/provina3/3010.pipi2, /home/PERSONALE/eugenio.fonzi2/ANALYSES_WES/provina3/2306.pipi2, /home/PERSONALE/eugenio.fonzi2/ANALYSES_WES/provina3/42.cacca2, /home/PERSONALE/eugenio.fonzi2/ANALYSES_WES/provina3/50.cacca2, /home/PERSONALE/eugenio.fonzi2/ANALYSES_WES/provina3/51.cacca2, /home/PERSONALE/eugenio.fonzi2/ANALYSES_WES/provina3/48.cacca2, /home/PERSONALE/eugenio.fonzi2/ANALYSES_WES/provina3/40.cacca2
    jobid: 0

Finished job 0.
31 of 31 steps (100%) done
