Building DAG of jobs...
Provided cores: 32
Rules claiming more threads will be scaled down.
Job counts:
	count	jobs
	6	AnalyzeCovariates_MT
	6	AnalyzeCovariates_genome
	6	BaseRecal_MT
	6	BaseRecal_genome
	6	IndelRealigner_MT
	6	IndelRealigner_genome
	3	KeepOnlyVariants
	3	MergeMutectVarscan
	3	MergeWriteVariants
	3	MutectSplitVariants
	6	PostRecalTable_MT
	6	PostRecalTable_genome
	6	PrintReads_MT
	6	PrintReads_genome
	6	RTC_MT
	6	RTC_genome
	3	Remove_segdups
	3	VarscanSplitVariants
	1	all
	3	annovar_MT_mutect
	3	annovar_MT_varscan
	3	annovar_genome_mutect
	3	annovar_genome_varscan
	3	checkMAFs
	3	create_rsID_table
	6	extractUnmapped_convert
	6	extractUnmapped_extract
	4	fastqc_trimmed_R1
	4	fastqc_trimmed_R2
	3	filterExonicPolymorphic
	3	filterSomatic_Indel
	3	filterSomatic_SNV
	6	indexing_MT
	6	indexing_genome
	6	map_to_MT
	5	map_to_exome
	4	map_to_genome
	6	marking_MT
	6	marking_genome
	3	muTect_MT
	3	muTect_genome
	6	sorting_MT
	6	sorting_exome
	6	sorting_genome
	1	trim
	3	varscan_MT_patient
	6	varscan_MT_sample
	3	varscan_genome_patient
	6	varscan_genome_sample
	220

Job 197: >> 218 : sorting genome


Job 228: >> 273 : Aligning to reference NUCLEAR GENOME


Job 282: >> 273 : Aligning to reference EXOME


Job 183: >> 1905 : sorting genome


Activating conda environment /home/PERSONALE/eugenio.fonzi2/WESPipeline/.snakemake/conda/e35b1969.
Job 279: >> B2044D : Aligning to reference EXOME
Activating conda environment /home/PERSONALE/eugenio.fonzi2/WESPipeline/.snakemake/conda/e35b1969.
Activating conda environment /home/PERSONALE/eugenio.fonzi2/WESPipeline/.snakemake/conda/e35b1969.
Activating conda environment /home/PERSONALE/eugenio.fonzi2/WESPipeline/.snakemake/conda/e35b1969.

Activating conda environment /home/PERSONALE/eugenio.fonzi2/WESPipeline/.snakemake/conda/e35b1969.

Job 284: >> B2044S : Aligning to reference EXOME

Activating conda environment /home/PERSONALE/eugenio.fonzi2/WESPipeline/.snakemake/conda/e35b1969.

Job 283: >> 1905 : Aligning to reference EXOME

Activating conda environment /home/PERSONALE/eugenio.fonzi2/WESPipeline/.snakemake/conda/e35b1969.

Job 219: >> B2044D : Aligning to reference NUCLEAR GENOME

Activating conda environment /home/PERSONALE/eugenio.fonzi2/WESPipeline/.snakemake/conda/e35b1969.

Job 41: >> 3165 : Trimming


Job 226: >> B2044S : Aligning to reference NUCLEAR GENOME

Activating conda environment /home/PERSONALE/eugenio.fonzi2/WESPipeline/.snakemake/conda/e35b1969.

Job 275: >> 218 : sorting exome

Activating conda environment /home/PERSONALE/eugenio.fonzi2/WESPipeline/.snakemake/conda/e35b1969.
Terminating processes on user request.
Error in rule map_to_exome:
    jobid: 284
    output: /home/PERSONALE/eugenio.fonzi2/ANALYSES_WES/180105_test_adapters_NO_on_contaminated/04_alignment_exome/01_intermediate/B2044S.sam
    log: /home/PERSONALE/eugenio.fonzi2/ANALYSES_WES/180105_test_adapters_NO_on_contaminated/04_alignment_exome/logs/B2044S_alignment.log

RuleException:
CalledProcessError in line 831 of /home/PERSONALE/eugenio.fonzi2/WESPipeline/snakefile_04.py:
Command 'source activate /home/PERSONALE/eugenio.fonzi2/WESPipeline/.snakemake/conda/e35b1969; set -euo pipefail;  bwa mem -M -t 4 -R '@RG\tID:B2044S\tSM:B2044S\tPL:illumina\tLB:nextera_expanded\tPU:PE' /home/PERSONALE/eugenio.fonzi2/data_ref/nextera_expanded.fasta /home/PERSONALE/eugenio.fonzi2/ANALYSES_WES/180105_test_adapters_NO_on_contaminated/02_fastq_trimmed/B2044S_R1.fastq /home/PERSONALE/eugenio.fonzi2/ANALYSES_WES/180105_test_adapters_NO_on_contaminated/02_fastq_trimmed/B2044S_R2.fastq > /home/PERSONALE/eugenio.fonzi2/ANALYSES_WES/180105_test_adapters_NO_on_contaminated/04_alignment_exome/01_intermediate/B2044S.sam 2> /home/PERSONALE/eugenio.fonzi2/ANALYSES_WES/180105_test_adapters_NO_on_contaminated/04_alignment_exome/logs/B2044S_alignment.log ' died with <Signals.SIGINT: 2>.
  File "/home/PERSONALE/eugenio.fonzi2/WESPipeline/snakefile_04.py", line 831, in __rule_map_to_exome
  File "/home/PERSONALE/eugenio.fonzi2/miniconda3/lib/python3.6/concurrent/futures/thread.py", line 56, in run
Removing output files of failed job map_to_exome since they might be corrupted:
/home/PERSONALE/eugenio.fonzi2/ANALYSES_WES/180105_test_adapters_NO_on_contaminated/04_alignment_exome/01_intermediate/B2044S.sam
Error in rule map_to_exome:
    jobid: 283
    output: /home/PERSONALE/eugenio.fonzi2/ANALYSES_WES/180105_test_adapters_NO_on_contaminated/04_alignment_exome/01_intermediate/1905.sam
    log: /home/PERSONALE/eugenio.fonzi2/ANALYSES_WES/180105_test_adapters_NO_on_contaminated/04_alignment_exome/logs/1905_alignment.log

RuleException:
CalledProcessError in line 831 of /home/PERSONALE/eugenio.fonzi2/WESPipeline/snakefile_04.py:
Command 'source activate /home/PERSONALE/eugenio.fonzi2/WESPipeline/.snakemake/conda/e35b1969; set -euo pipefail;  bwa mem -M -t 4 -R '@RG\tID:1905\tSM:1905\tPL:illumina\tLB:nextera\tPU:PE' /home/PERSONALE/eugenio.fonzi2/data_ref/nextera.fasta /home/PERSONALE/eugenio.fonzi2/ANALYSES_WES/180105_test_adapters_NO_on_contaminated/02_fastq_trimmed/1905_R1.fastq /home/PERSONALE/eugenio.fonzi2/ANALYSES_WES/180105_test_adapters_NO_on_contaminated/02_fastq_trimmed/1905_R2.fastq > /home/PERSONALE/eugenio.fonzi2/ANALYSES_WES/180105_test_adapters_NO_on_contaminated/04_alignment_exome/01_intermediate/1905.sam 2> /home/PERSONALE/eugenio.fonzi2/ANALYSES_WES/180105_test_adapters_NO_on_contaminated/04_alignment_exome/logs/1905_alignment.log ' died with <Signals.SIGINT: 2>.
  File "/home/PERSONALE/eugenio.fonzi2/WESPipeline/snakefile_04.py", line 831, in __rule_map_to_exome
  File "/home/PERSONALE/eugenio.fonzi2/miniconda3/lib/python3.6/concurrent/futures/thread.py", line 56, in run
Error in rule map_to_exome:
    jobid: 279
    output: /home/PERSONALE/eugenio.fonzi2/ANALYSES_WES/180105_test_adapters_NO_on_contaminated/04_alignment_exome/01_intermediate/B2044D.sam
    log: /home/PERSONALE/eugenio.fonzi2/ANALYSES_WES/180105_test_adapters_NO_on_contaminated/04_alignment_exome/logs/B2044D_alignment.log

RuleException:
CalledProcessError in line 831 of /home/PERSONALE/eugenio.fonzi2/WESPipeline/snakefile_04.py:
Command 'source activate /home/PERSONALE/eugenio.fonzi2/WESPipeline/.snakemake/conda/e35b1969; set -euo pipefail;  bwa mem -M -t 4 -R '@RG\tID:B2044D\tSM:B2044D\tPL:illumina\tLB:nextera_expanded\tPU:PE' /home/PERSONALE/eugenio.fonzi2/data_ref/nextera_expanded.fasta /home/PERSONALE/eugenio.fonzi2/ANALYSES_WES/180105_test_adapters_NO_on_contaminated/02_fastq_trimmed/B2044D_R1.fastq /home/PERSONALE/eugenio.fonzi2/ANALYSES_WES/180105_test_adapters_NO_on_contaminated/02_fastq_trimmed/B2044D_R2.fastq > /home/PERSONALE/eugenio.fonzi2/ANALYSES_WES/180105_test_adapters_NO_on_contaminated/04_alignment_exome/01_intermediate/B2044D.sam 2> /home/PERSONALE/eugenio.fonzi2/ANALYSES_WES/180105_test_adapters_NO_on_contaminated/04_alignment_exome/logs/B2044D_alignment.log ' died with <Signals.SIGINT: 2>.
  File "/home/PERSONALE/eugenio.fonzi2/WESPipeline/snakefile_04.py", line 831, in __rule_map_to_exome
  File "/home/PERSONALE/eugenio.fonzi2/miniconda3/lib/python3.6/concurrent/futures/thread.py", line 56, in run
Error in rule map_to_exome:
    jobid: 282
    output: /home/PERSONALE/eugenio.fonzi2/ANALYSES_WES/180105_test_adapters_NO_on_contaminated/04_alignment_exome/01_intermediate/273.sam
    log: /home/PERSONALE/eugenio.fonzi2/ANALYSES_WES/180105_test_adapters_NO_on_contaminated/04_alignment_exome/logs/273_alignment.log

RuleException:
CalledProcessError in line 831 of /home/PERSONALE/eugenio.fonzi2/WESPipeline/snakefile_04.py:
Command 'source activate /home/PERSONALE/eugenio.fonzi2/WESPipeline/.snakemake/conda/e35b1969; set -euo pipefail;  bwa mem -M -t 4 -R '@RG\tID:273\tSM:273\tPL:illumina\tLB:nextera_expanded\tPU:PE' /home/PERSONALE/eugenio.fonzi2/data_ref/nextera_expanded.fasta /home/PERSONALE/eugenio.fonzi2/ANALYSES_WES/180105_test_adapters_NO_on_contaminated/02_fastq_trimmed/273_R1.fastq /home/PERSONALE/eugenio.fonzi2/ANALYSES_WES/180105_test_adapters_NO_on_contaminated/02_fastq_trimmed/273_R2.fastq > /home/PERSONALE/eugenio.fonzi2/ANALYSES_WES/180105_test_adapters_NO_on_contaminated/04_alignment_exome/01_intermediate/273.sam 2> /home/PERSONALE/eugenio.fonzi2/ANALYSES_WES/180105_test_adapters_NO_on_contaminated/04_alignment_exome/logs/273_alignment.log ' died with <Signals.SIGINT: 2>.
  File "/home/PERSONALE/eugenio.fonzi2/WESPipeline/snakefile_04.py", line 831, in __rule_map_to_exome
  File "/home/PERSONALE/eugenio.fonzi2/miniconda3/lib/python3.6/concurrent/futures/thread.py", line 56, in run
Error in rule map_to_genome:
    jobid: 226
    output: /home/PERSONALE/eugenio.fonzi2/ANALYSES_WES/180105_test_adapters_NO_on_contaminated/03_alignment_genome/01_intermediate/B2044S.sam
    log: /home/PERSONALE/eugenio.fonzi2/ANALYSES_WES/180105_test_adapters_NO_on_contaminated/03_alignment_genome/logs/B2044S_alignment.log

RuleException:
CalledProcessError in line 566 of /home/PERSONALE/eugenio.fonzi2/WESPipeline/snakefile_04.py:
Command 'source activate /home/PERSONALE/eugenio.fonzi2/WESPipeline/.snakemake/conda/e35b1969; set -euo pipefail;  bwa mem -M -t 4 -R '@RG\tID:B2044S\tSM:B2044S\tPL:illumina\tLB:nextera_expanded\tPU:PE' /home/PERSONALE/eugenio.fonzi2/data_ref/human_g1k_v37.fasta /home/PERSONALE/eugenio.fonzi2/ANALYSES_WES/180105_test_adapters_NO_on_contaminated/02_fastq_trimmed/B2044S_R1.fastq /home/PERSONALE/eugenio.fonzi2/ANALYSES_WES/180105_test_adapters_NO_on_contaminated/02_fastq_trimmed/B2044S_R2.fastq > /home/PERSONALE/eugenio.fonzi2/ANALYSES_WES/180105_test_adapters_NO_on_contaminated/03_alignment_genome/01_intermediate/B2044S.sam 2> /home/PERSONALE/eugenio.fonzi2/ANALYSES_WES/180105_test_adapters_NO_on_contaminated/03_alignment_genome/logs/B2044S_alignment.log ' died with <Signals.SIGINT: 2>.
  File "/home/PERSONALE/eugenio.fonzi2/WESPipeline/snakefile_04.py", line 566, in __rule_map_to_genome
  File "/home/PERSONALE/eugenio.fonzi2/miniconda3/lib/python3.6/concurrent/futures/thread.py", line 56, in run
Error in rule map_to_genome:
    jobid: 228
    output: /home/PERSONALE/eugenio.fonzi2/ANALYSES_WES/180105_test_adapters_NO_on_contaminated/03_alignment_genome/01_intermediate/273.sam
    log: /home/PERSONALE/eugenio.fonzi2/ANALYSES_WES/180105_test_adapters_NO_on_contaminated/03_alignment_genome/logs/273_alignment.log

RuleException:
CalledProcessError in line 566 of /home/PERSONALE/eugenio.fonzi2/WESPipeline/snakefile_04.py:
Command 'source activate /home/PERSONALE/eugenio.fonzi2/WESPipeline/.snakemake/conda/e35b1969; set -euo pipefail;  bwa mem -M -t 4 -R '@RG\tID:273\tSM:273\tPL:illumina\tLB:nextera_expanded\tPU:PE' /home/PERSONALE/eugenio.fonzi2/data_ref/human_g1k_v37.fasta /home/PERSONALE/eugenio.fonzi2/ANALYSES_WES/180105_test_adapters_NO_on_contaminated/02_fastq_trimmed/273_R1.fastq /home/PERSONALE/eugenio.fonzi2/ANALYSES_WES/180105_test_adapters_NO_on_contaminated/02_fastq_trimmed/273_R2.fastq > /home/PERSONALE/eugenio.fonzi2/ANALYSES_WES/180105_test_adapters_NO_on_contaminated/03_alignment_genome/01_intermediate/273.sam 2> /home/PERSONALE/eugenio.fonzi2/ANALYSES_WES/180105_test_adapters_NO_on_contaminated/03_alignment_genome/logs/273_alignment.log ' died with <Signals.SIGINT: 2>.
  File "/home/PERSONALE/eugenio.fonzi2/WESPipeline/snakefile_04.py", line 566, in __rule_map_to_genome
  File "/home/PERSONALE/eugenio.fonzi2/miniconda3/lib/python3.6/concurrent/futures/thread.py", line 56, in run
Error in rule sorting_genome:
    jobid: 183
    output: /home/PERSONALE/eugenio.fonzi2/ANALYSES_WES/180105_test_adapters_NO_on_contaminated/03_alignment_genome/01_intermediate/1905_sorted.bam
    log: /home/PERSONALE/eugenio.fonzi2/ANALYSES_WES/180105_test_adapters_NO_on_contaminated/03_alignment_genome/logs/1905_sorting.log

RuleException:
CalledProcessError in line 587 of /home/PERSONALE/eugenio.fonzi2/WESPipeline/snakefile_04.py:
Command 'source activate /home/PERSONALE/eugenio.fonzi2/WESPipeline/.snakemake/conda/e35b1969; set -euo pipefail;  java -jar /home/PERSONALE/eugenio.fonzi2/softwares/picard-tools-1.119/SortSam.jar INPUT=/home/PERSONALE/eugenio.fonzi2/ANALYSES_WES/180105_test_adapters_NO_on_contaminated/03_alignment_genome/01_intermediate/1905.sam OUTPUT=/home/PERSONALE/eugenio.fonzi2/ANALYSES_WES/180105_test_adapters_NO_on_contaminated/03_alignment_genome/01_intermediate/1905_sorted.bam SORT_ORDER=coordinate TMP_DIR=/home/PERSONALE/eugenio.fonzi2/ANALYSES_WES/180105_test_adapters_NO_on_contaminated/tmp/ 2> /home/PERSONALE/eugenio.fonzi2/ANALYSES_WES/180105_test_adapters_NO_on_contaminated/03_alignment_genome/logs/1905_sorting.log ' returned non-zero exit status 130.
  File "/home/PERSONALE/eugenio.fonzi2/WESPipeline/snakefile_04.py", line 587, in __rule_sorting_genome
  File "/home/PERSONALE/eugenio.fonzi2/miniconda3/lib/python3.6/concurrent/futures/thread.py", line 56, in run
Error in rule map_to_genome:
    jobid: 219
    output: /home/PERSONALE/eugenio.fonzi2/ANALYSES_WES/180105_test_adapters_NO_on_contaminated/03_alignment_genome/01_intermediate/B2044D.sam
    log: /home/PERSONALE/eugenio.fonzi2/ANALYSES_WES/180105_test_adapters_NO_on_contaminated/03_alignment_genome/logs/B2044D_alignment.log

RuleException:
CalledProcessError in line 566 of /home/PERSONALE/eugenio.fonzi2/WESPipeline/snakefile_04.py:
Command 'source activate /home/PERSONALE/eugenio.fonzi2/WESPipeline/.snakemake/conda/e35b1969; set -euo pipefail;  bwa mem -M -t 4 -R '@RG\tID:B2044D\tSM:B2044D\tPL:illumina\tLB:nextera_expanded\tPU:PE' /home/PERSONALE/eugenio.fonzi2/data_ref/human_g1k_v37.fasta /home/PERSONALE/eugenio.fonzi2/ANALYSES_WES/180105_test_adapters_NO_on_contaminated/02_fastq_trimmed/B2044D_R1.fastq /home/PERSONALE/eugenio.fonzi2/ANALYSES_WES/180105_test_adapters_NO_on_contaminated/02_fastq_trimmed/B2044D_R2.fastq > /home/PERSONALE/eugenio.fonzi2/ANALYSES_WES/180105_test_adapters_NO_on_contaminated/03_alignment_genome/01_intermediate/B2044D.sam 2> /home/PERSONALE/eugenio.fonzi2/ANALYSES_WES/180105_test_adapters_NO_on_contaminated/03_alignment_genome/logs/B2044D_alignment.log ' died with <Signals.SIGINT: 2>.
  File "/home/PERSONALE/eugenio.fonzi2/WESPipeline/snakefile_04.py", line 566, in __rule_map_to_genome
  File "/home/PERSONALE/eugenio.fonzi2/miniconda3/lib/python3.6/concurrent/futures/thread.py", line 56, in run
Error in rule sorting_genome:
    jobid: 197
    output: /home/PERSONALE/eugenio.fonzi2/ANALYSES_WES/180105_test_adapters_NO_on_contaminated/03_alignment_genome/01_intermediate/218_sorted.bam
    log: /home/PERSONALE/eugenio.fonzi2/ANALYSES_WES/180105_test_adapters_NO_on_contaminated/03_alignment_genome/logs/218_sorting.log

RuleException:
CalledProcessError in line 587 of /home/PERSONALE/eugenio.fonzi2/WESPipeline/snakefile_04.py:
Command 'source activate /home/PERSONALE/eugenio.fonzi2/WESPipeline/.snakemake/conda/e35b1969; set -euo pipefail;  java -jar /home/PERSONALE/eugenio.fonzi2/softwares/picard-tools-1.119/SortSam.jar INPUT=/home/PERSONALE/eugenio.fonzi2/ANALYSES_WES/180105_test_adapters_NO_on_contaminated/03_alignment_genome/01_intermediate/218.sam OUTPUT=/home/PERSONALE/eugenio.fonzi2/ANALYSES_WES/180105_test_adapters_NO_on_contaminated/03_alignment_genome/01_intermediate/218_sorted.bam SORT_ORDER=coordinate TMP_DIR=/home/PERSONALE/eugenio.fonzi2/ANALYSES_WES/180105_test_adapters_NO_on_contaminated/tmp/ 2> /home/PERSONALE/eugenio.fonzi2/ANALYSES_WES/180105_test_adapters_NO_on_contaminated/03_alignment_genome/logs/218_sorting.log ' returned non-zero exit status 130.
  File "/home/PERSONALE/eugenio.fonzi2/WESPipeline/snakefile_04.py", line 587, in __rule_sorting_genome
  File "/home/PERSONALE/eugenio.fonzi2/miniconda3/lib/python3.6/concurrent/futures/thread.py", line 56, in run
Error in rule trim:
    jobid: 41
    output: /home/PERSONALE/eugenio.fonzi2/ANALYSES_WES/180105_test_adapters_NO_on_contaminated/02_fastq_trimmed/3165_R1.fastq, /home/PERSONALE/eugenio.fonzi2/ANALYSES_WES/180105_test_adapters_NO_on_contaminated/02_fastq_trimmed/3165_R2.fastq

RuleException:
CalledProcessError in line 497 of /home/PERSONALE/eugenio.fonzi2/WESPipeline/snakefile_04.py:
Command ' set -euo pipefail;  /home/PERSONALE/eugenio.fonzi2/softwares/adapter_removal_1.5.4/AdapterRemoval --file1 /home/PERSONALE/eugenio.fonzi2/ANALYSES_WES/180105_test_adapters_NO_on_contaminated/01_fastq/02_postprocess/3165_R1.fastq --file2 /home/PERSONALE/eugenio.fonzi2/ANALYSES_WES/180105_test_adapters_NO_on_contaminated/01_fastq/02_postprocess/3165_R2.fastq --stats --trimns --trimqualities --minquality 20 --minlength 79 --output1 /home/PERSONALE/eugenio.fonzi2/ANALYSES_WES/180105_test_adapters_NO_on_contaminated/02_fastq_trimmed/3165_R1.fastq --output2 /home/PERSONALE/eugenio.fonzi2/ANALYSES_WES/180105_test_adapters_NO_on_contaminated/02_fastq_trimmed/3165_R2.fastq ' died with <Signals.SIGINT: 2>.
  File "/home/PERSONALE/eugenio.fonzi2/WESPipeline/snakefile_04.py", line 497, in __rule_trim
  File "/home/PERSONALE/eugenio.fonzi2/miniconda3/lib/python3.6/concurrent/futures/thread.py", line 56, in run
Error in rule sorting_exome:
    jobid: 275
    output: /home/PERSONALE/eugenio.fonzi2/ANALYSES_WES/180105_test_adapters_NO_on_contaminated/04_alignment_exome/01_intermediate/218_sorted.bam
    log: /home/PERSONALE/eugenio.fonzi2/ANALYSES_WES/180105_test_adapters_NO_on_contaminated/04_alignment_exome/logs/218_sorting.log

RuleException:
CalledProcessError in line 852 of /home/PERSONALE/eugenio.fonzi2/WESPipeline/snakefile_04.py:
Command 'source activate /home/PERSONALE/eugenio.fonzi2/WESPipeline/.snakemake/conda/e35b1969; set -euo pipefail;  java -jar /home/PERSONALE/eugenio.fonzi2/softwares/picard-tools-1.119/SortSam.jar INPUT=/home/PERSONALE/eugenio.fonzi2/ANALYSES_WES/180105_test_adapters_NO_on_contaminated/04_alignment_exome/01_intermediate/218.sam OUTPUT=/home/PERSONALE/eugenio.fonzi2/ANALYSES_WES/180105_test_adapters_NO_on_contaminated/04_alignment_exome/01_intermediate/218_sorted.bam SORT_ORDER=coordinate TMP_DIR=/home/PERSONALE/eugenio.fonzi2/ANALYSES_WES/180105_test_adapters_NO_on_contaminated/tmp/ 2> /home/PERSONALE/eugenio.fonzi2/ANALYSES_WES/180105_test_adapters_NO_on_contaminated/04_alignment_exome/logs/218_sorting.log ' returned non-zero exit status 130.
  File "/home/PERSONALE/eugenio.fonzi2/WESPipeline/snakefile_04.py", line 852, in __rule_sorting_exome
  File "/home/PERSONALE/eugenio.fonzi2/miniconda3/lib/python3.6/concurrent/futures/thread.py", line 56, in run
Removing output files of failed job map_to_exome since they might be corrupted:
/home/PERSONALE/eugenio.fonzi2/ANALYSES_WES/180105_test_adapters_NO_on_contaminated/04_alignment_exome/01_intermediate/1905.sam
Removing output files of failed job map_to_exome since they might be corrupted:
/home/PERSONALE/eugenio.fonzi2/ANALYSES_WES/180105_test_adapters_NO_on_contaminated/04_alignment_exome/01_intermediate/B2044D.sam
Removing output files of failed job map_to_exome since they might be corrupted:
/home/PERSONALE/eugenio.fonzi2/ANALYSES_WES/180105_test_adapters_NO_on_contaminated/04_alignment_exome/01_intermediate/273.sam
Removing output files of failed job map_to_genome since they might be corrupted:
/home/PERSONALE/eugenio.fonzi2/ANALYSES_WES/180105_test_adapters_NO_on_contaminated/03_alignment_genome/01_intermediate/B2044S.sam
Removing output files of failed job map_to_genome since they might be corrupted:
/home/PERSONALE/eugenio.fonzi2/ANALYSES_WES/180105_test_adapters_NO_on_contaminated/03_alignment_genome/01_intermediate/273.sam
Removing output files of failed job sorting_genome since they might be corrupted:
/home/PERSONALE/eugenio.fonzi2/ANALYSES_WES/180105_test_adapters_NO_on_contaminated/03_alignment_genome/01_intermediate/1905_sorted.bam
Removing output files of failed job map_to_genome since they might be corrupted:
/home/PERSONALE/eugenio.fonzi2/ANALYSES_WES/180105_test_adapters_NO_on_contaminated/03_alignment_genome/01_intermediate/B2044D.sam
Removing output files of failed job sorting_genome since they might be corrupted:
/home/PERSONALE/eugenio.fonzi2/ANALYSES_WES/180105_test_adapters_NO_on_contaminated/03_alignment_genome/01_intermediate/218_sorted.bam
Removing output files of failed job trim since they might be corrupted:
/home/PERSONALE/eugenio.fonzi2/ANALYSES_WES/180105_test_adapters_NO_on_contaminated/02_fastq_trimmed/3165_R1.fastq, /home/PERSONALE/eugenio.fonzi2/ANALYSES_WES/180105_test_adapters_NO_on_contaminated/02_fastq_trimmed/3165_R2.fastq
Removing output files of failed job sorting_exome since they might be corrupted:
/home/PERSONALE/eugenio.fonzi2/ANALYSES_WES/180105_test_adapters_NO_on_contaminated/04_alignment_exome/01_intermediate/218_sorted.bam
Complete log: .snakemake/log/2018-01-07T061002.149286.snakemake.log
