Building DAG of jobs...
Provided cores: 32
Rules claiming more threads will be scaled down.
Job counts:
	count	jobs
	4	AnalyzeCovariates_MT
	6	AnalyzeCovariates_genome
	4	BaseRecal_MT
	4	BaseRecal_genome
	4	IndelRealigner_MT
	4	IndelRealigner_genome
	3	KeepOnlyVariants
	3	MergeMutectVarscan
	3	MergeWriteVariants
	3	MutectSplitVariants
	4	PostRecalTable_MT
	6	PostRecalTable_genome
	4	PrintReads_MT
	6	PrintReads_genome
	4	RTC_MT
	4	RTC_genome
	3	Remove_segdups
	3	VarscanSplitVariants
	1	all
	3	annovar_MT_mutect
	3	annovar_MT_varscan
	3	annovar_genome_mutect
	3	annovar_genome_varscan
	3	checkMAFs
	3	create_rsID_table
	4	extractUnmapped_convert
	3	extractUnmapped_extract
	3	filterExonicPolymorphic
	3	filterSomatic_Indel
	3	filterSomatic_SNV
	4	indexing_MT
	3	indexing_genome
	4	map_to_MT
	4	marking_MT
	3	marking_genome
	2	muTect_MT
	3	muTect_genome
	4	sorting_MT
	3	sorting_exome
	3	sorting_genome
	2	varscan_MT_patient
	4	varscan_MT_sample
	3	varscan_genome_patient
	6	varscan_genome_sample
	155

Job 138: >> B2044S : RTC genome


Job 248: >> 1905 : PrintReads genome


Job 74: >> 1905 : PostRecalTable genome


Activating conda environment /home/PERSONALE/eugenio.fonzi2/WESPipeline/.snakemake/conda/e35b1969.
Job 197: >> 272 : sorting genome
Activating conda environment /home/PERSONALE/eugenio.fonzi2/WESPipeline/.snakemake/conda/e35b1969.
Activating conda environment /home/PERSONALE/eugenio.fonzi2/WESPipeline/.snakemake/conda/e35b1969.

Activating conda environment /home/PERSONALE/eugenio.fonzi2/WESPipeline/.snakemake/conda/e35b1969.

Job 274: >> B2044D : sorting exome

Activating conda environment /home/PERSONALE/eugenio.fonzi2/WESPipeline/.snakemake/conda/e35b1969.

Job 196: >> 3094 : sorting genome

Activating conda environment /home/PERSONALE/eugenio.fonzi2/WESPipeline/.snakemake/conda/e35b1969.

Job 165: >> B2044D : sorting genome

Activating conda environment /home/PERSONALE/eugenio.fonzi2/WESPipeline/.snakemake/conda/e35b1969.

Job 232: >> B2044S : extractUnmapped convert

Activating conda environment /home/PERSONALE/eugenio.fonzi2/WESPipeline/.snakemake/conda/e35b1969.

Job 249: >> 218 : PrintReads genome

Activating conda environment /home/PERSONALE/eugenio.fonzi2/WESPipeline/.snakemake/conda/e35b1969.

Job 275: >> 3094 : sorting exome

Activating conda environment /home/PERSONALE/eugenio.fonzi2/WESPipeline/.snakemake/conda/e35b1969.

Job 41: >> 218 : PostRecalTable genome

Activating conda environment /home/PERSONALE/eugenio.fonzi2/WESPipeline/.snakemake/conda/e35b1969.

Job 277: >> 272 : sorting exome

Activating conda environment /home/PERSONALE/eugenio.fonzi2/WESPipeline/.snakemake/conda/e35b1969.
Finished job 138.
1 of 155 steps (0.65%) done

Job 95: >> B2044S : IndelRealigner genome

Activating conda environment /home/PERSONALE/eugenio.fonzi2/WESPipeline/.snakemake/conda/e35b1969.
Error in rule extractUnmapped_convert:
    jobid: 232
    output: /home/PERSONALE/eugenio.fonzi2/ANALYSES_WES/180103_test_adapters_YES_on_contaminated/04_alignment_exome/02_unmapped_fastq/B2044S_R1.unmapped.fastq, /home/PERSONALE/eugenio.fonzi2/ANALYSES_WES/180103_test_adapters_YES_on_contaminated/04_alignment_exome/02_unmapped_fastq/B2044S_R2.unmapped.fastq, /home/PERSONALE/eugenio.fonzi2/ANALYSES_WES/180103_test_adapters_YES_on_contaminated/04_alignment_exome/02_unmapped_fastq/B2044S_unpaired.unmapped.fastq
    log: /home/PERSONALE/eugenio.fonzi2/ANALYSES_WES/180103_test_adapters_YES_on_contaminated/04_alignment_exome/logs/B2044S_unmapped_fastq.log

RuleException:
CalledProcessError in line 886 of /home/PERSONALE/eugenio.fonzi2/WESPipeline/snakefile_03.py:
Command 'source activate /home/PERSONALE/eugenio.fonzi2/WESPipeline/.snakemake/conda/e35b1969; set -euo pipefail;  java -jar -Xmx4g /home/PERSONALE/eugenio.fonzi2/softwares/picard-tools-1.119/SamToFastq.jar I=/home/PERSONALE/eugenio.fonzi2/ANALYSES_WES/180103_test_adapters_YES_on_contaminated/04_alignment_exome/01_intermediate/B2044S_unmapped.bam F=/home/PERSONALE/eugenio.fonzi2/ANALYSES_WES/180103_test_adapters_YES_on_contaminated/04_alignment_exome/02_unmapped_fastq/B2044S_R1.unmapped.fastq F2=/home/PERSONALE/eugenio.fonzi2/ANALYSES_WES/180103_test_adapters_YES_on_contaminated/04_alignment_exome/02_unmapped_fastq/B2044S_R2.unmapped.fastq FU=/home/PERSONALE/eugenio.fonzi2/ANALYSES_WES/180103_test_adapters_YES_on_contaminated/04_alignment_exome/02_unmapped_fastq/B2044S_unpaired.unmapped.fastq VALIDATION_STRINGENCY=LENIENT 2> /home/PERSONALE/eugenio.fonzi2/ANALYSES_WES/180103_test_adapters_YES_on_contaminated/04_alignment_exome/logs/B2044S_unmapped_fastq.log ' returned non-zero exit status 1.
  File "/home/PERSONALE/eugenio.fonzi2/WESPipeline/snakefile_03.py", line 886, in __rule_extractUnmapped_convert
  File "/home/PERSONALE/eugenio.fonzi2/miniconda3/lib/python3.6/concurrent/futures/thread.py", line 56, in run
Removing output files of failed job extractUnmapped_convert since they might be corrupted:
/home/PERSONALE/eugenio.fonzi2/ANALYSES_WES/180103_test_adapters_YES_on_contaminated/04_alignment_exome/02_unmapped_fastq/B2044S_R1.unmapped.fastq, /home/PERSONALE/eugenio.fonzi2/ANALYSES_WES/180103_test_adapters_YES_on_contaminated/04_alignment_exome/02_unmapped_fastq/B2044S_R2.unmapped.fastq, /home/PERSONALE/eugenio.fonzi2/ANALYSES_WES/180103_test_adapters_YES_on_contaminated/04_alignment_exome/02_unmapped_fastq/B2044S_unpaired.unmapped.fastq
Will exit after finishing currently running jobs.
Removing temporary output file /home/PERSONALE/eugenio.fonzi2/ANALYSES_WES/180103_test_adapters_YES_on_contaminated/03_alignment_genome/01_intermediate/B2044S_marked.bai.
Removing temporary output file /home/PERSONALE/eugenio.fonzi2/ANALYSES_WES/180103_test_adapters_YES_on_contaminated/03_alignment_genome/01_intermediate/B2044S_marked.bam.
Finished job 95.
2 of 155 steps (1%) done
Will exit after finishing currently running jobs.
Finished job 249.
3 of 155 steps (2%) done
Will exit after finishing currently running jobs.
Finished job 248.
4 of 155 steps (3%) done
Will exit after finishing currently running jobs.
Removing temporary output file /home/PERSONALE/eugenio.fonzi2/ANALYSES_WES/180103_test_adapters_YES_on_contaminated/03_alignment_genome/01_intermediate/218_realigned.bai.
Removing temporary output file /home/PERSONALE/eugenio.fonzi2/ANALYSES_WES/180103_test_adapters_YES_on_contaminated/03_alignment_genome/01_intermediate/218_realigned.bam.
Finished job 41.
5 of 155 steps (3%) done
Will exit after finishing currently running jobs.
Removing temporary output file /home/PERSONALE/eugenio.fonzi2/ANALYSES_WES/180103_test_adapters_YES_on_contaminated/03_alignment_genome/01_intermediate/1905_realigned.bam.
Removing temporary output file /home/PERSONALE/eugenio.fonzi2/ANALYSES_WES/180103_test_adapters_YES_on_contaminated/03_alignment_genome/01_intermediate/1905_realigned.bai.
Finished job 74.
6 of 155 steps (4%) done
Will exit after finishing currently running jobs.
