Building DAG of jobs...
Provided cores: 32
Rules claiming more threads will be scaled down.
Job counts:
	count	jobs
	6	AnalyzeCovariates_MT
	6	AnalyzeCovariates_genome
	6	BaseRecal_MT
	6	BaseRecal_genome
	6	IndelRealigner_MT
	6	IndelRealigner_genome
	3	KeepOnlyVariants
	3	MergeMutectVarscan
	3	MergeWriteVariants
	3	MutectSplitVariants
	6	PostRecalTable_MT
	6	PostRecalTable_genome
	6	PrintReads_MT
	6	PrintReads_genome
	6	RTC_MT
	6	RTC_genome
	3	Remove_segdups
	3	VarscanSplitVariants
	1	all
	3	annovar_MT_mutect
	3	annovar_MT_varscan
	3	annovar_genome_mutect
	3	annovar_genome_varscan
	3	checkMAFs
	3	create_rsID_table
	6	downloadDecompressMergeFastq
	6	extractUnmapped_convert
	6	extractUnmapped_extract
	6	fastqc_R1
	6	fastqc_R2
	6	fastqc_trimmed_R1
	6	fastqc_trimmed_R2
	3	filterExonicPolymorphic
	3	filterSomatic_Indel
	3	filterSomatic_SNV
	6	indexing_MT
	6	indexing_genome
	6	map_to_MT
	6	map_to_exome
	6	map_to_genome
	6	marking_MT
	6	marking_genome
	3	muTect_MT
	3	muTect_genome
	6	sorting_MT
	6	sorting_exome
	6	sorting_genome
	6	trim
	3	varscan_MT_patient
	6	varscan_MT_sample
	3	varscan_genome_patient
	6	varscan_genome_sample
	250

Job 136: >> B2002S : downloading, decompressing and merging fastq 

Job 104: >> C0017D : downloading, decompressing and merging fastq 

Job 116: >> B2002D : downloading, decompressing and merging fastq 

Job 107: >> A1015Dbis : downloading, decompressing and merging fastq 

Job 108: >> C0017S : downloading, decompressing and merging fastq 


Job 94: >> A1015S : downloading, decompressing and merging fastq 

Terminating processes on user request.
Error in rule downloadDecompressMergeFastq:
    jobid: 108
Error in rule downloadDecompressMergeFastq:
    output: /home/PERSONALE/eugenio.fonzi2/ANALYSES_WES/180105_test_adapters_YES_on_contaminated/01_fastq/02_postprocess/C0017S_R1.fastq, /home/PERSONALE/eugenio.fonzi2/ANALYSES_WES/180105_test_adapters_YES_on_contaminated/01_fastq/02_postprocess/C0017S_R2.fastq
Error in rule downloadDecompressMergeFastq:
    jobid: 136
    log: /home/PERSONALE/eugenio.fonzi2/ANALYSES_WES/180105_test_adapters_YES_on_contaminated/01_fastq/logs/C0017S_cadaver.log
    jobid: 116
    output: /home/PERSONALE/eugenio.fonzi2/ANALYSES_WES/180105_test_adapters_YES_on_contaminated/01_fastq/02_postprocess/B2002S_R1.fastq, /home/PERSONALE/eugenio.fonzi2/ANALYSES_WES/180105_test_adapters_YES_on_contaminated/01_fastq/02_postprocess/B2002S_R2.fastq

    output: /home/PERSONALE/eugenio.fonzi2/ANALYSES_WES/180105_test_adapters_YES_on_contaminated/01_fastq/02_postprocess/B2002D_R1.fastq, /home/PERSONALE/eugenio.fonzi2/ANALYSES_WES/180105_test_adapters_YES_on_contaminated/01_fastq/02_postprocess/B2002D_R2.fastq
    log: /home/PERSONALE/eugenio.fonzi2/ANALYSES_WES/180105_test_adapters_YES_on_contaminated/01_fastq/logs/B2002S_cadaver.log
    log: /home/PERSONALE/eugenio.fonzi2/ANALYSES_WES/180105_test_adapters_YES_on_contaminated/01_fastq/logs/B2002D_cadaver.log


RuleException:
CalledProcessError in line 410 of /home/PERSONALE/eugenio.fonzi2/WESPipeline/snakefile_04.py:
Command ' set -euo pipefail;  /home/PERSONALE/eugenio.fonzi2/miniconda3/bin/python /home/PERSONALE/eugenio.fonzi2/WESPipeline/scripts/.snakemake.ompbj73d.downloadDecompressMergeFastq_01.py ' returned non-zero exit status 1.
  File "/home/PERSONALE/eugenio.fonzi2/WESPipeline/snakefile_04.py", line 410, in __rule_downloadDecompressMergeFastq
  File "/home/PERSONALE/eugenio.fonzi2/miniconda3/lib/python3.6/concurrent/futures/thread.py", line 56, in run
RuleException:
CalledProcessError in line 410 of /home/PERSONALE/eugenio.fonzi2/WESPipeline/snakefile_04.py:
Command ' set -euo pipefail;  /home/PERSONALE/eugenio.fonzi2/miniconda3/bin/python /home/PERSONALE/eugenio.fonzi2/WESPipeline/scripts/.snakemake.ubtwsloe.downloadDecompressMergeFastq_01.py ' returned non-zero exit status 1.
  File "/home/PERSONALE/eugenio.fonzi2/WESPipeline/snakefile_04.py", line 410, in __rule_downloadDecompressMergeFastq
  File "/home/PERSONALE/eugenio.fonzi2/miniconda3/lib/python3.6/concurrent/futures/thread.py", line 56, in run
RuleException:
CalledProcessError in line 410 of /home/PERSONALE/eugenio.fonzi2/WESPipeline/snakefile_04.py:
Command ' set -euo pipefail;  /home/PERSONALE/eugenio.fonzi2/miniconda3/bin/python /home/PERSONALE/eugenio.fonzi2/WESPipeline/scripts/.snakemake.4awm8_8k.downloadDecompressMergeFastq_01.py ' returned non-zero exit status 1.
  File "/home/PERSONALE/eugenio.fonzi2/WESPipeline/snakefile_04.py", line 410, in __rule_downloadDecompressMergeFastq
  File "/home/PERSONALE/eugenio.fonzi2/miniconda3/lib/python3.6/concurrent/futures/thread.py", line 56, in run
Error in rule downloadDecompressMergeFastq:
Error in rule downloadDecompressMergeFastq:
    jobid: 94
    jobid: 107
    output: /home/PERSONALE/eugenio.fonzi2/ANALYSES_WES/180105_test_adapters_YES_on_contaminated/01_fastq/02_postprocess/A1015S_R1.fastq, /home/PERSONALE/eugenio.fonzi2/ANALYSES_WES/180105_test_adapters_YES_on_contaminated/01_fastq/02_postprocess/A1015S_R2.fastq
    output: /home/PERSONALE/eugenio.fonzi2/ANALYSES_WES/180105_test_adapters_YES_on_contaminated/01_fastq/02_postprocess/A1015Dbis_R1.fastq, /home/PERSONALE/eugenio.fonzi2/ANALYSES_WES/180105_test_adapters_YES_on_contaminated/01_fastq/02_postprocess/A1015Dbis_R2.fastq
    log: /home/PERSONALE/eugenio.fonzi2/ANALYSES_WES/180105_test_adapters_YES_on_contaminated/01_fastq/logs/A1015S_cadaver.log
    log: /home/PERSONALE/eugenio.fonzi2/ANALYSES_WES/180105_test_adapters_YES_on_contaminated/01_fastq/logs/A1015Dbis_cadaver.log


RuleException:
CalledProcessError in line 410 of /home/PERSONALE/eugenio.fonzi2/WESPipeline/snakefile_04.py:
Command ' set -euo pipefail;  /home/PERSONALE/eugenio.fonzi2/miniconda3/bin/python /home/PERSONALE/eugenio.fonzi2/WESPipeline/scripts/.snakemake.yjqovs_z.downloadDecompressMergeFastq_01.py ' returned non-zero exit status 1.
  File "/home/PERSONALE/eugenio.fonzi2/WESPipeline/snakefile_04.py", line 410, in __rule_downloadDecompressMergeFastq
  File "/home/PERSONALE/eugenio.fonzi2/miniconda3/lib/python3.6/concurrent/futures/thread.py", line 56, in run
RuleException:
CalledProcessError in line 410 of /home/PERSONALE/eugenio.fonzi2/WESPipeline/snakefile_04.py:
Command ' set -euo pipefail;  /home/PERSONALE/eugenio.fonzi2/miniconda3/bin/python /home/PERSONALE/eugenio.fonzi2/WESPipeline/scripts/.snakemake.60gb5pwo.downloadDecompressMergeFastq_01.py ' returned non-zero exit status 1.
  File "/home/PERSONALE/eugenio.fonzi2/WESPipeline/snakefile_04.py", line 410, in __rule_downloadDecompressMergeFastq
  File "/home/PERSONALE/eugenio.fonzi2/miniconda3/lib/python3.6/concurrent/futures/thread.py", line 56, in run
Error in rule downloadDecompressMergeFastq:
    jobid: 104
    output: /home/PERSONALE/eugenio.fonzi2/ANALYSES_WES/180105_test_adapters_YES_on_contaminated/01_fastq/02_postprocess/C0017D_R1.fastq, /home/PERSONALE/eugenio.fonzi2/ANALYSES_WES/180105_test_adapters_YES_on_contaminated/01_fastq/02_postprocess/C0017D_R2.fastq
    log: /home/PERSONALE/eugenio.fonzi2/ANALYSES_WES/180105_test_adapters_YES_on_contaminated/01_fastq/logs/C0017D_cadaver.log

RuleException:
CalledProcessError in line 410 of /home/PERSONALE/eugenio.fonzi2/WESPipeline/snakefile_04.py:
Command ' set -euo pipefail;  /home/PERSONALE/eugenio.fonzi2/miniconda3/bin/python /home/PERSONALE/eugenio.fonzi2/WESPipeline/scripts/.snakemake.ybva1hzy.downloadDecompressMergeFastq_01.py ' returned non-zero exit status 1.
  File "/home/PERSONALE/eugenio.fonzi2/WESPipeline/snakefile_04.py", line 410, in __rule_downloadDecompressMergeFastq
  File "/home/PERSONALE/eugenio.fonzi2/miniconda3/lib/python3.6/concurrent/futures/thread.py", line 56, in run
Complete log: .snakemake/log/2018-01-09T183251.808866.snakemake.log
