Building DAG of jobs...
Provided cores: 32
Rules claiming more threads will be scaled down.
Job counts:
	count	jobs
	6	AnalyzeCovariates_MT
	6	AnalyzeCovariates_genome
	6	BaseRecal_MT
	6	BaseRecal_genome
	6	IndelRealigner_MT
	6	IndelRealigner_genome
	3	KeepOnlyVariants
	3	MergeMutectVarscan
	3	MergeWriteVariants
	3	MutectSplitVariants
	6	PostRecalTable_MT
	6	PostRecalTable_genome
	6	PrintReads_MT
	6	PrintReads_genome
	6	RTC_MT
	6	RTC_genome
	3	Remove_segdups
	3	VarscanSplitVariants
	1	all
	3	annovar_MT_mutect
	3	annovar_MT_varscan
	3	annovar_genome_mutect
	3	annovar_genome_varscan
	3	checkMAFs
	3	create_rsID_table
	6	downloadDecompressMergeFastq
	6	extractUnmapped_convert
	6	extractUnmapped_extract
	6	fastqc_R1
	6	fastqc_R2
	6	fastqc_trimmed_R1
	6	fastqc_trimmed_R2
	3	filterExonicPolymorphic
	3	filterSomatic_Indel
	3	filterSomatic_SNV
	6	indexing_MT
	6	indexing_genome
	6	map_to_MT
	6	map_to_exome
	6	map_to_genome
	6	marking_MT
	6	marking_genome
	3	muTect_MT
	3	muTect_genome
	6	sorting_MT
	6	sorting_exome
	6	sorting_genome
	6	trim
	3	varscan_MT_patient
	6	varscan_MT_sample
	3	varscan_genome_patient
	6	varscan_genome_sample
	250

Job 96: >> B2002D : downloading, decompressing and merging fastq 

Job 119: >> C0017S : downloading, decompressing and merging fastq 

Job 130: >> A1015S : downloading, decompressing and merging fastq 

Job 116: >> A1015Dbis : downloading, decompressing and merging fastq 

Job 106: >> C0017D : downloading, decompressing and merging fastq 

Job 115: >> B2002S : downloading, decompressing and merging fastq 

Terminating processes on user request.
Error in rule downloadDecompressMergeFastq:
    jobid: 119
    output: /home/PERSONALE/eugenio.fonzi2/ANALYSES_WES/180105_test_adapters_YES_on_contaminated/01_fastq/02_postprocess/C0017S_R1.fastq, /home/PERSONALE/eugenio.fonzi2/ANALYSES_WES/180105_test_adapters_YES_on_contaminated/01_fastq/02_postprocess/C0017S_R2.fastq
    log: /home/PERSONALE/eugenio.fonzi2/ANALYSES_WES/180105_test_adapters_YES_on_contaminated/01_fastq/logs/C0017S_cadaver.log

RuleException:
CalledProcessError in line 410 of /home/PERSONALE/eugenio.fonzi2/WESPipeline/snakefile_04.py:
Command ' set -euo pipefail;  /home/PERSONALE/eugenio.fonzi2/miniconda3/bin/python /home/PERSONALE/eugenio.fonzi2/WESPipeline/scripts/.snakemake.pieuas07.downloadDecompressMergeFastq_01.py ' returned non-zero exit status 1.
  File "/home/PERSONALE/eugenio.fonzi2/WESPipeline/snakefile_04.py", line 410, in __rule_downloadDecompressMergeFastq
  File "/home/PERSONALE/eugenio.fonzi2/miniconda3/lib/python3.6/concurrent/futures/thread.py", line 56, in run
Error in rule downloadDecompressMergeFastq:
    jobid: 115
    output: /home/PERSONALE/eugenio.fonzi2/ANALYSES_WES/180105_test_adapters_YES_on_contaminated/01_fastq/02_postprocess/B2002S_R1.fastq, /home/PERSONALE/eugenio.fonzi2/ANALYSES_WES/180105_test_adapters_YES_on_contaminated/01_fastq/02_postprocess/B2002S_R2.fastq
    log: /home/PERSONALE/eugenio.fonzi2/ANALYSES_WES/180105_test_adapters_YES_on_contaminated/01_fastq/logs/B2002S_cadaver.log

RuleException:
CalledProcessError in line 410 of /home/PERSONALE/eugenio.fonzi2/WESPipeline/snakefile_04.py:
Command ' set -euo pipefail;  /home/PERSONALE/eugenio.fonzi2/miniconda3/bin/python /home/PERSONALE/eugenio.fonzi2/WESPipeline/scripts/.snakemake.fovirhlf.downloadDecompressMergeFastq_01.py ' returned non-zero exit status 1.
  File "/home/PERSONALE/eugenio.fonzi2/WESPipeline/snakefile_04.py", line 410, in __rule_downloadDecompressMergeFastq
  File "/home/PERSONALE/eugenio.fonzi2/miniconda3/lib/python3.6/concurrent/futures/thread.py", line 56, in run
Error in rule downloadDecompressMergeFastq:
    jobid: 106
    output: /home/PERSONALE/eugenio.fonzi2/ANALYSES_WES/180105_test_adapters_YES_on_contaminated/01_fastq/02_postprocess/C0017D_R1.fastq, /home/PERSONALE/eugenio.fonzi2/ANALYSES_WES/180105_test_adapters_YES_on_contaminated/01_fastq/02_postprocess/C0017D_R2.fastq
    log: /home/PERSONALE/eugenio.fonzi2/ANALYSES_WES/180105_test_adapters_YES_on_contaminated/01_fastq/logs/C0017D_cadaver.log

Error in rule downloadDecompressMergeFastq:
    jobid: 130
    output: /home/PERSONALE/eugenio.fonzi2/ANALYSES_WES/180105_test_adapters_YES_on_contaminated/01_fastq/02_postprocess/A1015S_R1.fastq, /home/PERSONALE/eugenio.fonzi2/ANALYSES_WES/180105_test_adapters_YES_on_contaminated/01_fastq/02_postprocess/A1015S_R2.fastq
RuleException:
CalledProcessError in line 410 of /home/PERSONALE/eugenio.fonzi2/WESPipeline/snakefile_04.py:
Command ' set -euo pipefail;  /home/PERSONALE/eugenio.fonzi2/miniconda3/bin/python /home/PERSONALE/eugenio.fonzi2/WESPipeline/scripts/.snakemake.xutzrjjl.downloadDecompressMergeFastq_01.py ' returned non-zero exit status 1.
  File "/home/PERSONALE/eugenio.fonzi2/WESPipeline/snakefile_04.py", line 410, in __rule_downloadDecompressMergeFastq
  File "/home/PERSONALE/eugenio.fonzi2/miniconda3/lib/python3.6/concurrent/futures/thread.py", line 56, in run
    log: /home/PERSONALE/eugenio.fonzi2/ANALYSES_WES/180105_test_adapters_YES_on_contaminated/01_fastq/logs/A1015S_cadaver.log

RuleException:
CalledProcessError in line 410 of /home/PERSONALE/eugenio.fonzi2/WESPipeline/snakefile_04.py:
Command ' set -euo pipefail;  /home/PERSONALE/eugenio.fonzi2/miniconda3/bin/python /home/PERSONALE/eugenio.fonzi2/WESPipeline/scripts/.snakemake.4bk0zz9t.downloadDecompressMergeFastq_01.py ' returned non-zero exit status 1.
  File "/home/PERSONALE/eugenio.fonzi2/WESPipeline/snakefile_04.py", line 410, in __rule_downloadDecompressMergeFastq
  File "/home/PERSONALE/eugenio.fonzi2/miniconda3/lib/python3.6/concurrent/futures/thread.py", line 56, in run
Error in rule downloadDecompressMergeFastq:
    jobid: 116
    output: /home/PERSONALE/eugenio.fonzi2/ANALYSES_WES/180105_test_adapters_YES_on_contaminated/01_fastq/02_postprocess/A1015Dbis_R1.fastq, /home/PERSONALE/eugenio.fonzi2/ANALYSES_WES/180105_test_adapters_YES_on_contaminated/01_fastq/02_postprocess/A1015Dbis_R2.fastq
    log: /home/PERSONALE/eugenio.fonzi2/ANALYSES_WES/180105_test_adapters_YES_on_contaminated/01_fastq/logs/A1015Dbis_cadaver.log

RuleException:
CalledProcessError in line 410 of /home/PERSONALE/eugenio.fonzi2/WESPipeline/snakefile_04.py:
Command ' set -euo pipefail;  /home/PERSONALE/eugenio.fonzi2/miniconda3/bin/python /home/PERSONALE/eugenio.fonzi2/WESPipeline/scripts/.snakemake.pyv4bgx5.downloadDecompressMergeFastq_01.py ' returned non-zero exit status 1.
  File "/home/PERSONALE/eugenio.fonzi2/WESPipeline/snakefile_04.py", line 410, in __rule_downloadDecompressMergeFastq
  File "/home/PERSONALE/eugenio.fonzi2/miniconda3/lib/python3.6/concurrent/futures/thread.py", line 56, in run
Error in rule downloadDecompressMergeFastq:
    jobid: 96
    output: /home/PERSONALE/eugenio.fonzi2/ANALYSES_WES/180105_test_adapters_YES_on_contaminated/01_fastq/02_postprocess/B2002D_R1.fastq, /home/PERSONALE/eugenio.fonzi2/ANALYSES_WES/180105_test_adapters_YES_on_contaminated/01_fastq/02_postprocess/B2002D_R2.fastq
    log: /home/PERSONALE/eugenio.fonzi2/ANALYSES_WES/180105_test_adapters_YES_on_contaminated/01_fastq/logs/B2002D_cadaver.log

RuleException:
CalledProcessError in line 410 of /home/PERSONALE/eugenio.fonzi2/WESPipeline/snakefile_04.py:
Command ' set -euo pipefail;  /home/PERSONALE/eugenio.fonzi2/miniconda3/bin/python /home/PERSONALE/eugenio.fonzi2/WESPipeline/scripts/.snakemake.c__p5r2y.downloadDecompressMergeFastq_01.py ' returned non-zero exit status 1.
  File "/home/PERSONALE/eugenio.fonzi2/WESPipeline/snakefile_04.py", line 410, in __rule_downloadDecompressMergeFastq
  File "/home/PERSONALE/eugenio.fonzi2/miniconda3/lib/python3.6/concurrent/futures/thread.py", line 56, in run
Complete log: .snakemake/log/2018-01-09T183310.243335.snakemake.log
