Building DAG of jobs...
Provided cores: 32
Rules claiming more threads will be scaled down.
Job counts:
	count	jobs
	4	AnalyzeCovariates_MT
	4	AnalyzeCovariates_genome
	4	BaseRecal_MT
	4	BaseRecal_genome
	4	IndelRealigner_MT
	4	IndelRealigner_genome
	2	KeepOnlyVariants
	2	MergeMutectVarscan
	2	MergeWriteVariants
	2	MutectSplitVariants
	4	PostRecalTable_MT
	4	PostRecalTable_genome
	4	PrintReads_MT
	4	PrintReads_genome
	4	RTC_MT
	4	RTC_genome
	2	Remove_segdups
	2	VarscanSplitVariants
	1	all
	2	annovar_MT_mutect
	2	annovar_MT_varscan
	2	annovar_genome_mutect
	2	annovar_genome_varscan
	2	checkMAFs
	2	create_rsID_table
	4	downloadDecompressMergeFastq
	1	download_truseq_rapid_bed
	4	extractUnmapped_convert
	4	extractUnmapped_extract
	4	fastqc_R1
	4	fastqc_R2
	4	fastqc_trimmed_R1
	4	fastqc_trimmed_R2
	2	filterExonicPolymorphic
	2	filterSomatic_Indel
	2	filterSomatic_SNV
	1	fix_truseq_rapid_bed
	1	get_truseq_rapid_fasta
	1	index_picard_truseq_rapid
	1	index_samtools_truseq_rapid
	4	indexing_MT
	4	indexing_genome
	4	map_to_MT
	4	map_to_exome
	4	map_to_genome
	4	marking_MT
	4	marking_genome
	2	muTect_MT
	2	muTect_genome
	4	sorting_MT
	4	sorting_exome
	4	sorting_genome
	4	trim
	1	truseq_rapid_index_bwa
	2	varscan_MT_patient
	4	varscan_MT_sample
	2	varscan_genome_patient
	4	varscan_genome_sample
	173

Job 33: >> 461 : downloading, decompressing and merging fastq 

Job 27: >> 416 : downloading, decompressing and merging fastq 

Job 34: >> 426 : downloading, decompressing and merging fastq 

Job 69: downloading truseq-rapid-exome-targeted-regions-manifest-v1-2 from illumina


Job 32: >> 449 : downloading, decompressing and merging fastq 

Finished job 69.
1 of 173 steps (0.58%) done

Job 54: editing truseq-rapid-exome-targeted-regions-manifest-v1-2

Removing temporary output file /home/PERSONALE/eugenio.fonzi2/data_ref/truseq-rapid-exome-targeted-regions-manifest-v1-2.bed.
Finished job 54.
2 of 173 steps (1%) done

Job 203: generating truseq_rapid fasta

Activating conda environment /home/PERSONALE/eugenio.fonzi2/WESPipeline/.snakemake/conda/e35b1969.
Finished job 203.
3 of 173 steps (2%) done

Job 201: indexing truseq_rapid with samtools

Activating conda environment /home/PERSONALE/eugenio.fonzi2/WESPipeline/.snakemake/conda/e35b1969.
Finished job 201.
4 of 173 steps (2%) done

Job 202: indexing truseq_rapid with picard

Activating conda environment /home/PERSONALE/eugenio.fonzi2/WESPipeline/.snakemake/conda/e35b1969.

Job 200: indexing truseq_rapid with bwa

Activating conda environment /home/PERSONALE/eugenio.fonzi2/WESPipeline/.snakemake/conda/e35b1969.
Finished job 202.
5 of 173 steps (3%) done
