Building DAG of jobs...
Provided cores: 32
Rules claiming more threads will be scaled down.
Job counts:
	count	jobs
	1	AnalyzeCovariates_genome
	1	KeepOnlyVariants
	1	MergeMutectVarscan
	1	MergeWriteVariants
	1	MutectSplitVariants
	1	PostRecalTable_genome
	1	PrintReads_genome
	1	Remove_segdups
	1	VarscanSplitVariants
	1	all
	1	annovar_MT_mutect
	1	annovar_MT_varscan
	1	annovar_genome_mutect
	1	annovar_genome_varscan
	1	checkMAFs
	1	create_rsID_table
	1	filterExonicPolymorphic
	1	filterSomatic_Indel
	1	filterSomatic_SNV
	1	muTect_genome
	1	varscan_MT_patient
	1	varscan_genome_patient
	1	varscan_genome_sample
	23

Job 42: >> B2002S : PostRecalTable genome


Job 262: >> B2002S : PrintReads genome

Activating conda environment /home/PERSONALE/eugenio.fonzi2/WESPipeline/.snakemake/conda/e35b1969.
Activating conda environment /home/PERSONALE/eugenio.fonzi2/WESPipeline/.snakemake/conda/e35b1969.

Job 225: >> 77 : Varscan on patient MT alignment

Activating conda environment /home/PERSONALE/eugenio.fonzi2/WESPipeline/.snakemake/conda/e35b1969.
Error in rule varscan_MT_patient:
    jobid: 225
    output: /home/PERSONALE/eugenio.fonzi2/ANALYSES_WES/180105_test_adapters_YES_on_clean/09_varscan_MT/77_snv.tsv, /home/PERSONALE/eugenio.fonzi2/ANALYSES_WES/180105_test_adapters_YES_on_clean/09_varscan_MT/77_indel.tsv
    log: /home/PERSONALE/eugenio.fonzi2/ANALYSES_WES/180105_test_adapters_YES_on_clean/09_varscan_MT/logs/77_varscan.log

RuleException:
CalledProcessError in line 1321 of /home/PERSONALE/eugenio.fonzi2/WESPipeline/snakefile_04.py:
Command 'source activate /home/PERSONALE/eugenio.fonzi2/WESPipeline/.snakemake/conda/e35b1969; set -euo pipefail;  java -jar /home/PERSONALE/eugenio.fonzi2/softwares/VarScan.v2.3.9.jar somatic /home/PERSONALE/eugenio.fonzi2/ANALYSES_WES/180105_test_adapters_YES_on_clean/09_varscan_MT/01_mpileup/B2002S.mpileup /home/PERSONALE/eugenio.fonzi2/ANALYSES_WES/180105_test_adapters_YES_on_clean/09_varscan_MT/01_mpileup/B2002D.mpileup --output-snp /home/PERSONALE/eugenio.fonzi2/ANALYSES_WES/180105_test_adapters_YES_on_clean/09_varscan_MT/77_snv.tsv --output-indel /home/PERSONALE/eugenio.fonzi2/ANALYSES_WES/180105_test_adapters_YES_on_clean/09_varscan_MT/77_indel.tsv --min-avg-qual 15 --strand_filter 1 --min-var-freq 0.05 --somatic-p-value 0.05 2> /home/PERSONALE/eugenio.fonzi2/ANALYSES_WES/180105_test_adapters_YES_on_clean/09_varscan_MT/logs/77_varscan.log ' returned non-zero exit status 10.
  File "/home/PERSONALE/eugenio.fonzi2/WESPipeline/snakefile_04.py", line 1321, in __rule_varscan_MT_patient
  File "/home/PERSONALE/eugenio.fonzi2/miniconda3/lib/python3.6/concurrent/futures/thread.py", line 56, in run
Removing output files of failed job varscan_MT_patient since they might be corrupted:
/home/PERSONALE/eugenio.fonzi2/ANALYSES_WES/180105_test_adapters_YES_on_clean/09_varscan_MT/77_snv.tsv, /home/PERSONALE/eugenio.fonzi2/ANALYSES_WES/180105_test_adapters_YES_on_clean/09_varscan_MT/77_indel.tsv
Will exit after finishing currently running jobs.
Finished job 262.
1 of 23 steps (4%) done
Will exit after finishing currently running jobs.
Removing temporary output file /home/PERSONALE/eugenio.fonzi2/ANALYSES_WES/180105_test_adapters_YES_on_clean/03_alignment_genome/01_intermediate/B2002S_realigned.bai.
Removing temporary output file /home/PERSONALE/eugenio.fonzi2/ANALYSES_WES/180105_test_adapters_YES_on_clean/03_alignment_genome/01_intermediate/B2002S_realigned.bam.
Finished job 42.
2 of 23 steps (9%) done
Will exit after finishing currently running jobs.
Exiting because a job execution failed. Look above for error message
Complete log: .snakemake/log/2018-01-10T080021.109177.snakemake.log
