Building DAG of jobs...
Provided cores: 32
Rules claiming more threads will be scaled down.
Job counts:
	count	jobs
	8	AnalyzeCovariates_MT
	10	AnalyzeCovariates_genome
	8	BaseRecal_MT
	8	BaseRecal_genome
	8	IndelRealigner_MT
	8	IndelRealigner_genome
	5	KeepOnlyVariants
	5	MergeMutectVarscan
	5	MergeWriteVariants
	5	MutectSplitVariants
	8	PostRecalTable_MT
	10	PostRecalTable_genome
	8	PrintReads_MT
	10	PrintReads_genome
	8	RTC_MT
	8	RTC_genome
	5	Remove_segdups
	5	VarscanSplitVariants
	1	all
	5	annovar_MT_mutect
	5	annovar_MT_varscan
	5	annovar_genome_mutect
	5	annovar_genome_varscan
	5	checkMAFs
	5	create_rsID_table
	4	downloadDecompressMergeFastq
	8	extractUnmapped_convert
	7	extractUnmapped_extract
	4	fastqc_R1
	4	fastqc_R2
	4	fastqc_trimmed_R1
	4	fastqc_trimmed_R2
	5	filterExonicPolymorphic
	5	filterSomatic_Indel
	5	filterSomatic_SNV
	8	indexing_MT
	7	indexing_genome
	8	map_to_MT
	4	map_to_exome
	4	map_to_genome
	8	marking_MT
	7	marking_genome
	4	muTect_MT
	5	muTect_genome
	8	sorting_MT
	7	sorting_exome
	7	sorting_genome
	4	trim
	4	varscan_MT_patient
	8	varscan_MT_sample
	5	varscan_genome_patient
	10	varscan_genome_sample
	321

Job 438: >> 272 : sorting exome


Job 399: >> 1905 : PrintReads genome


Job 72: >> 461 : downloading, decompressing and merging fastq 

Activating conda environment /home/PERSONALE/eugenio.fonzi2/WESPipeline/.snakemake/conda/e35b1969.
Activating conda environment /home/PERSONALE/eugenio.fonzi2/WESPipeline/.snakemake/conda/e35b1969.

Job 90: >> 426 : downloading, decompressing and merging fastq 


Job 316: >> 3094 : sorting genome

Activating conda environment /home/PERSONALE/eugenio.fonzi2/WESPipeline/.snakemake/conda/e35b1969.

Job 439: >> 3094 : sorting exome

Activating conda environment /home/PERSONALE/eugenio.fonzi2/WESPipeline/.snakemake/conda/e35b1969.

Job 124: >> 218 : PostRecalTable genome

Activating conda environment /home/PERSONALE/eugenio.fonzi2/WESPipeline/.snakemake/conda/e35b1969.

Job 284: >> 272 : sorting genome

Activating conda environment /home/PERSONALE/eugenio.fonzi2/WESPipeline/.snakemake/conda/e35b1969.

Job 283: >> B2044D : sorting genome

Activating conda environment /home/PERSONALE/eugenio.fonzi2/WESPipeline/.snakemake/conda/e35b1969.

Job 401: >> B2044S : extractUnmapped convert

Activating conda environment /home/PERSONALE/eugenio.fonzi2/WESPipeline/.snakemake/conda/e35b1969.

Job 109: >> 449 : downloading, decompressing and merging fastq 

Job 66: >> 416 : downloading, decompressing and merging fastq 


Job 398: >> 218 : PrintReads genome

Activating conda environment /home/PERSONALE/eugenio.fonzi2/WESPipeline/.snakemake/conda/e35b1969.

Job 115: >> 1905 : PostRecalTable genome

Activating conda environment /home/PERSONALE/eugenio.fonzi2/WESPipeline/.snakemake/conda/e35b1969.

Job 433: >> B2044D : sorting exome

Activating conda environment /home/PERSONALE/eugenio.fonzi2/WESPipeline/.snakemake/conda/e35b1969.

Job 259: >> B2044S : RTC genome

Activating conda environment /home/PERSONALE/eugenio.fonzi2/WESPipeline/.snakemake/conda/e35b1969.
