Building DAG of jobs...
Provided cores: 32
Rules claiming more threads will be scaled down.
Job counts:
	count	jobs
	2	AnalyzeCovariates_MT
	2	AnalyzeCovariates_genome
	2	BaseRecal_MT
	2	BaseRecal_genome
	2	IndelRealigner_MT
	2	IndelRealigner_genome
	1	KeepOnlyVariants
	1	MergeMutectVarscan
	1	MergeWriteVariants
	1	MutectSplitVariants
	2	PostRecalTable_MT
	2	PostRecalTable_genome
	2	PrintReads_MT
	2	PrintReads_genome
	2	RTC_MT
	2	RTC_genome
	1	Remove_segdups
	1	VarscanSplitVariants
	1	all
	1	annovar_MT_mutect
	1	annovar_MT_varscan
	1	annovar_genome_mutect
	1	annovar_genome_varscan
	1	checkMAFs
	1	create_rsID_table
	2	downloadDecompressMergeFastq
	2	extractUnmapped_convert
	2	extractUnmapped_extract
	2	fastqc_R1
	2	fastqc_R2
	2	fastqc_trimmed_R1
	2	fastqc_trimmed_R2
	1	filterExonicPolymorphic
	1	filterSomatic_Indel
	1	filterSomatic_SNV
	2	indexing_MT
	2	indexing_genome
	2	map_to_MT
	2	map_to_exome
	2	map_to_genome
	2	marking_MT
	2	marking_genome
	1	muTect_MT
	1	muTect_genome
	2	sorting_MT
	2	sorting_exome
	2	sorting_genome
	2	trim
	1	varscan_MT_patient
	2	varscan_MT_sample
	1	varscan_genome_patient
	2	varscan_genome_sample
	84

Job 15: >> 1905 : downloading, decompressing and merging fastq 

Job 17: >> 218 : downloading, decompressing and merging fastq 

Finished job 15.
1 of 84 steps (1%) done

Job 2: >> 1905 : fastqc1

Activating conda environment /home/PERSONALE/eugenio.fonzi2/WESPipeline/.snakemake/conda/e35b1969.

Job 5: >> 1905 : fastqc2

Activating conda environment /home/PERSONALE/eugenio.fonzi2/WESPipeline/.snakemake/conda/e35b1969.

Job 14: >> 1905 : Trimming

Finished job 5.
2 of 84 steps (2%) done
Finished job 2.
3 of 84 steps (4%) done
Finished job 17.
4 of 84 steps (5%) done

Job 7: >> 218 : fastqc1

Activating conda environment /home/PERSONALE/eugenio.fonzi2/WESPipeline/.snakemake/conda/e35b1969.

Job 6: >> 218 : fastqc2

Activating conda environment /home/PERSONALE/eugenio.fonzi2/WESPipeline/.snakemake/conda/e35b1969.

Job 16: >> 218 : Trimming

Finished job 6.
5 of 84 steps (6%) done
Finished job 7.
6 of 84 steps (7%) done
Finished job 14.
7 of 84 steps (8%) done

Job 115: >> 1905 : Aligning to reference EXOME

Activating conda environment /home/PERSONALE/eugenio.fonzi2/WESPipeline/.snakemake/conda/e35b1969.

Job 1: >> 1905 : fastqc2 on trimmed fastq

Activating conda environment /home/PERSONALE/eugenio.fonzi2/WESPipeline/.snakemake/conda/e35b1969.

Job 3: >> 1905 : fastqc1 on trimmed fastq

Activating conda environment /home/PERSONALE/eugenio.fonzi2/WESPipeline/.snakemake/conda/e35b1969.

Job 94: >> 1905 : Aligning to reference NUCLEAR GENOME

Activating conda environment /home/PERSONALE/eugenio.fonzi2/WESPipeline/.snakemake/conda/e35b1969.
Finished job 16.
8 of 84 steps (10%) done

Job 116: >> 218 : Aligning to reference EXOME

Activating conda environment /home/PERSONALE/eugenio.fonzi2/WESPipeline/.snakemake/conda/e35b1969.

Job 9: >> 218 : fastqc1 on trimmed fastq

Activating conda environment /home/PERSONALE/eugenio.fonzi2/WESPipeline/.snakemake/conda/e35b1969.

Job 90: >> 218 : Aligning to reference NUCLEAR GENOME

Activating conda environment /home/PERSONALE/eugenio.fonzi2/WESPipeline/.snakemake/conda/e35b1969.

Job 4: >> 218 : fastqc2 on trimmed fastq

Activating conda environment /home/PERSONALE/eugenio.fonzi2/WESPipeline/.snakemake/conda/e35b1969.
Finished job 1.
9 of 84 steps (11%) done
Finished job 3.
10 of 84 steps (12%) done
Finished job 9.
11 of 84 steps (13%) done
Finished job 4.
12 of 84 steps (14%) done
Finished job 115.
13 of 84 steps (15%) done

Job 113: >> 1905 : sorting exome

Activating conda environment /home/PERSONALE/eugenio.fonzi2/WESPipeline/.snakemake/conda/e35b1969.
Finished job 116.
14 of 84 steps (17%) done

Job 114: >> 218 : sorting exome

Activating conda environment /home/PERSONALE/eugenio.fonzi2/WESPipeline/.snakemake/conda/e35b1969.
Error in rule sorting_exome:
    jobid: 113
    output: /home/PERSONALE/eugenio.fonzi2/ANALYSES_WES/unmapped_test/04_alignment_exome/01_intermediate/1905_sorted.bam
    log: /home/PERSONALE/eugenio.fonzi2/ANALYSES_WES/unmapped_test/04_alignment_exome/logs/1905_sorting.log

RuleException:
CalledProcessError in line 851 of /home/PERSONALE/eugenio.fonzi2/WESPipeline/snakefile_03_test.py:
Command 'source activate /home/PERSONALE/eugenio.fonzi2/WESPipeline/.snakemake/conda/e35b1969; set -euo pipefail;  java -jar /home/PERSONALE/eugenio.fonzi2/softwares/picard-tools-1.119/SortSam.jar INPUT=/home/PERSONALE/eugenio.fonzi2/ANALYSES_WES/unmapped_test/04_alignment_exome/01_intermediate/1905.sam OUTPUT=/home/PERSONALE/eugenio.fonzi2/ANALYSES_WES/unmapped_test/04_alignment_exome/01_intermediate/1905_sorted.bam SORT_ORDER=coordinate TMP_DIR=/home/PERSONALE/eugenio.fonzi2/ANALYSES_WES/unmapped_test/tmp/ 2> /home/PERSONALE/eugenio.fonzi2/ANALYSES_WES/unmapped_test/04_alignment_exome/logs/1905_sorting.log ' returned non-zero exit status 1.
  File "/home/PERSONALE/eugenio.fonzi2/WESPipeline/snakefile_03_test.py", line 851, in __rule_sorting_exome
  File "/home/PERSONALE/eugenio.fonzi2/miniconda3/lib/python3.6/concurrent/futures/thread.py", line 56, in run
Removing output files of failed job sorting_exome since they might be corrupted:
/home/PERSONALE/eugenio.fonzi2/ANALYSES_WES/unmapped_test/04_alignment_exome/01_intermediate/1905_sorted.bam
Will exit after finishing currently running jobs.
Error in rule sorting_exome:
    jobid: 114
    output: /home/PERSONALE/eugenio.fonzi2/ANALYSES_WES/unmapped_test/04_alignment_exome/01_intermediate/218_sorted.bam
    log: /home/PERSONALE/eugenio.fonzi2/ANALYSES_WES/unmapped_test/04_alignment_exome/logs/218_sorting.log

RuleException:
CalledProcessError in line 851 of /home/PERSONALE/eugenio.fonzi2/WESPipeline/snakefile_03_test.py:
Command 'source activate /home/PERSONALE/eugenio.fonzi2/WESPipeline/.snakemake/conda/e35b1969; set -euo pipefail;  java -jar /home/PERSONALE/eugenio.fonzi2/softwares/picard-tools-1.119/SortSam.jar INPUT=/home/PERSONALE/eugenio.fonzi2/ANALYSES_WES/unmapped_test/04_alignment_exome/01_intermediate/218.sam OUTPUT=/home/PERSONALE/eugenio.fonzi2/ANALYSES_WES/unmapped_test/04_alignment_exome/01_intermediate/218_sorted.bam SORT_ORDER=coordinate TMP_DIR=/home/PERSONALE/eugenio.fonzi2/ANALYSES_WES/unmapped_test/tmp/ 2> /home/PERSONALE/eugenio.fonzi2/ANALYSES_WES/unmapped_test/04_alignment_exome/logs/218_sorting.log ' returned non-zero exit status 1.
  File "/home/PERSONALE/eugenio.fonzi2/WESPipeline/snakefile_03_test.py", line 851, in __rule_sorting_exome
  File "/home/PERSONALE/eugenio.fonzi2/miniconda3/lib/python3.6/concurrent/futures/thread.py", line 56, in run
Removing output files of failed job sorting_exome since they might be corrupted:
/home/PERSONALE/eugenio.fonzi2/ANALYSES_WES/unmapped_test/04_alignment_exome/01_intermediate/218_sorted.bam
Will exit after finishing currently running jobs.
Removing temporary output file /home/PERSONALE/eugenio.fonzi2/ANALYSES_WES/unmapped_test/02_fastq_trimmed/218_R2.fastq.
Removing temporary output file /home/PERSONALE/eugenio.fonzi2/ANALYSES_WES/unmapped_test/02_fastq_trimmed/218_R1.fastq.
Finished job 90.
15 of 84 steps (18%) done
Will exit after finishing currently running jobs.
Removing temporary output file /home/PERSONALE/eugenio.fonzi2/ANALYSES_WES/unmapped_test/02_fastq_trimmed/1905_R2.fastq.
Removing temporary output file /home/PERSONALE/eugenio.fonzi2/ANALYSES_WES/unmapped_test/02_fastq_trimmed/1905_R1.fastq.
Finished job 94.
16 of 84 steps (19%) done
Will exit after finishing currently running jobs.
Exiting because a job execution failed. Look above for error message
Complete log: .snakemake/log/2018-01-04T125808.997753.snakemake.log
