Building DAG of jobs...
Provided cores: 1
Rules claiming more threads will be scaled down.
Job counts:
	count	jobs
	1	all
	10	one
	5	two
	16

rule one:
    output: /home/PERSONALE/eugenio.fonzi2/ANALYSES_WES/provina3/222.bam
    jobid: 1
    wildcards: sample=222

Finished job 1.
1 of 16 steps (6%) done

rule one:
    output: /home/PERSONALE/eugenio.fonzi2/ANALYSES_WES/provina3/239.bam
    jobid: 4
    wildcards: sample=239

Finished job 4.
2 of 16 steps (12%) done

rule one:
    output: /home/PERSONALE/eugenio.fonzi2/ANALYSES_WES/provina3/242.bam
    jobid: 5
    wildcards: sample=242

Finished job 5.
3 of 16 steps (19%) done

rule one:
    output: /home/PERSONALE/eugenio.fonzi2/ANALYSES_WES/provina3/1905a.bam
    jobid: 2
    wildcards: sample=1905a

Finished job 2.
4 of 16 steps (25%) done

rule one:
    output: /home/PERSONALE/eugenio.fonzi2/ANALYSES_WES/provina3/224.bam
    jobid: 8
    wildcards: sample=224

Finished job 8.
5 of 16 steps (31%) done

rule one:
    output: /home/PERSONALE/eugenio.fonzi2/ANALYSES_WES/provina3/3062.bam
    jobid: 9
    wildcards: sample=3062

Finished job 9.
6 of 16 steps (38%) done

rule one:
    output: /home/PERSONALE/eugenio.fonzi2/ANALYSES_WES/provina3/2973.bam
    jobid: 10
    wildcards: sample=2973

Finished job 10.
7 of 16 steps (44%) done

rule one:
    output: /home/PERSONALE/eugenio.fonzi2/ANALYSES_WES/provina3/3010.bam
    jobid: 11
    wildcards: sample=3010

Finished job 11.
8 of 16 steps (50%) done

rule one:
    output: /home/PERSONALE/eugenio.fonzi2/ANALYSES_WES/provina3/2306.bam
    jobid: 13
    wildcards: sample=2306

Finished job 13.
9 of 16 steps (56%) done

rule one:
    output: /home/PERSONALE/eugenio.fonzi2/ANALYSES_WES/provina3/241.bam
    jobid: 14
    wildcards: sample=241

Finished job 14.
10 of 16 steps (62%) done

rule two:
    input: /home/PERSONALE/eugenio.fonzi2/ANALYSES_WES/provina3/1905a.bam, /home/PERSONALE/eugenio.fonzi2/ANALYSES_WES/provina3/241.bam
    output: /home/PERSONALE/eugenio.fonzi2/ANALYSES_WES/provina3/persone/50.tsv
    jobid: 3
    wildcards: patient=50

Error in rule two:
    jobid: 3
    output: /home/PERSONALE/eugenio.fonzi2/ANALYSES_WES/provina3/persone/50.tsv

RuleException:
CalledProcessError in line 393 of /home/PERSONALE/eugenio.fonzi2/WESPipeline/snakeprova.py:
Command ' set -euo pipefail;  cat /home/PERSONALE/eugenio.fonzi2/ANALYSES_WES/provina3/1905a.bam-/home/PERSONALE/eugenio.fonzi2/ANALYSES_WES/provina3/241.bam > /home/PERSONALE/eugenio.fonzi2/ANALYSES_WES/provina3/persone/50.tsv ' returned non-zero exit status 1.
  File "/home/PERSONALE/eugenio.fonzi2/WESPipeline/snakeprova.py", line 393, in __rule_two
  File "/home/PERSONALE/eugenio.fonzi2/miniconda3/lib/python3.6/concurrent/futures/thread.py", line 56, in run
Removing output files of failed job two since they might be corrupted:
/home/PERSONALE/eugenio.fonzi2/ANALYSES_WES/provina3/persone/50.tsv
Will exit after finishing currently running jobs.
Exiting because a job execution failed. Look above for error message
Complete log: .snakemake/log/2018-01-07T173940.381736.snakemake.log
