Building DAG of jobs...
Provided cores: 32
Rules claiming more threads will be scaled down.
Job counts:
	count	jobs
	6	AnalyzeCovariates_MT
	6	AnalyzeCovariates_genome
	6	BaseRecal_MT
	6	BaseRecal_genome
	6	IndelRealigner_MT
	6	IndelRealigner_genome
	3	KeepOnlyVariants
	3	MergeMutectVarscan
	3	MergeWriteVariants
	3	MutectSplitVariants
	6	PostRecalTable_MT
	6	PostRecalTable_genome
	6	PrintReads_MT
	6	PrintReads_genome
	6	RTC_MT
	6	RTC_genome
	3	Remove_segdups
	3	VarscanSplitVariants
	1	all
	3	annovar_MT_mutect
	3	annovar_MT_varscan
	3	annovar_genome_mutect
	3	annovar_genome_varscan
	3	checkMAFs
	3	create_rsID_table
	6	downloadDecompressMergeFastq
	6	extractUnmapped_convert
	6	extractUnmapped_extract
	6	fastqc_R1
	6	fastqc_R2
	6	fastqc_trimmed_R1
	6	fastqc_trimmed_R2
	3	filterExonicPolymorphic
	3	filterSomatic_Indel
	3	filterSomatic_SNV
	6	indexing_MT
	6	indexing_genome
	6	map_to_MT
	6	map_to_exome
	6	map_to_genome
	6	marking_MT
	6	marking_genome
	3	muTect_MT
	3	muTect_genome
	6	sorting_MT
	6	sorting_exome
	6	sorting_genome
	6	trim
	3	varscan_MT_patient
	6	varscan_MT_sample
	3	varscan_genome_patient
	6	varscan_genome_sample
	250

Job 54: >> 218 : downloading, decompressing and merging fastq 

Job 48: >> 272 : downloading, decompressing and merging fastq 

Job 45: >> 1905 : downloading, decompressing and merging fastq 


Job 46: >> B2044D : downloading, decompressing and merging fastq 

Job 49: >> 3094 : downloading, decompressing and merging fastq 


Job 71: >> B2044S : downloading, decompressing and merging fastq 

Error in rule downloadDecompressMergeFastq:
    jobid: 48
    output: /home/PERSONALE/eugenio.fonzi2/ANALYSES_WES/180103_test_adapters_NO_on_contaminated/01_fastq/02_postprocess/272_R1.fastq, /home/PERSONALE/eugenio.fonzi2/ANALYSES_WES/180103_test_adapters_NO_on_contaminated/01_fastq/02_postprocess/272_R2.fastq
    log: /home/PERSONALE/eugenio.fonzi2/ANALYSES_WES/180103_test_adapters_NO_on_contaminated/01_fastq/logs/272_cadaver.log

RuleException:
CalledProcessError in line 410 of /home/PERSONALE/eugenio.fonzi2/WESPipeline/snakefile_03.py:
Command ' set -euo pipefail;  /home/PERSONALE/eugenio.fonzi2/miniconda3/bin/python /home/PERSONALE/eugenio.fonzi2/WESPipeline/scripts/.snakemake.3qj9my3r.downloadDecompressMergeFastq_01.py ' returned non-zero exit status 1.
  File "/home/PERSONALE/eugenio.fonzi2/WESPipeline/snakefile_03.py", line 410, in __rule_downloadDecompressMergeFastq
  File "/home/PERSONALE/eugenio.fonzi2/miniconda3/lib/python3.6/concurrent/futures/thread.py", line 56, in run
Will exit after finishing currently running jobs.
Finished job 54.
1 of 250 steps (0.40%) done
Will exit after finishing currently running jobs.
Finished job 45.
2 of 250 steps (0.80%) done
Will exit after finishing currently running jobs.
Finished job 71.
3 of 250 steps (1%) done
Will exit after finishing currently running jobs.
Finished job 49.
4 of 250 steps (2%) done
Will exit after finishing currently running jobs.
Finished job 46.
5 of 250 steps (2%) done
Will exit after finishing currently running jobs.
Exiting because a job execution failed. Look above for error message
Complete log: .snakemake/log/2018-01-03T232434.099242.snakemake.log
