Building DAG of jobs...
Provided cores: 32
Rules claiming more threads will be scaled down.
Job counts:
	count	jobs
	4	AnalyzeCovariates_MT
	4	AnalyzeCovariates_genome
	4	BaseRecal_MT
	4	BaseRecal_genome
	4	IndelRealigner_MT
	3	IndelRealigner_genome
	3	KeepOnlyVariants
	3	MergeMutectVarscan
	3	MergeWriteVariants
	3	MutectSplitVariants
	4	PostRecalTable_MT
	4	PostRecalTable_genome
	4	PrintReads_MT
	4	PrintReads_genome
	4	RTC_MT
	3	RTC_genome
	3	Remove_segdups
	3	VarscanSplitVariants
	1	all
	3	annovar_MT_mutect
	3	annovar_MT_varscan
	3	annovar_genome_mutect
	3	annovar_genome_varscan
	3	checkMAFs
	3	create_rsID_table
	4	extractUnmapped_convert
	3	extractUnmapped_extract
	3	filterExonicPolymorphic
	3	filterSomatic_Indel
	3	filterSomatic_SNV
	4	indexing_MT
	3	indexing_genome
	4	map_to_MT
	4	marking_MT
	3	marking_genome
	2	muTect_MT
	3	muTect_genome
	4	sorting_MT
	3	sorting_exome
	3	sorting_genome
	2	varscan_MT_patient
	4	varscan_MT_sample
	3	varscan_genome_patient
	6	varscan_genome_sample
	147

Job 212: >> 38 : MuTect on genomic alignment


Job 184: >> 3094 : sorting genome


Job 238: >> 1905 : Varscan on sample genomic alignment


Job 194: >> 272 : sorting genome

Activating conda environment /home/PERSONALE/eugenio.fonzi2/WESPipeline/.snakemake/conda/a055426f.
Activating conda environment /home/PERSONALE/eugenio.fonzi2/WESPipeline/.snakemake/conda/e35b1969.
Activating conda environment /home/PERSONALE/eugenio.fonzi2/WESPipeline/.snakemake/conda/e35b1969.

Activating conda environment /home/PERSONALE/eugenio.fonzi2/WESPipeline/.snakemake/conda/e35b1969.
Job 60: >> B2044S : BaseRecal genome

Activating conda environment /home/PERSONALE/eugenio.fonzi2/WESPipeline/.snakemake/conda/e35b1969.

Job 276: >> 272 : sorting exome

Activating conda environment /home/PERSONALE/eugenio.fonzi2/WESPipeline/.snakemake/conda/e35b1969.

Job 273: >> 3094 : sorting exome

Activating conda environment /home/PERSONALE/eugenio.fonzi2/WESPipeline/.snakemake/conda/e35b1969.

Job 239: >> 218 : Varscan on sample genomic alignment

Activating conda environment /home/PERSONALE/eugenio.fonzi2/WESPipeline/.snakemake/conda/e35b1969.

Job 200: >> B2044D : sorting genome

Activating conda environment /home/PERSONALE/eugenio.fonzi2/WESPipeline/.snakemake/conda/e35b1969.

Job 234: >> B2044S : extractUnmapped convert

Activating conda environment /home/PERSONALE/eugenio.fonzi2/WESPipeline/.snakemake/conda/e35b1969.

Job 278: >> B2044D : sorting exome

Activating conda environment /home/PERSONALE/eugenio.fonzi2/WESPipeline/.snakemake/conda/e35b1969.
Finished job 234.
1 of 147 steps (0.68%) done

Job 208: >> B2044S : Aligning to reference MITOCHONDRIAL GENOME

Activating conda environment /home/PERSONALE/eugenio.fonzi2/WESPipeline/.snakemake/conda/e35b1969.
Finished job 208.
2 of 147 steps (1%) done

Job 168: >> B2044S : sorting MT

Activating conda environment /home/PERSONALE/eugenio.fonzi2/WESPipeline/.snakemake/conda/e35b1969.
Finished job 60.
3 of 147 steps (2%) done

Job 61: >> B2044S : PostRecalTable genome

Activating conda environment /home/PERSONALE/eugenio.fonzi2/WESPipeline/.snakemake/conda/e35b1969.

Job 265: >> B2044S : PrintReads genome

Activating conda environment /home/PERSONALE/eugenio.fonzi2/WESPipeline/.snakemake/conda/e35b1969.
Finished job 239.
4 of 147 steps (3%) done
Finished job 238.
5 of 147 steps (3%) done

Job 211: >> 38 : Varscan on patient genomic alignment

Activating conda environment /home/PERSONALE/eugenio.fonzi2/WESPipeline/.snakemake/conda/e35b1969.
Removing temporary output file /home/PERSONALE/eugenio.fonzi2/ANALYSES_WES/180103_test_adapters_YES_on_contaminated/05_alignment_MT/01_intermediate/B2044S.sam.
Finished job 168.
6 of 147 steps (4%) done

Job 110: >> B2044S : marking MT

Activating conda environment /home/PERSONALE/eugenio.fonzi2/WESPipeline/.snakemake/conda/e35b1969.
Removing temporary output file /home/PERSONALE/eugenio.fonzi2/ANALYSES_WES/180103_test_adapters_YES_on_contaminated/05_alignment_MT/01_intermediate/B2044S_sorted.bam.
Finished job 110.
7 of 147 steps (5%) done

Job 111: >> B2044S : indexing MT

Activating conda environment /home/PERSONALE/eugenio.fonzi2/WESPipeline/.snakemake/conda/e35b1969.
Finished job 111.
8 of 147 steps (5%) done

Job 112: >> B2044S : RTC MT

Activating conda environment /home/PERSONALE/eugenio.fonzi2/WESPipeline/.snakemake/conda/e35b1969.
Finished job 112.
9 of 147 steps (6%) done

Job 85: >> B2044S : IndelRealigner MT

Activating conda environment /home/PERSONALE/eugenio.fonzi2/WESPipeline/.snakemake/conda/e35b1969.
Removing temporary output file /home/PERSONALE/eugenio.fonzi2/ANALYSES_WES/180103_test_adapters_YES_on_contaminated/05_alignment_MT/01_intermediate/B2044S_marked.bam.
Removing temporary output file /home/PERSONALE/eugenio.fonzi2/ANALYSES_WES/180103_test_adapters_YES_on_contaminated/05_alignment_MT/01_intermediate/B2044S_marked.bai.
Finished job 85.
10 of 147 steps (7%) done

Job 48: >> B2044S : BaseRecal MT

Activating conda environment /home/PERSONALE/eugenio.fonzi2/WESPipeline/.snakemake/conda/e35b1969.
Finished job 48.
11 of 147 steps (7%) done

Job 262: >> B2044S : PrintReads MT

Activating conda environment /home/PERSONALE/eugenio.fonzi2/WESPipeline/.snakemake/conda/e35b1969.

Job 47: >> B2044S : PostRecalTable MT

Activating conda environment /home/PERSONALE/eugenio.fonzi2/WESPipeline/.snakemake/conda/e35b1969.
Finished job 47.
12 of 147 steps (8%) done

Job 6: >> B2044S : AnalyzeCovariates MT

Activating conda environment /home/PERSONALE/eugenio.fonzi2/WESPipeline/.snakemake/conda/e35b1969.
Finished job 6.
13 of 147 steps (9%) done
Removing temporary output file /home/PERSONALE/eugenio.fonzi2/ANALYSES_WES/180103_test_adapters_YES_on_contaminated/05_alignment_MT/01_intermediate/B2044S_realigned.bai.
Removing temporary output file /home/PERSONALE/eugenio.fonzi2/ANALYSES_WES/180103_test_adapters_YES_on_contaminated/05_alignment_MT/01_intermediate/B2044S_realigned.bam.
Finished job 262.
14 of 147 steps (10%) done

Job 264: >> B2044S : Varscan on sample MT alignment

Activating conda environment /home/PERSONALE/eugenio.fonzi2/WESPipeline/.snakemake/conda/e35b1969.
Finished job 264.
15 of 147 steps (10%) done
Removing temporary output file /home/PERSONALE/eugenio.fonzi2/ANALYSES_WES/180103_test_adapters_YES_on_contaminated/08_varscan_genome/01_mpileup/1905.mpileup.
Removing temporary output file /home/PERSONALE/eugenio.fonzi2/ANALYSES_WES/180103_test_adapters_YES_on_contaminated/08_varscan_genome/01_mpileup/218.mpileup.
Finished job 211.
16 of 147 steps (11%) done
Finished job 265.
17 of 147 steps (12%) done

Job 259: >> B2044S : Varscan on sample genomic alignment

Activating conda environment /home/PERSONALE/eugenio.fonzi2/WESPipeline/.snakemake/conda/e35b1969.
Removing temporary output file /home/PERSONALE/eugenio.fonzi2/ANALYSES_WES/180103_test_adapters_YES_on_contaminated/03_alignment_genome/01_intermediate/B2044S_realigned.bam.
Removing temporary output file /home/PERSONALE/eugenio.fonzi2/ANALYSES_WES/180103_test_adapters_YES_on_contaminated/03_alignment_genome/01_intermediate/B2044S_realigned.bai.
Finished job 61.
18 of 147 steps (12%) done

Job 23: >> B2044S : AnalyzeCovariates genome

Activating conda environment /home/PERSONALE/eugenio.fonzi2/WESPipeline/.snakemake/conda/e35b1969.
Finished job 23.
19 of 147 steps (13%) done
Removing temporary output file /home/PERSONALE/eugenio.fonzi2/ANALYSES_WES/180103_test_adapters_YES_on_contaminated/03_alignment_genome/02_bqsr/218.bam.
Removing temporary output file /home/PERSONALE/eugenio.fonzi2/ANALYSES_WES/180103_test_adapters_YES_on_contaminated/03_alignment_genome/02_bqsr/218.bai.
Removing temporary output file /home/PERSONALE/eugenio.fonzi2/ANALYSES_WES/180103_test_adapters_YES_on_contaminated/03_alignment_genome/02_bqsr/1905.bam.
Removing temporary output file /home/PERSONALE/eugenio.fonzi2/ANALYSES_WES/180103_test_adapters_YES_on_contaminated/03_alignment_genome/02_bqsr/1905.bai.
Finished job 212.
20 of 147 steps (14%) done

Job 181: >> 38 : Merge and Write Variants

Finished job 181.
21 of 147 steps (14%) done

Job 179: >> 38 : Varscan Filter Somatic Indel

Activating conda environment /home/PERSONALE/eugenio.fonzi2/WESPipeline/.snakemake/conda/e35b1969.

Job 180: >> 38 : Varscan Filter Somatic SNV

Activating conda environment /home/PERSONALE/eugenio.fonzi2/WESPipeline/.snakemake/conda/e35b1969.
Finished job 179.
22 of 147 steps (15%) done
Removing temporary output file /home/PERSONALE/eugenio.fonzi2/ANALYSES_WES/180103_test_adapters_YES_on_contaminated/10_variants_filter/38_varscan_snv_temp1.tsv.
Removing temporary output file /home/PERSONALE/eugenio.fonzi2/ANALYSES_WES/180103_test_adapters_YES_on_contaminated/10_variants_filter/38_varscan_indel_temp1.tsv.
Finished job 180.
23 of 147 steps (16%) done

Job 116: >> 38 : Keep Only Variants

Removing temporary output file /home/PERSONALE/eugenio.fonzi2/ANALYSES_WES/180103_test_adapters_YES_on_contaminated/10_variants_filter/38_varscan_indel_temp2.tsv.
Removing temporary output file /home/PERSONALE/eugenio.fonzi2/ANALYSES_WES/180103_test_adapters_YES_on_contaminated/10_variants_filter/38_varscan_snv_temp2.tsv.
Finished job 116.
24 of 147 steps (16%) done

Job 178: >> 38 : Split muTect Variants

Job 169: >> 38 : Split Varscan Variants

Finished job 178.
25 of 147 steps (17%) done

Job 114: >> 38 : annotating with ANNOVAR muTect genome variants

Job 115: >> 38 : annotating with ANNOVAR muTect MT variants

Finished job 169.
26 of 147 steps (18%) done

Job 117: >> 38 : annotating with ANNOVAR varscan genome variants

Job 113: >> 38 : annotating with ANNOVAR varscan MT variants

Finished job 115.
27 of 147 steps (18%) done
Finished job 113.
28 of 147 steps (19%) done
Finished job 114.
29 of 147 steps (20%) done
Finished job 117.
30 of 147 steps (20%) done

Job 86: >> 38 : merging muTect and Varscan Variants

Finished job 86.
31 of 147 steps (21%) done

Job 118: >> 38 : create rsID table

Finished job 118.
32 of 147 steps (22%) done

Job 87: >> 38 : filtering exonic/non-synonymous/non-polymorphic

Activating conda environment /home/PERSONALE/eugenio.fonzi2/WESPipeline/.snakemake/conda/28d822a6.
Removing temporary output file /home/PERSONALE/eugenio.fonzi2/ANALYSES_WES/180103_test_adapters_YES_on_contaminated/10_variants_filter/38_rsID.tsv.
Finished job 87.
33 of 147 steps (22%) done

Job 49: >> 38 : checking MAFs

Removing temporary output file 38_rsID_maf.tsv.
Finished job 49.
34 of 147 steps (23%) done

Job 8: >> 38 : Removing segdups variants

Finished job 8.
35 of 147 steps (24%) done
Removing temporary output file /home/PERSONALE/eugenio.fonzi2/ANALYSES_WES/180103_test_adapters_YES_on_contaminated/03_alignment_genome/01_intermediate/3094.sam.
Finished job 184.
36 of 147 steps (24%) done

Job 128: >> 3094 : marking genome

Activating conda environment /home/PERSONALE/eugenio.fonzi2/WESPipeline/.snakemake/conda/e35b1969.
Finished job 259.
37 of 147 steps (25%) done
Removing temporary output file /home/PERSONALE/eugenio.fonzi2/ANALYSES_WES/180103_test_adapters_YES_on_contaminated/04_alignment_exome/01_intermediate/3094.sam.
Finished job 273.
38 of 147 steps (26%) done

Job 267: >> 3094 : extractUnmapped extract

Activating conda environment /home/PERSONALE/eugenio.fonzi2/WESPipeline/.snakemake/conda/e35b1969.
Removing temporary output file /home/PERSONALE/eugenio.fonzi2/ANALYSES_WES/180103_test_adapters_YES_on_contaminated/04_alignment_exome/01_intermediate/3094_sorted.bam.
Finished job 267.
39 of 147 steps (27%) done

Job 233: >> 3094 : extractUnmapped convert

Activating conda environment /home/PERSONALE/eugenio.fonzi2/WESPipeline/.snakemake/conda/e35b1969.
Removing temporary output file /home/PERSONALE/eugenio.fonzi2/ANALYSES_WES/180103_test_adapters_YES_on_contaminated/03_alignment_genome/01_intermediate/3094_sorted.bam.
Finished job 128.
40 of 147 steps (27%) done
Finished job 233.
41 of 147 steps (28%) done

Job 206: >> 3094 : Aligning to reference MITOCHONDRIAL GENOME


Activating conda environment /home/PERSONALE/eugenio.fonzi2/WESPipeline/.snakemake/conda/e35b1969.
Job 127: >> 3094 : indexing genome

Activating conda environment /home/PERSONALE/eugenio.fonzi2/WESPipeline/.snakemake/conda/e35b1969.
Finished job 127.
42 of 147 steps (29%) done

Job 126: >> 3094 : RTC genome

Activating conda environment /home/PERSONALE/eugenio.fonzi2/WESPipeline/.snakemake/conda/e35b1969.
Finished job 206.
43 of 147 steps (29%) done

Job 165: >> 3094 : sorting MT

Activating conda environment /home/PERSONALE/eugenio.fonzi2/WESPipeline/.snakemake/conda/e35b1969.
Finished job 126.
44 of 147 steps (30%) done

Job 91: >> 3094 : IndelRealigner genome

Activating conda environment /home/PERSONALE/eugenio.fonzi2/WESPipeline/.snakemake/conda/e35b1969.
Removing temporary output file /home/PERSONALE/eugenio.fonzi2/ANALYSES_WES/180103_test_adapters_YES_on_contaminated/05_alignment_MT/01_intermediate/3094.sam.
Finished job 165.
45 of 147 steps (31%) done

Job 107: >> 3094 : marking MT

Activating conda environment /home/PERSONALE/eugenio.fonzi2/WESPipeline/.snakemake/conda/e35b1969.
Removing temporary output file /home/PERSONALE/eugenio.fonzi2/ANALYSES_WES/180103_test_adapters_YES_on_contaminated/05_alignment_MT/01_intermediate/3094_sorted.bam.
Finished job 107.
46 of 147 steps (31%) done

Job 108: >> 3094 : indexing MT

Activating conda environment /home/PERSONALE/eugenio.fonzi2/WESPipeline/.snakemake/conda/e35b1969.
Finished job 108.
47 of 147 steps (32%) done

Job 109: >> 3094 : RTC MT

Activating conda environment /home/PERSONALE/eugenio.fonzi2/WESPipeline/.snakemake/conda/e35b1969.
Finished job 109.
48 of 147 steps (33%) done

Job 83: >> 3094 : IndelRealigner MT

Activating conda environment /home/PERSONALE/eugenio.fonzi2/WESPipeline/.snakemake/conda/e35b1969.
Removing temporary output file /home/PERSONALE/eugenio.fonzi2/ANALYSES_WES/180103_test_adapters_YES_on_contaminated/05_alignment_MT/01_intermediate/3094_marked.bam.
Removing temporary output file /home/PERSONALE/eugenio.fonzi2/ANALYSES_WES/180103_test_adapters_YES_on_contaminated/05_alignment_MT/01_intermediate/3094_marked.bai.
Finished job 83.
49 of 147 steps (33%) done

Job 43: >> 3094 : BaseRecal MT

Activating conda environment /home/PERSONALE/eugenio.fonzi2/WESPipeline/.snakemake/conda/e35b1969.
Finished job 43.
50 of 147 steps (34%) done

Job 44: >> 3094 : PostRecalTable MT


Activating conda environment /home/PERSONALE/eugenio.fonzi2/WESPipeline/.snakemake/conda/e35b1969.
Job 248: >> 3094 : PrintReads MT

Activating conda environment /home/PERSONALE/eugenio.fonzi2/WESPipeline/.snakemake/conda/e35b1969.
Finished job 44.
51 of 147 steps (35%) done

Job 3: >> 3094 : AnalyzeCovariates MT

Activating conda environment /home/PERSONALE/eugenio.fonzi2/WESPipeline/.snakemake/conda/e35b1969.
Finished job 3.
52 of 147 steps (35%) done
Removing temporary output file /home/PERSONALE/eugenio.fonzi2/ANALYSES_WES/180103_test_adapters_YES_on_contaminated/05_alignment_MT/01_intermediate/3094_realigned.bam.
Removing temporary output file /home/PERSONALE/eugenio.fonzi2/ANALYSES_WES/180103_test_adapters_YES_on_contaminated/05_alignment_MT/01_intermediate/3094_realigned.bai.
Finished job 248.
53 of 147 steps (36%) done

Job 251: >> 3094 : Varscan on sample MT alignment

Activating conda environment /home/PERSONALE/eugenio.fonzi2/WESPipeline/.snakemake/conda/e35b1969.
Finished job 251.
54 of 147 steps (37%) done
Removing temporary output file /home/PERSONALE/eugenio.fonzi2/ANALYSES_WES/180103_test_adapters_YES_on_contaminated/03_alignment_genome/01_intermediate/3094_marked.bai.
Removing temporary output file /home/PERSONALE/eugenio.fonzi2/ANALYSES_WES/180103_test_adapters_YES_on_contaminated/03_alignment_genome/01_intermediate/3094_marked.bam.
Finished job 91.
55 of 147 steps (37%) done

Job 62: >> 3094 : BaseRecal genome

Activating conda environment /home/PERSONALE/eugenio.fonzi2/WESPipeline/.snakemake/conda/e35b1969.
Removing temporary output file /home/PERSONALE/eugenio.fonzi2/ANALYSES_WES/180103_test_adapters_YES_on_contaminated/03_alignment_genome/01_intermediate/B2044D.sam.
Finished job 200.
56 of 147 steps (38%) done

Job 158: >> B2044D : marking genome

Activating conda environment /home/PERSONALE/eugenio.fonzi2/WESPipeline/.snakemake/conda/e35b1969.
Removing temporary output file /home/PERSONALE/eugenio.fonzi2/ANALYSES_WES/180103_test_adapters_YES_on_contaminated/04_alignment_exome/01_intermediate/B2044D.sam.
Finished job 278.
57 of 147 steps (39%) done

Job 272: >> B2044D : extractUnmapped extract

Activating conda environment /home/PERSONALE/eugenio.fonzi2/WESPipeline/.snakemake/conda/e35b1969.
Finished job 62.
58 of 147 steps (39%) done

Job 63: >> 3094 : PostRecalTable genome


Activating conda environment /home/PERSONALE/eugenio.fonzi2/WESPipeline/.snakemake/conda/e35b1969.
Job 255: >> 3094 : PrintReads genome

Activating conda environment /home/PERSONALE/eugenio.fonzi2/WESPipeline/.snakemake/conda/e35b1969.
Removing temporary output file /home/PERSONALE/eugenio.fonzi2/ANALYSES_WES/180103_test_adapters_YES_on_contaminated/03_alignment_genome/01_intermediate/272.sam.
Finished job 194.
59 of 147 steps (40%) done

Job 148: >> 272 : marking genome

Activating conda environment /home/PERSONALE/eugenio.fonzi2/WESPipeline/.snakemake/conda/e35b1969.
Removing temporary output file /home/PERSONALE/eugenio.fonzi2/ANALYSES_WES/180103_test_adapters_YES_on_contaminated/04_alignment_exome/01_intermediate/272.sam.
Finished job 276.
60 of 147 steps (41%) done

Job 270: >> 272 : extractUnmapped extract

Activating conda environment /home/PERSONALE/eugenio.fonzi2/WESPipeline/.snakemake/conda/e35b1969.
Removing temporary output file /home/PERSONALE/eugenio.fonzi2/ANALYSES_WES/180103_test_adapters_YES_on_contaminated/04_alignment_exome/01_intermediate/B2044D_sorted.bam.
Finished job 272.
61 of 147 steps (41%) done

Job 258: >> B2044D : extractUnmapped convert

Activating conda environment /home/PERSONALE/eugenio.fonzi2/WESPipeline/.snakemake/conda/e35b1969.
Finished job 258.
62 of 147 steps (42%) done

Job 223: >> B2044D : Aligning to reference MITOCHONDRIAL GENOME

Activating conda environment /home/PERSONALE/eugenio.fonzi2/WESPipeline/.snakemake/conda/e35b1969.
Finished job 223.
63 of 147 steps (43%) done

Job 192: >> B2044D : sorting MT

Activating conda environment /home/PERSONALE/eugenio.fonzi2/WESPipeline/.snakemake/conda/e35b1969.
Removing temporary output file /home/PERSONALE/eugenio.fonzi2/ANALYSES_WES/180103_test_adapters_YES_on_contaminated/04_alignment_exome/01_intermediate/272_sorted.bam.
Finished job 270.
64 of 147 steps (44%) done

Job 256: >> 272 : extractUnmapped convert

Activating conda environment /home/PERSONALE/eugenio.fonzi2/WESPipeline/.snakemake/conda/e35b1969.
Removing temporary output file /home/PERSONALE/eugenio.fonzi2/ANALYSES_WES/180103_test_adapters_YES_on_contaminated/03_alignment_genome/01_intermediate/B2044D_sorted.bam.
Finished job 158.
65 of 147 steps (44%) done

Job 157: >> B2044D : indexing genome

Activating conda environment /home/PERSONALE/eugenio.fonzi2/WESPipeline/.snakemake/conda/e35b1969.
Removing temporary output file /home/PERSONALE/eugenio.fonzi2/ANALYSES_WES/180103_test_adapters_YES_on_contaminated/05_alignment_MT/01_intermediate/B2044D.sam.
Finished job 192.
66 of 147 steps (45%) done

Job 141: >> B2044D : marking MT

Activating conda environment /home/PERSONALE/eugenio.fonzi2/WESPipeline/.snakemake/conda/e35b1969.
Removing temporary output file /home/PERSONALE/eugenio.fonzi2/ANALYSES_WES/180103_test_adapters_YES_on_contaminated/05_alignment_MT/01_intermediate/B2044D_sorted.bam.
Finished job 141.
67 of 147 steps (46%) done

Job 142: >> B2044D : indexing MT

Activating conda environment /home/PERSONALE/eugenio.fonzi2/WESPipeline/.snakemake/conda/e35b1969.
Finished job 142.
68 of 147 steps (46%) done

Job 143: >> B2044D : RTC MT

Activating conda environment /home/PERSONALE/eugenio.fonzi2/WESPipeline/.snakemake/conda/e35b1969.
Finished job 143.
69 of 147 steps (47%) done

Job 96: >> B2044D : IndelRealigner MT

Activating conda environment /home/PERSONALE/eugenio.fonzi2/WESPipeline/.snakemake/conda/e35b1969.
Finished job 157.
70 of 147 steps (48%) done

Job 156: >> B2044D : RTC genome

Activating conda environment /home/PERSONALE/eugenio.fonzi2/WESPipeline/.snakemake/conda/e35b1969.
Removing temporary output file /home/PERSONALE/eugenio.fonzi2/ANALYSES_WES/180103_test_adapters_YES_on_contaminated/05_alignment_MT/01_intermediate/B2044D_marked.bam.
Removing temporary output file /home/PERSONALE/eugenio.fonzi2/ANALYSES_WES/180103_test_adapters_YES_on_contaminated/05_alignment_MT/01_intermediate/B2044D_marked.bai.
Finished job 96.
71 of 147 steps (48%) done

Job 70: >> B2044D : BaseRecal MT

Activating conda environment /home/PERSONALE/eugenio.fonzi2/WESPipeline/.snakemake/conda/e35b1969.
Finished job 70.
72 of 147 steps (49%) done

Job 261: >> B2044D : PrintReads MT


Job 71: >> B2044D : PostRecalTable MT

Activating conda environment /home/PERSONALE/eugenio.fonzi2/WESPipeline/.snakemake/conda/e35b1969.
Activating conda environment /home/PERSONALE/eugenio.fonzi2/WESPipeline/.snakemake/conda/e35b1969.
Finished job 71.
73 of 147 steps (50%) done

Job 34: >> B2044D : AnalyzeCovariates MT

Activating conda environment /home/PERSONALE/eugenio.fonzi2/WESPipeline/.snakemake/conda/e35b1969.
Finished job 34.
74 of 147 steps (50%) done
Finished job 156.
75 of 147 steps (51%) done

Job 101: >> B2044D : IndelRealigner genome

Activating conda environment /home/PERSONALE/eugenio.fonzi2/WESPipeline/.snakemake/conda/e35b1969.
Finished job 255.
76 of 147 steps (52%) done

Job 252: >> 3094 : Varscan on sample genomic alignment

Activating conda environment /home/PERSONALE/eugenio.fonzi2/WESPipeline/.snakemake/conda/e35b1969.
Error in rule marking_genome:
    jobid: 148
    output: /home/PERSONALE/eugenio.fonzi2/ANALYSES_WES/180103_test_adapters_YES_on_contaminated/03_alignment_genome/01_intermediate/272_marked.bam
    log: /home/PERSONALE/eugenio.fonzi2/ANALYSES_WES/180103_test_adapters_YES_on_contaminated/03_alignment_genome/logs/272_metrix.log, /home/PERSONALE/eugenio.fonzi2/ANALYSES_WES/180103_test_adapters_YES_on_contaminated/03_alignment_genome/logs/272_marking.log

RuleException:
CalledProcessError in line 610 of /home/PERSONALE/eugenio.fonzi2/WESPipeline/snakefile_03_test.py:
Command 'source activate /home/PERSONALE/eugenio.fonzi2/WESPipeline/.snakemake/conda/e35b1969; set -euo pipefail;  java -jar /home/PERSONALE/eugenio.fonzi2/softwares/picard-tools-1.119/MarkDuplicates.jar INPUT=/home/PERSONALE/eugenio.fonzi2/ANALYSES_WES/180103_test_adapters_YES_on_contaminated/03_alignment_genome/01_intermediate/272_sorted.bam OUTPUT=/home/PERSONALE/eugenio.fonzi2/ANALYSES_WES/180103_test_adapters_YES_on_contaminated/03_alignment_genome/01_intermediate/272_marked.bam METRICS_FILE=/home/PERSONALE/eugenio.fonzi2/ANALYSES_WES/180103_test_adapters_YES_on_contaminated/03_alignment_genome/logs/272_metrix.log  MAX_FILE_HANDLES_FOR_READ_ENDS_MAP=1000 TMP_DIR=/home/PERSONALE/eugenio.fonzi2/ANALYSES_WES/180103_test_adapters_YES_on_contaminated/tmp/ 2> /home/PERSONALE/eugenio.fonzi2/ANALYSES_WES/180103_test_adapters_YES_on_contaminated/03_alignment_genome/logs/272_marking.log ' returned non-zero exit status 1.
  File "/home/PERSONALE/eugenio.fonzi2/WESPipeline/snakefile_03_test.py", line 610, in __rule_marking_genome
  File "/home/PERSONALE/eugenio.fonzi2/miniconda3/lib/python3.6/concurrent/futures/thread.py", line 56, in run
Removing output files of failed job marking_genome since they might be corrupted:
/home/PERSONALE/eugenio.fonzi2/ANALYSES_WES/180103_test_adapters_YES_on_contaminated/03_alignment_genome/01_intermediate/272_marked.bam
Error in rule IndelRealigner_genome:
    jobid: 101
    output: /home/PERSONALE/eugenio.fonzi2/ANALYSES_WES/180103_test_adapters_YES_on_contaminated/03_alignment_genome/01_intermediate/B2044D_realigned.bam, /home/PERSONALE/eugenio.fonzi2/ANALYSES_WES/180103_test_adapters_YES_on_contaminated/03_alignment_genome/01_intermediate/B2044D_realigned.bai
    log: /home/PERSONALE/eugenio.fonzi2/ANALYSES_WES/180103_test_adapters_YES_on_contaminated/03_alignment_genome/logs/B2044D_IndelRealigner.log

RuleException:
CalledProcessError in line 685 of /home/PERSONALE/eugenio.fonzi2/WESPipeline/snakefile_03_test.py:
Command 'source activate /home/PERSONALE/eugenio.fonzi2/WESPipeline/.snakemake/conda/e35b1969; set -euo pipefail;  java -jar /home/PERSONALE/eugenio.fonzi2/softwares/GenomeAnalysisTK-3.4-0/GenomeAnalysisTK.jar -T IndelRealigner -R /home/PERSONALE/eugenio.fonzi2/data_ref/human_g1k_v37.fasta -I /home/PERSONALE/eugenio.fonzi2/ANALYSES_WES/180103_test_adapters_YES_on_contaminated/03_alignment_genome/01_intermediate/B2044D_marked.bam -targetIntervals /home/PERSONALE/eugenio.fonzi2/ANALYSES_WES/180103_test_adapters_YES_on_contaminated/03_alignment_genome/logs/B2044D.intervals -known /home/PERSONALE/eugenio.fonzi2/data_ref/Mills_and_1000G_gold_standard.indels.b37.vcf -ip 50 -o /home/PERSONALE/eugenio.fonzi2/ANALYSES_WES/180103_test_adapters_YES_on_contaminated/03_alignment_genome/01_intermediate/B2044D_realigned.bam 2> /home/PERSONALE/eugenio.fonzi2/ANALYSES_WES/180103_test_adapters_YES_on_contaminated/03_alignment_genome/logs/B2044D_IndelRealigner.log ' returned non-zero exit status 1.
  File "/home/PERSONALE/eugenio.fonzi2/WESPipeline/snakefile_03_test.py", line 685, in __rule_IndelRealigner_genome
  File "/home/PERSONALE/eugenio.fonzi2/miniconda3/lib/python3.6/concurrent/futures/thread.py", line 56, in run
Error in rule PrintReads_MT:
    jobid: 261
    output: /home/PERSONALE/eugenio.fonzi2/ANALYSES_WES/180103_test_adapters_YES_on_contaminated/05_alignment_MT/02_bqsr/B2044D.bam, /home/PERSONALE/eugenio.fonzi2/ANALYSES_WES/180103_test_adapters_YES_on_contaminated/05_alignment_MT/02_bqsr/B2044D.bai
    log: /home/PERSONALE/eugenio.fonzi2/ANALYSES_WES/180103_test_adapters_YES_on_contaminated/05_alignment_MT/logs/B2044D_recalibrating_02.log

RuleException:
CalledProcessError in line 1148 of /home/PERSONALE/eugenio.fonzi2/WESPipeline/snakefile_03_test.py:
Command 'source activate /home/PERSONALE/eugenio.fonzi2/WESPipeline/.snakemake/conda/e35b1969; set -euo pipefail;  java -jar /home/PERSONALE/eugenio.fonzi2/softwares/GenomeAnalysisTK-3.4-0/GenomeAnalysisTK.jar -T PrintReads -R /home/PERSONALE/eugenio.fonzi2/data_ref/MT.fasta -I /home/PERSONALE/eugenio.fonzi2/ANALYSES_WES/180103_test_adapters_YES_on_contaminated/05_alignment_MT/01_intermediate/B2044D_realigned.bam -BQSR /home/PERSONALE/eugenio.fonzi2/ANALYSES_WES/180103_test_adapters_YES_on_contaminated/05_alignment_MT/logs/B2044D_recal_data.table -nct 4 -o /home/PERSONALE/eugenio.fonzi2/ANALYSES_WES/180103_test_adapters_YES_on_contaminated/05_alignment_MT/02_bqsr/B2044D.bam 2> /home/PERSONALE/eugenio.fonzi2/ANALYSES_WES/180103_test_adapters_YES_on_contaminated/05_alignment_MT/logs/B2044D_recalibrating_02.log ' returned non-zero exit status 1.
  File "/home/PERSONALE/eugenio.fonzi2/WESPipeline/snakefile_03_test.py", line 1148, in __rule_PrintReads_MT
  File "/home/PERSONALE/eugenio.fonzi2/miniconda3/lib/python3.6/concurrent/futures/thread.py", line 56, in run
Removing output files of failed job IndelRealigner_genome since they might be corrupted:
/home/PERSONALE/eugenio.fonzi2/ANALYSES_WES/180103_test_adapters_YES_on_contaminated/03_alignment_genome/01_intermediate/B2044D_realigned.bam, /home/PERSONALE/eugenio.fonzi2/ANALYSES_WES/180103_test_adapters_YES_on_contaminated/03_alignment_genome/01_intermediate/B2044D_realigned.bai
Removing output files of failed job PrintReads_MT since they might be corrupted:
/home/PERSONALE/eugenio.fonzi2/ANALYSES_WES/180103_test_adapters_YES_on_contaminated/05_alignment_MT/02_bqsr/B2044D.bam, /home/PERSONALE/eugenio.fonzi2/ANALYSES_WES/180103_test_adapters_YES_on_contaminated/05_alignment_MT/02_bqsr/B2044D.bai
Will exit after finishing currently running jobs.
Will exit after finishing currently running jobs.
Will exit after finishing currently running jobs.
Finished job 256.
77 of 147 steps (52%) done
Will exit after finishing currently running jobs.
Finished job 252.
78 of 147 steps (53%) done
Will exit after finishing currently running jobs.
Removing temporary output file /home/PERSONALE/eugenio.fonzi2/ANALYSES_WES/180103_test_adapters_YES_on_contaminated/03_alignment_genome/01_intermediate/3094_realigned.bam.
Removing temporary output file /home/PERSONALE/eugenio.fonzi2/ANALYSES_WES/180103_test_adapters_YES_on_contaminated/03_alignment_genome/01_intermediate/3094_realigned.bai.
Finished job 63.
79 of 147 steps (54%) done
Will exit after finishing currently running jobs.
Exiting because a job execution failed. Look above for error message
Complete log: .snakemake/log/2018-01-04T125159.826963.snakemake.log
