Building DAG of jobs...
Provided cores: 32
Rules claiming more threads will be scaled down.
Job counts:
	count	jobs
	4	AnalyzeCovariates_MT
	4	AnalyzeCovariates_genome
	4	BaseRecal_MT
	4	BaseRecal_genome
	4	IndelRealigner_MT
	4	IndelRealigner_genome
	2	KeepOnlyVariants
	2	MergeMutectVarscan
	2	MergeWriteVariants
	2	MutectSplitVariants
	4	PostRecalTable_MT
	4	PostRecalTable_genome
	4	PrintReads_MT
	4	PrintReads_genome
	4	RTC_MT
	4	RTC_genome
	2	Remove_segdups
	2	VarscanSplitVariants
	1	all
	2	annovar_MT_mutect
	2	annovar_MT_varscan
	2	annovar_genome_mutect
	2	annovar_genome_varscan
	2	checkMAFs
	2	create_rsID_table
	4	downloadDecompressMergeFastq
	4	extractUnmapped_convert
	4	extractUnmapped_extract
	4	fastqc_R1
	4	fastqc_R2
	4	fastqc_trimmed_R1
	4	fastqc_trimmed_R2
	2	filterExonicPolymorphic
	2	filterSomatic_Indel
	2	filterSomatic_SNV
	1	index_picard_truseq_rapid
	1	index_samtools_truseq_rapid
	4	indexing_MT
	4	indexing_genome
	4	map_to_MT
	4	map_to_exome
	4	map_to_genome
	4	marking_MT
	4	marking_genome
	2	muTect_MT
	2	muTect_genome
	4	sorting_MT
	4	sorting_exome
	4	sorting_genome
	4	trim
	1	truseq_rapid_index_bwa
	2	varscan_MT_patient
	4	varscan_MT_sample
	2	varscan_genome_patient
	4	varscan_genome_sample
	170

Job 33: >> 426 : downloading, decompressing and merging fastq 

Job 31: >> 449 : downloading, decompressing and merging fastq 

Job 37: >> 416 : downloading, decompressing and merging fastq 


Job 27: >> 461 : downloading, decompressing and merging fastq 


Job 200: indexing truseq_rapid with samtools

Activating conda environment /home/PERSONALE/eugenio.fonzi2/WESPipeline/.snakemake/conda/e35b1969.
Finished job 200.
1 of 170 steps (0.59%) done

Job 203: indexing truseq_rapid with picard

Activating conda environment /home/PERSONALE/eugenio.fonzi2/WESPipeline/.snakemake/conda/e35b1969.

Job 201: indexing truseq_rapid with bwa

Activating conda environment /home/PERSONALE/eugenio.fonzi2/WESPipeline/.snakemake/conda/e35b1969.
Finished job 203.
2 of 170 steps (1%) done
Finished job 201.
3 of 170 steps (2%) done
Finished job 31.
4 of 170 steps (2%) done

Job 6: >> 449 : fastqc1

Activating conda environment /home/PERSONALE/eugenio.fonzi2/WESPipeline/.snakemake/conda/e35b1969.

Job 10: >> 449 : fastqc2

Activating conda environment /home/PERSONALE/eugenio.fonzi2/WESPipeline/.snakemake/conda/e35b1969.

Job 38: >> 449 : Trimming

Finished job 37.
5 of 170 steps (3%) done

Job 32: >> 416 : Trimming


Job 13: >> 416 : fastqc1

Activating conda environment /home/PERSONALE/eugenio.fonzi2/WESPipeline/.snakemake/conda/e35b1969.

Job 18: >> 416 : fastqc2

Activating conda environment /home/PERSONALE/eugenio.fonzi2/WESPipeline/.snakemake/conda/e35b1969.
Waiting at most 5 seconds for missing files.
Removing output files of failed job fastqc_R2 since they might be corrupted:
/home/PERSONALE/eugenio.fonzi2/ANALYSES_WES/180103_test_adapters_NO_on_impossible/01_fastq/03_fastqc/449_R2_fastqc.zip
Waiting at most 5 seconds for missing files.
Removing output files of failed job fastqc_R1 since they might be corrupted:
/home/PERSONALE/eugenio.fonzi2/ANALYSES_WES/180103_test_adapters_NO_on_impossible/01_fastq/03_fastqc/416_R1_fastqc.zip
Waiting at most 5 seconds for missing files.
Removing output files of failed job fastqc_R2 since they might be corrupted:
/home/PERSONALE/eugenio.fonzi2/ANALYSES_WES/180103_test_adapters_NO_on_impossible/01_fastq/03_fastqc/416_R2_fastqc.zip
Will exit after finishing currently running jobs.
Finished job 32.
6 of 170 steps (4%) done
Finished job 38.
7 of 170 steps (4%) done
Will exit after finishing currently running jobs.
Will exit after finishing currently running jobs.
Will exit after finishing currently running jobs.
Will exit after finishing currently running jobs.
Waiting at most 5 seconds for missing files.
Will exit after finishing currently running jobs.
Finished job 27.
8 of 170 steps (5%) done
Will exit after finishing currently running jobs.
Finished job 33.
9 of 170 steps (5%) done
Will exit after finishing currently running jobs.
Exiting because a job execution failed. Look above for error message
Complete log: .snakemake/log/2018-01-04T001409.160890.snakemake.log
