Building DAG of jobs...
Provided cores: 32
Rules claiming more threads will be scaled down.
Job counts:
	count	jobs
	2	AnalyzeCovariates_MT
	2	AnalyzeCovariates_genome
	2	BaseRecal_MT
	2	BaseRecal_genome
	2	IndelRealigner_MT
	2	IndelRealigner_genome
	1	KeepOnlyVariants
	1	MergeMutectVarscan
	1	MergeWriteVariants
	1	MutectSplitVariants
	2	PostRecalTable_MT
	2	PostRecalTable_genome
	2	PrintReads_MT
	2	PrintReads_genome
	2	RTC_MT
	2	RTC_genome
	1	Remove_segdups
	1	VarscanSplitVariants
	1	all
	1	annovar_MT_mutect
	1	annovar_MT_varscan
	1	annovar_genome_mutect
	1	annovar_genome_varscan
	1	checkMAFs
	1	create_rsID_table
	2	downloadDecompressMergeFastq
	2	extractUnmapped_convert
	2	extractUnmapped_extract
	2	fastqc_R1
	2	fastqc_R2
	2	fastqc_trimmed_R1
	2	fastqc_trimmed_R2
	1	filterExonicPolymorphic
	1	filterSomatic_Indel
	1	filterSomatic_SNV
	2	indexing_MT
	2	indexing_genome
	2	map_to_MT
	2	map_to_exome
	2	map_to_genome
	2	marking_MT
	2	marking_genome
	1	muTect_MT
	1	muTect_genome
	2	sorting_MT
	2	sorting_exome
	2	sorting_genome
	2	trim
	1	varscan_MT_patient
	2	varscan_MT_sample
	1	varscan_genome_patient
	2	varscan_genome_sample
	84

Job 15: >> 1905 : downloading, decompressing and merging fastq 

Job 18: >> 218 : downloading, decompressing and merging fastq 

Error in rule downloadDecompressMergeFastq:
    jobid: 15
    output: /home/PERSONALE/eugenio.fonzi2/ANALYSES_WES/unmapped_test/01_fastq/02_postprocess/1905_R1.fastq, /home/PERSONALE/eugenio.fonzi2/ANALYSES_WES/unmapped_test/01_fastq/02_postprocess/1905_R2.fastq
    log: /home/PERSONALE/eugenio.fonzi2/ANALYSES_WES/unmapped_test/01_fastq/logs/1905_cadaver.log

RuleException:
CalledProcessError in line 410 of /home/PERSONALE/eugenio.fonzi2/WESPipeline/snakefile_03_test.py:
Command ' set -euo pipefail;  /home/PERSONALE/eugenio.fonzi2/miniconda3/bin/python /home/PERSONALE/eugenio.fonzi2/WESPipeline/scripts/.snakemake.cfgis0h_.downloadDecompressMergeFastq_01.py ' returned non-zero exit status 1.
  File "/home/PERSONALE/eugenio.fonzi2/WESPipeline/snakefile_03_test.py", line 410, in __rule_downloadDecompressMergeFastq
  File "/home/PERSONALE/eugenio.fonzi2/miniconda3/lib/python3.6/concurrent/futures/thread.py", line 56, in run
Will exit after finishing currently running jobs.
