Building DAG of jobs...
IncompleteFilesException:
The files below seem to be incomplete. If you are sure that certain files are not incomplete, mark them as complete with

    snakemake --cleanup-metadata <filenames>

To re-generate the files rerun your command with the --rerun-incomplete flag.
Incomplete files:
/home/PERSONALE/eugenio.fonzi2/ANALYSES_WES/180103_test_adapters_YES_on_contaminated/03_alignment_genome/logs/B2044S_recal_data.table
/home/PERSONALE/eugenio.fonzi2/ANALYSES_WES/180103_test_adapters_YES_on_contaminated/03_alignment_genome/01_intermediate/272_sorted.bam
/home/PERSONALE/eugenio.fonzi2/ANALYSES_WES/180103_test_adapters_YES_on_contaminated/03_alignment_genome/01_intermediate/B2044D_sorted.bam
/home/PERSONALE/eugenio.fonzi2/ANALYSES_WES/180103_test_adapters_YES_on_contaminated/03_alignment_genome/01_intermediate/3094_sorted.bam
/home/PERSONALE/eugenio.fonzi2/ANALYSES_WES/180103_test_adapters_YES_on_contaminated/06_mutect_genome/38.tsv
/home/PERSONALE/eugenio.fonzi2/ANALYSES_WES/180103_test_adapters_YES_on_contaminated/06_mutect_genome/38_cov_wig.log
/home/PERSONALE/eugenio.fonzi2/ANALYSES_WES/180103_test_adapters_YES_on_contaminated/04_alignment_exome/02_unmapped_fastq/B2044S_R1.unmapped.fastq
/home/PERSONALE/eugenio.fonzi2/ANALYSES_WES/180103_test_adapters_YES_on_contaminated/04_alignment_exome/02_unmapped_fastq/B2044S_R2.unmapped.fastq
/home/PERSONALE/eugenio.fonzi2/ANALYSES_WES/180103_test_adapters_YES_on_contaminated/04_alignment_exome/02_unmapped_fastq/B2044S_unpaired.unmapped.fastq
/home/PERSONALE/eugenio.fonzi2/ANALYSES_WES/180103_test_adapters_YES_on_contaminated/08_varscan_genome/01_mpileup/218.mpileup
/home/PERSONALE/eugenio.fonzi2/ANALYSES_WES/180103_test_adapters_YES_on_contaminated/08_varscan_genome/01_mpileup/1905.mpileup
/home/PERSONALE/eugenio.fonzi2/ANALYSES_WES/180103_test_adapters_YES_on_contaminated/04_alignment_exome/01_intermediate/272_sorted.bam
/home/PERSONALE/eugenio.fonzi2/ANALYSES_WES/180103_test_adapters_YES_on_contaminated/04_alignment_exome/01_intermediate/B2044D_sorted.bam
/home/PERSONALE/eugenio.fonzi2/ANALYSES_WES/180103_test_adapters_YES_on_contaminated/04_alignment_exome/01_intermediate/3094_sorted.bam
