Building DAG of jobs...
Provided cores: 32
Rules claiming more threads will be scaled down.
Job counts:
	count	jobs
	2	AnalyzeCovariates_MT
	2	AnalyzeCovariates_genome
	2	BaseRecal_MT
	2	BaseRecal_genome
	2	IndelRealigner_MT
	2	IndelRealigner_genome
	1	KeepOnlyVariants
	1	MergeMutectVarscan
	1	MergeWriteVariants
	1	MutectSplitVariants
	2	PostRecalTable_MT
	2	PostRecalTable_genome
	2	PrintReads_MT
	2	PrintReads_genome
	2	RTC_MT
	2	RTC_genome
	1	Remove_segdups
	1	VarscanSplitVariants
	1	all
	1	annovar_MT_mutect
	1	annovar_MT_varscan
	1	annovar_genome_mutect
	1	annovar_genome_varscan
	1	checkMAFs
	1	create_rsID_table
	1	downloadDecompressMergeFastq
	2	extractUnmapped_convert
	2	extractUnmapped_extract
	1	fastq_checkpoint
	1	fastqc_R1
	1	fastqc_R2
	2	fastqc_trimmed_R1
	2	fastqc_trimmed_R2
	1	filterExonicPolymorphic
	1	filterSomatic_Indel
	1	filterSomatic_SNV
	2	indexing_MT
	2	indexing_genome
	2	map_to_MT
	2	map_to_exome
	2	map_to_genome
	2	marking_MT
	2	marking_genome
	1	muTect_MT
	1	muTect_genome
	2	sorting_MT
	2	sorting_exome
	2	sorting_genome
	2	trim
	1	varscan_MT_patient
	2	varscan_MT_sample
	1	varscan_genome_patient
	2	varscan_genome_sample
	82

Job 17: >> 3062 : Trimming

Job 30: >> 242 : downloading, decompressing and merging fastq 

Finished job 30.
1 of 82 steps (1%) done

Job 18: >> 242 : Check fastq size 

Finished job 18.
2 of 82 steps (2%) done

Job 15: >> 242 : Trimming


Job 10: >> 242 : fastqc1

Activating conda environment /home/PERSONALE/eugenio.fonzi2/WESPipeline/.snakemake/conda/e35b1969.

Job 7: >> 242 : fastqc2

Activating conda environment /home/PERSONALE/eugenio.fonzi2/WESPipeline/.snakemake/conda/e35b1969.
Finished job 10.
3 of 82 steps (4%) done
Finished job 7.
4 of 82 steps (5%) done
Removing temporary output file /home/PERSONALE/eugenio.fonzi2/ANALYSES_WES/provissima2/01_fastq/02_postprocess/242_R1.fastq.
Removing temporary output file /home/PERSONALE/eugenio.fonzi2/ANALYSES_WES/provissima2/01_fastq/02_postprocess/242_R2.fastq.
Finished job 15.
5 of 82 steps (6%) done

Job 94: >> 242 : Aligning to reference NUCLEAR GENOME

Activating conda environment /home/PERSONALE/eugenio.fonzi2/WESPipeline/.snakemake/conda/e35b1969.

Job 9: >> 242 : fastqc2 on trimmed fastq

Activating conda environment /home/PERSONALE/eugenio.fonzi2/WESPipeline/.snakemake/conda/e35b1969.

Job 2: >> 242 : fastqc1 on trimmed fastq

Activating conda environment /home/PERSONALE/eugenio.fonzi2/WESPipeline/.snakemake/conda/e35b1969.

Job 118: >> 242 : Aligning to reference EXOME

Activating conda environment /home/PERSONALE/eugenio.fonzi2/WESPipeline/.snakemake/conda/e35b1969.
