Building DAG of jobs...
Provided cores: 32
Rules claiming more threads will be scaled down.
Job counts:
	count	jobs
	1	AnalyzeCovariates_MT
	2	AnalyzeCovariates_genome
	1	BaseRecal_MT
	1	BaseRecal_genome
	1	IndelRealigner_MT
	1	IndelRealigner_genome
	3	KeepOnlyVariants
	3	MergeMutectVarscan
	3	MergeWriteVariants
	3	MutectSplitVariants
	1	PostRecalTable_MT
	2	PostRecalTable_genome
	1	PrintReads_MT
	2	PrintReads_genome
	1	RTC_MT
	1	RTC_genome
	3	Remove_segdups
	3	VarscanSplitVariants
	1	all
	3	annovar_MT_mutect
	3	annovar_MT_varscan
	3	annovar_genome_mutect
	3	annovar_genome_varscan
	3	checkMAFs
	3	create_rsID_table
	1	downloadDecompressMergeFastq
	1	extractUnmapped_convert
	1	extractUnmapped_extract
	1	fastqc_R1
	1	fastqc_R2
	1	fastqc_trimmed_R1
	1	fastqc_trimmed_R2
	3	filterExonicPolymorphic
	3	filterSomatic_Indel
	3	filterSomatic_SNV
	1	indexing_MT
	1	indexing_genome
	1	map_to_MT
	1	map_to_exome
	1	map_to_genome
	1	marking_MT
	1	marking_genome
	1	muTect_MT
	3	muTect_genome
	1	sorting_MT
	1	sorting_exome
	1	sorting_genome
	1	trim
	1	varscan_MT_patient
	1	varscan_MT_sample
	3	varscan_genome_patient
	2	varscan_genome_sample
	90

Job 227: >> 101 : MuTect on genomic alignment


Job 255: >> B2002D : PrintReads genome


Job 67: >> B2002S : downloading, decompressing and merging fastq 

Activating conda environment /home/PERSONALE/eugenio.fonzi2/WESPipeline/.snakemake/conda/a055426f.
Activating conda environment /home/PERSONALE/eugenio.fonzi2/WESPipeline/.snakemake/conda/e35b1969.

Job 49: >> B2002D : PostRecalTable genome

Activating conda environment /home/PERSONALE/eugenio.fonzi2/WESPipeline/.snakemake/conda/e35b1969.

Job 225: >> 101 : Varscan on patient genomic alignment

Activating conda environment /home/PERSONALE/eugenio.fonzi2/WESPipeline/.snakemake/conda/e35b1969.

Job 217: >> 67 : Varscan on patient genomic alignment

Activating conda environment /home/PERSONALE/eugenio.fonzi2/WESPipeline/.snakemake/conda/e35b1969.

Job 218: >> 67 : MuTect on genomic alignment

Activating conda environment /home/PERSONALE/eugenio.fonzi2/WESPipeline/.snakemake/conda/a055426f.
Finished job 67.
1 of 90 steps (1%) done

Job 31: >> B2002S : fastqc2

Activating conda environment /home/PERSONALE/eugenio.fonzi2/WESPipeline/.snakemake/conda/e35b1969.

Job 29: >> B2002S : fastqc1

Activating conda environment /home/PERSONALE/eugenio.fonzi2/WESPipeline/.snakemake/conda/e35b1969.

Job 47: >> B2002S : Trimming

Finished job 29.
2 of 90 steps (2%) done
Finished job 31.
3 of 90 steps (3%) done
Removing temporary output file /home/PERSONALE/eugenio.fonzi2/ANALYSES_WES/180105_test_adapters_YES_on_clean/08_varscan_genome/01_mpileup/A1015Dbis.mpileup.
Removing temporary output file /home/PERSONALE/eugenio.fonzi2/ANALYSES_WES/180105_test_adapters_YES_on_clean/08_varscan_genome/01_mpileup/A1015S.mpileup.
Finished job 217.
4 of 90 steps (4%) done
Removing temporary output file /home/PERSONALE/eugenio.fonzi2/ANALYSES_WES/180105_test_adapters_YES_on_clean/08_varscan_genome/01_mpileup/C0017S.mpileup.
Removing temporary output file /home/PERSONALE/eugenio.fonzi2/ANALYSES_WES/180105_test_adapters_YES_on_clean/08_varscan_genome/01_mpileup/C0017D.mpileup.
Finished job 225.
5 of 90 steps (6%) done
Removing temporary output file /home/PERSONALE/eugenio.fonzi2/ANALYSES_WES/180105_test_adapters_YES_on_clean/01_fastq/02_postprocess/B2002S_R2.fastq.
Removing temporary output file /home/PERSONALE/eugenio.fonzi2/ANALYSES_WES/180105_test_adapters_YES_on_clean/01_fastq/02_postprocess/B2002S_R1.fastq.
Finished job 47.
6 of 90 steps (7%) done

Job 210: >> B2002S : Aligning to reference NUCLEAR GENOME

Activating conda environment /home/PERSONALE/eugenio.fonzi2/WESPipeline/.snakemake/conda/e35b1969.

Job 279: >> B2002S : Aligning to reference EXOME

Activating conda environment /home/PERSONALE/eugenio.fonzi2/WESPipeline/.snakemake/conda/e35b1969.

Job 7: >> B2002S : fastqc2 on trimmed fastq

Activating conda environment /home/PERSONALE/eugenio.fonzi2/WESPipeline/.snakemake/conda/e35b1969.

Job 17: >> B2002S : fastqc1 on trimmed fastq

Activating conda environment /home/PERSONALE/eugenio.fonzi2/WESPipeline/.snakemake/conda/e35b1969.
Finished job 17.
7 of 90 steps (8%) done
Finished job 7.
8 of 90 steps (9%) done
Finished job 49.
9 of 90 steps (10%) done

Job 9: >> B2002D : AnalyzeCovariates genome

Activating conda environment /home/PERSONALE/eugenio.fonzi2/WESPipeline/.snakemake/conda/e35b1969.
Finished job 9.
10 of 90 steps (11%) done
Removing temporary output file /home/PERSONALE/eugenio.fonzi2/ANALYSES_WES/180105_test_adapters_YES_on_clean/03_alignment_genome/01_intermediate/B2002D_realigned.bai.
Removing temporary output file /home/PERSONALE/eugenio.fonzi2/ANALYSES_WES/180105_test_adapters_YES_on_clean/03_alignment_genome/01_intermediate/B2002D_realigned.bam.
Finished job 255.
11 of 90 steps (12%) done

Job 252: >> B2002D : Varscan on sample genomic alignment

Activating conda environment /home/PERSONALE/eugenio.fonzi2/WESPipeline/.snakemake/conda/e35b1969.
Finished job 218.
12 of 90 steps (13%) done

Job 185: >> 67 : Merge and Write Variants

Finished job 185.
13 of 90 steps (14%) done

Job 183: >> 67 : Varscan Filter Somatic Indel

Activating conda environment /home/PERSONALE/eugenio.fonzi2/WESPipeline/.snakemake/conda/e35b1969.

Job 184: >> 67 : Varscan Filter Somatic SNV

Activating conda environment /home/PERSONALE/eugenio.fonzi2/WESPipeline/.snakemake/conda/e35b1969.
Finished job 183.
14 of 90 steps (16%) done
Removing temporary output file /home/PERSONALE/eugenio.fonzi2/ANALYSES_WES/180105_test_adapters_YES_on_clean/10_variants_filter/67_varscan_snv_temp1.tsv.
Removing temporary output file /home/PERSONALE/eugenio.fonzi2/ANALYSES_WES/180105_test_adapters_YES_on_clean/10_variants_filter/67_varscan_indel_temp1.tsv.
Finished job 184.
15 of 90 steps (17%) done

Job 134: >> 67 : Keep Only Variants

Removing temporary output file /home/PERSONALE/eugenio.fonzi2/ANALYSES_WES/180105_test_adapters_YES_on_clean/10_variants_filter/67_varscan_indel_temp2.tsv.
Removing temporary output file /home/PERSONALE/eugenio.fonzi2/ANALYSES_WES/180105_test_adapters_YES_on_clean/10_variants_filter/67_varscan_snv_temp2.tsv.
Finished job 134.
16 of 90 steps (18%) done

Job 186: >> 67 : Split Varscan Variants

Job 180: >> 67 : Split muTect Variants

Finished job 180.
17 of 90 steps (19%) done

Job 135: >> 67 : annotating with ANNOVAR muTect genome variants


Job 133: >> 67 : annotating with ANNOVAR muTect MT variants

Finished job 186.
18 of 90 steps (20%) done

Job 137: >> 67 : annotating with ANNOVAR varscan MT variants


Job 136: >> 67 : annotating with ANNOVAR varscan genome variants

Finished job 133.
19 of 90 steps (21%) done
Finished job 137.
20 of 90 steps (22%) done
Finished job 135.
21 of 90 steps (23%) done
Finished job 136.
22 of 90 steps (24%) done

Job 93: >> 67 : merging muTect and Varscan Variants

Finished job 93.
23 of 90 steps (26%) done

Job 138: >> 67 : create rsID table

Finished job 138.
24 of 90 steps (27%) done

Job 94: >> 67 : filtering exonic/non-synonymous/non-polymorphic

Activating conda environment /home/PERSONALE/eugenio.fonzi2/WESPipeline/.snakemake/conda/28d822a6.
Removing temporary output file /home/PERSONALE/eugenio.fonzi2/ANALYSES_WES/180105_test_adapters_YES_on_clean/10_variants_filter/67_rsID.tsv.
Finished job 94.
25 of 90 steps (28%) done

Job 72: >> 67 : checking MAFs

Removing temporary output file 67_rsID_maf.tsv.
Finished job 72.
26 of 90 steps (29%) done

Job 35: >> 67 : Removing segdups variants

Finished job 35.
27 of 90 steps (30%) done
Finished job 279.
28 of 90 steps (31%) done

Job 273: >> B2002S : sorting exome

Activating conda environment /home/PERSONALE/eugenio.fonzi2/WESPipeline/.snakemake/conda/e35b1969.
Finished job 252.
29 of 90 steps (32%) done
Removing temporary output file /home/PERSONALE/eugenio.fonzi2/ANALYSES_WES/180105_test_adapters_YES_on_clean/02_fastq_trimmed/B2002S_R1.fastq.
Removing temporary output file /home/PERSONALE/eugenio.fonzi2/ANALYSES_WES/180105_test_adapters_YES_on_clean/02_fastq_trimmed/B2002S_R2.fastq.
Finished job 210.
30 of 90 steps (33%) done

Job 170: >> B2002S : sorting genome

Activating conda environment /home/PERSONALE/eugenio.fonzi2/WESPipeline/.snakemake/conda/e35b1969.
Finished job 227.
31 of 90 steps (34%) done

Job 195: >> 101 : Merge and Write Variants

Finished job 195.
32 of 90 steps (36%) done

Job 194: >> 101 : Varscan Filter Somatic SNV


Activating conda environment /home/PERSONALE/eugenio.fonzi2/WESPipeline/.snakemake/conda/e35b1969.
Job 196: >> 101 : Varscan Filter Somatic Indel

Activating conda environment /home/PERSONALE/eugenio.fonzi2/WESPipeline/.snakemake/conda/e35b1969.
Finished job 196.
33 of 90 steps (37%) done
Removing temporary output file /home/PERSONALE/eugenio.fonzi2/ANALYSES_WES/180105_test_adapters_YES_on_clean/10_variants_filter/101_varscan_snv_temp1.tsv.
Removing temporary output file /home/PERSONALE/eugenio.fonzi2/ANALYSES_WES/180105_test_adapters_YES_on_clean/10_variants_filter/101_varscan_indel_temp1.tsv.
Finished job 194.
34 of 90 steps (38%) done

Job 151: >> 101 : Keep Only Variants

Removing temporary output file /home/PERSONALE/eugenio.fonzi2/ANALYSES_WES/180105_test_adapters_YES_on_clean/10_variants_filter/101_varscan_snv_temp2.tsv.
Removing temporary output file /home/PERSONALE/eugenio.fonzi2/ANALYSES_WES/180105_test_adapters_YES_on_clean/10_variants_filter/101_varscan_indel_temp2.tsv.
Finished job 151.
35 of 90 steps (39%) done

Job 197: >> 101 : Split Varscan Variants

Job 198: >> 101 : Split muTect Variants

Finished job 197.
36 of 90 steps (40%) done

Job 155: >> 101 : annotating with ANNOVAR varscan genome variants

Job 152: >> 101 : annotating with ANNOVAR varscan MT variants

Finished job 198.
37 of 90 steps (41%) done

Job 154: >> 101 : annotating with ANNOVAR muTect MT variants

Job 153: >> 101 : annotating with ANNOVAR muTect genome variants

Finished job 152.
38 of 90 steps (42%) done
Finished job 154.
39 of 90 steps (43%) done
Finished job 153.
40 of 90 steps (44%) done
Finished job 155.
41 of 90 steps (46%) done

Job 99: >> 101 : merging muTect and Varscan Variants

Finished job 99.
42 of 90 steps (47%) done

Job 156: >> 101 : create rsID table

Finished job 156.
43 of 90 steps (48%) done

Job 100: >> 101 : filtering exonic/non-synonymous/non-polymorphic

Activating conda environment /home/PERSONALE/eugenio.fonzi2/WESPipeline/.snakemake/conda/28d822a6.
Removing temporary output file /home/PERSONALE/eugenio.fonzi2/ANALYSES_WES/180105_test_adapters_YES_on_clean/10_variants_filter/101_rsID.tsv.
Finished job 100.
44 of 90 steps (49%) done

Job 78: >> 101 : checking MAFs

Removing temporary output file 101_rsID_maf.tsv.
Finished job 78.
45 of 90 steps (50%) done

Job 39: >> 101 : Removing segdups variants

Finished job 39.
46 of 90 steps (51%) done
Removing temporary output file /home/PERSONALE/eugenio.fonzi2/ANALYSES_WES/180105_test_adapters_YES_on_clean/04_alignment_exome/01_intermediate/B2002S.sam.
Finished job 273.
47 of 90 steps (52%) done

Job 267: >> B2002S : extractUnmapped extract

Activating conda environment /home/PERSONALE/eugenio.fonzi2/WESPipeline/.snakemake/conda/e35b1969.
Removing temporary output file /home/PERSONALE/eugenio.fonzi2/ANALYSES_WES/180105_test_adapters_YES_on_clean/03_alignment_genome/01_intermediate/B2002S.sam.
Finished job 170.
48 of 90 steps (53%) done

Job 121: >> B2002S : marking genome

Activating conda environment /home/PERSONALE/eugenio.fonzi2/WESPipeline/.snakemake/conda/e35b1969.
Removing temporary output file /home/PERSONALE/eugenio.fonzi2/ANALYSES_WES/180105_test_adapters_YES_on_clean/04_alignment_exome/01_intermediate/B2002S_sorted.bam.
Finished job 267.
49 of 90 steps (54%) done

Job 233: >> B2002S : extractUnmapped convert

Activating conda environment /home/PERSONALE/eugenio.fonzi2/WESPipeline/.snakemake/conda/e35b1969.
Removing temporary output file /home/PERSONALE/eugenio.fonzi2/ANALYSES_WES/180105_test_adapters_YES_on_clean/04_alignment_exome/01_intermediate/B2002S_unmapped.bam.
Finished job 233.
50 of 90 steps (56%) done

Job 208: >> B2002S : Aligning to reference MITOCHONDRIAL GENOME

Activating conda environment /home/PERSONALE/eugenio.fonzi2/WESPipeline/.snakemake/conda/e35b1969.
Removing temporary output file /home/PERSONALE/eugenio.fonzi2/ANALYSES_WES/180105_test_adapters_YES_on_clean/04_alignment_exome/02_unmapped_fastq/B2002S_R1.unmapped.fastq.
Removing temporary output file /home/PERSONALE/eugenio.fonzi2/ANALYSES_WES/180105_test_adapters_YES_on_clean/04_alignment_exome/02_unmapped_fastq/B2002S_R2.unmapped.fastq.
Finished job 208.
51 of 90 steps (57%) done

Job 168: >> B2002S : sorting MT

Activating conda environment /home/PERSONALE/eugenio.fonzi2/WESPipeline/.snakemake/conda/e35b1969.
Removing temporary output file /home/PERSONALE/eugenio.fonzi2/ANALYSES_WES/180105_test_adapters_YES_on_clean/05_alignment_MT/01_intermediate/B2002S.sam.
Finished job 168.
52 of 90 steps (58%) done

Job 117: >> B2002S : marking MT

Activating conda environment /home/PERSONALE/eugenio.fonzi2/WESPipeline/.snakemake/conda/e35b1969.
Removing temporary output file /home/PERSONALE/eugenio.fonzi2/ANALYSES_WES/180105_test_adapters_YES_on_clean/05_alignment_MT/01_intermediate/B2002S_sorted.bam.
Finished job 117.
53 of 90 steps (59%) done

Job 115: >> B2002S : indexing MT

Activating conda environment /home/PERSONALE/eugenio.fonzi2/WESPipeline/.snakemake/conda/e35b1969.
Finished job 115.
54 of 90 steps (60%) done

Job 116: >> B2002S : RTC MT

Activating conda environment /home/PERSONALE/eugenio.fonzi2/WESPipeline/.snakemake/conda/e35b1969.
Finished job 116.
55 of 90 steps (61%) done

Job 87: >> B2002S : IndelRealigner MT

Activating conda environment /home/PERSONALE/eugenio.fonzi2/WESPipeline/.snakemake/conda/e35b1969.
Removing temporary output file /home/PERSONALE/eugenio.fonzi2/ANALYSES_WES/180105_test_adapters_YES_on_clean/03_alignment_genome/01_intermediate/B2002S_sorted.bam.
Finished job 121.
56 of 90 steps (62%) done

Job 123: >> B2002S : indexing genome

Activating conda environment /home/PERSONALE/eugenio.fonzi2/WESPipeline/.snakemake/conda/e35b1969.
Finished job 123.
57 of 90 steps (63%) done

Job 122: >> B2002S : RTC genome

Activating conda environment /home/PERSONALE/eugenio.fonzi2/WESPipeline/.snakemake/conda/e35b1969.
Removing temporary output file /home/PERSONALE/eugenio.fonzi2/ANALYSES_WES/180105_test_adapters_YES_on_clean/05_alignment_MT/01_intermediate/B2002S_marked.bai.
Removing temporary output file /home/PERSONALE/eugenio.fonzi2/ANALYSES_WES/180105_test_adapters_YES_on_clean/05_alignment_MT/01_intermediate/B2002S_marked.bam.
Finished job 87.
58 of 90 steps (64%) done

Job 60: >> B2002S : BaseRecal MT

Activating conda environment /home/PERSONALE/eugenio.fonzi2/WESPipeline/.snakemake/conda/e35b1969.
Finished job 60.
59 of 90 steps (66%) done

Job 249: >> B2002S : PrintReads MT


Job 59: >> B2002S : PostRecalTable MT
Activating conda environment /home/PERSONALE/eugenio.fonzi2/WESPipeline/.snakemake/conda/e35b1969.

Activating conda environment /home/PERSONALE/eugenio.fonzi2/WESPipeline/.snakemake/conda/e35b1969.
Finished job 59.
60 of 90 steps (67%) done

Job 18: >> B2002S : AnalyzeCovariates MT

Activating conda environment /home/PERSONALE/eugenio.fonzi2/WESPipeline/.snakemake/conda/e35b1969.
Finished job 18.
61 of 90 steps (68%) done
Finished job 122.
62 of 90 steps (69%) done

Job 89: >> B2002S : IndelRealigner genome

Activating conda environment /home/PERSONALE/eugenio.fonzi2/WESPipeline/.snakemake/conda/e35b1969.
Removing temporary output file /home/PERSONALE/eugenio.fonzi2/ANALYSES_WES/180105_test_adapters_YES_on_clean/05_alignment_MT/01_intermediate/B2002S_realigned.bai.
Removing temporary output file /home/PERSONALE/eugenio.fonzi2/ANALYSES_WES/180105_test_adapters_YES_on_clean/05_alignment_MT/01_intermediate/B2002S_realigned.bam.
Finished job 249.
63 of 90 steps (70%) done

Job 219: >> 77 : MuTect on MT alignment


Activating conda environment /home/PERSONALE/eugenio.fonzi2/WESPipeline/.snakemake/conda/a055426f.
Job 251: >> B2002S : Varscan on sample MT alignment

Activating conda environment /home/PERSONALE/eugenio.fonzi2/WESPipeline/.snakemake/conda/e35b1969.
Finished job 219.
64 of 90 steps (71%) done
Finished job 251.
65 of 90 steps (72%) done

Job 220: >> 77 : Varscan on patient MT alignment

Activating conda environment /home/PERSONALE/eugenio.fonzi2/WESPipeline/.snakemake/conda/e35b1969.
Removing temporary output file /home/PERSONALE/eugenio.fonzi2/ANALYSES_WES/180105_test_adapters_YES_on_clean/03_alignment_genome/01_intermediate/B2002S_marked.bam.
Removing temporary output file /home/PERSONALE/eugenio.fonzi2/ANALYSES_WES/180105_test_adapters_YES_on_clean/03_alignment_genome/01_intermediate/B2002S_marked.bai.
Finished job 89.
66 of 90 steps (73%) done

Job 63: >> B2002S : BaseRecal genome

Activating conda environment /home/PERSONALE/eugenio.fonzi2/WESPipeline/.snakemake/conda/e35b1969.
Error in rule varscan_MT_patient:
    jobid: 220
    output: /home/PERSONALE/eugenio.fonzi2/ANALYSES_WES/180105_test_adapters_YES_on_clean/09_varscan_MT/77_snv.tsv, /home/PERSONALE/eugenio.fonzi2/ANALYSES_WES/180105_test_adapters_YES_on_clean/09_varscan_MT/77_indel.tsv
    log: /home/PERSONALE/eugenio.fonzi2/ANALYSES_WES/180105_test_adapters_YES_on_clean/09_varscan_MT/logs/77_varscan.log

RuleException:
CalledProcessError in line 1321 of /home/PERSONALE/eugenio.fonzi2/WESPipeline/snakefile_04.py:
Command 'source activate /home/PERSONALE/eugenio.fonzi2/WESPipeline/.snakemake/conda/e35b1969; set -euo pipefail;  java -jar /home/PERSONALE/eugenio.fonzi2/softwares/VarScan.v2.3.9.jar somatic /home/PERSONALE/eugenio.fonzi2/ANALYSES_WES/180105_test_adapters_YES_on_clean/09_varscan_MT/01_mpileup/B2002S.mpileup /home/PERSONALE/eugenio.fonzi2/ANALYSES_WES/180105_test_adapters_YES_on_clean/09_varscan_MT/01_mpileup/B2002D.mpileup --output-snp /home/PERSONALE/eugenio.fonzi2/ANALYSES_WES/180105_test_adapters_YES_on_clean/09_varscan_MT/77_snv.tsv --output-indel /home/PERSONALE/eugenio.fonzi2/ANALYSES_WES/180105_test_adapters_YES_on_clean/09_varscan_MT/77_indel.tsv --min-avg-qual 15 --strand_filter 1 --min-var-freq 0.05 --somatic-p-value 0.05 2> /home/PERSONALE/eugenio.fonzi2/ANALYSES_WES/180105_test_adapters_YES_on_clean/09_varscan_MT/logs/77_varscan.log ' returned non-zero exit status 10.
  File "/home/PERSONALE/eugenio.fonzi2/WESPipeline/snakefile_04.py", line 1321, in __rule_varscan_MT_patient
  File "/home/PERSONALE/eugenio.fonzi2/miniconda3/lib/python3.6/concurrent/futures/thread.py", line 56, in run
Removing output files of failed job varscan_MT_patient since they might be corrupted:
/home/PERSONALE/eugenio.fonzi2/ANALYSES_WES/180105_test_adapters_YES_on_clean/09_varscan_MT/77_snv.tsv, /home/PERSONALE/eugenio.fonzi2/ANALYSES_WES/180105_test_adapters_YES_on_clean/09_varscan_MT/77_indel.tsv
Will exit after finishing currently running jobs.
Finished job 63.
67 of 90 steps (74%) done
Will exit after finishing currently running jobs.
Exiting because a job execution failed. Look above for error message
Complete log: .snakemake/log/2018-01-09T183344.621140.snakemake.log
