Building DAG of jobs...
Provided cores: 32
Rules claiming more threads will be scaled down.
Job counts:
	count	jobs
	1	AnalyzeCovariates_MT
	3	AnalyzeCovariates_genome
	1	BaseRecal_MT
	2	BaseRecal_genome
	1	IndelRealigner_MT
	2	IndelRealigner_genome
	2	KeepOnlyVariants
	2	MergeMutectVarscan
	2	MergeWriteVariants
	2	MutectSplitVariants
	1	PostRecalTable_MT
	2	PostRecalTable_genome
	2	PrintReads_MT
	2	PrintReads_genome
	1	RTC_MT
	1	RTC_genome
	2	Remove_segdups
	2	VarscanSplitVariants
	1	all
	2	annovar_MT_mutect
	2	annovar_MT_varscan
	2	annovar_genome_mutect
	2	annovar_genome_varscan
	2	checkMAFs
	2	create_rsID_table
	2	filterExonicPolymorphic
	2	filterSomatic_Indel
	2	filterSomatic_SNV
	1	indexing_MT
	1	indexing_genome
	1	map_to_MT
	1	marking_MT
	1	marking_genome
	2	muTect_MT
	2	muTect_genome
	1	sorting_MT
	2	varscan_MT_patient
	2	varscan_MT_sample
	2	varscan_genome_patient
	2	varscan_genome_sample
	68

Job 259: >> B2044D : PrintReads MT


Job 81: >> B2044D : IndelRealigner genome


Job 27: >> 3094 : AnalyzeCovariates genome


Job 223: >> 272 : Aligning to reference MITOCHONDRIAL GENOME


Activating conda environment /home/PERSONALE/eugenio.fonzi2/WESPipeline/.snakemake/conda/e35b1969.
Job 115: >> 272 : marking genome
Activating conda environment /home/PERSONALE/eugenio.fonzi2/WESPipeline/.snakemake/conda/e35b1969.
Activating conda environment /home/PERSONALE/eugenio.fonzi2/WESPipeline/.snakemake/conda/e35b1969.
Activating conda environment /home/PERSONALE/eugenio.fonzi2/WESPipeline/.snakemake/conda/e35b1969.

Activating conda environment /home/PERSONALE/eugenio.fonzi2/WESPipeline/.snakemake/conda/e35b1969.
Finished job 27.
1 of 68 steps (1%) done
Finished job 223.
2 of 68 steps (3%) done

Job 192: >> 272 : sorting MT

Activating conda environment /home/PERSONALE/eugenio.fonzi2/WESPipeline/.snakemake/conda/e35b1969.
Removing temporary output file /home/PERSONALE/eugenio.fonzi2/ANALYSES_WES/180103_test_adapters_YES_on_contaminated/05_alignment_MT/01_intermediate/B2044D_realigned.bam.
Removing temporary output file /home/PERSONALE/eugenio.fonzi2/ANALYSES_WES/180103_test_adapters_YES_on_contaminated/05_alignment_MT/01_intermediate/B2044D_realigned.bai.
Finished job 259.
3 of 68 steps (4%) done

Job 224: >> 96 : MuTect on MT alignment

Activating conda environment /home/PERSONALE/eugenio.fonzi2/WESPipeline/.snakemake/conda/a055426f.

Job 260: >> B2044D : Varscan on sample MT alignment

Activating conda environment /home/PERSONALE/eugenio.fonzi2/WESPipeline/.snakemake/conda/e35b1969.
Removing temporary output file /home/PERSONALE/eugenio.fonzi2/ANALYSES_WES/180103_test_adapters_YES_on_contaminated/05_alignment_MT/02_bqsr/B2044S.bai.
Removing temporary output file /home/PERSONALE/eugenio.fonzi2/ANALYSES_WES/180103_test_adapters_YES_on_contaminated/05_alignment_MT/02_bqsr/B2044S.bam.
Finished job 224.
4 of 68 steps (6%) done
Removing temporary output file /home/PERSONALE/eugenio.fonzi2/ANALYSES_WES/180103_test_adapters_YES_on_contaminated/05_alignment_MT/02_bqsr/B2044D.bai.
Removing temporary output file /home/PERSONALE/eugenio.fonzi2/ANALYSES_WES/180103_test_adapters_YES_on_contaminated/05_alignment_MT/02_bqsr/B2044D.bam.
Finished job 260.
5 of 68 steps (7%) done

Job 225: >> 96 : Varscan on patient MT alignment

Activating conda environment /home/PERSONALE/eugenio.fonzi2/WESPipeline/.snakemake/conda/e35b1969.
Removing temporary output file /home/PERSONALE/eugenio.fonzi2/ANALYSES_WES/180103_test_adapters_YES_on_contaminated/09_varscan_MT/01_mpileup/B2044D.mpileup.
Removing temporary output file /home/PERSONALE/eugenio.fonzi2/ANALYSES_WES/180103_test_adapters_YES_on_contaminated/09_varscan_MT/01_mpileup/B2044S.mpileup.
Finished job 225.
6 of 68 steps (9%) done
Removing temporary output file /home/PERSONALE/eugenio.fonzi2/ANALYSES_WES/180103_test_adapters_YES_on_contaminated/03_alignment_genome/01_intermediate/B2044D_marked.bai.
Removing temporary output file /home/PERSONALE/eugenio.fonzi2/ANALYSES_WES/180103_test_adapters_YES_on_contaminated/03_alignment_genome/01_intermediate/B2044D_marked.bam.
Finished job 81.
7 of 68 steps (10%) done

Job 48: >> B2044D : BaseRecal genome

Activating conda environment /home/PERSONALE/eugenio.fonzi2/WESPipeline/.snakemake/conda/e35b1969.
Removing temporary output file /home/PERSONALE/eugenio.fonzi2/ANALYSES_WES/180103_test_adapters_YES_on_contaminated/05_alignment_MT/01_intermediate/272.sam.
Finished job 192.
8 of 68 steps (12%) done

Job 142: >> 272 : marking MT

Activating conda environment /home/PERSONALE/eugenio.fonzi2/WESPipeline/.snakemake/conda/e35b1969.
Removing temporary output file /home/PERSONALE/eugenio.fonzi2/ANALYSES_WES/180103_test_adapters_YES_on_contaminated/05_alignment_MT/01_intermediate/272_sorted.bam.
Finished job 142.
9 of 68 steps (13%) done

Job 140: >> 272 : indexing MT

Activating conda environment /home/PERSONALE/eugenio.fonzi2/WESPipeline/.snakemake/conda/e35b1969.
Finished job 140.
10 of 68 steps (15%) done

Job 141: >> 272 : RTC MT

Activating conda environment /home/PERSONALE/eugenio.fonzi2/WESPipeline/.snakemake/conda/e35b1969.
Finished job 141.
11 of 68 steps (16%) done

Job 95: >> 272 : IndelRealigner MT

Activating conda environment /home/PERSONALE/eugenio.fonzi2/WESPipeline/.snakemake/conda/e35b1969.
Removing temporary output file /home/PERSONALE/eugenio.fonzi2/ANALYSES_WES/180103_test_adapters_YES_on_contaminated/05_alignment_MT/01_intermediate/272_marked.bai.
Removing temporary output file /home/PERSONALE/eugenio.fonzi2/ANALYSES_WES/180103_test_adapters_YES_on_contaminated/05_alignment_MT/01_intermediate/272_marked.bam.
Finished job 95.
12 of 68 steps (18%) done

Job 71: >> 272 : BaseRecal MT

Activating conda environment /home/PERSONALE/eugenio.fonzi2/WESPipeline/.snakemake/conda/e35b1969.
Finished job 71.
13 of 68 steps (19%) done

Job 70: >> 272 : PostRecalTable MT

Activating conda environment /home/PERSONALE/eugenio.fonzi2/WESPipeline/.snakemake/conda/e35b1969.

Job 240: >> 272 : PrintReads MT

Activating conda environment /home/PERSONALE/eugenio.fonzi2/WESPipeline/.snakemake/conda/e35b1969.
Finished job 70.
14 of 68 steps (21%) done

Job 33: >> 272 : AnalyzeCovariates MT

Activating conda environment /home/PERSONALE/eugenio.fonzi2/WESPipeline/.snakemake/conda/e35b1969.
Finished job 33.
15 of 68 steps (22%) done
Removing temporary output file /home/PERSONALE/eugenio.fonzi2/ANALYSES_WES/180103_test_adapters_YES_on_contaminated/03_alignment_genome/01_intermediate/272_sorted.bam.
Finished job 115.
16 of 68 steps (24%) done

Job 114: >> 272 : indexing genome

Activating conda environment /home/PERSONALE/eugenio.fonzi2/WESPipeline/.snakemake/conda/e35b1969.
Finished job 48.
17 of 68 steps (25%) done

Job 265: >> B2044D : PrintReads genome

Activating conda environment /home/PERSONALE/eugenio.fonzi2/WESPipeline/.snakemake/conda/e35b1969.

Job 49: >> B2044D : PostRecalTable genome

Activating conda environment /home/PERSONALE/eugenio.fonzi2/WESPipeline/.snakemake/conda/e35b1969.
Finished job 114.
18 of 68 steps (26%) done

Job 113: >> 272 : RTC genome

Activating conda environment /home/PERSONALE/eugenio.fonzi2/WESPipeline/.snakemake/conda/e35b1969.
Finished job 113.
19 of 68 steps (28%) done

Job 86: >> 272 : IndelRealigner genome

Activating conda environment /home/PERSONALE/eugenio.fonzi2/WESPipeline/.snakemake/conda/e35b1969.
Removing temporary output file /home/PERSONALE/eugenio.fonzi2/ANALYSES_WES/180103_test_adapters_YES_on_contaminated/05_alignment_MT/01_intermediate/272_realigned.bam.
Removing temporary output file /home/PERSONALE/eugenio.fonzi2/ANALYSES_WES/180103_test_adapters_YES_on_contaminated/05_alignment_MT/01_intermediate/272_realigned.bai.
Finished job 240.
20 of 68 steps (29%) done

Job 238: >> 272 : Varscan on sample MT alignment

Activating conda environment /home/PERSONALE/eugenio.fonzi2/WESPipeline/.snakemake/conda/e35b1969.

Job 214: >> 25 : MuTect on MT alignment

Activating conda environment /home/PERSONALE/eugenio.fonzi2/WESPipeline/.snakemake/conda/a055426f.
Removing temporary output file /home/PERSONALE/eugenio.fonzi2/ANALYSES_WES/180103_test_adapters_YES_on_contaminated/05_alignment_MT/02_bqsr/3094.bam.
Removing temporary output file /home/PERSONALE/eugenio.fonzi2/ANALYSES_WES/180103_test_adapters_YES_on_contaminated/05_alignment_MT/02_bqsr/3094.bai.
Finished job 214.
21 of 68 steps (31%) done
Removing temporary output file /home/PERSONALE/eugenio.fonzi2/ANALYSES_WES/180103_test_adapters_YES_on_contaminated/05_alignment_MT/02_bqsr/272.bam.
Removing temporary output file /home/PERSONALE/eugenio.fonzi2/ANALYSES_WES/180103_test_adapters_YES_on_contaminated/05_alignment_MT/02_bqsr/272.bai.
Finished job 238.
22 of 68 steps (32%) done

Job 213: >> 25 : Varscan on patient MT alignment

Activating conda environment /home/PERSONALE/eugenio.fonzi2/WESPipeline/.snakemake/conda/e35b1969.
Removing temporary output file /home/PERSONALE/eugenio.fonzi2/ANALYSES_WES/180103_test_adapters_YES_on_contaminated/09_varscan_MT/01_mpileup/272.mpileup.
Removing temporary output file /home/PERSONALE/eugenio.fonzi2/ANALYSES_WES/180103_test_adapters_YES_on_contaminated/09_varscan_MT/01_mpileup/3094.mpileup.
Finished job 213.
23 of 68 steps (34%) done
Finished job 265.
24 of 68 steps (35%) done

Job 227: >> 96 : MuTect on genomic alignment

Activating conda environment /home/PERSONALE/eugenio.fonzi2/WESPipeline/.snakemake/conda/a055426f.

Job 263: >> B2044D : Varscan on sample genomic alignment

Activating conda environment /home/PERSONALE/eugenio.fonzi2/WESPipeline/.snakemake/conda/e35b1969.
Removing temporary output file /home/PERSONALE/eugenio.fonzi2/ANALYSES_WES/180103_test_adapters_YES_on_contaminated/03_alignment_genome/01_intermediate/B2044D_realigned.bai.
Removing temporary output file /home/PERSONALE/eugenio.fonzi2/ANALYSES_WES/180103_test_adapters_YES_on_contaminated/03_alignment_genome/01_intermediate/B2044D_realigned.bam.
Finished job 49.
25 of 68 steps (37%) done

Job 10: >> B2044D : AnalyzeCovariates genome

Activating conda environment /home/PERSONALE/eugenio.fonzi2/WESPipeline/.snakemake/conda/e35b1969.
Finished job 10.
26 of 68 steps (38%) done
Removing temporary output file /home/PERSONALE/eugenio.fonzi2/ANALYSES_WES/180103_test_adapters_YES_on_contaminated/03_alignment_genome/01_intermediate/272_marked.bai.
Removing temporary output file /home/PERSONALE/eugenio.fonzi2/ANALYSES_WES/180103_test_adapters_YES_on_contaminated/03_alignment_genome/01_intermediate/272_marked.bam.
Finished job 86.
27 of 68 steps (40%) done

Job 57: >> 272 : BaseRecal genome

Activating conda environment /home/PERSONALE/eugenio.fonzi2/WESPipeline/.snakemake/conda/e35b1969.
Finished job 263.
28 of 68 steps (41%) done

Job 226: >> 96 : Varscan on patient genomic alignment

Activating conda environment /home/PERSONALE/eugenio.fonzi2/WESPipeline/.snakemake/conda/e35b1969.
Finished job 57.
29 of 68 steps (43%) done

Job 58: >> 272 : PostRecalTable genome

Activating conda environment /home/PERSONALE/eugenio.fonzi2/WESPipeline/.snakemake/conda/e35b1969.

Job 246: >> 272 : PrintReads genome

Activating conda environment /home/PERSONALE/eugenio.fonzi2/WESPipeline/.snakemake/conda/e35b1969.
Removing temporary output file /home/PERSONALE/eugenio.fonzi2/ANALYSES_WES/180103_test_adapters_YES_on_contaminated/08_varscan_genome/01_mpileup/B2044S.mpileup.
Removing temporary output file /home/PERSONALE/eugenio.fonzi2/ANALYSES_WES/180103_test_adapters_YES_on_contaminated/08_varscan_genome/01_mpileup/B2044D.mpileup.
Finished job 226.
30 of 68 steps (44%) done
Removing temporary output file /home/PERSONALE/eugenio.fonzi2/ANALYSES_WES/180103_test_adapters_YES_on_contaminated/03_alignment_genome/02_bqsr/B2044S.bam.
Removing temporary output file /home/PERSONALE/eugenio.fonzi2/ANALYSES_WES/180103_test_adapters_YES_on_contaminated/03_alignment_genome/02_bqsr/B2044S.bai.
Removing temporary output file /home/PERSONALE/eugenio.fonzi2/ANALYSES_WES/180103_test_adapters_YES_on_contaminated/03_alignment_genome/02_bqsr/B2044D.bam.
Removing temporary output file /home/PERSONALE/eugenio.fonzi2/ANALYSES_WES/180103_test_adapters_YES_on_contaminated/03_alignment_genome/02_bqsr/B2044D.bai.
Finished job 227.
31 of 68 steps (46%) done

Job 193: >> 96 : Merge and Write Variants

Finished job 193.
32 of 68 steps (47%) done

Job 194: >> 96 : Varscan Filter Somatic SNV


Activating conda environment /home/PERSONALE/eugenio.fonzi2/WESPipeline/.snakemake/conda/e35b1969.
Job 195: >> 96 : Varscan Filter Somatic Indel

Activating conda environment /home/PERSONALE/eugenio.fonzi2/WESPipeline/.snakemake/conda/e35b1969.
Finished job 195.
33 of 68 steps (49%) done
Removing temporary output file /home/PERSONALE/eugenio.fonzi2/ANALYSES_WES/180103_test_adapters_YES_on_contaminated/10_variants_filter/96_varscan_snv_temp1.tsv.
Removing temporary output file /home/PERSONALE/eugenio.fonzi2/ANALYSES_WES/180103_test_adapters_YES_on_contaminated/10_variants_filter/96_varscan_indel_temp1.tsv.
Finished job 194.
34 of 68 steps (50%) done

Job 143: >> 96 : Keep Only Variants

Removing temporary output file /home/PERSONALE/eugenio.fonzi2/ANALYSES_WES/180103_test_adapters_YES_on_contaminated/10_variants_filter/96_varscan_snv_temp2.tsv.
Removing temporary output file /home/PERSONALE/eugenio.fonzi2/ANALYSES_WES/180103_test_adapters_YES_on_contaminated/10_variants_filter/96_varscan_indel_temp2.tsv.
Finished job 143.
35 of 68 steps (51%) done

Job 196: >> 96 : Split muTect Variants

Job 197: >> 96 : Split Varscan Variants

Finished job 196.
36 of 68 steps (53%) done

Job 144: >> 96 : annotating with ANNOVAR muTect genome variants

Job 146: >> 96 : annotating with ANNOVAR muTect MT variants

Finished job 197.
37 of 68 steps (54%) done

Job 147: >> 96 : annotating with ANNOVAR varscan genome variants

Job 145: >> 96 : annotating with ANNOVAR varscan MT variants

Finished job 146.
38 of 68 steps (56%) done
Finished job 145.
39 of 68 steps (57%) done
Finished job 144.
40 of 68 steps (59%) done
Finished job 147.
41 of 68 steps (60%) done

Job 96: >> 96 : merging muTect and Varscan Variants

Finished job 96.
42 of 68 steps (62%) done

Job 148: >> 96 : create rsID table

Finished job 148.
43 of 68 steps (63%) done

Job 97: >> 96 : filtering exonic/non-synonymous/non-polymorphic

Activating conda environment /home/PERSONALE/eugenio.fonzi2/WESPipeline/.snakemake/conda/28d822a6.
Removing temporary output file /home/PERSONALE/eugenio.fonzi2/ANALYSES_WES/180103_test_adapters_YES_on_contaminated/10_variants_filter/96_rsID.tsv.
Finished job 97.
44 of 68 steps (65%) done

Job 72: >> 96 : checking MAFs

Removing temporary output file 96_rsID_maf.tsv.
Finished job 72.
45 of 68 steps (66%) done

Job 34: >> 96 : Removing segdups variants

Finished job 34.
46 of 68 steps (68%) done
Finished job 246.
47 of 68 steps (69%) done

Job 215: >> 25 : MuTect on genomic alignment


Activating conda environment /home/PERSONALE/eugenio.fonzi2/WESPipeline/.snakemake/conda/a055426f.
Job 236: >> 272 : Varscan on sample genomic alignment

Activating conda environment /home/PERSONALE/eugenio.fonzi2/WESPipeline/.snakemake/conda/e35b1969.
Finished job 236.
48 of 68 steps (71%) done

Job 212: >> 25 : Varscan on patient genomic alignment

Activating conda environment /home/PERSONALE/eugenio.fonzi2/WESPipeline/.snakemake/conda/e35b1969.
Removing temporary output file /home/PERSONALE/eugenio.fonzi2/ANALYSES_WES/180103_test_adapters_YES_on_contaminated/03_alignment_genome/01_intermediate/272_realigned.bam.
Removing temporary output file /home/PERSONALE/eugenio.fonzi2/ANALYSES_WES/180103_test_adapters_YES_on_contaminated/03_alignment_genome/01_intermediate/272_realigned.bai.
Finished job 58.
49 of 68 steps (72%) done

Job 20: >> 272 : AnalyzeCovariates genome

Activating conda environment /home/PERSONALE/eugenio.fonzi2/WESPipeline/.snakemake/conda/e35b1969.
Finished job 20.
50 of 68 steps (74%) done
Error in rule varscan_genome_patient:
    jobid: 212
    output: /home/PERSONALE/eugenio.fonzi2/ANALYSES_WES/180103_test_adapters_YES_on_contaminated/08_varscan_genome/25_snv.tsv, /home/PERSONALE/eugenio.fonzi2/ANALYSES_WES/180103_test_adapters_YES_on_contaminated/08_varscan_genome/25_indel.tsv
    log: /home/PERSONALE/eugenio.fonzi2/ANALYSES_WES/180103_test_adapters_YES_on_contaminated/08_varscan_genome/logs/25_varscan.log

RuleException:
CalledProcessError in line 1274 of /home/PERSONALE/eugenio.fonzi2/WESPipeline/snakefile_03_test.py:
Command 'source activate /home/PERSONALE/eugenio.fonzi2/WESPipeline/.snakemake/conda/e35b1969; set -euo pipefail;  java -jar /home/PERSONALE/eugenio.fonzi2/softwares/VarScan.v2.3.9.jar somatic /home/PERSONALE/eugenio.fonzi2/ANALYSES_WES/180103_test_adapters_YES_on_contaminated/08_varscan_genome/01_mpileup/272.mpileup /home/PERSONALE/eugenio.fonzi2/ANALYSES_WES/180103_test_adapters_YES_on_contaminated/08_varscan_genome/01_mpileup/3094.mpileup --output-snp /home/PERSONALE/eugenio.fonzi2/ANALYSES_WES/180103_test_adapters_YES_on_contaminated/08_varscan_genome/25_snv.tsv --output-indel /home/PERSONALE/eugenio.fonzi2/ANALYSES_WES/180103_test_adapters_YES_on_contaminated/08_varscan_genome/25_indel.tsv --min-avg-qual 15 --strand_filter 1 --min-var-freq 0.05 --somatic-p-value 0.05 2> /home/PERSONALE/eugenio.fonzi2/ANALYSES_WES/180103_test_adapters_YES_on_contaminated/08_varscan_genome/logs/25_varscan.log ' returned non-zero exit status 1.
  File "/home/PERSONALE/eugenio.fonzi2/WESPipeline/snakefile_03_test.py", line 1274, in __rule_varscan_genome_patient
  File "/home/PERSONALE/eugenio.fonzi2/miniconda3/lib/python3.6/concurrent/futures/thread.py", line 56, in run
Removing output files of failed job varscan_genome_patient since they might be corrupted:
/home/PERSONALE/eugenio.fonzi2/ANALYSES_WES/180103_test_adapters_YES_on_contaminated/08_varscan_genome/25_snv.tsv, /home/PERSONALE/eugenio.fonzi2/ANALYSES_WES/180103_test_adapters_YES_on_contaminated/08_varscan_genome/25_indel.tsv
Will exit after finishing currently running jobs.
Removing temporary output file /home/PERSONALE/eugenio.fonzi2/ANALYSES_WES/180103_test_adapters_YES_on_contaminated/03_alignment_genome/02_bqsr/3094.bam.
Removing temporary output file /home/PERSONALE/eugenio.fonzi2/ANALYSES_WES/180103_test_adapters_YES_on_contaminated/03_alignment_genome/02_bqsr/3094.bai.
Removing temporary output file /home/PERSONALE/eugenio.fonzi2/ANALYSES_WES/180103_test_adapters_YES_on_contaminated/03_alignment_genome/02_bqsr/272.bam.
Removing temporary output file /home/PERSONALE/eugenio.fonzi2/ANALYSES_WES/180103_test_adapters_YES_on_contaminated/03_alignment_genome/02_bqsr/272.bai.
Finished job 215.
51 of 68 steps (75%) done
Will exit after finishing currently running jobs.
Exiting because a job execution failed. Look above for error message
Complete log: .snakemake/log/2018-01-04T182638.092980.snakemake.log
