Building DAG of jobs...
Provided cores: 32
Rules claiming more threads will be scaled down.
Job counts:
	count	jobs
	4	AnalyzeCovariates_MT
	4	AnalyzeCovariates_genome
	4	BaseRecal_MT
	4	BaseRecal_genome
	4	IndelRealigner_MT
	4	IndelRealigner_genome
	2	KeepOnlyVariants
	2	MergeMutectVarscan
	2	MergeWriteVariants
	2	MutectSplitVariants
	4	PostRecalTable_MT
	4	PostRecalTable_genome
	4	PrintReads_MT
	4	PrintReads_genome
	4	RTC_MT
	4	RTC_genome
	2	Remove_segdups
	2	VarscanSplitVariants
	1	all
	2	annovar_MT_mutect
	2	annovar_MT_varscan
	2	annovar_genome_mutect
	2	annovar_genome_varscan
	2	checkMAFs
	2	create_rsID_table
	4	downloadDecompressMergeFastq
	4	extractUnmapped_convert
	4	extractUnmapped_extract
	4	fastqc_R1
	4	fastqc_R2
	4	fastqc_trimmed_R1
	4	fastqc_trimmed_R2
	2	filterExonicPolymorphic
	2	filterSomatic_Indel
	2	filterSomatic_SNV
	4	indexing_MT
	4	indexing_genome
	4	map_to_MT
	4	map_to_exome
	4	map_to_genome
	4	marking_MT
	4	marking_genome
	2	muTect_MT
	2	muTect_genome
	4	sorting_MT
	4	sorting_exome
	4	sorting_genome
	4	trim
	2	varscan_MT_patient
	4	varscan_MT_sample
	2	varscan_genome_patient
	4	varscan_genome_sample
	167

Job 45: >> 449 : downloading, decompressing and merging fastq 

Job 30: >> 461 : downloading, decompressing and merging fastq 

Job 33: >> 426 : downloading, decompressing and merging fastq 

Job 28: >> 416 : downloading, decompressing and merging fastq 

Finished job 30.
1 of 167 steps (0.60%) done

Job 17: >> 461 : fastqc1

Activating conda environment /home/PERSONALE/eugenio.fonzi2/WESPipeline/.snakemake/conda/e35b1969.

Job 27: >> 461 : Trimming


Job 4: >> 461 : fastqc2

Activating conda environment /home/PERSONALE/eugenio.fonzi2/WESPipeline/.snakemake/conda/e35b1969.
Finished job 17.
2 of 167 steps (1%) done
Finished job 4.
3 of 167 steps (2%) done
Finished job 45.
4 of 167 steps (2%) done

Job 44: >> 449 : Trimming


Job 25: >> 449 : fastqc1

Activating conda environment /home/PERSONALE/eugenio.fonzi2/WESPipeline/.snakemake/conda/e35b1969.

Job 14: >> 449 : fastqc2

Activating conda environment /home/PERSONALE/eugenio.fonzi2/WESPipeline/.snakemake/conda/e35b1969.
Finished job 28.
5 of 167 steps (3%) done

Job 29: >> 416 : Trimming


Job 2: >> 416 : fastqc2

Activating conda environment /home/PERSONALE/eugenio.fonzi2/WESPipeline/.snakemake/conda/e35b1969.

Job 23: >> 416 : fastqc1

Activating conda environment /home/PERSONALE/eugenio.fonzi2/WESPipeline/.snakemake/conda/e35b1969.
Finished job 25.
6 of 167 steps (4%) done
Finished job 14.
7 of 167 steps (4%) done
Finished job 33.
8 of 167 steps (5%) done

Job 46: >> 426 : Trimming


Job 15: >> 426 : fastqc2

Activating conda environment /home/PERSONALE/eugenio.fonzi2/WESPipeline/.snakemake/conda/e35b1969.

Job 6: >> 426 : fastqc1

Activating conda environment /home/PERSONALE/eugenio.fonzi2/WESPipeline/.snakemake/conda/e35b1969.
Finished job 23.
9 of 167 steps (5%) done
Finished job 2.
10 of 167 steps (6%) done
Finished job 6.
11 of 167 steps (7%) done
Finished job 15.
12 of 167 steps (7%) done
Finished job 27.
13 of 167 steps (8%) done

Job 19: >> 461 : fastqc2 on trimmed fastq

Activating conda environment /home/PERSONALE/eugenio.fonzi2/WESPipeline/.snakemake/conda/e35b1969.

Job 1: >> 461 : fastqc1 on trimmed fastq

Activating conda environment /home/PERSONALE/eugenio.fonzi2/WESPipeline/.snakemake/conda/e35b1969.

Job 147: >> 461 : Aligning to reference NUCLEAR GENOME

Activating conda environment /home/PERSONALE/eugenio.fonzi2/WESPipeline/.snakemake/conda/e35b1969.

Job 196: >> 461 : Aligning to reference EXOME

Activating conda environment /home/PERSONALE/eugenio.fonzi2/WESPipeline/.snakemake/conda/e35b1969.
Finished job 1.
14 of 167 steps (8%) done
Finished job 19.
15 of 167 steps (9%) done
Finished job 44.
16 of 167 steps (10%) done

Job 198: >> 449 : Aligning to reference EXOME

Activating conda environment /home/PERSONALE/eugenio.fonzi2/WESPipeline/.snakemake/conda/e35b1969.

Job 13: >> 449 : fastqc2 on trimmed fastq

Activating conda environment /home/PERSONALE/eugenio.fonzi2/WESPipeline/.snakemake/conda/e35b1969.

Job 149: >> 449 : Aligning to reference NUCLEAR GENOME

Activating conda environment /home/PERSONALE/eugenio.fonzi2/WESPipeline/.snakemake/conda/e35b1969.

Job 16: >> 449 : fastqc1 on trimmed fastq

Activating conda environment /home/PERSONALE/eugenio.fonzi2/WESPipeline/.snakemake/conda/e35b1969.
Finished job 13.
17 of 167 steps (10%) done
Finished job 16.
18 of 167 steps (11%) done
Finished job 196.
19 of 167 steps (11%) done

Job 192: >> 461 : sorting exome

Activating conda environment /home/PERSONALE/eugenio.fonzi2/WESPipeline/.snakemake/conda/e35b1969.
Finished job 29.
20 of 167 steps (12%) done

Job 199: >> 416 : Aligning to reference EXOME

Activating conda environment /home/PERSONALE/eugenio.fonzi2/WESPipeline/.snakemake/conda/e35b1969.

Job 161: >> 416 : Aligning to reference NUCLEAR GENOME

Activating conda environment /home/PERSONALE/eugenio.fonzi2/WESPipeline/.snakemake/conda/e35b1969.

Job 21: >> 416 : fastqc1 on trimmed fastq

Activating conda environment /home/PERSONALE/eugenio.fonzi2/WESPipeline/.snakemake/conda/e35b1969.

Job 3: >> 416 : fastqc2 on trimmed fastq

Activating conda environment /home/PERSONALE/eugenio.fonzi2/WESPipeline/.snakemake/conda/e35b1969.
Finished job 21.
21 of 167 steps (13%) done
Finished job 3.
22 of 167 steps (13%) done
Finished job 198.
23 of 167 steps (14%) done

Job 194: >> 449 : sorting exome

Activating conda environment /home/PERSONALE/eugenio.fonzi2/WESPipeline/.snakemake/conda/e35b1969.
Removing temporary output file /home/PERSONALE/eugenio.fonzi2/ANALYSES_WES/180105_test_adapters_YES_on_impossible/04_alignment_exome/01_intermediate/461.sam.
Finished job 192.
24 of 167 steps (14%) done

Job 188: >> 461 : extractUnmapped extract

Activating conda environment /home/PERSONALE/eugenio.fonzi2/WESPipeline/.snakemake/conda/e35b1969.
Removing temporary output file /home/PERSONALE/eugenio.fonzi2/ANALYSES_WES/180105_test_adapters_YES_on_impossible/02_fastq_trimmed/461_R1.fastq.
Removing temporary output file /home/PERSONALE/eugenio.fonzi2/ANALYSES_WES/180105_test_adapters_YES_on_impossible/02_fastq_trimmed/461_R2.fastq.
Finished job 147.
25 of 167 steps (15%) done

Job 114: >> 461 : sorting genome

Activating conda environment /home/PERSONALE/eugenio.fonzi2/WESPipeline/.snakemake/conda/e35b1969.
Removing temporary output file /home/PERSONALE/eugenio.fonzi2/ANALYSES_WES/180105_test_adapters_YES_on_impossible/04_alignment_exome/01_intermediate/461_sorted.bam.
Finished job 188.
26 of 167 steps (16%) done

Job 162: >> 461 : extractUnmapped convert

Activating conda environment /home/PERSONALE/eugenio.fonzi2/WESPipeline/.snakemake/conda/e35b1969.
Removing temporary output file /home/PERSONALE/eugenio.fonzi2/ANALYSES_WES/180105_test_adapters_YES_on_impossible/04_alignment_exome/01_intermediate/461_unmapped.bam.
Finished job 162.
27 of 167 steps (16%) done

Job 140: >> 461 : Aligning to reference MITOCHONDRIAL GENOME

Activating conda environment /home/PERSONALE/eugenio.fonzi2/WESPipeline/.snakemake/conda/e35b1969.
Removing temporary output file /home/PERSONALE/eugenio.fonzi2/ANALYSES_WES/180105_test_adapters_YES_on_impossible/04_alignment_exome/02_unmapped_fastq/461_R1.unmapped.fastq.
Removing temporary output file /home/PERSONALE/eugenio.fonzi2/ANALYSES_WES/180105_test_adapters_YES_on_impossible/04_alignment_exome/02_unmapped_fastq/461_R2.unmapped.fastq.
Finished job 140.
28 of 167 steps (17%) done

Job 107: >> 461 : sorting MT

Activating conda environment /home/PERSONALE/eugenio.fonzi2/WESPipeline/.snakemake/conda/e35b1969.
Removing temporary output file /home/PERSONALE/eugenio.fonzi2/ANALYSES_WES/180105_test_adapters_YES_on_impossible/05_alignment_MT/01_intermediate/461.sam.
Finished job 107.
29 of 167 steps (17%) done

Job 69: >> 461 : marking MT

Activating conda environment /home/PERSONALE/eugenio.fonzi2/WESPipeline/.snakemake/conda/e35b1969.
Removing temporary output file /home/PERSONALE/eugenio.fonzi2/ANALYSES_WES/180105_test_adapters_YES_on_impossible/05_alignment_MT/01_intermediate/461_sorted.bam.
Finished job 69.
30 of 167 steps (18%) done

Job 71: >> 461 : indexing MT

Activating conda environment /home/PERSONALE/eugenio.fonzi2/WESPipeline/.snakemake/conda/e35b1969.
Finished job 71.
31 of 167 steps (19%) done

Job 70: >> 461 : RTC MT

Activating conda environment /home/PERSONALE/eugenio.fonzi2/WESPipeline/.snakemake/conda/e35b1969.
Finished job 70.
32 of 167 steps (19%) done

Job 55: >> 461 : IndelRealigner MT

Activating conda environment /home/PERSONALE/eugenio.fonzi2/WESPipeline/.snakemake/conda/e35b1969.
Removing temporary output file /home/PERSONALE/eugenio.fonzi2/ANALYSES_WES/180105_test_adapters_YES_on_impossible/05_alignment_MT/01_intermediate/461_marked.bam.
Removing temporary output file /home/PERSONALE/eugenio.fonzi2/ANALYSES_WES/180105_test_adapters_YES_on_impossible/05_alignment_MT/01_intermediate/461_marked.bai.
Finished job 55.
33 of 167 steps (20%) done

Job 32: >> 461 : BaseRecal MT

Activating conda environment /home/PERSONALE/eugenio.fonzi2/WESPipeline/.snakemake/conda/e35b1969.
Finished job 32.
34 of 167 steps (20%) done

Job 171: >> 461 : PrintReads MT


Activating conda environment /home/PERSONALE/eugenio.fonzi2/WESPipeline/.snakemake/conda/e35b1969.
Job 31: >> 461 : PostRecalTable MT

Activating conda environment /home/PERSONALE/eugenio.fonzi2/WESPipeline/.snakemake/conda/e35b1969.
Finished job 31.
35 of 167 steps (21%) done

Job 5: >> 461 : AnalyzeCovariates MT

Activating conda environment /home/PERSONALE/eugenio.fonzi2/WESPipeline/.snakemake/conda/e35b1969.
Finished job 5.
36 of 167 steps (22%) done
Finished job 46.
37 of 167 steps (22%) done

Job 18: >> 426 : fastqc2 on trimmed fastq


Activating conda environment /home/PERSONALE/eugenio.fonzi2/WESPipeline/.snakemake/conda/e35b1969.
Job 197: >> 426 : Aligning to reference EXOME


Activating conda environment /home/PERSONALE/eugenio.fonzi2/WESPipeline/.snakemake/conda/e35b1969.
Job 148: >> 426 : Aligning to reference NUCLEAR GENOME


Activating conda environment /home/PERSONALE/eugenio.fonzi2/WESPipeline/.snakemake/conda/e35b1969.
Job 22: >> 426 : fastqc1 on trimmed fastq

Activating conda environment /home/PERSONALE/eugenio.fonzi2/WESPipeline/.snakemake/conda/e35b1969.
Removing temporary output file /home/PERSONALE/eugenio.fonzi2/ANALYSES_WES/180105_test_adapters_YES_on_impossible/04_alignment_exome/01_intermediate/449.sam.
Finished job 194.
38 of 167 steps (23%) done

Job 190: >> 449 : extractUnmapped extract

Activating conda environment /home/PERSONALE/eugenio.fonzi2/WESPipeline/.snakemake/conda/e35b1969.
Finished job 199.
39 of 167 steps (23%) done

Job 195: >> 416 : sorting exome

Activating conda environment /home/PERSONALE/eugenio.fonzi2/WESPipeline/.snakemake/conda/e35b1969.
Removing temporary output file /home/PERSONALE/eugenio.fonzi2/ANALYSES_WES/180105_test_adapters_YES_on_impossible/03_alignment_genome/01_intermediate/461.sam.
Finished job 114.
40 of 167 steps (24%) done

Job 77: >> 461 : marking genome

Activating conda environment /home/PERSONALE/eugenio.fonzi2/WESPipeline/.snakemake/conda/e35b1969.
Removing temporary output file /home/PERSONALE/eugenio.fonzi2/ANALYSES_WES/180105_test_adapters_YES_on_impossible/02_fastq_trimmed/449_R1.fastq.
Removing temporary output file /home/PERSONALE/eugenio.fonzi2/ANALYSES_WES/180105_test_adapters_YES_on_impossible/02_fastq_trimmed/449_R2.fastq.
Finished job 149.
41 of 167 steps (25%) done

Job 118: >> 449 : sorting genome

Activating conda environment /home/PERSONALE/eugenio.fonzi2/WESPipeline/.snakemake/conda/e35b1969.
Removing temporary output file /home/PERSONALE/eugenio.fonzi2/ANALYSES_WES/180105_test_adapters_YES_on_impossible/05_alignment_MT/01_intermediate/461_realigned.bam.
Removing temporary output file /home/PERSONALE/eugenio.fonzi2/ANALYSES_WES/180105_test_adapters_YES_on_impossible/05_alignment_MT/01_intermediate/461_realigned.bai.
Finished job 171.
42 of 167 steps (25%) done

Job 177: >> 461 : Varscan on sample MT alignment

Activating conda environment /home/PERSONALE/eugenio.fonzi2/WESPipeline/.snakemake/conda/e35b1969.
Finished job 177.
43 of 167 steps (26%) done
Removing temporary output file /home/PERSONALE/eugenio.fonzi2/ANALYSES_WES/180105_test_adapters_YES_on_impossible/04_alignment_exome/01_intermediate/449_sorted.bam.
Finished job 190.
44 of 167 steps (26%) done

Job 186: >> 449 : extractUnmapped convert

Activating conda environment /home/PERSONALE/eugenio.fonzi2/WESPipeline/.snakemake/conda/e35b1969.
Finished job 18.
45 of 167 steps (27%) done
Finished job 22.
46 of 167 steps (28%) done
Removing temporary output file /home/PERSONALE/eugenio.fonzi2/ANALYSES_WES/180105_test_adapters_YES_on_impossible/04_alignment_exome/01_intermediate/449_unmapped.bam.
Finished job 186.
47 of 167 steps (28%) done

Job 159: >> 449 : Aligning to reference MITOCHONDRIAL GENOME

Activating conda environment /home/PERSONALE/eugenio.fonzi2/WESPipeline/.snakemake/conda/e35b1969.
Removing temporary output file /home/PERSONALE/eugenio.fonzi2/ANALYSES_WES/180105_test_adapters_YES_on_impossible/04_alignment_exome/02_unmapped_fastq/449_R2.unmapped.fastq.
Removing temporary output file /home/PERSONALE/eugenio.fonzi2/ANALYSES_WES/180105_test_adapters_YES_on_impossible/04_alignment_exome/02_unmapped_fastq/449_R1.unmapped.fastq.
Finished job 159.
48 of 167 steps (29%) done

Job 137: >> 449 : sorting MT

Activating conda environment /home/PERSONALE/eugenio.fonzi2/WESPipeline/.snakemake/conda/e35b1969.
Removing temporary output file /home/PERSONALE/eugenio.fonzi2/ANALYSES_WES/180105_test_adapters_YES_on_impossible/05_alignment_MT/01_intermediate/449.sam.
Finished job 137.
49 of 167 steps (29%) done

Job 98: >> 449 : marking MT

Activating conda environment /home/PERSONALE/eugenio.fonzi2/WESPipeline/.snakemake/conda/e35b1969.
Removing temporary output file /home/PERSONALE/eugenio.fonzi2/ANALYSES_WES/180105_test_adapters_YES_on_impossible/03_alignment_genome/01_intermediate/461_sorted.bam.
Finished job 77.
50 of 167 steps (30%) done

Job 78: >> 461 : indexing genome

Activating conda environment /home/PERSONALE/eugenio.fonzi2/WESPipeline/.snakemake/conda/e35b1969.
Removing temporary output file /home/PERSONALE/eugenio.fonzi2/ANALYSES_WES/180105_test_adapters_YES_on_impossible/05_alignment_MT/01_intermediate/449_sorted.bam.
Finished job 98.
51 of 167 steps (31%) done

Job 99: >> 449 : indexing MT

Activating conda environment /home/PERSONALE/eugenio.fonzi2/WESPipeline/.snakemake/conda/e35b1969.
Finished job 99.
52 of 167 steps (31%) done

Job 100: >> 449 : RTC MT

Activating conda environment /home/PERSONALE/eugenio.fonzi2/WESPipeline/.snakemake/conda/e35b1969.
Finished job 100.
53 of 167 steps (32%) done

Job 66: >> 449 : IndelRealigner MT

Activating conda environment /home/PERSONALE/eugenio.fonzi2/WESPipeline/.snakemake/conda/e35b1969.
Finished job 78.
54 of 167 steps (32%) done

Job 79: >> 461 : RTC genome

Activating conda environment /home/PERSONALE/eugenio.fonzi2/WESPipeline/.snakemake/conda/e35b1969.
Removing temporary output file /home/PERSONALE/eugenio.fonzi2/ANALYSES_WES/180105_test_adapters_YES_on_impossible/05_alignment_MT/01_intermediate/449_marked.bam.
Removing temporary output file /home/PERSONALE/eugenio.fonzi2/ANALYSES_WES/180105_test_adapters_YES_on_impossible/05_alignment_MT/01_intermediate/449_marked.bai.
Finished job 66.
55 of 167 steps (33%) done

Job 47: >> 449 : BaseRecal MT

Activating conda environment /home/PERSONALE/eugenio.fonzi2/WESPipeline/.snakemake/conda/e35b1969.
Finished job 47.
56 of 167 steps (34%) done

Job 48: >> 449 : PostRecalTable MT


Activating conda environment /home/PERSONALE/eugenio.fonzi2/WESPipeline/.snakemake/conda/e35b1969.
Job 184: >> 449 : PrintReads MT

Activating conda environment /home/PERSONALE/eugenio.fonzi2/WESPipeline/.snakemake/conda/e35b1969.
Finished job 48.
57 of 167 steps (34%) done

Job 20: >> 449 : AnalyzeCovariates MT

Activating conda environment /home/PERSONALE/eugenio.fonzi2/WESPipeline/.snakemake/conda/e35b1969.
Finished job 20.
58 of 167 steps (35%) done
Finished job 79.
59 of 167 steps (35%) done

Job 59: >> 461 : IndelRealigner genome

Activating conda environment /home/PERSONALE/eugenio.fonzi2/WESPipeline/.snakemake/conda/e35b1969.
Removing temporary output file /home/PERSONALE/eugenio.fonzi2/ANALYSES_WES/180105_test_adapters_YES_on_impossible/03_alignment_genome/01_intermediate/449.sam.
Finished job 118.
60 of 167 steps (36%) done

Job 85: >> 449 : marking genome

Activating conda environment /home/PERSONALE/eugenio.fonzi2/WESPipeline/.snakemake/conda/e35b1969.
Removing temporary output file /home/PERSONALE/eugenio.fonzi2/ANALYSES_WES/180105_test_adapters_YES_on_impossible/02_fastq_trimmed/416_R1.fastq.
Removing temporary output file /home/PERSONALE/eugenio.fonzi2/ANALYSES_WES/180105_test_adapters_YES_on_impossible/02_fastq_trimmed/416_R2.fastq.
Finished job 161.
61 of 167 steps (37%) done

Job 139: >> 416 : sorting genome

Activating conda environment /home/PERSONALE/eugenio.fonzi2/WESPipeline/.snakemake/conda/e35b1969.
Removing temporary output file /home/PERSONALE/eugenio.fonzi2/ANALYSES_WES/180105_test_adapters_YES_on_impossible/04_alignment_exome/01_intermediate/416.sam.
Finished job 195.
62 of 167 steps (37%) done

Job 191: >> 416 : extractUnmapped extract

Activating conda environment /home/PERSONALE/eugenio.fonzi2/WESPipeline/.snakemake/conda/e35b1969.
Removing temporary output file /home/PERSONALE/eugenio.fonzi2/ANALYSES_WES/180105_test_adapters_YES_on_impossible/05_alignment_MT/01_intermediate/449_realigned.bai.
Removing temporary output file /home/PERSONALE/eugenio.fonzi2/ANALYSES_WES/180105_test_adapters_YES_on_impossible/05_alignment_MT/01_intermediate/449_realigned.bam.
Finished job 184.
63 of 167 steps (38%) done

Job 178: >> 449 : Varscan on sample MT alignment

Activating conda environment /home/PERSONALE/eugenio.fonzi2/WESPipeline/.snakemake/conda/e35b1969.
Finished job 178.
64 of 167 steps (38%) done
Removing temporary output file /home/PERSONALE/eugenio.fonzi2/ANALYSES_WES/180105_test_adapters_YES_on_impossible/04_alignment_exome/01_intermediate/416_sorted.bam.
Finished job 191.
65 of 167 steps (39%) done

Job 187: >> 416 : extractUnmapped convert

Activating conda environment /home/PERSONALE/eugenio.fonzi2/WESPipeline/.snakemake/conda/e35b1969.
Removing temporary output file /home/PERSONALE/eugenio.fonzi2/ANALYSES_WES/180105_test_adapters_YES_on_impossible/04_alignment_exome/01_intermediate/416_unmapped.bam.
Finished job 187.
66 of 167 steps (40%) done

Job 160: >> 416 : Aligning to reference MITOCHONDRIAL GENOME

Activating conda environment /home/PERSONALE/eugenio.fonzi2/WESPipeline/.snakemake/conda/e35b1969.
Removing temporary output file /home/PERSONALE/eugenio.fonzi2/ANALYSES_WES/180105_test_adapters_YES_on_impossible/03_alignment_genome/01_intermediate/461_marked.bam.
Removing temporary output file /home/PERSONALE/eugenio.fonzi2/ANALYSES_WES/180105_test_adapters_YES_on_impossible/03_alignment_genome/01_intermediate/461_marked.bai.
Finished job 59.
67 of 167 steps (40%) done

Job 36: >> 461 : BaseRecal genome

Activating conda environment /home/PERSONALE/eugenio.fonzi2/WESPipeline/.snakemake/conda/e35b1969.
Removing temporary output file /home/PERSONALE/eugenio.fonzi2/ANALYSES_WES/180105_test_adapters_YES_on_impossible/04_alignment_exome/02_unmapped_fastq/416_R2.unmapped.fastq.
Removing temporary output file /home/PERSONALE/eugenio.fonzi2/ANALYSES_WES/180105_test_adapters_YES_on_impossible/04_alignment_exome/02_unmapped_fastq/416_R1.unmapped.fastq.
Finished job 160.
68 of 167 steps (41%) done

Job 138: >> 416 : sorting MT

Activating conda environment /home/PERSONALE/eugenio.fonzi2/WESPipeline/.snakemake/conda/e35b1969.
Removing temporary output file /home/PERSONALE/eugenio.fonzi2/ANALYSES_WES/180105_test_adapters_YES_on_impossible/03_alignment_genome/01_intermediate/449_sorted.bam.
Finished job 85.
69 of 167 steps (41%) done

Job 84: >> 449 : indexing genome

Activating conda environment /home/PERSONALE/eugenio.fonzi2/WESPipeline/.snakemake/conda/e35b1969.
Removing temporary output file /home/PERSONALE/eugenio.fonzi2/ANALYSES_WES/180105_test_adapters_YES_on_impossible/05_alignment_MT/01_intermediate/416.sam.
Finished job 138.
70 of 167 steps (42%) done

Job 101: >> 416 : marking MT

Activating conda environment /home/PERSONALE/eugenio.fonzi2/WESPipeline/.snakemake/conda/e35b1969.
Finished job 197.
71 of 167 steps (43%) done

Job 193: >> 426 : sorting exome

Activating conda environment /home/PERSONALE/eugenio.fonzi2/WESPipeline/.snakemake/conda/e35b1969.
Removing temporary output file /home/PERSONALE/eugenio.fonzi2/ANALYSES_WES/180105_test_adapters_YES_on_impossible/05_alignment_MT/01_intermediate/416_sorted.bam.
Finished job 101.
72 of 167 steps (43%) done

Job 103: >> 416 : indexing MT

Activating conda environment /home/PERSONALE/eugenio.fonzi2/WESPipeline/.snakemake/conda/e35b1969.
Finished job 84.
73 of 167 steps (44%) done

Job 83: >> 449 : RTC genome

Activating conda environment /home/PERSONALE/eugenio.fonzi2/WESPipeline/.snakemake/conda/e35b1969.
Finished job 103.
74 of 167 steps (44%) done

Job 102: >> 416 : RTC MT

Activating conda environment /home/PERSONALE/eugenio.fonzi2/WESPipeline/.snakemake/conda/e35b1969.
Finished job 102.
75 of 167 steps (45%) done

Job 67: >> 416 : IndelRealigner MT

Activating conda environment /home/PERSONALE/eugenio.fonzi2/WESPipeline/.snakemake/conda/e35b1969.
Finished job 83.
76 of 167 steps (46%) done

Job 61: >> 449 : IndelRealigner genome

Activating conda environment /home/PERSONALE/eugenio.fonzi2/WESPipeline/.snakemake/conda/e35b1969.
Removing temporary output file /home/PERSONALE/eugenio.fonzi2/ANALYSES_WES/180105_test_adapters_YES_on_impossible/05_alignment_MT/01_intermediate/416_marked.bam.
Removing temporary output file /home/PERSONALE/eugenio.fonzi2/ANALYSES_WES/180105_test_adapters_YES_on_impossible/05_alignment_MT/01_intermediate/416_marked.bai.
Finished job 67.
77 of 167 steps (46%) done

Job 49: >> 416 : BaseRecal MT

Activating conda environment /home/PERSONALE/eugenio.fonzi2/WESPipeline/.snakemake/conda/e35b1969.
Finished job 49.
78 of 167 steps (47%) done

Job 50: >> 416 : PostRecalTable MT


Activating conda environment /home/PERSONALE/eugenio.fonzi2/WESPipeline/.snakemake/conda/e35b1969.
Job 185: >> 416 : PrintReads MT

Activating conda environment /home/PERSONALE/eugenio.fonzi2/WESPipeline/.snakemake/conda/e35b1969.
Removing temporary output file /home/PERSONALE/eugenio.fonzi2/ANALYSES_WES/180105_test_adapters_YES_on_impossible/03_alignment_genome/01_intermediate/416.sam.
Finished job 139.
79 of 167 steps (47%) done

Job 106: >> 416 : marking genome

Activating conda environment /home/PERSONALE/eugenio.fonzi2/WESPipeline/.snakemake/conda/e35b1969.
Finished job 50.
80 of 167 steps (48%) done

Job 24: >> 416 : AnalyzeCovariates MT

Activating conda environment /home/PERSONALE/eugenio.fonzi2/WESPipeline/.snakemake/conda/e35b1969.
Finished job 24.
81 of 167 steps (49%) done
Removing temporary output file /home/PERSONALE/eugenio.fonzi2/ANALYSES_WES/180105_test_adapters_YES_on_impossible/05_alignment_MT/01_intermediate/416_realigned.bai.
Removing temporary output file /home/PERSONALE/eugenio.fonzi2/ANALYSES_WES/180105_test_adapters_YES_on_impossible/05_alignment_MT/01_intermediate/416_realigned.bam.
Finished job 185.
82 of 167 steps (49%) done

Job 179: >> 416 : Varscan on sample MT alignment


Activating conda environment /home/PERSONALE/eugenio.fonzi2/WESPipeline/.snakemake/conda/e35b1969.
Job 158: >> 60 : MuTect on MT alignment

Activating conda environment /home/PERSONALE/eugenio.fonzi2/WESPipeline/.snakemake/conda/a055426f.
Finished job 158.
83 of 167 steps (50%) done
Finished job 179.
84 of 167 steps (50%) done

Job 155: >> 60 : Varscan on patient MT alignment

Activating conda environment /home/PERSONALE/eugenio.fonzi2/WESPipeline/.snakemake/conda/e35b1969.
Removing temporary output file /home/PERSONALE/eugenio.fonzi2/ANALYSES_WES/180105_test_adapters_YES_on_impossible/09_varscan_MT/01_mpileup/449.mpileup.
Removing temporary output file /home/PERSONALE/eugenio.fonzi2/ANALYSES_WES/180105_test_adapters_YES_on_impossible/09_varscan_MT/01_mpileup/416.mpileup.
Finished job 155.
85 of 167 steps (51%) done
Finished job 36.
86 of 167 steps (51%) done

Job 174: >> 461 : PrintReads genome


Activating conda environment /home/PERSONALE/eugenio.fonzi2/WESPipeline/.snakemake/conda/e35b1969.
Job 37: >> 461 : PostRecalTable genome

Activating conda environment /home/PERSONALE/eugenio.fonzi2/WESPipeline/.snakemake/conda/e35b1969.
Removing temporary output file /home/PERSONALE/eugenio.fonzi2/ANALYSES_WES/180105_test_adapters_YES_on_impossible/03_alignment_genome/01_intermediate/449_marked.bai.
Removing temporary output file /home/PERSONALE/eugenio.fonzi2/ANALYSES_WES/180105_test_adapters_YES_on_impossible/03_alignment_genome/01_intermediate/449_marked.bam.
Finished job 61.
87 of 167 steps (52%) done

Job 41: >> 449 : BaseRecal genome

Activating conda environment /home/PERSONALE/eugenio.fonzi2/WESPipeline/.snakemake/conda/e35b1969.
Removing temporary output file /home/PERSONALE/eugenio.fonzi2/ANALYSES_WES/180105_test_adapters_YES_on_impossible/03_alignment_genome/01_intermediate/416_sorted.bam.
Finished job 106.
88 of 167 steps (53%) done

Job 105: >> 416 : indexing genome

Activating conda environment /home/PERSONALE/eugenio.fonzi2/WESPipeline/.snakemake/conda/e35b1969.
Finished job 105.
89 of 167 steps (53%) done

Job 104: >> 416 : RTC genome

Activating conda environment /home/PERSONALE/eugenio.fonzi2/WESPipeline/.snakemake/conda/e35b1969.
Removing temporary output file /home/PERSONALE/eugenio.fonzi2/ANALYSES_WES/180105_test_adapters_YES_on_impossible/04_alignment_exome/01_intermediate/426.sam.
Finished job 193.
90 of 167 steps (54%) done

Job 189: >> 426 : extractUnmapped extract

Activating conda environment /home/PERSONALE/eugenio.fonzi2/WESPipeline/.snakemake/conda/e35b1969.
Finished job 104.
91 of 167 steps (54%) done

Job 68: >> 416 : IndelRealigner genome

Activating conda environment /home/PERSONALE/eugenio.fonzi2/WESPipeline/.snakemake/conda/e35b1969.
Removing temporary output file /home/PERSONALE/eugenio.fonzi2/ANALYSES_WES/180105_test_adapters_YES_on_impossible/02_fastq_trimmed/426_R2.fastq.
Removing temporary output file /home/PERSONALE/eugenio.fonzi2/ANALYSES_WES/180105_test_adapters_YES_on_impossible/02_fastq_trimmed/426_R1.fastq.
Finished job 148.
92 of 167 steps (55%) done

Job 117: >> 426 : sorting genome

Activating conda environment /home/PERSONALE/eugenio.fonzi2/WESPipeline/.snakemake/conda/e35b1969.
Finished job 41.
93 of 167 steps (56%) done

Job 183: >> 449 : PrintReads genome


Activating conda environment /home/PERSONALE/eugenio.fonzi2/WESPipeline/.snakemake/conda/e35b1969.
Job 40: >> 449 : PostRecalTable genome

Activating conda environment /home/PERSONALE/eugenio.fonzi2/WESPipeline/.snakemake/conda/e35b1969.
Removing temporary output file /home/PERSONALE/eugenio.fonzi2/ANALYSES_WES/180105_test_adapters_YES_on_impossible/04_alignment_exome/01_intermediate/426_sorted.bam.
Finished job 189.
94 of 167 steps (56%) done

Job 165: >> 426 : extractUnmapped convert

Activating conda environment /home/PERSONALE/eugenio.fonzi2/WESPipeline/.snakemake/conda/e35b1969.
Finished job 174.
95 of 167 steps (57%) done

Job 168: >> 461 : Varscan on sample genomic alignment

Activating conda environment /home/PERSONALE/eugenio.fonzi2/WESPipeline/.snakemake/conda/e35b1969.
Removing temporary output file /home/PERSONALE/eugenio.fonzi2/ANALYSES_WES/180105_test_adapters_YES_on_impossible/04_alignment_exome/01_intermediate/426_unmapped.bam.
Finished job 165.
96 of 167 steps (57%) done

Job 146: >> 426 : Aligning to reference MITOCHONDRIAL GENOME

Activating conda environment /home/PERSONALE/eugenio.fonzi2/WESPipeline/.snakemake/conda/e35b1969.
Removing temporary output file /home/PERSONALE/eugenio.fonzi2/ANALYSES_WES/180105_test_adapters_YES_on_impossible/04_alignment_exome/02_unmapped_fastq/426_R2.unmapped.fastq.
Removing temporary output file /home/PERSONALE/eugenio.fonzi2/ANALYSES_WES/180105_test_adapters_YES_on_impossible/04_alignment_exome/02_unmapped_fastq/426_R1.unmapped.fastq.
Finished job 146.
97 of 167 steps (58%) done

Job 113: >> 426 : sorting MT

Activating conda environment /home/PERSONALE/eugenio.fonzi2/WESPipeline/.snakemake/conda/e35b1969.
Removing temporary output file /home/PERSONALE/eugenio.fonzi2/ANALYSES_WES/180105_test_adapters_YES_on_impossible/05_alignment_MT/01_intermediate/426.sam.
Finished job 113.
98 of 167 steps (59%) done

Job 73: >> 426 : marking MT

Activating conda environment /home/PERSONALE/eugenio.fonzi2/WESPipeline/.snakemake/conda/e35b1969.
Removing temporary output file /home/PERSONALE/eugenio.fonzi2/ANALYSES_WES/180105_test_adapters_YES_on_impossible/03_alignment_genome/01_intermediate/416_marked.bai.
Removing temporary output file /home/PERSONALE/eugenio.fonzi2/ANALYSES_WES/180105_test_adapters_YES_on_impossible/03_alignment_genome/01_intermediate/416_marked.bam.
Finished job 68.
99 of 167 steps (59%) done

Job 51: >> 416 : BaseRecal genome

Activating conda environment /home/PERSONALE/eugenio.fonzi2/WESPipeline/.snakemake/conda/e35b1969.
Removing temporary output file /home/PERSONALE/eugenio.fonzi2/ANALYSES_WES/180105_test_adapters_YES_on_impossible/05_alignment_MT/01_intermediate/426_sorted.bam.
Finished job 73.
100 of 167 steps (60%) done

Job 75: >> 426 : indexing MT

Activating conda environment /home/PERSONALE/eugenio.fonzi2/WESPipeline/.snakemake/conda/e35b1969.
Finished job 75.
101 of 167 steps (60%) done

Job 74: >> 426 : RTC MT

Activating conda environment /home/PERSONALE/eugenio.fonzi2/WESPipeline/.snakemake/conda/e35b1969.
Finished job 74.
102 of 167 steps (61%) done

Job 57: >> 426 : IndelRealigner MT

Activating conda environment /home/PERSONALE/eugenio.fonzi2/WESPipeline/.snakemake/conda/e35b1969.
Finished job 168.
103 of 167 steps (62%) done
Removing temporary output file /home/PERSONALE/eugenio.fonzi2/ANALYSES_WES/180105_test_adapters_YES_on_impossible/03_alignment_genome/01_intermediate/461_realigned.bam.
Removing temporary output file /home/PERSONALE/eugenio.fonzi2/ANALYSES_WES/180105_test_adapters_YES_on_impossible/03_alignment_genome/01_intermediate/461_realigned.bai.
Finished job 37.
104 of 167 steps (62%) done

Job 8: >> 461 : AnalyzeCovariates genome

Activating conda environment /home/PERSONALE/eugenio.fonzi2/WESPipeline/.snakemake/conda/e35b1969.
Finished job 8.
105 of 167 steps (63%) done
Removing temporary output file /home/PERSONALE/eugenio.fonzi2/ANALYSES_WES/180105_test_adapters_YES_on_impossible/05_alignment_MT/01_intermediate/426_marked.bam.
Removing temporary output file /home/PERSONALE/eugenio.fonzi2/ANALYSES_WES/180105_test_adapters_YES_on_impossible/05_alignment_MT/01_intermediate/426_marked.bai.
Finished job 57.
106 of 167 steps (63%) done

Job 34: >> 426 : BaseRecal MT

Activating conda environment /home/PERSONALE/eugenio.fonzi2/WESPipeline/.snakemake/conda/e35b1969.
Finished job 34.
107 of 167 steps (64%) done

Job 35: >> 426 : PostRecalTable MT


Activating conda environment /home/PERSONALE/eugenio.fonzi2/WESPipeline/.snakemake/conda/e35b1969.
Job 169: >> 426 : PrintReads MT

Activating conda environment /home/PERSONALE/eugenio.fonzi2/WESPipeline/.snakemake/conda/e35b1969.
Finished job 35.
108 of 167 steps (65%) done

Job 7: >> 426 : AnalyzeCovariates MT

Activating conda environment /home/PERSONALE/eugenio.fonzi2/WESPipeline/.snakemake/conda/e35b1969.
Finished job 7.
109 of 167 steps (65%) done
Removing temporary output file /home/PERSONALE/eugenio.fonzi2/ANALYSES_WES/180105_test_adapters_YES_on_impossible/03_alignment_genome/01_intermediate/426.sam.
Finished job 117.
110 of 167 steps (66%) done

Job 81: >> 426 : marking genome

Activating conda environment /home/PERSONALE/eugenio.fonzi2/WESPipeline/.snakemake/conda/e35b1969.
Removing temporary output file /home/PERSONALE/eugenio.fonzi2/ANALYSES_WES/180105_test_adapters_YES_on_impossible/05_alignment_MT/01_intermediate/426_realigned.bam.
Removing temporary output file /home/PERSONALE/eugenio.fonzi2/ANALYSES_WES/180105_test_adapters_YES_on_impossible/05_alignment_MT/01_intermediate/426_realigned.bai.
Finished job 169.
111 of 167 steps (66%) done

Job 152: >> 61 : MuTect on MT alignment


Activating conda environment /home/PERSONALE/eugenio.fonzi2/WESPipeline/.snakemake/conda/a055426f.
Job 176: >> 426 : Varscan on sample MT alignment

Activating conda environment /home/PERSONALE/eugenio.fonzi2/WESPipeline/.snakemake/conda/e35b1969.
Finished job 152.
112 of 167 steps (67%) done
Finished job 176.
113 of 167 steps (68%) done

Job 154: >> 61 : Varscan on patient MT alignment

Activating conda environment /home/PERSONALE/eugenio.fonzi2/WESPipeline/.snakemake/conda/e35b1969.
Removing temporary output file /home/PERSONALE/eugenio.fonzi2/ANALYSES_WES/180105_test_adapters_YES_on_impossible/09_varscan_MT/01_mpileup/426.mpileup.
Removing temporary output file /home/PERSONALE/eugenio.fonzi2/ANALYSES_WES/180105_test_adapters_YES_on_impossible/09_varscan_MT/01_mpileup/461.mpileup.
Finished job 154.
114 of 167 steps (68%) done
Finished job 51.
115 of 167 steps (69%) done

Job 182: >> 416 : PrintReads genome


Activating conda environment /home/PERSONALE/eugenio.fonzi2/WESPipeline/.snakemake/conda/e35b1969.
Job 52: >> 416 : PostRecalTable genome

Activating conda environment /home/PERSONALE/eugenio.fonzi2/WESPipeline/.snakemake/conda/e35b1969.
Finished job 183.
116 of 167 steps (69%) done

Job 181: >> 449 : Varscan on sample genomic alignment

Activating conda environment /home/PERSONALE/eugenio.fonzi2/WESPipeline/.snakemake/conda/e35b1969.
Finished job 181.
117 of 167 steps (70%) done
Removing temporary output file /home/PERSONALE/eugenio.fonzi2/ANALYSES_WES/180105_test_adapters_YES_on_impossible/03_alignment_genome/01_intermediate/449_realigned.bai.
Removing temporary output file /home/PERSONALE/eugenio.fonzi2/ANALYSES_WES/180105_test_adapters_YES_on_impossible/03_alignment_genome/01_intermediate/449_realigned.bam.
Finished job 40.
118 of 167 steps (71%) done

Job 10: >> 449 : AnalyzeCovariates genome

Activating conda environment /home/PERSONALE/eugenio.fonzi2/WESPipeline/.snakemake/conda/e35b1969.
Finished job 10.
119 of 167 steps (71%) done
Removing temporary output file /home/PERSONALE/eugenio.fonzi2/ANALYSES_WES/180105_test_adapters_YES_on_impossible/03_alignment_genome/01_intermediate/426_sorted.bam.
Finished job 81.
120 of 167 steps (72%) done

Job 82: >> 426 : indexing genome

Activating conda environment /home/PERSONALE/eugenio.fonzi2/WESPipeline/.snakemake/conda/e35b1969.
Finished job 82.
121 of 167 steps (72%) done

Job 80: >> 426 : RTC genome

Activating conda environment /home/PERSONALE/eugenio.fonzi2/WESPipeline/.snakemake/conda/e35b1969.
Finished job 80.
122 of 167 steps (73%) done

Job 60: >> 426 : IndelRealigner genome

Activating conda environment /home/PERSONALE/eugenio.fonzi2/WESPipeline/.snakemake/conda/e35b1969.
Finished job 182.
123 of 167 steps (74%) done

Job 157: >> 60 : MuTect on genomic alignment


Activating conda environment /home/PERSONALE/eugenio.fonzi2/WESPipeline/.snakemake/conda/a055426f.
Job 180: >> 416 : Varscan on sample genomic alignment

Activating conda environment /home/PERSONALE/eugenio.fonzi2/WESPipeline/.snakemake/conda/e35b1969.
Removing temporary output file /home/PERSONALE/eugenio.fonzi2/ANALYSES_WES/180105_test_adapters_YES_on_impossible/03_alignment_genome/01_intermediate/426_marked.bam.
Removing temporary output file /home/PERSONALE/eugenio.fonzi2/ANALYSES_WES/180105_test_adapters_YES_on_impossible/03_alignment_genome/01_intermediate/426_marked.bai.
Finished job 60.
124 of 167 steps (74%) done

Job 39: >> 426 : BaseRecal genome

Activating conda environment /home/PERSONALE/eugenio.fonzi2/WESPipeline/.snakemake/conda/e35b1969.
Finished job 180.
125 of 167 steps (75%) done

Job 156: >> 60 : Varscan on patient genomic alignment

Activating conda environment /home/PERSONALE/eugenio.fonzi2/WESPipeline/.snakemake/conda/e35b1969.
Removing temporary output file /home/PERSONALE/eugenio.fonzi2/ANALYSES_WES/180105_test_adapters_YES_on_impossible/03_alignment_genome/01_intermediate/416_realigned.bam.
Removing temporary output file /home/PERSONALE/eugenio.fonzi2/ANALYSES_WES/180105_test_adapters_YES_on_impossible/03_alignment_genome/01_intermediate/416_realigned.bai.
Finished job 52.
126 of 167 steps (75%) done

Job 26: >> 416 : AnalyzeCovariates genome

Activating conda environment /home/PERSONALE/eugenio.fonzi2/WESPipeline/.snakemake/conda/e35b1969.
Finished job 26.
127 of 167 steps (76%) done
Finished job 39.
128 of 167 steps (77%) done

Job 38: >> 426 : PostRecalTable genome


Activating conda environment /home/PERSONALE/eugenio.fonzi2/WESPipeline/.snakemake/conda/e35b1969.
Job 175: >> 426 : PrintReads genome

Activating conda environment /home/PERSONALE/eugenio.fonzi2/WESPipeline/.snakemake/conda/e35b1969.
Removing temporary output file /home/PERSONALE/eugenio.fonzi2/ANALYSES_WES/180105_test_adapters_YES_on_impossible/08_varscan_genome/01_mpileup/416.mpileup.
Removing temporary output file /home/PERSONALE/eugenio.fonzi2/ANALYSES_WES/180105_test_adapters_YES_on_impossible/08_varscan_genome/01_mpileup/449.mpileup.
Finished job 156.
129 of 167 steps (77%) done
Finished job 157.
130 of 167 steps (78%) done

Job 136: >> 60 : Merge and Write Variants

Finished job 136.
131 of 167 steps (78%) done

Job 134: >> 60 : Varscan Filter Somatic Indel


Activating conda environment /home/PERSONALE/eugenio.fonzi2/WESPipeline/.snakemake/conda/e35b1969.
Job 135: >> 60 : Varscan Filter Somatic SNV

Activating conda environment /home/PERSONALE/eugenio.fonzi2/WESPipeline/.snakemake/conda/e35b1969.
Finished job 134.
132 of 167 steps (79%) done
Removing temporary output file /home/PERSONALE/eugenio.fonzi2/ANALYSES_WES/180105_test_adapters_YES_on_impossible/10_variants_filter/60_varscan_snv_temp1.tsv.
Removing temporary output file /home/PERSONALE/eugenio.fonzi2/ANALYSES_WES/180105_test_adapters_YES_on_impossible/10_variants_filter/60_varscan_indel_temp1.tsv.
Finished job 135.
133 of 167 steps (80%) done

Job 95: >> 60 : Keep Only Variants

Removing temporary output file /home/PERSONALE/eugenio.fonzi2/ANALYSES_WES/180105_test_adapters_YES_on_impossible/10_variants_filter/60_varscan_indel_temp2.tsv.
Removing temporary output file /home/PERSONALE/eugenio.fonzi2/ANALYSES_WES/180105_test_adapters_YES_on_impossible/10_variants_filter/60_varscan_snv_temp2.tsv.
Finished job 95.
134 of 167 steps (80%) done

Job 133: >> 60 : Split muTect Variants

Job 132: >> 60 : Split Varscan Variants

Finished job 132.
135 of 167 steps (81%) done

Job 92: >> 60 : annotating with ANNOVAR varscan genome variants

Job 96: >> 60 : annotating with ANNOVAR varscan MT variants

Finished job 133.
136 of 167 steps (81%) done

Job 93: >> 60 : annotating with ANNOVAR muTect genome variants

Job 94: >> 60 : annotating with ANNOVAR muTect MT variants

Finished job 94.
137 of 167 steps (82%) done
Finished job 96.
138 of 167 steps (83%) done
Finished job 93.
139 of 167 steps (83%) done
Finished job 92.
140 of 167 steps (84%) done

Job 64: >> 60 : merging muTect and Varscan Variants

Finished job 64.
141 of 167 steps (84%) done

Job 97: >> 60 : create rsID table

Finished job 97.
142 of 167 steps (85%) done

Job 65: >> 60 : filtering exonic/non-synonymous/non-polymorphic

Activating conda environment /home/PERSONALE/eugenio.fonzi2/WESPipeline/.snakemake/conda/28d822a6.
Removing temporary output file /home/PERSONALE/eugenio.fonzi2/ANALYSES_WES/180105_test_adapters_YES_on_impossible/10_variants_filter/60_rsID.tsv.
Finished job 65.
143 of 167 steps (86%) done

Job 43: >> 60 : checking MAFs

Removing temporary output file 60_rsID_maf.tsv.
Finished job 43.
144 of 167 steps (86%) done

Job 12: >> 60 : Removing segdups variants

Finished job 12.
145 of 167 steps (87%) done
Finished job 175.
146 of 167 steps (87%) done

Job 153: >> 61 : MuTect on genomic alignment


Activating conda environment /home/PERSONALE/eugenio.fonzi2/WESPipeline/.snakemake/conda/a055426f.
Job 167: >> 426 : Varscan on sample genomic alignment

Activating conda environment /home/PERSONALE/eugenio.fonzi2/WESPipeline/.snakemake/conda/e35b1969.
Removing temporary output file /home/PERSONALE/eugenio.fonzi2/ANALYSES_WES/180105_test_adapters_YES_on_impossible/03_alignment_genome/01_intermediate/426_realigned.bam.
Removing temporary output file /home/PERSONALE/eugenio.fonzi2/ANALYSES_WES/180105_test_adapters_YES_on_impossible/03_alignment_genome/01_intermediate/426_realigned.bai.
Finished job 38.
147 of 167 steps (88%) done

Job 9: >> 426 : AnalyzeCovariates genome

Activating conda environment /home/PERSONALE/eugenio.fonzi2/WESPipeline/.snakemake/conda/e35b1969.
Finished job 9.
148 of 167 steps (89%) done
Finished job 167.
149 of 167 steps (89%) done

Job 151: >> 61 : Varscan on patient genomic alignment

Activating conda environment /home/PERSONALE/eugenio.fonzi2/WESPipeline/.snakemake/conda/e35b1969.
Removing temporary output file /home/PERSONALE/eugenio.fonzi2/ANALYSES_WES/180105_test_adapters_YES_on_impossible/08_varscan_genome/01_mpileup/426.mpileup.
Removing temporary output file /home/PERSONALE/eugenio.fonzi2/ANALYSES_WES/180105_test_adapters_YES_on_impossible/08_varscan_genome/01_mpileup/461.mpileup.
Finished job 151.
150 of 167 steps (90%) done
Finished job 153.
151 of 167 steps (90%) done

Job 130: >> 61 : Merge and Write Variants

Finished job 130.
152 of 167 steps (91%) done

Job 129: >> 61 : Varscan Filter Somatic SNV


Activating conda environment /home/PERSONALE/eugenio.fonzi2/WESPipeline/.snakemake/conda/e35b1969.
Job 131: >> 61 : Varscan Filter Somatic Indel

Activating conda environment /home/PERSONALE/eugenio.fonzi2/WESPipeline/.snakemake/conda/e35b1969.
Finished job 131.
153 of 167 steps (92%) done
Removing temporary output file /home/PERSONALE/eugenio.fonzi2/ANALYSES_WES/180105_test_adapters_YES_on_impossible/10_variants_filter/61_varscan_indel_temp1.tsv.
Removing temporary output file /home/PERSONALE/eugenio.fonzi2/ANALYSES_WES/180105_test_adapters_YES_on_impossible/10_variants_filter/61_varscan_snv_temp1.tsv.
Finished job 129.
154 of 167 steps (92%) done

Job 88: >> 61 : Keep Only Variants

Removing temporary output file /home/PERSONALE/eugenio.fonzi2/ANALYSES_WES/180105_test_adapters_YES_on_impossible/10_variants_filter/61_varscan_snv_temp2.tsv.
Removing temporary output file /home/PERSONALE/eugenio.fonzi2/ANALYSES_WES/180105_test_adapters_YES_on_impossible/10_variants_filter/61_varscan_indel_temp2.tsv.
Finished job 88.
155 of 167 steps (93%) done

Job 122: >> 61 : Split Varscan Variants

Job 128: >> 61 : Split muTect Variants

Finished job 122.
156 of 167 steps (93%) done
Finished job 128.
157 of 167 steps (94%) done

Job 87: >> 61 : annotating with ANNOVAR muTect MT variants

Job 86: >> 61 : annotating with ANNOVAR varscan MT variants

Job 89: >> 61 : annotating with ANNOVAR muTect genome variants

Job 90: >> 61 : annotating with ANNOVAR varscan genome variants

Finished job 87.
158 of 167 steps (95%) done
Finished job 86.
159 of 167 steps (95%) done
Finished job 89.
160 of 167 steps (96%) done
Finished job 90.
161 of 167 steps (96%) done

Job 62: >> 61 : merging muTect and Varscan Variants

Finished job 62.
162 of 167 steps (97%) done

Job 91: >> 61 : create rsID table

Finished job 91.
163 of 167 steps (98%) done

Job 63: >> 61 : filtering exonic/non-synonymous/non-polymorphic

Activating conda environment /home/PERSONALE/eugenio.fonzi2/WESPipeline/.snakemake/conda/28d822a6.
Removing temporary output file /home/PERSONALE/eugenio.fonzi2/ANALYSES_WES/180105_test_adapters_YES_on_impossible/10_variants_filter/61_rsID.tsv.
Finished job 63.
164 of 167 steps (98%) done

Job 42: >> 61 : checking MAFs

Removing temporary output file 61_rsID_maf.tsv.
Finished job 42.
165 of 167 steps (99%) done

Job 11: >> 61 : Removing segdups variants

Finished job 11.
166 of 167 steps (99%) done

Job 0:  THE END 

Finished job 0.
167 of 167 steps (100%) done
