Building DAG of jobs...
Provided cores: 1
Rules claiming more threads will be scaled down.
Job counts:
	count	jobs
	1	all
	3	four
	4	one
	4	three
	3	two
	15

rule two:
    output: /home/PERSONALE/eugenio.fonzi2/ANALYSES_WES/provina3/b.txt
    jobid: 8
    wildcards: patient=b

Finished job 8.
1 of 15 steps (7%) done

rule one:
    output: /home/PERSONALE/eugenio.fonzi2/ANALYSES_WES/provina3/56.txt
    jobid: 9
    wildcards: sample=56

Finished job 9.
2 of 15 steps (13%) done

rule one:
    output: /home/PERSONALE/eugenio.fonzi2/ANALYSES_WES/provina3/34.txt
    jobid: 10
    wildcards: sample=34

Finished job 10.
3 of 15 steps (20%) done

rule two:
    output: /home/PERSONALE/eugenio.fonzi2/ANALYSES_WES/provina3/c.txt
    jobid: 12
    wildcards: patient=c

Finished job 12.
4 of 15 steps (27%) done

rule two:
    output: /home/PERSONALE/eugenio.fonzi2/ANALYSES_WES/provina3/a.txt
    jobid: 11
    wildcards: patient=a

Finished job 11.
5 of 15 steps (33%) done

rule one:
    output: /home/PERSONALE/eugenio.fonzi2/ANALYSES_WES/provina3/78.txt
    jobid: 14
    wildcards: sample=78

Finished job 14.
6 of 15 steps (40%) done

rule one:
    output: /home/PERSONALE/eugenio.fonzi2/ANALYSES_WES/provina3/12.txt
    jobid: 13
    wildcards: sample=12

Finished job 13.
7 of 15 steps (47%) done

rule four:
    input: /home/PERSONALE/eugenio.fonzi2/ANALYSES_WES/provina3/b.txt
    output: /home/PERSONALE/eugenio.fonzi2/ANALYSES_WES/provina3/b.tsv
    jobid: 1
    wildcards: patient=b

Finished job 1.
8 of 15 steps (53%) done

rule three:
    input: /home/PERSONALE/eugenio.fonzi2/ANALYSES_WES/provina3/56.txt
    output: /home/PERSONALE/eugenio.fonzi2/ANALYSES_WES/provina3/56.tsv
    jobid: 2
    wildcards: sample=56

Finished job 2.
9 of 15 steps (60%) done

rule four:
    input: /home/PERSONALE/eugenio.fonzi2/ANALYSES_WES/provina3/a.txt
    output: /home/PERSONALE/eugenio.fonzi2/ANALYSES_WES/provina3/a.tsv
    jobid: 4
    wildcards: patient=a

Finished job 4.
10 of 15 steps (67%) done

rule three:
    input: /home/PERSONALE/eugenio.fonzi2/ANALYSES_WES/provina3/34.txt
    output: /home/PERSONALE/eugenio.fonzi2/ANALYSES_WES/provina3/34.tsv
    jobid: 3
    wildcards: sample=34

Finished job 3.
11 of 15 steps (73%) done

rule three:
    input: /home/PERSONALE/eugenio.fonzi2/ANALYSES_WES/provina3/78.txt
    output: /home/PERSONALE/eugenio.fonzi2/ANALYSES_WES/provina3/78.tsv
    jobid: 7
    wildcards: sample=78

Finished job 7.
12 of 15 steps (80%) done

rule four:
    input: /home/PERSONALE/eugenio.fonzi2/ANALYSES_WES/provina3/c.txt
    output: /home/PERSONALE/eugenio.fonzi2/ANALYSES_WES/provina3/c.tsv
    jobid: 5
    wildcards: patient=c

Finished job 5.
13 of 15 steps (87%) done

rule three:
    input: /home/PERSONALE/eugenio.fonzi2/ANALYSES_WES/provina3/12.txt
    output: /home/PERSONALE/eugenio.fonzi2/ANALYSES_WES/provina3/12.tsv
    jobid: 6
    wildcards: sample=12

Finished job 6.
14 of 15 steps (93%) done

localrule all:
    input: /home/PERSONALE/eugenio.fonzi2/ANALYSES_WES/provina3/12.tsv, /home/PERSONALE/eugenio.fonzi2/ANALYSES_WES/provina3/34.tsv, /home/PERSONALE/eugenio.fonzi2/ANALYSES_WES/provina3/56.tsv, /home/PERSONALE/eugenio.fonzi2/ANALYSES_WES/provina3/78.tsv, /home/PERSONALE/eugenio.fonzi2/ANALYSES_WES/provina3/a.tsv, /home/PERSONALE/eugenio.fonzi2/ANALYSES_WES/provina3/b.tsv, /home/PERSONALE/eugenio.fonzi2/ANALYSES_WES/provina3/c.tsv
    jobid: 0

Finished job 0.
15 of 15 steps (100%) done
