Building DAG of jobs...
Provided cores: 32
Rules claiming more threads will be scaled down.
Job counts:
	count	jobs
	6	AnalyzeCovariates_MT
	6	AnalyzeCovariates_genome
	6	BaseRecal_MT
	6	BaseRecal_genome
	6	IndelRealigner_MT
	6	IndelRealigner_genome
	3	KeepOnlyVariants
	3	MergeMutectVarscan
	3	MergeWriteVariants
	3	MutectSplitVariants
	6	PostRecalTable_MT
	6	PostRecalTable_genome
	6	PrintReads_MT
	6	PrintReads_genome
	6	RTC_MT
	6	RTC_genome
	3	Remove_segdups
	3	VarscanSplitVariants
	1	all
	3	annovar_MT_mutect
	3	annovar_MT_varscan
	3	annovar_genome_mutect
	3	annovar_genome_varscan
	3	checkMAFs
	3	create_rsID_table
	6	downloadDecompressMergeFastq
	6	extractUnmapped_convert
	6	extractUnmapped_extract
	6	fastqc_R1
	6	fastqc_R2
	6	fastqc_trimmed_R1
	6	fastqc_trimmed_R2
	3	filterExonicPolymorphic
	3	filterSomatic_Indel
	3	filterSomatic_SNV
	6	indexing_MT
	6	indexing_genome
	6	map_to_MT
	6	map_to_exome
	6	map_to_genome
	6	marking_MT
	6	marking_genome
	3	muTect_MT
	3	muTect_genome
	6	sorting_MT
	6	sorting_exome
	6	sorting_genome
	6	trim
	3	varscan_MT_patient
	6	varscan_MT_sample
	3	varscan_genome_patient
	6	varscan_genome_sample
	250

Job 50: >> 1905 : downloading, decompressing and merging fastq 

Job 58: >> 273 : downloading, decompressing and merging fastq 

Job 45: >> B2044D : downloading, decompressing and merging fastq 

Job 54: >> 218 : downloading, decompressing and merging fastq 

Job 44: >> 3165 : downloading, decompressing and merging fastq 

Job 52: >> B2044S : downloading, decompressing and merging fastq 

Terminating processes on user request.
Error in rule downloadDecompressMergeFastq:
    jobid: 50
Error in rule downloadDecompressMergeFastq:
    output: /home/PERSONALE/eugenio.fonzi2/ANALYSES_WES/180103_test_adapters_YES_on_contaminated/01_fastq/02_postprocess/1905_R1.fastq, /home/PERSONALE/eugenio.fonzi2/ANALYSES_WES/180103_test_adapters_YES_on_contaminated/01_fastq/02_postprocess/1905_R2.fastq
Error in rule downloadDecompressMergeFastq:
    jobid: 45
    log: /home/PERSONALE/eugenio.fonzi2/ANALYSES_WES/180103_test_adapters_YES_on_contaminated/01_fastq/logs/1905_cadaver.log
Error in rule downloadDecompressMergeFastq:
    jobid: 44
    output: /home/PERSONALE/eugenio.fonzi2/ANALYSES_WES/180103_test_adapters_YES_on_contaminated/01_fastq/02_postprocess/B2044D_R1.fastq, /home/PERSONALE/eugenio.fonzi2/ANALYSES_WES/180103_test_adapters_YES_on_contaminated/01_fastq/02_postprocess/B2044D_R2.fastq
Error in rule downloadDecompressMergeFastq:
Error in rule downloadDecompressMergeFastq:

    jobid: 58
    output: /home/PERSONALE/eugenio.fonzi2/ANALYSES_WES/180103_test_adapters_YES_on_contaminated/01_fastq/02_postprocess/3165_R1.fastq, /home/PERSONALE/eugenio.fonzi2/ANALYSES_WES/180103_test_adapters_YES_on_contaminated/01_fastq/02_postprocess/3165_R2.fastq
    log: /home/PERSONALE/eugenio.fonzi2/ANALYSES_WES/180103_test_adapters_YES_on_contaminated/01_fastq/logs/B2044D_cadaver.log
    jobid: 52
    jobid: 54
    output: /home/PERSONALE/eugenio.fonzi2/ANALYSES_WES/180103_test_adapters_YES_on_contaminated/01_fastq/02_postprocess/273_R1.fastq, /home/PERSONALE/eugenio.fonzi2/ANALYSES_WES/180103_test_adapters_YES_on_contaminated/01_fastq/02_postprocess/273_R2.fastq
    log: /home/PERSONALE/eugenio.fonzi2/ANALYSES_WES/180103_test_adapters_YES_on_contaminated/01_fastq/logs/3165_cadaver.log

RuleException:
CalledProcessError in line 410 of /home/PERSONALE/eugenio.fonzi2/WESPipeline/snakefile_03.py:
Command ' set -euo pipefail;  /home/PERSONALE/eugenio.fonzi2/miniconda3/bin/python /home/PERSONALE/eugenio.fonzi2/WESPipeline/scripts/.snakemake.9k13oioc.downloadDecompressMergeFastq_01.py ' returned non-zero exit status 1.
  File "/home/PERSONALE/eugenio.fonzi2/WESPipeline/snakefile_03.py", line 410, in __rule_downloadDecompressMergeFastq
  File "/home/PERSONALE/eugenio.fonzi2/miniconda3/lib/python3.6/concurrent/futures/thread.py", line 56, in run
    output: /home/PERSONALE/eugenio.fonzi2/ANALYSES_WES/180103_test_adapters_YES_on_contaminated/01_fastq/02_postprocess/B2044S_R1.fastq, /home/PERSONALE/eugenio.fonzi2/ANALYSES_WES/180103_test_adapters_YES_on_contaminated/01_fastq/02_postprocess/B2044S_R2.fastq
    output: /home/PERSONALE/eugenio.fonzi2/ANALYSES_WES/180103_test_adapters_YES_on_contaminated/01_fastq/02_postprocess/218_R1.fastq, /home/PERSONALE/eugenio.fonzi2/ANALYSES_WES/180103_test_adapters_YES_on_contaminated/01_fastq/02_postprocess/218_R2.fastq
    log: /home/PERSONALE/eugenio.fonzi2/ANALYSES_WES/180103_test_adapters_YES_on_contaminated/01_fastq/logs/273_cadaver.log

    log: /home/PERSONALE/eugenio.fonzi2/ANALYSES_WES/180103_test_adapters_YES_on_contaminated/01_fastq/logs/B2044S_cadaver.log
RuleException:
CalledProcessError in line 410 of /home/PERSONALE/eugenio.fonzi2/WESPipeline/snakefile_03.py:
Command ' set -euo pipefail;  /home/PERSONALE/eugenio.fonzi2/miniconda3/bin/python /home/PERSONALE/eugenio.fonzi2/WESPipeline/scripts/.snakemake.i9p83p3j.downloadDecompressMergeFastq_01.py ' returned non-zero exit status 1.
  File "/home/PERSONALE/eugenio.fonzi2/WESPipeline/snakefile_03.py", line 410, in __rule_downloadDecompressMergeFastq
  File "/home/PERSONALE/eugenio.fonzi2/miniconda3/lib/python3.6/concurrent/futures/thread.py", line 56, in run
    log: /home/PERSONALE/eugenio.fonzi2/ANALYSES_WES/180103_test_adapters_YES_on_contaminated/01_fastq/logs/218_cadaver.log


RuleException:
CalledProcessError in line 410 of /home/PERSONALE/eugenio.fonzi2/WESPipeline/snakefile_03.py:
Command ' set -euo pipefail;  /home/PERSONALE/eugenio.fonzi2/miniconda3/bin/python /home/PERSONALE/eugenio.fonzi2/WESPipeline/scripts/.snakemake.1ixzhpbi.downloadDecompressMergeFastq_01.py ' returned non-zero exit status 1.
  File "/home/PERSONALE/eugenio.fonzi2/WESPipeline/snakefile_03.py", line 410, in __rule_downloadDecompressMergeFastq
  File "/home/PERSONALE/eugenio.fonzi2/miniconda3/lib/python3.6/concurrent/futures/thread.py", line 56, in run

RuleException:
CalledProcessError in line 410 of /home/PERSONALE/eugenio.fonzi2/WESPipeline/snakefile_03.py:
Command ' set -euo pipefail;  /home/PERSONALE/eugenio.fonzi2/miniconda3/bin/python /home/PERSONALE/eugenio.fonzi2/WESPipeline/scripts/.snakemake.p79ksyyi.downloadDecompressMergeFastq_01.py ' returned non-zero exit status 1.
  File "/home/PERSONALE/eugenio.fonzi2/WESPipeline/snakefile_03.py", line 410, in __rule_downloadDecompressMergeFastq
  File "/home/PERSONALE/eugenio.fonzi2/miniconda3/lib/python3.6/concurrent/futures/thread.py", line 56, in run
RuleException:
CalledProcessError in line 410 of /home/PERSONALE/eugenio.fonzi2/WESPipeline/snakefile_03.py:
Command ' set -euo pipefail;  /home/PERSONALE/eugenio.fonzi2/miniconda3/bin/python /home/PERSONALE/eugenio.fonzi2/WESPipeline/scripts/.snakemake.gwab8xiw.downloadDecompressMergeFastq_01.py ' returned non-zero exit status 1.
  File "/home/PERSONALE/eugenio.fonzi2/WESPipeline/snakefile_03.py", line 410, in __rule_downloadDecompressMergeFastq
  File "/home/PERSONALE/eugenio.fonzi2/miniconda3/lib/python3.6/concurrent/futures/thread.py", line 56, in run
RuleException:
CalledProcessError in line 410 of /home/PERSONALE/eugenio.fonzi2/WESPipeline/snakefile_03.py:
Command ' set -euo pipefail;  /home/PERSONALE/eugenio.fonzi2/miniconda3/bin/python /home/PERSONALE/eugenio.fonzi2/WESPipeline/scripts/.snakemake.oj76luy8.downloadDecompressMergeFastq_01.py ' returned non-zero exit status 1.
  File "/home/PERSONALE/eugenio.fonzi2/WESPipeline/snakefile_03.py", line 410, in __rule_downloadDecompressMergeFastq
  File "/home/PERSONALE/eugenio.fonzi2/miniconda3/lib/python3.6/concurrent/futures/thread.py", line 56, in run
Complete log: .snakemake/log/2018-01-05T052732.769826.snakemake.log
