Building DAG of jobs...
Provided cores: 1
Rules claiming more threads will be scaled down.
Job counts:
	count	jobs
	1	all
	3	four
	4	one
	4	three
	3	two
	15

rule one:
    output: /home/PERSONALE/eugenio.fonzi2/ANALYSES_WES/provina3/12.pipi1
    jobid: 13
    wildcards: sample=12

Finished job 13.
1 of 15 steps (7%) done

rule one:
    output: /home/PERSONALE/eugenio.fonzi2/ANALYSES_WES/provina3/78.pipi1
    jobid: 8
    wildcards: sample=78

Finished job 8.
2 of 15 steps (13%) done

rule two:
    output: /home/PERSONALE/eugenio.fonzi2/ANALYSES_WES/provina3/b.cacca1
    jobid: 14
    wildcards: patient=b

Finished job 14.
3 of 15 steps (20%) done

rule two:
    output: /home/PERSONALE/eugenio.fonzi2/ANALYSES_WES/provina3/a.cacca1
    jobid: 11
    wildcards: patient=a

Finished job 11.
4 of 15 steps (27%) done

rule one:
    output: /home/PERSONALE/eugenio.fonzi2/ANALYSES_WES/provina3/34.pipi1
    jobid: 9
    wildcards: sample=34

Finished job 9.
5 of 15 steps (33%) done

rule one:
    output: /home/PERSONALE/eugenio.fonzi2/ANALYSES_WES/provina3/56.pipi1
    jobid: 10
    wildcards: sample=56

Finished job 10.
6 of 15 steps (40%) done

rule two:
    output: /home/PERSONALE/eugenio.fonzi2/ANALYSES_WES/provina3/c.cacca1
    jobid: 12
    wildcards: patient=c

Finished job 12.
7 of 15 steps (47%) done

rule three:
    input: /home/PERSONALE/eugenio.fonzi2/ANALYSES_WES/provina3/12.pipi1
    output: /home/PERSONALE/eugenio.fonzi2/ANALYSES_WES/provina3/12.pipi2
    jobid: 6
    wildcards: sample=12

Finished job 6.
8 of 15 steps (53%) done

rule four:
    input: /home/PERSONALE/eugenio.fonzi2/ANALYSES_WES/provina3/c.cacca1
    output: /home/PERSONALE/eugenio.fonzi2/ANALYSES_WES/provina3/c.cacca2
    jobid: 5
    wildcards: patient=c

Finished job 5.
9 of 15 steps (60%) done

rule four:
    input: /home/PERSONALE/eugenio.fonzi2/ANALYSES_WES/provina3/a.cacca1
    output: /home/PERSONALE/eugenio.fonzi2/ANALYSES_WES/provina3/a.cacca2
    jobid: 4
    wildcards: patient=a

Finished job 4.
10 of 15 steps (67%) done

rule three:
    input: /home/PERSONALE/eugenio.fonzi2/ANALYSES_WES/provina3/34.pipi1
    output: /home/PERSONALE/eugenio.fonzi2/ANALYSES_WES/provina3/34.pipi2
    jobid: 2
    wildcards: sample=34

Finished job 2.
11 of 15 steps (73%) done

rule three:
    input: /home/PERSONALE/eugenio.fonzi2/ANALYSES_WES/provina3/78.pipi1
    output: /home/PERSONALE/eugenio.fonzi2/ANALYSES_WES/provina3/78.pipi2
    jobid: 1
    wildcards: sample=78

Finished job 1.
12 of 15 steps (80%) done

rule three:
    input: /home/PERSONALE/eugenio.fonzi2/ANALYSES_WES/provina3/56.pipi1
    output: /home/PERSONALE/eugenio.fonzi2/ANALYSES_WES/provina3/56.pipi2
    jobid: 3
    wildcards: sample=56

Finished job 3.
13 of 15 steps (87%) done

rule four:
    input: /home/PERSONALE/eugenio.fonzi2/ANALYSES_WES/provina3/b.cacca1
    output: /home/PERSONALE/eugenio.fonzi2/ANALYSES_WES/provina3/b.cacca2
    jobid: 7
    wildcards: patient=b

Finished job 7.
14 of 15 steps (93%) done

localrule all:
    input: /home/PERSONALE/eugenio.fonzi2/ANALYSES_WES/provina3/12.pipi2, /home/PERSONALE/eugenio.fonzi2/ANALYSES_WES/provina3/34.pipi2, /home/PERSONALE/eugenio.fonzi2/ANALYSES_WES/provina3/56.pipi2, /home/PERSONALE/eugenio.fonzi2/ANALYSES_WES/provina3/78.pipi2, /home/PERSONALE/eugenio.fonzi2/ANALYSES_WES/provina3/a.cacca2, /home/PERSONALE/eugenio.fonzi2/ANALYSES_WES/provina3/b.cacca2, /home/PERSONALE/eugenio.fonzi2/ANALYSES_WES/provina3/c.cacca2
    jobid: 0

Finished job 0.
15 of 15 steps (100%) done
